------------------------------------------------------------------------------------------------------------------------

[2020-04-16 00:00:29 #1 store] 
Database 'C:\Users\Usuario\git\Sprint_2\Sprint_2\resources\bets.temp' is opened by 10088@DESKTOP-00OS7EM

[2020-04-16 00:00:29 #2 store] 
Configuration path: ?

[2020-04-16 00:00:29 #3 type] 
Type domain.Event is not enhanced.

[2020-04-16 00:00:29 #4 type] 
Type domain.Question is not enhanced.

[2020-04-16 00:00:29 #5 type] 
Type domain.Competition is not enhanced.

[2020-04-16 00:00:29 #6 type] 
Type domain.Prediction is not enhanced.

[2020-04-16 00:00:29 #7 type] 
Type domain.User is not enhanced.

[2020-04-16 00:00:29 #8 type] 
Type domain.CreditCard is not enhanced.

[2020-04-16 00:00:29 #9 type] 
Type domain.Bet is not enhanced.

[2020-04-16 00:00:29 #10 type] 
Type domain.Profile is not enhanced.

[2020-04-16 00:00:33 #11 type] 
Type domain.Feedback is not enhanced.

------------------------------------------------------------------------------------------------------------------------

[2020-04-16 00:01:30 #1 store] 
Database 'C:\Users\Usuario\git\Sprint_2\Sprint_2\resources\bets.temp' is opened by 17936@DESKTOP-00OS7EM

[2020-04-16 00:01:30 #2 store] 
Configuration path: ?

[2020-04-16 00:01:30 #3 type] 
Type domain.Event is not enhanced.

[2020-04-16 00:01:30 #4 type] 
Type domain.Question is not enhanced.

[2020-04-16 00:01:30 #5 type] 
Type domain.Competition is not enhanced.

[2020-04-16 00:01:30 #6 type] 
Type domain.Prediction is not enhanced.

[2020-04-16 00:01:30 #7 type] 
Type domain.User is not enhanced.

[2020-04-16 00:01:30 #8 type] 
Type domain.CreditCard is not enhanced.

[2020-04-16 00:01:30 #9 type] 
Type domain.Bet is not enhanced.

[2020-04-16 00:01:30 #10 type] 
Type domain.Profile is not enhanced.

[2020-04-16 00:01:33 #11 type] 
Type domain.Feedback is not enhanced.

------------------------------------------------------------------------------------------------------------------------

[2020-04-16 00:17:37 #1 store] 
Database 'C:\Users\Usuario\git\Sprint_2\Sprint_2\resources\bets.temp' is opened by 9840@DESKTOP-00OS7EM

[2020-04-16 00:17:37 #2 store] 
Configuration path: ?

[2020-04-16 00:17:37 #3 type] 
Type domain.Event is not enhanced.

[2020-04-16 00:17:37 #4 type] 
Type domain.Question is not enhanced.

[2020-04-16 00:17:37 #5 type] 
Type domain.Competition is not enhanced.

[2020-04-16 00:17:37 #6 type] 
Type domain.Prediction is not enhanced.

[2020-04-16 00:17:37 #7 type] 
Type domain.User is not enhanced.

[2020-04-16 00:17:37 #8 type] 
Type domain.CreditCard is not enhanced.

[2020-04-16 00:17:37 #9 type] 
Type domain.Bet is not enhanced.

[2020-04-16 00:17:37 #10 type] 
Type domain.Profile is not enhanced.

[2020-04-16 00:17:40 #11 type] 
Type domain.Feedback is not enhanced.

------------------------------------------------------------------------------------------------------------------------

[2020-04-16 00:19:09 #1 store] 
Database 'C:\Users\Usuario\git\Sprint_2\Sprint_2\resources\bets.temp' is opened by 1476@DESKTOP-00OS7EM

[2020-04-16 00:19:09 #2 store] 
Configuration path: ?

[2020-04-16 00:19:10 #3 type] 
Type domain.Event is not enhanced.

[2020-04-16 00:19:10 #4 type] 
Type domain.Question is not enhanced.

[2020-04-16 00:19:10 #5 type] 
Type domain.Competition is not enhanced.

[2020-04-16 00:19:10 #6 type] 
Type domain.Prediction is not enhanced.

[2020-04-16 00:19:10 #7 type] 
Type domain.User is not enhanced.

[2020-04-16 00:19:10 #8 type] 
Type domain.CreditCard is not enhanced.

[2020-04-16 00:19:10 #9 type] 
Type domain.Bet is not enhanced.

[2020-04-16 00:19:10 #10 type] 
Type domain.Profile is not enhanced.

[2020-04-16 00:19:13 #11 type] 
Type domain.Feedback is not enhanced.

------------------------------------------------------------------------------------------------------------------------

[2020-04-16 00:19:32 #1 store] 
Database 'C:\Users\Usuario\git\Sprint_2\Sprint_2\resources\bets.temp' is opened by 13612@DESKTOP-00OS7EM

[2020-04-16 00:19:32 #2 store] 
Configuration path: ?

[2020-04-16 00:19:32 #3 type] 
Type domain.Event is not enhanced.

[2020-04-16 00:19:32 #4 type] 
Type domain.Question is not enhanced.

[2020-04-16 00:19:32 #5 type] 
Type domain.Competition is not enhanced.

[2020-04-16 00:19:32 #6 type] 
Type domain.Prediction is not enhanced.

[2020-04-16 00:19:32 #7 type] 
Type domain.User is not enhanced.

[2020-04-16 00:19:32 #8 type] 
Type domain.CreditCard is not enhanced.

[2020-04-16 00:19:32 #9 type] 
Type domain.Bet is not enhanced.

[2020-04-16 00:19:32 #10 type] 
Type domain.Profile is not enhanced.

[2020-04-16 00:19:38 #11 type] 
Type domain.Feedback is not enhanced.

------------------------------------------------------------------------------------------------------------------------

[2020-04-16 00:25:24 #1 store] 
Database 'C:\Users\Usuario\git\Sprint_2\Sprint_2\resources\bets.temp' is opened by 1768@DESKTOP-00OS7EM

[2020-04-16 00:25:24 #2 store] 
Configuration path: ?

[2020-04-16 00:25:24 #3 type] 
Type domain.Event is not enhanced.

[2020-04-16 00:25:24 #4 type] 
Type domain.Question is not enhanced.

[2020-04-16 00:25:24 #5 type] 
Type domain.Competition is not enhanced.

[2020-04-16 00:25:24 #6 type] 
Type domain.Prediction is not enhanced.

[2020-04-16 00:25:24 #7 type] 
Type domain.User is not enhanced.

[2020-04-16 00:25:24 #8 type] 
Type domain.CreditCard is not enhanced.

[2020-04-16 00:25:24 #9 type] 
Type domain.Bet is not enhanced.

[2020-04-16 00:25:24 #10 type] 
Type domain.Profile is not enhanced.

[2020-04-16 00:25:27 #11 type] 
Type domain.Feedback is not enhanced.

------------------------------------------------------------------------------------------------------------------------

[2020-04-16 00:26:29 #1 store] 
Database 'C:\Users\Usuario\git\Sprint_2\Sprint_2\resources\bets.temp' is opened by 19408@DESKTOP-00OS7EM

[2020-04-16 00:26:29 #2 store] 
Configuration path: ?

[2020-04-16 00:26:29 #3 type] 
Type domain.Event is not enhanced.

[2020-04-16 00:26:29 #4 type] 
Type domain.Question is not enhanced.

[2020-04-16 00:26:29 #5 type] 
Type domain.Competition is not enhanced.

[2020-04-16 00:26:29 #6 type] 
Type domain.Prediction is not enhanced.

[2020-04-16 00:26:29 #7 type] 
Type domain.User is not enhanced.

[2020-04-16 00:26:29 #8 type] 
Type domain.CreditCard is not enhanced.

[2020-04-16 00:26:29 #9 type] 
Type domain.Bet is not enhanced.

[2020-04-16 00:26:29 #10 type] 
Type domain.Profile is not enhanced.

[2020-04-16 00:26:33 #11 type] 
Type domain.Feedback is not enhanced.

------------------------------------------------------------------------------------------------------------------------

[2020-04-16 00:27:08 #1 store] 
Database 'C:\Users\Usuario\git\Sprint_2\Sprint_2\resources\bets.temp' is opened by 12276@DESKTOP-00OS7EM

[2020-04-16 00:27:08 #2 store] 
Configuration path: ?

[2020-04-16 00:27:08 #3 type] 
Type domain.Event is not enhanced.

[2020-04-16 00:27:08 #4 type] 
Type domain.Question is not enhanced.

[2020-04-16 00:27:08 #5 type] 
Type domain.Competition is not enhanced.

[2020-04-16 00:27:08 #6 type] 
Type domain.Prediction is not enhanced.

[2020-04-16 00:27:08 #7 type] 
Type domain.User is not enhanced.

[2020-04-16 00:27:08 #8 type] 
Type domain.CreditCard is not enhanced.

[2020-04-16 00:27:08 #9 type] 
Type domain.Bet is not enhanced.

[2020-04-16 00:27:08 #10 type] 
Type domain.Profile is not enhanced.

[2020-04-16 00:27:12 #11 type] 
Type domain.Feedback is not enhanced.

------------------------------------------------------------------------------------------------------------------------

[2020-04-16 00:28:36 #1 store] 
Database 'C:\Users\Usuario\git\Sprint_2\Sprint_2\resources\bets.temp' is opened by 14120@DESKTOP-00OS7EM

[2020-04-16 00:28:36 #2 store] 
Configuration path: ?

[2020-04-16 00:28:36 #3 type] 
Type domain.Event is not enhanced.

[2020-04-16 00:28:36 #4 type] 
Type domain.Question is not enhanced.

[2020-04-16 00:28:36 #5 type] 
Type domain.Competition is not enhanced.

[2020-04-16 00:28:36 #6 type] 
Type domain.Prediction is not enhanced.

[2020-04-16 00:28:36 #7 type] 
Type domain.User is not enhanced.

[2020-04-16 00:28:36 #8 type] 
Type domain.CreditCard is not enhanced.

[2020-04-16 00:28:36 #9 type] 
Type domain.Bet is not enhanced.

[2020-04-16 00:28:36 #10 type] 
Type domain.Profile is not enhanced.

[2020-04-16 00:28:39 #11 type] 
Type domain.Feedback is not enhanced.

------------------------------------------------------------------------------------------------------------------------

[2020-04-16 00:29:26 #1 store] 
Database 'C:\Users\Usuario\git\Sprint_2\Sprint_2\resources\bets.temp' is opened by 23120@DESKTOP-00OS7EM

[2020-04-16 00:29:26 #2 store] 
Configuration path: ?

[2020-04-16 00:29:26 #3 type] 
Type domain.Event is not enhanced.

[2020-04-16 00:29:26 #4 type] 
Type domain.Question is not enhanced.

[2020-04-16 00:29:26 #5 type] 
Type domain.Competition is not enhanced.

[2020-04-16 00:29:26 #6 type] 
Type domain.Prediction is not enhanced.

[2020-04-16 00:29:26 #7 type] 
Type domain.User is not enhanced.

[2020-04-16 00:29:26 #8 type] 
Type domain.CreditCard is not enhanced.

[2020-04-16 00:29:26 #9 type] 
Type domain.Bet is not enhanced.

[2020-04-16 00:29:26 #10 type] 
Type domain.Profile is not enhanced.

[2020-04-16 00:29:30 #11 type] 
Type domain.Feedback is not enhanced.

------------------------------------------------------------------------------------------------------------------------

[2020-04-16 00:30:14 #1 store] 
Database 'C:\Users\Usuario\git\Sprint_2\Sprint_2\resources\bets.temp' is opened by 9808@DESKTOP-00OS7EM

[2020-04-16 00:30:14 #2 store] 
Configuration path: ?

[2020-04-16 00:30:14 #3 type] 
Type domain.Event is not enhanced.

[2020-04-16 00:30:14 #4 type] 
Type domain.Question is not enhanced.

[2020-04-16 00:30:14 #5 type] 
Type domain.Competition is not enhanced.

[2020-04-16 00:30:14 #6 type] 
Type domain.Prediction is not enhanced.

[2020-04-16 00:30:14 #7 type] 
Type domain.User is not enhanced.

[2020-04-16 00:30:14 #8 type] 
Type domain.CreditCard is not enhanced.

[2020-04-16 00:30:14 #9 type] 
Type domain.Bet is not enhanced.

[2020-04-16 00:30:14 #10 type] 
Type domain.Profile is not enhanced.

[2020-04-16 00:30:17 #11 type] 
Type domain.Feedback is not enhanced.

------------------------------------------------------------------------------------------------------------------------

[2020-04-16 00:32:18 #1 store] 
Database 'C:\Users\Usuario\git\Sprint_2\Sprint_2\resources\bets.temp' is opened by 16420@DESKTOP-00OS7EM

[2020-04-16 00:32:18 #2 store] 
Configuration path: ?

[2020-04-16 00:32:18 #3 type] 
Type domain.Event is not enhanced.

[2020-04-16 00:32:18 #4 type] 
Type domain.Question is not enhanced.

[2020-04-16 00:32:18 #5 type] 
Type domain.Competition is not enhanced.

[2020-04-16 00:32:18 #6 type] 
Type domain.Prediction is not enhanced.

[2020-04-16 00:32:18 #7 type] 
Type domain.User is not enhanced.

[2020-04-16 00:32:18 #8 type] 
Type domain.CreditCard is not enhanced.

[2020-04-16 00:32:18 #9 type] 
Type domain.Bet is not enhanced.

[2020-04-16 00:32:18 #10 type] 
Type domain.Profile is not enhanced.

[2020-04-16 00:32:21 #11 type] 
Type domain.Feedback is not enhanced.

------------------------------------------------------------------------------------------------------------------------

[2020-04-16 00:34:30 #1 store] 
Database 'C:\Users\Usuario\git\Sprint_2\Sprint_2\resources\bets.temp' is opened by 16996@DESKTOP-00OS7EM

[2020-04-16 00:34:30 #2 store] 
Configuration path: ?

[2020-04-16 00:34:30 #3 type] 
Type domain.Event is not enhanced.

[2020-04-16 00:34:30 #4 type] 
Type domain.Question is not enhanced.

[2020-04-16 00:34:30 #5 type] 
Type domain.Competition is not enhanced.

[2020-04-16 00:34:30 #6 type] 
Type domain.Prediction is not enhanced.

[2020-04-16 00:34:30 #7 type] 
Type domain.User is not enhanced.

[2020-04-16 00:34:30 #8 type] 
Type domain.CreditCard is not enhanced.

[2020-04-16 00:34:30 #9 type] 
Type domain.Bet is not enhanced.

[2020-04-16 00:34:30 #10 type] 
Type domain.Profile is not enhanced.

[2020-04-16 00:34:33 #11 type] 
Type domain.Feedback is not enhanced.

------------------------------------------------------------------------------------------------------------------------

[2020-04-16 00:35:36 #1 store] 
Database 'C:\Users\Usuario\git\Sprint_2\Sprint_2\resources\bets.temp' is opened by 15380@DESKTOP-00OS7EM

[2020-04-16 00:35:36 #2 store] 
Configuration path: ?

[2020-04-16 00:35:36 #3 type] 
Type domain.Event is not enhanced.

[2020-04-16 00:35:36 #4 type] 
Type domain.Question is not enhanced.

[2020-04-16 00:35:36 #5 type] 
Type domain.Competition is not enhanced.

[2020-04-16 00:35:37 #6 type] 
Type domain.Prediction is not enhanced.

[2020-04-16 00:35:37 #7 type] 
Type domain.User is not enhanced.

[2020-04-16 00:35:37 #8 type] 
Type domain.CreditCard is not enhanced.

[2020-04-16 00:35:37 #9 type] 
Type domain.Bet is not enhanced.

[2020-04-16 00:35:37 #10 type] 
Type domain.Profile is not enhanced.

[2020-04-16 00:35:40 #11 type] 
Type domain.Feedback is not enhanced.

------------------------------------------------------------------------------------------------------------------------

[2020-04-16 00:36:20 #1 store] 
Database 'C:\Users\Usuario\git\Sprint_2\Sprint_2\resources\bets.temp' is opened by 10688@DESKTOP-00OS7EM

[2020-04-16 00:36:20 #2 store] 
Configuration path: ?

[2020-04-16 00:36:21 #3 type] 
Type domain.Event is not enhanced.

[2020-04-16 00:36:21 #4 type] 
Type domain.Question is not enhanced.

[2020-04-16 00:36:21 #5 type] 
Type domain.Competition is not enhanced.

[2020-04-16 00:36:21 #6 type] 
Type domain.Prediction is not enhanced.

[2020-04-16 00:36:21 #7 type] 
Type domain.User is not enhanced.

[2020-04-16 00:36:21 #8 type] 
Type domain.CreditCard is not enhanced.

[2020-04-16 00:36:21 #9 type] 
Type domain.Bet is not enhanced.

[2020-04-16 00:36:21 #10 type] 
Type domain.Profile is not enhanced.

[2020-04-16 00:36:24 #11 type] 
Type domain.Feedback is not enhanced.

------------------------------------------------------------------------------------------------------------------------

[2020-04-16 00:37:27 #1 store] 
Database 'C:\Users\Usuario\git\Sprint_2\Sprint_2\resources\bets.temp' is opened by 9040@DESKTOP-00OS7EM

[2020-04-16 00:37:27 #2 store] 
Configuration path: ?

[2020-04-16 00:37:27 #3 type] 
Type domain.Event is not enhanced.

[2020-04-16 00:37:27 #4 type] 
Type domain.Question is not enhanced.

[2020-04-16 00:37:27 #5 type] 
Type domain.Competition is not enhanced.

[2020-04-16 00:37:27 #6 type] 
Type domain.Prediction is not enhanced.

[2020-04-16 00:37:27 #7 type] 
Type domain.User is not enhanced.

[2020-04-16 00:37:27 #8 type] 
Type domain.CreditCard is not enhanced.

[2020-04-16 00:37:27 #9 type] 
Type domain.Bet is not enhanced.

[2020-04-16 00:37:27 #10 type] 
Type domain.Profile is not enhanced.

[2020-04-16 00:37:30 #11 type] 
Type domain.Feedback is not enhanced.

------------------------------------------------------------------------------------------------------------------------

[2020-04-16 00:39:29 #1 store] 
Database 'C:\Users\Usuario\git\Sprint_2\Sprint_2\resources\bets.temp' is opened by 22456@DESKTOP-00OS7EM

[2020-04-16 00:39:29 #2 store] 
Configuration path: ?

[2020-04-16 00:39:29 #3 type] 
Type domain.Event is not enhanced.

[2020-04-16 00:39:29 #4 type] 
Type domain.Question is not enhanced.

[2020-04-16 00:39:29 #5 type] 
Type domain.Competition is not enhanced.

[2020-04-16 00:39:29 #6 type] 
Type domain.Prediction is not enhanced.

[2020-04-16 00:39:29 #7 type] 
Type domain.User is not enhanced.

[2020-04-16 00:39:29 #8 type] 
Type domain.CreditCard is not enhanced.

[2020-04-16 00:39:29 #9 type] 
Type domain.Bet is not enhanced.

[2020-04-16 00:39:29 #10 type] 
Type domain.Profile is not enhanced.

[2020-04-16 00:39:33 #11 type] 
Type domain.Feedback is not enhanced.

------------------------------------------------------------------------------------------------------------------------

[2020-04-16 00:39:48 #1 store] 
Database 'C:\Users\Usuario\git\Sprint_2\Sprint_2\resources\bets.temp' is opened by 17700@DESKTOP-00OS7EM

[2020-04-16 00:39:48 #2 store] 
Configuration path: ?

[2020-04-16 00:39:48 #3 type] 
Type domain.Event is not enhanced.

[2020-04-16 00:39:48 #4 type] 
Type domain.Question is not enhanced.

[2020-04-16 00:39:48 #5 type] 
Type domain.Competition is not enhanced.

[2020-04-16 00:39:48 #6 type] 
Type domain.Prediction is not enhanced.

[2020-04-16 00:39:48 #7 type] 
Type domain.User is not enhanced.

[2020-04-16 00:39:48 #8 type] 
Type domain.CreditCard is not enhanced.

[2020-04-16 00:39:48 #9 type] 
Type domain.Bet is not enhanced.

[2020-04-16 00:39:48 #10 type] 
Type domain.Profile is not enhanced.

[2020-04-16 00:39:52 #11 type] 
Type domain.Feedback is not enhanced.

------------------------------------------------------------------------------------------------------------------------

[2020-04-16 00:43:21 #1 store] 
Database 'C:\Users\Usuario\git\Sprint_2\Sprint_2\resources\bets.temp' is opened by 6180@DESKTOP-00OS7EM

[2020-04-16 00:43:21 #2 store] 
Configuration path: ?

[2020-04-16 00:43:21 #3 type] 
Type domain.Event is not enhanced.

[2020-04-16 00:43:21 #4 type] 
Type domain.Question is not enhanced.

[2020-04-16 00:43:21 #5 type] 
Type domain.Competition is not enhanced.

[2020-04-16 00:43:21 #6 type] 
Type domain.Prediction is not enhanced.

[2020-04-16 00:43:21 #7 type] 
Type domain.User is not enhanced.

[2020-04-16 00:43:21 #8 type] 
Type domain.CreditCard is not enhanced.

[2020-04-16 00:43:21 #9 type] 
Type domain.Bet is not enhanced.

[2020-04-16 00:43:21 #10 type] 
Type domain.Profile is not enhanced.

[2020-04-16 00:43:24 #11 type] 
Type domain.Feedback is not enhanced.

------------------------------------------------------------------------------------------------------------------------

[2020-04-16 01:27:12 #1 store] 
Database 'C:\Users\Usuario\git\Sprint_2\Sprint_2\resources\bets.temp' is opened by 19888@DESKTOP-00OS7EM

[2020-04-16 01:27:12 #2 store] 
Configuration path: ?

[2020-04-16 01:27:12 #3 type] 
Type domain.Event is not enhanced.

[2020-04-16 01:27:12 #4 type] 
Type domain.Question is not enhanced.

[2020-04-16 01:27:12 #5 type] 
Type domain.Competition is not enhanced.

[2020-04-16 01:27:12 #6 type] 
Type domain.Prediction is not enhanced.

[2020-04-16 01:27:12 #7 type] 
Type domain.User is not enhanced.

[2020-04-16 01:27:12 #8 type] 
Type domain.CreditCard is not enhanced.

[2020-04-16 01:27:12 #9 type] 
Type domain.Bet is not enhanced.

[2020-04-16 01:27:12 #10 type] 
Type domain.Profile is not enhanced.

[2020-04-16 01:27:15 #11 type] 
Type domain.Feedback is not enhanced.

------------------------------------------------------------------------------------------------------------------------

[2020-04-16 01:30:00 #1 store] 
Database 'C:\Users\Usuario\git\Sprint_2\Sprint_2\resources\bets.temp' is opened by 15964@DESKTOP-00OS7EM

[2020-04-16 01:30:00 #2 store] 
Configuration path: ?

[2020-04-16 01:30:00 #3 type] 
Type domain.Event is not enhanced.

[2020-04-16 01:30:00 #4 type] 
Type domain.Question is not enhanced.

[2020-04-16 01:30:00 #5 type] 
Type domain.Competition is not enhanced.

[2020-04-16 01:30:00 #6 type] 
Type domain.Prediction is not enhanced.

[2020-04-16 01:30:00 #7 type] 
Type domain.User is not enhanced.

[2020-04-16 01:30:00 #8 type] 
Type domain.CreditCard is not enhanced.

[2020-04-16 01:30:00 #9 type] 
Type domain.Bet is not enhanced.

[2020-04-16 01:30:00 #10 type] 
Type domain.Profile is not enhanced.

------------------------------------------------------------------------------------------------------------------------

[2020-04-16 01:30:29 #1 store] 
Database 'C:\Users\Usuario\git\Sprint_2\Sprint_2\resources\bets.temp' is opened by 21396@DESKTOP-00OS7EM

[2020-04-16 01:30:29 #2 store] 
Configuration path: ?

[2020-04-16 01:30:29 #3 type] 
Type domain.Event is not enhanced.

[2020-04-16 01:30:29 #4 type] 
Type domain.Question is not enhanced.

[2020-04-16 01:30:29 #5 type] 
Type domain.Competition is not enhanced.

[2020-04-16 01:30:29 #6 type] 
Type domain.Prediction is not enhanced.

[2020-04-16 01:30:29 #7 type] 
Type domain.User is not enhanced.

[2020-04-16 01:30:29 #8 type] 
Type domain.CreditCard is not enhanced.

[2020-04-16 01:30:29 #9 type] 
Type domain.Bet is not enhanced.

[2020-04-16 01:30:29 #10 type] 
Type domain.Profile is not enhanced.

[2020-04-16 01:30:34 #11 type] 
Type domain.Feedback is not enhanced.

------------------------------------------------------------------------------------------------------------------------

[2020-04-16 01:35:49 #1 store] 
Database 'C:\Users\Usuario\git\Sprint_2\Sprint_2\resources\bets.temp' is opened by 14744@DESKTOP-00OS7EM

[2020-04-16 01:35:49 #2 store] 
Configuration path: ?

[2020-04-16 01:35:49 #3 type] 
Type domain.Event is not enhanced.

[2020-04-16 01:35:49 #4 type] 
Type domain.Question is not enhanced.

[2020-04-16 01:35:49 #5 type] 
Type domain.Competition is not enhanced.

[2020-04-16 01:35:49 #6 type] 
Type domain.Prediction is not enhanced.

[2020-04-16 01:35:49 #7 type] 
Type domain.User is not enhanced.

[2020-04-16 01:35:49 #8 type] 
Type domain.CreditCard is not enhanced.

[2020-04-16 01:35:49 #9 type] 
Type domain.Bet is not enhanced.

[2020-04-16 01:35:49 #10 type] 
Type domain.Profile is not enhanced.

[2020-04-16 01:35:52 #11 type] 
Type domain.Feedback is not enhanced.

------------------------------------------------------------------------------------------------------------------------

[2020-04-16 01:44:11 #1 store] 
Database 'C:\Users\Usuario\git\Sprint_2\Sprint_2\resources\bets.temp' is opened by 12124@DESKTOP-00OS7EM

[2020-04-16 01:44:11 #2 store] 
Configuration path: ?

[2020-04-16 01:44:11 #3 type] 
Type domain.Event is not enhanced.

[2020-04-16 01:44:11 #4 type] 
Type domain.Question is not enhanced.

[2020-04-16 01:44:11 #5 type] 
Type domain.Competition is not enhanced.

[2020-04-16 01:44:11 #6 type] 
Type domain.Prediction is not enhanced.

[2020-04-16 01:44:12 #7 type] 
Type domain.User is not enhanced.

[2020-04-16 01:44:12 #8 type] 
Type domain.CreditCard is not enhanced.

[2020-04-16 01:44:12 #9 type] 
Type domain.Bet is not enhanced.

[2020-04-16 01:44:12 #10 type] 
Type domain.Profile is not enhanced.

[2020-04-16 01:44:15 #11 type] 
Type domain.Feedback is not enhanced.

------------------------------------------------------------------------------------------------------------------------

[2020-04-16 01:44:46 #1 store] 
Database 'C:\Users\Usuario\git\Sprint_2\Sprint_2\resources\bets.temp' is opened by 18616@DESKTOP-00OS7EM

[2020-04-16 01:44:46 #2 store] 
Configuration path: ?

[2020-04-16 01:44:46 #3 type] 
Type domain.Event is not enhanced.

[2020-04-16 01:44:46 #4 type] 
Type domain.Question is not enhanced.

[2020-04-16 01:44:46 #5 type] 
Type domain.Competition is not enhanced.

[2020-04-16 01:44:46 #6 type] 
Type domain.Prediction is not enhanced.

[2020-04-16 01:44:46 #7 type] 
Type domain.User is not enhanced.

[2020-04-16 01:44:46 #8 type] 
Type domain.CreditCard is not enhanced.

[2020-04-16 01:44:46 #9 type] 
Type domain.Bet is not enhanced.

[2020-04-16 01:44:46 #10 type] 
Type domain.Profile is not enhanced.

[2020-04-16 01:44:49 #11 type] 
Type domain.Feedback is not enhanced.

------------------------------------------------------------------------------------------------------------------------

[2020-04-16 02:15:55 #1 store] 
Database 'C:\Users\Usuario\git\Sprint_2\Sprint_2\resources\bets.temp' is opened by 18160@DESKTOP-00OS7EM

[2020-04-16 02:15:55 #2 store] 
Configuration path: ?

[2020-04-16 02:15:55 #3 type] 
Type domain.Event is not enhanced.

[2020-04-16 02:15:55 #4 type] 
Type domain.Question is not enhanced.

[2020-04-16 02:15:55 #5 type] 
Type domain.Competition is not enhanced.

[2020-04-16 02:15:55 #6 type] 
Type domain.Prediction is not enhanced.

[2020-04-16 02:15:55 #7 type] 
Type domain.User is not enhanced.

[2020-04-16 02:15:55 #8 type] 
Type domain.CreditCard is not enhanced.

[2020-04-16 02:15:55 #9 type] 
Type domain.Bet is not enhanced.

[2020-04-16 02:15:55 #10 type] 
Type domain.Profile is not enhanced.

[2020-04-16 02:15:59 #11 type] 
Type domain.Feedback is not enhanced.

------------------------------------------------------------------------------------------------------------------------

[2020-04-16 02:16:51 #1 store] 
Database 'C:\Users\Usuario\git\Sprint_2\Sprint_2\resources\bets.temp' is opened by 14616@DESKTOP-00OS7EM

[2020-04-16 02:16:51 #2 store] 
Configuration path: ?

[2020-04-16 02:16:51 #3 type] 
Type domain.Event is not enhanced.

[2020-04-16 02:16:51 #4 type] 
Type domain.Question is not enhanced.

[2020-04-16 02:16:51 #5 type] 
Type domain.Competition is not enhanced.

[2020-04-16 02:16:51 #6 type] 
Type domain.Prediction is not enhanced.

[2020-04-16 02:16:51 #7 type] 
Type domain.User is not enhanced.

[2020-04-16 02:16:51 #8 type] 
Type domain.CreditCard is not enhanced.

[2020-04-16 02:16:51 #9 type] 
Type domain.Bet is not enhanced.

[2020-04-16 02:16:51 #10 type] 
Type domain.Profile is not enhanced.

[2020-04-16 02:16:54 #11 type] 
Type domain.Feedback is not enhanced.

------------------------------------------------------------------------------------------------------------------------

[2020-04-16 02:19:08 #1 store] 
Database 'C:\Users\Usuario\git\Sprint_2\Sprint_2\resources\bets.temp' is opened by 12236@DESKTOP-00OS7EM

[2020-04-16 02:19:08 #2 store] 
Configuration path: ?

[2020-04-16 02:19:08 #3 type] 
Type domain.Event is not enhanced.

[2020-04-16 02:19:08 #4 type] 
Type domain.Question is not enhanced.

[2020-04-16 02:19:08 #5 type] 
Type domain.Competition is not enhanced.

[2020-04-16 02:19:08 #6 type] 
Type domain.Prediction is not enhanced.

[2020-04-16 02:19:08 #7 type] 
Type domain.User is not enhanced.

[2020-04-16 02:19:08 #8 type] 
Type domain.CreditCard is not enhanced.

[2020-04-16 02:19:08 #9 type] 
Type domain.Bet is not enhanced.

[2020-04-16 02:19:08 #10 type] 
Type domain.Profile is not enhanced.

[2020-04-16 02:19:12 #11 type] 
Type domain.Feedback is not enhanced.

------------------------------------------------------------------------------------------------------------------------

[2020-04-16 02:21:40 #1 store] 
Database 'C:\Users\Usuario\git\Sprint_2\Sprint_2\resources\bets.temp' is opened by 15800@DESKTOP-00OS7EM

[2020-04-16 02:21:40 #2 store] 
Configuration path: ?

[2020-04-16 02:21:40 #3 type] 
Type domain.Event is not enhanced.

[2020-04-16 02:21:40 #4 type] 
Type domain.Question is not enhanced.

[2020-04-16 02:21:40 #5 type] 
Type domain.Competition is not enhanced.

[2020-04-16 02:21:40 #6 type] 
Type domain.Prediction is not enhanced.

[2020-04-16 02:21:40 #7 type] 
Type domain.User is not enhanced.

[2020-04-16 02:21:40 #8 type] 
Type domain.CreditCard is not enhanced.

[2020-04-16 02:21:40 #9 type] 
Type domain.Bet is not enhanced.

[2020-04-16 02:21:40 #10 type] 
Type domain.Profile is not enhanced.

[2020-04-16 02:21:44 #11 type] 
Type domain.Feedback is not enhanced.

------------------------------------------------------------------------------------------------------------------------

[2020-04-16 02:22:57 #1 store] 
Database 'C:\Users\Usuario\git\Sprint_2\Sprint_2\resources\bets.temp' is opened by 22800@DESKTOP-00OS7EM

[2020-04-16 02:22:57 #2 store] 
Configuration path: ?

[2020-04-16 02:22:57 #3 type] 
Type domain.Event is not enhanced.

[2020-04-16 02:22:57 #4 type] 
Type domain.Question is not enhanced.

[2020-04-16 02:22:57 #5 type] 
Type domain.Competition is not enhanced.

[2020-04-16 02:22:57 #6 type] 
Type domain.Prediction is not enhanced.

[2020-04-16 02:22:57 #7 type] 
Type domain.User is not enhanced.

[2020-04-16 02:22:57 #8 type] 
Type domain.CreditCard is not enhanced.

[2020-04-16 02:22:57 #9 type] 
Type domain.Bet is not enhanced.

[2020-04-16 02:22:57 #10 type] 
Type domain.Profile is not enhanced.

[2020-04-16 02:23:00 #11 type] 
Type domain.Feedback is not enhanced.

------------------------------------------------------------------------------------------------------------------------

[2020-04-16 02:24:35 #1 store] 
Database 'C:\Users\Usuario\git\Sprint_2\Sprint_2\resources\bets.temp' is opened by 10396@DESKTOP-00OS7EM

[2020-04-16 02:24:35 #2 store] 
Configuration path: ?

[2020-04-16 02:24:35 #3 type] 
Type domain.Event is not enhanced.

[2020-04-16 02:24:35 #4 type] 
Type domain.Question is not enhanced.

[2020-04-16 02:24:35 #5 type] 
Type domain.Competition is not enhanced.

[2020-04-16 02:24:35 #6 type] 
Type domain.Prediction is not enhanced.

[2020-04-16 02:24:35 #7 type] 
Type domain.User is not enhanced.

[2020-04-16 02:24:35 #8 type] 
Type domain.CreditCard is not enhanced.

[2020-04-16 02:24:35 #9 type] 
Type domain.Bet is not enhanced.

[2020-04-16 02:24:35 #10 type] 
Type domain.Profile is not enhanced.

[2020-04-16 02:24:39 #11 type] 
Type domain.Feedback is not enhanced.

------------------------------------------------------------------------------------------------------------------------

[2020-04-16 02:26:09 #1 store] 
Database 'C:\Users\Usuario\git\Sprint_2\Sprint_2\resources\bets.temp' is opened by 22432@DESKTOP-00OS7EM

[2020-04-16 02:26:09 #2 store] 
Configuration path: ?

[2020-04-16 02:26:09 #3 type] 
Type domain.Event is not enhanced.

[2020-04-16 02:26:09 #4 type] 
Type domain.Question is not enhanced.

[2020-04-16 02:26:09 #5 type] 
Type domain.Competition is not enhanced.

[2020-04-16 02:26:09 #6 type] 
Type domain.Prediction is not enhanced.

[2020-04-16 02:26:09 #7 type] 
Type domain.User is not enhanced.

[2020-04-16 02:26:09 #8 type] 
Type domain.CreditCard is not enhanced.

[2020-04-16 02:26:09 #9 type] 
Type domain.Bet is not enhanced.

[2020-04-16 02:26:09 #10 type] 
Type domain.Profile is not enhanced.

[2020-04-16 02:26:12 #11 type] 
Type domain.Feedback is not enhanced.

------------------------------------------------------------------------------------------------------------------------

[2020-04-16 02:27:25 #1 store] 
Database 'C:\Users\Usuario\git\Sprint_2\Sprint_2\resources\bets.temp' is opened by 1356@DESKTOP-00OS7EM

[2020-04-16 02:27:25 #2 store] 
Configuration path: ?

[2020-04-16 02:27:25 #3 type] 
Type domain.Event is not enhanced.

[2020-04-16 02:27:25 #4 type] 
Type domain.Question is not enhanced.

[2020-04-16 02:27:25 #5 type] 
Type domain.Competition is not enhanced.

[2020-04-16 02:27:25 #6 type] 
Type domain.Prediction is not enhanced.

[2020-04-16 02:27:25 #7 type] 
Type domain.User is not enhanced.

[2020-04-16 02:27:25 #8 type] 
Type domain.CreditCard is not enhanced.

[2020-04-16 02:27:25 #9 type] 
Type domain.Bet is not enhanced.

[2020-04-16 02:27:25 #10 type] 
Type domain.Profile is not enhanced.

[2020-04-16 02:27:28 #11 type] 
Type domain.Feedback is not enhanced.

------------------------------------------------------------------------------------------------------------------------

[2020-04-16 02:27:54 #1 store] 
Database 'C:\Users\Usuario\git\Sprint_2\Sprint_2\resources\bets.temp' is opened by 13696@DESKTOP-00OS7EM

[2020-04-16 02:27:54 #2 store] 
Configuration path: ?

[2020-04-16 02:27:54 #3 type] 
Type domain.Event is not enhanced.

[2020-04-16 02:27:54 #4 type] 
Type domain.Question is not enhanced.

[2020-04-16 02:27:54 #5 type] 
Type domain.Competition is not enhanced.

[2020-04-16 02:27:54 #6 type] 
Type domain.Prediction is not enhanced.

[2020-04-16 02:27:54 #7 type] 
Type domain.User is not enhanced.

[2020-04-16 02:27:54 #8 type] 
Type domain.CreditCard is not enhanced.

[2020-04-16 02:27:54 #9 type] 
Type domain.Bet is not enhanced.

[2020-04-16 02:27:54 #10 type] 
Type domain.Profile is not enhanced.

[2020-04-16 02:27:58 #11 type] 
Type domain.Feedback is not enhanced.

------------------------------------------------------------------------------------------------------------------------

[2020-04-16 02:30:14 #1 store] 
Database 'C:\Users\Usuario\git\Sprint_2\Sprint_2\resources\bets.temp' is opened by 5204@DESKTOP-00OS7EM

[2020-04-16 02:30:14 #2 store] 
Configuration path: ?

[2020-04-16 02:30:14 #3 type] 
Type domain.Event is not enhanced.

[2020-04-16 02:30:14 #4 type] 
Type domain.Question is not enhanced.

[2020-04-16 02:30:14 #5 type] 
Type domain.Competition is not enhanced.

[2020-04-16 02:30:14 #6 type] 
Type domain.Prediction is not enhanced.

[2020-04-16 02:30:14 #7 type] 
Type domain.User is not enhanced.

[2020-04-16 02:30:14 #8 type] 
Type domain.CreditCard is not enhanced.

[2020-04-16 02:30:14 #9 type] 
Type domain.Bet is not enhanced.

[2020-04-16 02:30:14 #10 type] 
Type domain.Profile is not enhanced.

[2020-04-16 02:30:17 #11 type] 
Type domain.Feedback is not enhanced.

------------------------------------------------------------------------------------------------------------------------

[2020-04-16 02:33:07 #1 store] 
Database 'C:\Users\Usuario\git\Sprint_2\Sprint_2\resources\bets.temp' is opened by 17248@DESKTOP-00OS7EM

[2020-04-16 02:33:07 #2 store] 
Configuration path: ?

[2020-04-16 02:33:07 #3 type] 
Type domain.Event is not enhanced.

[2020-04-16 02:33:07 #4 type] 
Type domain.Question is not enhanced.

[2020-04-16 02:33:07 #5 type] 
Type domain.Competition is not enhanced.

[2020-04-16 02:33:07 #6 type] 
Type domain.Prediction is not enhanced.

[2020-04-16 02:33:07 #7 type] 
Type domain.User is not enhanced.

[2020-04-16 02:33:07 #8 type] 
Type domain.CreditCard is not enhanced.

[2020-04-16 02:33:07 #9 type] 
Type domain.Bet is not enhanced.

[2020-04-16 02:33:07 #10 type] 
Type domain.Profile is not enhanced.

[2020-04-16 02:33:11 #11 type] 
Type domain.Feedback is not enhanced.

------------------------------------------------------------------------------------------------------------------------

[2020-04-16 02:34:18 #1 store] 
Database 'C:\Users\Usuario\git\Sprint_2\Sprint_2\resources\bets.temp' is opened by 7292@DESKTOP-00OS7EM

[2020-04-16 02:34:18 #2 store] 
Configuration path: ?

[2020-04-16 02:34:18 #3 type] 
Type domain.Event is not enhanced.

[2020-04-16 02:34:18 #4 type] 
Type domain.Question is not enhanced.

[2020-04-16 02:34:18 #5 type] 
Type domain.Competition is not enhanced.

[2020-04-16 02:34:18 #6 type] 
Type domain.Prediction is not enhanced.

[2020-04-16 02:34:18 #7 type] 
Type domain.User is not enhanced.

[2020-04-16 02:34:18 #8 type] 
Type domain.CreditCard is not enhanced.

[2020-04-16 02:34:18 #9 type] 
Type domain.Bet is not enhanced.

[2020-04-16 02:34:18 #10 type] 
Type domain.Profile is not enhanced.

[2020-04-16 02:34:21 #11 type] 
Type domain.Feedback is not enhanced.

------------------------------------------------------------------------------------------------------------------------

[2020-04-16 02:35:17 #1 store] 
Database 'C:\Users\Usuario\git\Sprint_2\Sprint_2\resources\bets.temp' is opened by 23524@DESKTOP-00OS7EM

[2020-04-16 02:35:17 #2 store] 
Configuration path: ?

[2020-04-16 02:35:17 #3 type] 
Type domain.Event is not enhanced.

[2020-04-16 02:35:17 #4 type] 
Type domain.Question is not enhanced.

[2020-04-16 02:35:17 #5 type] 
Type domain.Competition is not enhanced.

[2020-04-16 02:35:17 #6 type] 
Type domain.Prediction is not enhanced.

[2020-04-16 02:35:17 #7 type] 
Type domain.User is not enhanced.

[2020-04-16 02:35:17 #8 type] 
Type domain.CreditCard is not enhanced.

[2020-04-16 02:35:17 #9 type] 
Type domain.Bet is not enhanced.

[2020-04-16 02:35:17 #10 type] 
Type domain.Profile is not enhanced.

[2020-04-16 02:35:22 #11 type] 
Type domain.Feedback is not enhanced.

------------------------------------------------------------------------------------------------------------------------

[2020-04-16 02:36:46 #1 store] 
Database 'C:\Users\Usuario\git\Sprint_2\Sprint_2\resources\bets.temp' is opened by 13452@DESKTOP-00OS7EM

[2020-04-16 02:36:46 #2 store] 
Configuration path: ?

[2020-04-16 02:36:46 #3 type] 
Type domain.Event is not enhanced.

[2020-04-16 02:36:46 #4 type] 
Type domain.Question is not enhanced.

[2020-04-16 02:36:46 #5 type] 
Type domain.Competition is not enhanced.

[2020-04-16 02:36:46 #6 type] 
Type domain.Prediction is not enhanced.

[2020-04-16 02:36:46 #7 type] 
Type domain.User is not enhanced.

[2020-04-16 02:36:46 #8 type] 
Type domain.CreditCard is not enhanced.

[2020-04-16 02:36:46 #9 type] 
Type domain.Bet is not enhanced.

[2020-04-16 02:36:46 #10 type] 
Type domain.Profile is not enhanced.

[2020-04-16 02:36:49 #11 type] 
Type domain.Feedback is not enhanced.

------------------------------------------------------------------------------------------------------------------------

[2020-04-16 02:37:38 #1 store] 
Database 'C:\Users\Usuario\git\Sprint_2\Sprint_2\resources\bets.temp' is opened by 16584@DESKTOP-00OS7EM

[2020-04-16 02:37:38 #2 store] 
Configuration path: ?

[2020-04-16 02:37:38 #3 type] 
Type domain.Event is not enhanced.

[2020-04-16 02:37:38 #4 type] 
Type domain.Question is not enhanced.

[2020-04-16 02:37:38 #5 type] 
Type domain.Competition is not enhanced.

[2020-04-16 02:37:38 #6 type] 
Type domain.Prediction is not enhanced.

[2020-04-16 02:37:38 #7 type] 
Type domain.User is not enhanced.

[2020-04-16 02:37:38 #8 type] 
Type domain.CreditCard is not enhanced.

[2020-04-16 02:37:38 #9 type] 
Type domain.Bet is not enhanced.

[2020-04-16 02:37:38 #10 type] 
Type domain.Profile is not enhanced.

[2020-04-16 02:37:42 #11 type] 
Type domain.Feedback is not enhanced.

------------------------------------------------------------------------------------------------------------------------

[2020-04-16 02:39:06 #1 store] 
Database 'C:\Users\Usuario\git\Sprint_2\Sprint_2\resources\bets.temp' is opened by 16100@DESKTOP-00OS7EM

[2020-04-16 02:39:06 #2 store] 
Configuration path: ?

[2020-04-16 02:39:06 #3 type] 
Type domain.Event is not enhanced.

[2020-04-16 02:39:06 #4 type] 
Type domain.Question is not enhanced.

[2020-04-16 02:39:06 #5 type] 
Type domain.Competition is not enhanced.

[2020-04-16 02:39:06 #6 type] 
Type domain.Prediction is not enhanced.

[2020-04-16 02:39:06 #7 type] 
Type domain.User is not enhanced.

[2020-04-16 02:39:06 #8 type] 
Type domain.CreditCard is not enhanced.

[2020-04-16 02:39:06 #9 type] 
Type domain.Bet is not enhanced.

[2020-04-16 02:39:06 #10 type] 
Type domain.Profile is not enhanced.

[2020-04-16 02:39:09 #11 type] 
Type domain.Feedback is not enhanced.

------------------------------------------------------------------------------------------------------------------------

[2020-04-16 02:39:41 #1 store] 
Database 'C:\Users\Usuario\git\Sprint_2\Sprint_2\resources\bets.temp' is opened by 21644@DESKTOP-00OS7EM

[2020-04-16 02:39:41 #2 store] 
Configuration path: ?

[2020-04-16 02:39:41 #3 type] 
Type domain.Event is not enhanced.

[2020-04-16 02:39:41 #4 type] 
Type domain.Question is not enhanced.

[2020-04-16 02:39:41 #5 type] 
Type domain.Competition is not enhanced.

[2020-04-16 02:39:41 #6 type] 
Type domain.Prediction is not enhanced.

[2020-04-16 02:39:41 #7 type] 
Type domain.User is not enhanced.

[2020-04-16 02:39:41 #8 type] 
Type domain.CreditCard is not enhanced.

[2020-04-16 02:39:41 #9 type] 
Type domain.Bet is not enhanced.

[2020-04-16 02:39:41 #10 type] 
Type domain.Profile is not enhanced.

[2020-04-16 02:39:44 #11 type] 
Type domain.Feedback is not enhanced.

------------------------------------------------------------------------------------------------------------------------

[2020-04-16 03:03:10 #1 store] 
Database 'C:\Users\Usuario\git\Sprint_2\Sprint_2\resources\bets.temp' is opened by 21196@DESKTOP-00OS7EM

[2020-04-16 03:03:10 #2 store] 
Configuration path: ?

[2020-04-16 03:03:10 #3 type] 
Type domain.Event is not enhanced.

[2020-04-16 03:03:10 #4 type] 
Type domain.Question is not enhanced.

[2020-04-16 03:03:10 #5 type] 
Type domain.Competition is not enhanced.

[2020-04-16 03:03:10 #6 type] 
Type domain.Prediction is not enhanced.

[2020-04-16 03:03:10 #7 type] 
Type domain.User is not enhanced.

[2020-04-16 03:03:10 #8 type] 
Type domain.CreditCard is not enhanced.

[2020-04-16 03:03:10 #9 type] 
Type domain.Bet is not enhanced.

[2020-04-16 03:03:10 #10 type] 
Type domain.Profile is not enhanced.

[2020-04-16 03:03:14 #11 type] 
Type domain.Feedback is not enhanced.

------------------------------------------------------------------------------------------------------------------------

[2020-04-16 03:04:49 #1 store] 
Database 'C:\Users\Usuario\git\Sprint_2\Sprint_2\resources\bets.temp' is opened by 10164@DESKTOP-00OS7EM

[2020-04-16 03:04:49 #2 store] 
Configuration path: ?

[2020-04-16 03:04:49 #3 type] 
Type domain.Event is not enhanced.

[2020-04-16 03:04:49 #4 type] 
Type domain.Question is not enhanced.

[2020-04-16 03:04:49 #5 type] 
Type domain.Competition is not enhanced.

[2020-04-16 03:04:49 #6 type] 
Type domain.Prediction is not enhanced.

[2020-04-16 03:04:49 #7 type] 
Type domain.User is not enhanced.

[2020-04-16 03:04:49 #8 type] 
Type domain.CreditCard is not enhanced.

[2020-04-16 03:04:49 #9 type] 
Type domain.Bet is not enhanced.

[2020-04-16 03:04:49 #10 type] 
Type domain.Profile is not enhanced.

[2020-04-16 03:04:52 #11 type] 
Type domain.Feedback is not enhanced.

------------------------------------------------------------------------------------------------------------------------

[2020-04-16 03:05:21 #1 store] 
Database 'C:\Users\Usuario\git\Sprint_2\Sprint_2\resources\bets.temp' is opened by 20700@DESKTOP-00OS7EM

[2020-04-16 03:05:21 #2 store] 
Configuration path: ?

[2020-04-16 03:05:21 #3 type] 
Type domain.Event is not enhanced.

[2020-04-16 03:05:21 #4 type] 
Type domain.Question is not enhanced.

[2020-04-16 03:05:21 #5 type] 
Type domain.Competition is not enhanced.

[2020-04-16 03:05:21 #6 type] 
Type domain.Prediction is not enhanced.

[2020-04-16 03:05:21 #7 type] 
Type domain.User is not enhanced.

[2020-04-16 03:05:21 #8 type] 
Type domain.CreditCard is not enhanced.

[2020-04-16 03:05:21 #9 type] 
Type domain.Bet is not enhanced.

[2020-04-16 03:05:21 #10 type] 
Type domain.Profile is not enhanced.

[2020-04-16 03:05:24 #11 type] 
Type domain.Feedback is not enhanced.

------------------------------------------------------------------------------------------------------------------------

[2020-04-16 03:05:58 #1 store] 
Database 'C:\Users\Usuario\git\Sprint_2\Sprint_2\resources\bets.temp' is opened by 12672@DESKTOP-00OS7EM

[2020-04-16 03:05:58 #2 store] 
Configuration path: ?

[2020-04-16 03:05:58 #3 type] 
Type domain.Event is not enhanced.

[2020-04-16 03:05:58 #4 type] 
Type domain.Question is not enhanced.

[2020-04-16 03:05:58 #5 type] 
Type domain.Competition is not enhanced.

[2020-04-16 03:05:58 #6 type] 
Type domain.Prediction is not enhanced.

[2020-04-16 03:05:58 #7 type] 
Type domain.User is not enhanced.

[2020-04-16 03:05:58 #8 type] 
Type domain.CreditCard is not enhanced.

[2020-04-16 03:05:58 #9 type] 
Type domain.Bet is not enhanced.

[2020-04-16 03:05:58 #10 type] 
Type domain.Profile is not enhanced.

[2020-04-16 03:06:01 #11 type] 
Type domain.Feedback is not enhanced.

------------------------------------------------------------------------------------------------------------------------

[2020-04-16 03:06:52 #1 store] 
Database 'C:\Users\Usuario\git\Sprint_2\Sprint_2\resources\bets.temp' is opened by 4172@DESKTOP-00OS7EM

[2020-04-16 03:06:52 #2 store] 
Configuration path: ?

[2020-04-16 03:06:52 #3 type] 
Type domain.Event is not enhanced.

[2020-04-16 03:06:52 #4 type] 
Type domain.Question is not enhanced.

[2020-04-16 03:06:52 #5 type] 
Type domain.Competition is not enhanced.

[2020-04-16 03:06:52 #6 type] 
Type domain.Prediction is not enhanced.

[2020-04-16 03:06:52 #7 type] 
Type domain.User is not enhanced.

[2020-04-16 03:06:52 #8 type] 
Type domain.CreditCard is not enhanced.

[2020-04-16 03:06:52 #9 type] 
Type domain.Bet is not enhanced.

[2020-04-16 03:06:52 #10 type] 
Type domain.Profile is not enhanced.

[2020-04-16 03:06:56 #11 type] 
Type domain.Feedback is not enhanced.

------------------------------------------------------------------------------------------------------------------------

[2020-04-16 03:09:02 #1 store] 
Database 'C:\Users\Usuario\git\Sprint_2\Sprint_2\resources\bets.temp' is opened by 2652@DESKTOP-00OS7EM

[2020-04-16 03:09:02 #2 store] 
Configuration path: ?

[2020-04-16 03:09:02 #3 type] 
Type domain.Event is not enhanced.

[2020-04-16 03:09:02 #4 type] 
Type domain.Question is not enhanced.

[2020-04-16 03:09:02 #5 type] 
Type domain.Competition is not enhanced.

[2020-04-16 03:09:02 #6 type] 
Type domain.Prediction is not enhanced.

[2020-04-16 03:09:02 #7 type] 
Type domain.User is not enhanced.

[2020-04-16 03:09:02 #8 type] 
Type domain.CreditCard is not enhanced.

[2020-04-16 03:09:02 #9 type] 
Type domain.Bet is not enhanced.

[2020-04-16 03:09:02 #10 type] 
Type domain.Profile is not enhanced.

[2020-04-16 03:09:06 #11 type] 
Type domain.Feedback is not enhanced.

------------------------------------------------------------------------------------------------------------------------

[2020-04-16 03:09:45 #1 store] 
Database 'C:\Users\Usuario\git\Sprint_2\Sprint_2\resources\bets.temp' is opened by 10588@DESKTOP-00OS7EM

[2020-04-16 03:09:45 #2 store] 
Configuration path: ?

[2020-04-16 03:09:45 #3 type] 
Type domain.Event is not enhanced.

[2020-04-16 03:09:45 #4 type] 
Type domain.Question is not enhanced.

[2020-04-16 03:09:45 #5 type] 
Type domain.Competition is not enhanced.

[2020-04-16 03:09:45 #6 type] 
Type domain.Prediction is not enhanced.

[2020-04-16 03:09:45 #7 type] 
Type domain.User is not enhanced.

[2020-04-16 03:09:45 #8 type] 
Type domain.CreditCard is not enhanced.

[2020-04-16 03:09:45 #9 type] 
Type domain.Bet is not enhanced.

[2020-04-16 03:09:45 #10 type] 
Type domain.Profile is not enhanced.

[2020-04-16 03:09:49 #11 type] 
Type domain.Feedback is not enhanced.

------------------------------------------------------------------------------------------------------------------------

[2020-04-16 11:04:14 #1 store] 
Database 'C:\Users\Usuario\git\Sprint_2\Sprint_2\resources\bets.temp' is opened by 8632@DESKTOP-00OS7EM

[2020-04-16 11:04:14 #2 store] 
Configuration path: ?

[2020-04-16 11:04:14 #3 type] 
Type domain.Event is not enhanced.

[2020-04-16 11:04:14 #4 type] 
Type domain.Question is not enhanced.

[2020-04-16 11:04:14 #5 type] 
Type domain.Competition is not enhanced.

[2020-04-16 11:04:14 #6 type] 
Type domain.Prediction is not enhanced.

[2020-04-16 11:04:14 #7 type] 
Type domain.User is not enhanced.

[2020-04-16 11:04:14 #8 type] 
Type domain.CreditCard is not enhanced.

[2020-04-16 11:04:14 #9 type] 
Type domain.Bet is not enhanced.

[2020-04-16 11:04:14 #10 type] 
Type domain.Profile is not enhanced.

[2020-04-16 11:04:19 #11 type] 
Type domain.Feedback is not enhanced.

------------------------------------------------------------------------------------------------------------------------

[2020-04-16 11:39:48 #1 store] 
Database 'C:\Users\Usuario\git\Sprint_2\Sprint_2\resources\bets.temp' is opened by 2348@DESKTOP-00OS7EM

[2020-04-16 11:39:48 #2 store] 
Configuration path: ?

[2020-04-16 11:39:49 #3 type] 
Type domain.Event is not enhanced.

[2020-04-16 11:39:49 #4 type] 
Type domain.Question is not enhanced.

[2020-04-16 11:39:49 #5 type] 
Type domain.Competition is not enhanced.

[2020-04-16 11:39:49 #6 type] 
Type domain.Prediction is not enhanced.

[2020-04-16 11:39:49 #7 type] 
Type domain.User is not enhanced.

[2020-04-16 11:39:49 #8 type] 
Type domain.CreditCard is not enhanced.

[2020-04-16 11:39:49 #9 type] 
Type domain.Bet is not enhanced.

[2020-04-16 11:39:49 #10 type] 
Type domain.Profile is not enhanced.

[2020-04-16 11:39:52 #11 type] 
Type domain.Feedback is not enhanced.

------------------------------------------------------------------------------------------------------------------------

[2020-04-16 11:40:45 #1 store] 
Database 'C:\Users\Usuario\git\Sprint_2\Sprint_2\resources\bets.temp' is opened by 8932@DESKTOP-00OS7EM

[2020-04-16 11:40:45 #2 store] 
Configuration path: ?

[2020-04-16 11:40:45 #3 type] 
Type domain.Event is not enhanced.

[2020-04-16 11:40:45 #4 type] 
Type domain.Question is not enhanced.

[2020-04-16 11:40:45 #5 type] 
Type domain.Competition is not enhanced.

[2020-04-16 11:40:45 #6 type] 
Type domain.Prediction is not enhanced.

[2020-04-16 11:40:45 #7 type] 
Type domain.User is not enhanced.

[2020-04-16 11:40:45 #8 type] 
Type domain.CreditCard is not enhanced.

[2020-04-16 11:40:45 #9 type] 
Type domain.Bet is not enhanced.

[2020-04-16 11:40:45 #10 type] 
Type domain.Profile is not enhanced.

[2020-04-16 11:40:48 #11 type] 
Type domain.Feedback is not enhanced.

------------------------------------------------------------------------------------------------------------------------

[2020-04-16 12:11:12 #1 store] 
Database 'C:\Users\Usuario\git\Sprint_2\Sprint_2\resources\bets.temp' is opened by 6984@DESKTOP-00OS7EM

[2020-04-16 12:11:12 #2 store] 
Configuration path: ?

[2020-04-16 12:11:12 #3 type] 
Type domain.Event is not enhanced.

[2020-04-16 12:11:12 #4 type] 
Type domain.Question is not enhanced.

[2020-04-16 12:11:12 #5 type] 
Type domain.Competition is not enhanced.

[2020-04-16 12:11:12 #6 type] 
Type domain.Prediction is not enhanced.

[2020-04-16 12:11:12 #7 type] 
Type domain.User is not enhanced.

[2020-04-16 12:11:12 #8 type] 
Type domain.CreditCard is not enhanced.

[2020-04-16 12:11:12 #9 type] 
Type domain.Bet is not enhanced.

[2020-04-16 12:11:12 #10 type] 
Type domain.Profile is not enhanced.

[2020-04-16 12:11:16 #11 type] 
Type domain.Feedback is not enhanced.

------------------------------------------------------------------------------------------------------------------------

[2020-04-16 12:11:33 #1 store] 
Database 'C:\Users\Usuario\git\Sprint_2\Sprint_2\resources\bets.temp' is opened by 3720@DESKTOP-00OS7EM

[2020-04-16 12:11:33 #2 store] 
Configuration path: ?

[2020-04-16 12:11:33 #3 type] 
Type domain.Event is not enhanced.

[2020-04-16 12:11:33 #4 type] 
Type domain.Question is not enhanced.

[2020-04-16 12:11:33 #5 type] 
Type domain.Competition is not enhanced.

[2020-04-16 12:11:33 #6 type] 
Type domain.Prediction is not enhanced.

[2020-04-16 12:11:33 #7 type] 
Type domain.User is not enhanced.

[2020-04-16 12:11:33 #8 type] 
Type domain.CreditCard is not enhanced.

[2020-04-16 12:11:33 #9 type] 
Type domain.Bet is not enhanced.

[2020-04-16 12:11:33 #10 type] 
Type domain.Profile is not enhanced.

[2020-04-16 12:11:36 #11 type] 
Type domain.Feedback is not enhanced.

------------------------------------------------------------------------------------------------------------------------

[2020-04-16 12:14:33 #1 store] 
Database 'C:\Users\Usuario\git\Sprint_2\Sprint_2\resources\bets.temp' is opened by 6372@DESKTOP-00OS7EM

[2020-04-16 12:14:33 #2 store] 
Configuration path: ?

[2020-04-16 12:14:33 #3 type] 
Type domain.Event is not enhanced.

[2020-04-16 12:14:33 #4 type] 
Type domain.Question is not enhanced.

[2020-04-16 12:14:33 #5 type] 
Type domain.Competition is not enhanced.

[2020-04-16 12:14:33 #6 type] 
Type domain.Prediction is not enhanced.

[2020-04-16 12:14:33 #7 type] 
Type domain.User is not enhanced.

[2020-04-16 12:14:33 #8 type] 
Type domain.CreditCard is not enhanced.

[2020-04-16 12:14:33 #9 type] 
Type domain.Bet is not enhanced.

[2020-04-16 12:14:33 #10 type] 
Type domain.Profile is not enhanced.

[2020-04-16 12:14:36 #11 type] 
Type domain.Feedback is not enhanced.

------------------------------------------------------------------------------------------------------------------------

[2020-04-16 12:15:22 #1 store] 
Database 'C:\Users\Usuario\git\Sprint_2\Sprint_2\resources\bets.temp' is opened by 9660@DESKTOP-00OS7EM

[2020-04-16 12:15:22 #2 store] 
Configuration path: ?

[2020-04-16 12:15:22 #3 type] 
Type domain.Event is not enhanced.

[2020-04-16 12:15:22 #4 type] 
Type domain.Question is not enhanced.

[2020-04-16 12:15:22 #5 type] 
Type domain.Competition is not enhanced.

[2020-04-16 12:15:22 #6 type] 
Type domain.Prediction is not enhanced.

[2020-04-16 12:15:22 #7 type] 
Type domain.User is not enhanced.

[2020-04-16 12:15:22 #8 type] 
Type domain.CreditCard is not enhanced.

[2020-04-16 12:15:22 #9 type] 
Type domain.Bet is not enhanced.

[2020-04-16 12:15:22 #10 type] 
Type domain.Profile is not enhanced.

[2020-04-16 12:15:25 #11 type] 
Type domain.Feedback is not enhanced.

------------------------------------------------------------------------------------------------------------------------

[2020-04-16 12:17:59 #1 store] 
Database 'C:\Users\Usuario\git\Sprint_2\Sprint_2\resources\bets.temp' is opened by 8208@DESKTOP-00OS7EM

[2020-04-16 12:17:59 #2 store] 
Configuration path: ?

[2020-04-16 12:17:59 #3 type] 
Type domain.Event is not enhanced.

[2020-04-16 12:17:59 #4 type] 
Type domain.Question is not enhanced.

[2020-04-16 12:17:59 #5 type] 
Type domain.Competition is not enhanced.

[2020-04-16 12:17:59 #6 type] 
Type domain.Prediction is not enhanced.

[2020-04-16 12:17:59 #7 type] 
Type domain.User is not enhanced.

[2020-04-16 12:17:59 #8 type] 
Type domain.CreditCard is not enhanced.

[2020-04-16 12:17:59 #9 type] 
Type domain.Bet is not enhanced.

[2020-04-16 12:17:59 #10 type] 
Type domain.Profile is not enhanced.

------------------------------------------------------------------------------------------------------------------------

[2020-04-16 12:18:17 #1 store] 
Database 'C:\Users\Usuario\git\Sprint_2\Sprint_2\resources\bets.temp' is opened by 8184@DESKTOP-00OS7EM

[2020-04-16 12:18:17 #2 store] 
Configuration path: ?

[2020-04-16 12:18:17 #3 type] 
Type domain.Event is not enhanced.

[2020-04-16 12:18:17 #4 type] 
Type domain.Question is not enhanced.

[2020-04-16 12:18:17 #5 type] 
Type domain.Competition is not enhanced.

[2020-04-16 12:18:17 #6 type] 
Type domain.Prediction is not enhanced.

[2020-04-16 12:18:17 #7 type] 
Type domain.User is not enhanced.

[2020-04-16 12:18:17 #8 type] 
Type domain.CreditCard is not enhanced.

[2020-04-16 12:18:17 #9 type] 
Type domain.Bet is not enhanced.

[2020-04-16 12:18:17 #10 type] 
Type domain.Profile is not enhanced.

[2020-04-16 12:18:22 #11 type] 
Type domain.Feedback is not enhanced.

------------------------------------------------------------------------------------------------------------------------

[2020-04-16 12:19:10 #1 store] 
Database 'C:\Users\Usuario\git\Sprint_2\Sprint_2\resources\bets.temp' is opened by 5420@DESKTOP-00OS7EM

[2020-04-16 12:19:10 #2 store] 
Configuration path: ?

[2020-04-16 12:19:10 #3 type] 
Type domain.Event is not enhanced.

[2020-04-16 12:19:10 #4 type] 
Type domain.Question is not enhanced.

[2020-04-16 12:19:10 #5 type] 
Type domain.Competition is not enhanced.

[2020-04-16 12:19:10 #6 type] 
Type domain.Prediction is not enhanced.

[2020-04-16 12:19:10 #7 type] 
Type domain.User is not enhanced.

[2020-04-16 12:19:10 #8 type] 
Type domain.CreditCard is not enhanced.

[2020-04-16 12:19:10 #9 type] 
Type domain.Bet is not enhanced.

[2020-04-16 12:19:10 #10 type] 
Type domain.Profile is not enhanced.

[2020-04-16 12:19:13 #11 type] 
Type domain.Feedback is not enhanced.

------------------------------------------------------------------------------------------------------------------------

[2020-04-16 12:19:59 #1 store] 
Database 'C:\Users\Usuario\git\Sprint_2\Sprint_2\resources\bets.temp' is opened by 5024@DESKTOP-00OS7EM

[2020-04-16 12:19:59 #2 store] 
Configuration path: ?

[2020-04-16 12:19:59 #3 type] 
Type domain.Event is not enhanced.

[2020-04-16 12:19:59 #4 type] 
Type domain.Question is not enhanced.

[2020-04-16 12:19:59 #5 type] 
Type domain.Competition is not enhanced.

[2020-04-16 12:19:59 #6 type] 
Type domain.Prediction is not enhanced.

[2020-04-16 12:19:59 #7 type] 
Type domain.User is not enhanced.

[2020-04-16 12:19:59 #8 type] 
Type domain.CreditCard is not enhanced.

[2020-04-16 12:19:59 #9 type] 
Type domain.Bet is not enhanced.

[2020-04-16 12:19:59 #10 type] 
Type domain.Profile is not enhanced.

[2020-04-16 12:20:02 #11 type] 
Type domain.Feedback is not enhanced.

------------------------------------------------------------------------------------------------------------------------

[2020-04-16 12:21:06 #1 store] 
Database 'C:\Users\Usuario\git\Sprint_2\Sprint_2\resources\bets.temp' is opened by 6984@DESKTOP-00OS7EM

[2020-04-16 12:21:06 #2 store] 
Configuration path: ?

[2020-04-16 12:21:06 #3 type] 
Type domain.Event is not enhanced.

[2020-04-16 12:21:06 #4 type] 
Type domain.Question is not enhanced.

[2020-04-16 12:21:06 #5 type] 
Type domain.Competition is not enhanced.

[2020-04-16 12:21:06 #6 type] 
Type domain.Prediction is not enhanced.

[2020-04-16 12:21:06 #7 type] 
Type domain.User is not enhanced.

[2020-04-16 12:21:06 #8 type] 
Type domain.CreditCard is not enhanced.

[2020-04-16 12:21:06 #9 type] 
Type domain.Bet is not enhanced.

[2020-04-16 12:21:06 #10 type] 
Type domain.Profile is not enhanced.

[2020-04-16 12:21:11 #11 type] 
Type domain.Feedback is not enhanced.

------------------------------------------------------------------------------------------------------------------------

[2020-04-16 12:23:25 #1 store] 
Database 'C:\Users\Usuario\git\Sprint_2\Sprint_2\resources\bets.temp' is opened by 8600@DESKTOP-00OS7EM

[2020-04-16 12:23:25 #2 store] 
Configuration path: ?

[2020-04-16 12:23:25 #3 type] 
Type domain.Event is not enhanced.

[2020-04-16 12:23:25 #4 type] 
Type domain.Question is not enhanced.

[2020-04-16 12:23:25 #5 type] 
Type domain.Competition is not enhanced.

[2020-04-16 12:23:25 #6 type] 
Type domain.Prediction is not enhanced.

[2020-04-16 12:23:25 #7 type] 
Type domain.User is not enhanced.

[2020-04-16 12:23:25 #8 type] 
Type domain.CreditCard is not enhanced.

[2020-04-16 12:23:25 #9 type] 
Type domain.Bet is not enhanced.

[2020-04-16 12:23:25 #10 type] 
Type domain.Profile is not enhanced.

[2020-04-16 12:23:28 #11 type] 
Type domain.Feedback is not enhanced.

------------------------------------------------------------------------------------------------------------------------

[2020-04-16 12:23:57 #1 store] 
Database 'C:\Users\Usuario\git\Sprint_2\Sprint_2\resources\bets.temp' is opened by 8880@DESKTOP-00OS7EM

[2020-04-16 12:23:57 #2 store] 
Configuration path: ?

[2020-04-16 12:23:57 #3 type] 
Type domain.Event is not enhanced.

[2020-04-16 12:23:57 #4 type] 
Type domain.Question is not enhanced.

[2020-04-16 12:23:57 #5 type] 
Type domain.Competition is not enhanced.

[2020-04-16 12:23:57 #6 type] 
Type domain.Prediction is not enhanced.

[2020-04-16 12:23:57 #7 type] 
Type domain.User is not enhanced.

[2020-04-16 12:23:57 #8 type] 
Type domain.CreditCard is not enhanced.

[2020-04-16 12:23:57 #9 type] 
Type domain.Bet is not enhanced.

[2020-04-16 12:23:57 #10 type] 
Type domain.Profile is not enhanced.

[2020-04-16 12:24:01 #11 type] 
Type domain.Feedback is not enhanced.

------------------------------------------------------------------------------------------------------------------------

[2020-04-16 12:28:17 #1 store] 
Database 'C:\Users\Usuario\git\Sprint_2\Sprint_2\resources\bets.temp' is opened by 9184@DESKTOP-00OS7EM

[2020-04-16 12:28:17 #2 store] 
Configuration path: ?

[2020-04-16 12:28:17 #3 type] 
Type domain.Event is not enhanced.

[2020-04-16 12:28:17 #4 type] 
Type domain.Question is not enhanced.

[2020-04-16 12:28:17 #5 type] 
Type domain.Competition is not enhanced.

[2020-04-16 12:28:17 #6 type] 
Type domain.Prediction is not enhanced.

[2020-04-16 12:28:17 #7 type] 
Type domain.User is not enhanced.

[2020-04-16 12:28:17 #8 type] 
Type domain.CreditCard is not enhanced.

[2020-04-16 12:28:17 #9 type] 
Type domain.Bet is not enhanced.

[2020-04-16 12:28:17 #10 type] 
Type domain.Profile is not enhanced.

[2020-04-16 12:28:21 #11 type] 
Type domain.Feedback is not enhanced.

------------------------------------------------------------------------------------------------------------------------

[2020-04-16 12:29:40 #1 store] 
Database 'C:\Users\Usuario\git\Sprint_2\Sprint_2\resources\bets.temp' is opened by 4340@DESKTOP-00OS7EM

[2020-04-16 12:29:40 #2 store] 
Configuration path: ?

[2020-04-16 12:29:40 #3 type] 
Type domain.Event is not enhanced.

[2020-04-16 12:29:40 #4 type] 
Type domain.Question is not enhanced.

[2020-04-16 12:29:40 #5 type] 
Type domain.Competition is not enhanced.

[2020-04-16 12:29:40 #6 type] 
Type domain.Prediction is not enhanced.

[2020-04-16 12:29:40 #7 type] 
Type domain.User is not enhanced.

[2020-04-16 12:29:40 #8 type] 
Type domain.CreditCard is not enhanced.

[2020-04-16 12:29:40 #9 type] 
Type domain.Bet is not enhanced.

[2020-04-16 12:29:40 #10 type] 
Type domain.Profile is not enhanced.

[2020-04-16 12:29:43 #11 type] 
Type domain.Feedback is not enhanced.

------------------------------------------------------------------------------------------------------------------------

[2020-04-16 12:32:26 #1 store] 
Database 'C:\Users\Usuario\git\Sprint_2\Sprint_2\resources\bets.temp' is opened by 10092@DESKTOP-00OS7EM

[2020-04-16 12:32:26 #2 store] 
Configuration path: ?

[2020-04-16 12:32:26 #3 type] 
Type domain.Event is not enhanced.

[2020-04-16 12:32:26 #4 type] 
Type domain.Question is not enhanced.

[2020-04-16 12:32:26 #5 type] 
Type domain.Competition is not enhanced.

[2020-04-16 12:32:26 #6 type] 
Type domain.Prediction is not enhanced.

[2020-04-16 12:32:26 #7 type] 
Type domain.User is not enhanced.

[2020-04-16 12:32:26 #8 type] 
Type domain.CreditCard is not enhanced.

[2020-04-16 12:32:26 #9 type] 
Type domain.Bet is not enhanced.

[2020-04-16 12:32:26 #10 type] 
Type domain.Profile is not enhanced.

[2020-04-16 12:32:36 #11 type] 
Type domain.Feedback is not enhanced.

------------------------------------------------------------------------------------------------------------------------

[2020-04-16 12:35:27 #1 store] 
Database 'C:\Users\Usuario\git\Sprint_2\Sprint_2\resources\bets.temp' is opened by 11116@DESKTOP-00OS7EM

[2020-04-16 12:35:27 #2 store] 
Configuration path: ?

[2020-04-16 12:35:27 #3 type] 
Type domain.Event is not enhanced.

[2020-04-16 12:35:27 #4 type] 
Type domain.Question is not enhanced.

[2020-04-16 12:35:27 #5 type] 
Type domain.Competition is not enhanced.

[2020-04-16 12:35:27 #6 type] 
Type domain.Prediction is not enhanced.

[2020-04-16 12:35:27 #7 type] 
Type domain.User is not enhanced.

[2020-04-16 12:35:27 #8 type] 
Type domain.CreditCard is not enhanced.

[2020-04-16 12:35:27 #9 type] 
Type domain.Bet is not enhanced.

[2020-04-16 12:35:27 #10 type] 
Type domain.Profile is not enhanced.

[2020-04-16 12:35:31 #11 type] 
Type domain.Feedback is not enhanced.

------------------------------------------------------------------------------------------------------------------------

[2020-04-16 12:36:28 #1 store] 
Database 'C:\Users\Usuario\git\Sprint_2\Sprint_2\resources\bets.temp' is opened by 9500@DESKTOP-00OS7EM

[2020-04-16 12:36:28 #2 store] 
Configuration path: ?

[2020-04-16 12:36:28 #3 type] 
Type domain.Event is not enhanced.

[2020-04-16 12:36:28 #4 type] 
Type domain.Question is not enhanced.

[2020-04-16 12:36:28 #5 type] 
Type domain.Competition is not enhanced.

[2020-04-16 12:36:28 #6 type] 
Type domain.Prediction is not enhanced.

[2020-04-16 12:36:28 #7 type] 
Type domain.User is not enhanced.

[2020-04-16 12:36:28 #8 type] 
Type domain.CreditCard is not enhanced.

[2020-04-16 12:36:28 #9 type] 
Type domain.Bet is not enhanced.

[2020-04-16 12:36:28 #10 type] 
Type domain.Profile is not enhanced.

[2020-04-16 12:36:32 #11 type] 
Type domain.Feedback is not enhanced.

------------------------------------------------------------------------------------------------------------------------

[2020-04-16 12:39:32 #1 store] 
Database 'C:\Users\Usuario\git\Sprint_2\Sprint_2\resources\bets.temp' is opened by 9544@DESKTOP-00OS7EM

[2020-04-16 12:39:32 #2 store] 
Configuration path: ?

[2020-04-16 12:39:32 #3 type] 
Type domain.Event is not enhanced.

[2020-04-16 12:39:32 #4 type] 
Type domain.Question is not enhanced.

[2020-04-16 12:39:32 #5 type] 
Type domain.Competition is not enhanced.

[2020-04-16 12:39:32 #6 type] 
Type domain.Prediction is not enhanced.

[2020-04-16 12:39:32 #7 type] 
Type domain.User is not enhanced.

[2020-04-16 12:39:32 #8 type] 
Type domain.CreditCard is not enhanced.

[2020-04-16 12:39:32 #9 type] 
Type domain.Bet is not enhanced.

[2020-04-16 12:39:32 #10 type] 
Type domain.Profile is not enhanced.

[2020-04-16 12:39:36 #11 type] 
Type domain.Feedback is not enhanced.

------------------------------------------------------------------------------------------------------------------------

[2020-04-16 12:42:48 #1 store] 
Database 'C:\Users\Usuario\git\Sprint_2\Sprint_2\resources\bets.temp' is opened by 11056@DESKTOP-00OS7EM

[2020-04-16 12:42:48 #2 store] 
Configuration path: ?

[2020-04-16 12:42:49 #3 type] 
Type domain.Event is not enhanced.

[2020-04-16 12:42:49 #4 type] 
Type domain.Question is not enhanced.

[2020-04-16 12:42:49 #5 type] 
Type domain.Competition is not enhanced.

[2020-04-16 12:42:49 #6 type] 
Type domain.Prediction is not enhanced.

[2020-04-16 12:42:49 #7 type] 
Type domain.User is not enhanced.

[2020-04-16 12:42:49 #8 type] 
Type domain.CreditCard is not enhanced.

[2020-04-16 12:42:49 #9 type] 
Type domain.Bet is not enhanced.

[2020-04-16 12:42:49 #10 type] 
Type domain.Profile is not enhanced.

[2020-04-16 12:42:52 #11 type] 
Type domain.Feedback is not enhanced.

------------------------------------------------------------------------------------------------------------------------

[2020-04-16 12:43:19 #1 store] 
Database 'C:\Users\Usuario\git\Sprint_2\Sprint_2\resources\bets.temp' is opened by 8364@DESKTOP-00OS7EM

[2020-04-16 12:43:19 #2 store] 
Configuration path: ?

[2020-04-16 12:43:20 #3 type] 
Type domain.Event is not enhanced.

[2020-04-16 12:43:20 #4 type] 
Type domain.Question is not enhanced.

[2020-04-16 12:43:20 #5 type] 
Type domain.Competition is not enhanced.

[2020-04-16 12:43:20 #6 type] 
Type domain.Prediction is not enhanced.

[2020-04-16 12:43:20 #7 type] 
Type domain.User is not enhanced.

[2020-04-16 12:43:20 #8 type] 
Type domain.CreditCard is not enhanced.

[2020-04-16 12:43:20 #9 type] 
Type domain.Bet is not enhanced.

[2020-04-16 12:43:20 #10 type] 
Type domain.Profile is not enhanced.

[2020-04-16 12:43:23 #11 type] 
Type domain.Feedback is not enhanced.

------------------------------------------------------------------------------------------------------------------------

[2020-04-16 12:43:49 #1 store] 
Database 'C:\Users\Usuario\git\Sprint_2\Sprint_2\resources\bets.temp' is opened by 13952@DESKTOP-00OS7EM

[2020-04-16 12:43:49 #2 store] 
Configuration path: ?

[2020-04-16 12:43:49 #3 type] 
Type domain.Event is not enhanced.

[2020-04-16 12:43:49 #4 type] 
Type domain.Question is not enhanced.

[2020-04-16 12:43:49 #5 type] 
Type domain.Competition is not enhanced.

[2020-04-16 12:43:49 #6 type] 
Type domain.Prediction is not enhanced.

[2020-04-16 12:43:49 #7 type] 
Type domain.User is not enhanced.

[2020-04-16 12:43:49 #8 type] 
Type domain.CreditCard is not enhanced.

[2020-04-16 12:43:49 #9 type] 
Type domain.Bet is not enhanced.

[2020-04-16 12:43:49 #10 type] 
Type domain.Profile is not enhanced.

[2020-04-16 12:43:52 #11 type] 
Type domain.Feedback is not enhanced.

------------------------------------------------------------------------------------------------------------------------

[2020-04-16 12:44:05 #1 store] 
Database 'C:\Users\Usuario\git\Sprint_2\Sprint_2\resources\bets.temp' is opened by 10700@DESKTOP-00OS7EM

[2020-04-16 12:44:05 #2 store] 
Configuration path: ?

[2020-04-16 12:44:06 #3 type] 
Type domain.Event is not enhanced.

[2020-04-16 12:44:06 #4 type] 
Type domain.Question is not enhanced.

[2020-04-16 12:44:06 #5 type] 
Type domain.Competition is not enhanced.

[2020-04-16 12:44:06 #6 type] 
Type domain.Prediction is not enhanced.

[2020-04-16 12:44:06 #7 type] 
Type domain.User is not enhanced.

[2020-04-16 12:44:06 #8 type] 
Type domain.CreditCard is not enhanced.

[2020-04-16 12:44:06 #9 type] 
Type domain.Bet is not enhanced.

[2020-04-16 12:44:06 #10 type] 
Type domain.Profile is not enhanced.

[2020-04-16 12:44:09 #11 type] 
Type domain.Feedback is not enhanced.

------------------------------------------------------------------------------------------------------------------------

[2020-04-16 12:44:22 #1 store] 
Database 'C:\Users\Usuario\git\Sprint_2\Sprint_2\resources\bets.temp' is opened by 5032@DESKTOP-00OS7EM

[2020-04-16 12:44:22 #2 store] 
Configuration path: ?

[2020-04-16 12:44:22 #3 type] 
Type domain.Event is not enhanced.

[2020-04-16 12:44:22 #4 type] 
Type domain.Question is not enhanced.

[2020-04-16 12:44:22 #5 type] 
Type domain.Competition is not enhanced.

[2020-04-16 12:44:22 #6 type] 
Type domain.Prediction is not enhanced.

[2020-04-16 12:44:22 #7 type] 
Type domain.User is not enhanced.

[2020-04-16 12:44:22 #8 type] 
Type domain.CreditCard is not enhanced.

[2020-04-16 12:44:22 #9 type] 
Type domain.Bet is not enhanced.

[2020-04-16 12:44:22 #10 type] 
Type domain.Profile is not enhanced.

[2020-04-16 12:44:26 #11 type] 
Type domain.Feedback is not enhanced.

------------------------------------------------------------------------------------------------------------------------

[2020-04-16 12:44:46 #1 store] 
Database 'C:\Users\Usuario\git\Sprint_2\Sprint_2\resources\bets.temp' is opened by 12832@DESKTOP-00OS7EM

[2020-04-16 12:44:46 #2 store] 
Configuration path: ?

[2020-04-16 12:44:46 #3 type] 
Type domain.Event is not enhanced.

[2020-04-16 12:44:46 #4 type] 
Type domain.Question is not enhanced.

[2020-04-16 12:44:46 #5 type] 
Type domain.Competition is not enhanced.

[2020-04-16 12:44:46 #6 type] 
Type domain.Prediction is not enhanced.

[2020-04-16 12:44:46 #7 type] 
Type domain.User is not enhanced.

[2020-04-16 12:44:46 #8 type] 
Type domain.CreditCard is not enhanced.

[2020-04-16 12:44:46 #9 type] 
Type domain.Bet is not enhanced.

[2020-04-16 12:44:46 #10 type] 
Type domain.Profile is not enhanced.

[2020-04-16 12:44:50 #11 type] 
Type domain.Feedback is not enhanced.

------------------------------------------------------------------------------------------------------------------------

[2020-04-16 12:45:14 #1 store] 
Database 'C:\Users\Usuario\git\Sprint_2\Sprint_2\resources\bets.temp' is opened by 13900@DESKTOP-00OS7EM

[2020-04-16 12:45:14 #2 store] 
Configuration path: ?

[2020-04-16 12:45:15 #3 type] 
Type domain.Event is not enhanced.

[2020-04-16 12:45:15 #4 type] 
Type domain.Question is not enhanced.

[2020-04-16 12:45:15 #5 type] 
Type domain.Competition is not enhanced.

[2020-04-16 12:45:15 #6 type] 
Type domain.Prediction is not enhanced.

[2020-04-16 12:45:15 #7 type] 
Type domain.User is not enhanced.

[2020-04-16 12:45:15 #8 type] 
Type domain.CreditCard is not enhanced.

[2020-04-16 12:45:15 #9 type] 
Type domain.Bet is not enhanced.

[2020-04-16 12:45:15 #10 type] 
Type domain.Profile is not enhanced.

[2020-04-16 12:45:18 #11 type] 
Type domain.Feedback is not enhanced.

------------------------------------------------------------------------------------------------------------------------

[2020-04-16 12:47:24 #1 store] 
Database 'C:\Users\Usuario\git\Sprint_2\Sprint_2\resources\bets.temp' is opened by 9532@DESKTOP-00OS7EM

[2020-04-16 12:47:24 #2 store] 
Configuration path: ?

[2020-04-16 12:47:24 #3 type] 
Type domain.Event is not enhanced.

[2020-04-16 12:47:24 #4 type] 
Type domain.Question is not enhanced.

[2020-04-16 12:47:24 #5 type] 
Type domain.Competition is not enhanced.

[2020-04-16 12:47:24 #6 type] 
Type domain.Prediction is not enhanced.

[2020-04-16 12:47:25 #7 type] 
Type domain.User is not enhanced.

[2020-04-16 12:47:25 #8 type] 
Type domain.CreditCard is not enhanced.

[2020-04-16 12:47:25 #9 type] 
Type domain.Bet is not enhanced.

[2020-04-16 12:47:25 #10 type] 
Type domain.Profile is not enhanced.

[2020-04-16 12:47:28 #11 type] 
Type domain.Feedback is not enhanced.

------------------------------------------------------------------------------------------------------------------------

[2020-04-16 12:49:22 #1 store] 
Database 'C:\Users\Usuario\git\Sprint_2\Sprint_2\resources\bets.temp' is opened by 9472@DESKTOP-00OS7EM

[2020-04-16 12:49:22 #2 store] 
Configuration path: ?

[2020-04-16 12:49:22 #3 type] 
Type domain.Event is not enhanced.

[2020-04-16 12:49:22 #4 type] 
Type domain.Question is not enhanced.

[2020-04-16 12:49:22 #5 type] 
Type domain.Competition is not enhanced.

[2020-04-16 12:49:22 #6 type] 
Type domain.Prediction is not enhanced.

[2020-04-16 12:49:22 #7 type] 
Type domain.User is not enhanced.

[2020-04-16 12:49:23 #8 type] 
Type domain.CreditCard is not enhanced.

[2020-04-16 12:49:23 #9 type] 
Type domain.Bet is not enhanced.

[2020-04-16 12:49:23 #10 type] 
Type domain.Profile is not enhanced.

[2020-04-16 12:49:26 #11 type] 
Type domain.Feedback is not enhanced.

------------------------------------------------------------------------------------------------------------------------

[2020-04-16 12:50:36 #1 store] 
Database 'C:\Users\Usuario\git\Sprint_2\Sprint_2\resources\bets.temp' is opened by 11952@DESKTOP-00OS7EM

[2020-04-16 12:50:36 #2 store] 
Configuration path: ?

[2020-04-16 12:50:36 #3 type] 
Type domain.Event is not enhanced.

[2020-04-16 12:50:36 #4 type] 
Type domain.Question is not enhanced.

[2020-04-16 12:50:36 #5 type] 
Type domain.Competition is not enhanced.

[2020-04-16 12:50:36 #6 type] 
Type domain.Prediction is not enhanced.

[2020-04-16 12:50:36 #7 type] 
Type domain.User is not enhanced.

[2020-04-16 12:50:36 #8 type] 
Type domain.CreditCard is not enhanced.

[2020-04-16 12:50:36 #9 type] 
Type domain.Bet is not enhanced.

[2020-04-16 12:50:36 #10 type] 
Type domain.Profile is not enhanced.

[2020-04-16 12:50:40 #11 type] 
Type domain.Feedback is not enhanced.

------------------------------------------------------------------------------------------------------------------------

[2020-04-16 12:51:12 #1 store] 
Database 'C:\Users\Usuario\git\Sprint_2\Sprint_2\resources\bets.temp' is opened by 6496@DESKTOP-00OS7EM

[2020-04-16 12:51:12 #2 store] 
Configuration path: ?

[2020-04-16 12:51:12 #3 type] 
Type domain.Event is not enhanced.

[2020-04-16 12:51:12 #4 type] 
Type domain.Question is not enhanced.

[2020-04-16 12:51:12 #5 type] 
Type domain.Competition is not enhanced.

[2020-04-16 12:51:12 #6 type] 
Type domain.Prediction is not enhanced.

[2020-04-16 12:51:12 #7 type] 
Type domain.User is not enhanced.

[2020-04-16 12:51:12 #8 type] 
Type domain.CreditCard is not enhanced.

[2020-04-16 12:51:12 #9 type] 
Type domain.Bet is not enhanced.

[2020-04-16 12:51:12 #10 type] 
Type domain.Profile is not enhanced.

[2020-04-16 12:51:16 #11 type] 
Type domain.Feedback is not enhanced.

------------------------------------------------------------------------------------------------------------------------

[2020-04-16 12:53:27 #1 store] 
Database 'C:\Users\Usuario\git\Sprint_2\Sprint_2\resources\bets.temp' is opened by 8460@DESKTOP-00OS7EM

[2020-04-16 12:53:27 #2 store] 
Configuration path: ?

[2020-04-16 12:53:27 #3 type] 
Type domain.Event is not enhanced.

[2020-04-16 12:53:27 #4 type] 
Type domain.Question is not enhanced.

[2020-04-16 12:53:27 #5 type] 
Type domain.Competition is not enhanced.

[2020-04-16 12:53:27 #6 type] 
Type domain.Prediction is not enhanced.

[2020-04-16 12:53:27 #7 type] 
Type domain.User is not enhanced.

[2020-04-16 12:53:27 #8 type] 
Type domain.CreditCard is not enhanced.

[2020-04-16 12:53:27 #9 type] 
Type domain.Bet is not enhanced.

[2020-04-16 12:53:27 #10 type] 
Type domain.Profile is not enhanced.

[2020-04-16 12:53:30 #11 type] 
Type domain.Feedback is not enhanced.

------------------------------------------------------------------------------------------------------------------------

[2020-04-16 12:57:01 #1 store] 
Database 'C:\Users\Usuario\git\Sprint_2\Sprint_2\resources\bets.temp' is opened by 3464@DESKTOP-00OS7EM

[2020-04-16 12:57:01 #2 store] 
Configuration path: ?

[2020-04-16 12:57:02 #3 type] 
Type domain.Event is not enhanced.

[2020-04-16 12:57:02 #4 type] 
Type domain.Question is not enhanced.

[2020-04-16 12:57:02 #5 type] 
Type domain.Competition is not enhanced.

[2020-04-16 12:57:02 #6 type] 
Type domain.Prediction is not enhanced.

[2020-04-16 12:57:02 #7 type] 
Type domain.User is not enhanced.

[2020-04-16 12:57:02 #8 type] 
Type domain.CreditCard is not enhanced.

[2020-04-16 12:57:02 #9 type] 
Type domain.Bet is not enhanced.

[2020-04-16 12:57:02 #10 type] 
Type domain.Profile is not enhanced.

[2020-04-16 12:57:05 #11 type] 
Type domain.Feedback is not enhanced.

------------------------------------------------------------------------------------------------------------------------

[2020-04-16 12:59:33 #1 store] 
Database 'C:\Users\Usuario\git\Sprint_2\Sprint_2\resources\bets.temp' is opened by 10824@DESKTOP-00OS7EM

[2020-04-16 12:59:33 #2 store] 
Configuration path: ?

[2020-04-16 12:59:33 #3 type] 
Type domain.Event is not enhanced.

[2020-04-16 12:59:33 #4 type] 
Type domain.Question is not enhanced.

[2020-04-16 12:59:33 #5 type] 
Type domain.Competition is not enhanced.

[2020-04-16 12:59:33 #6 type] 
Type domain.Prediction is not enhanced.

[2020-04-16 12:59:33 #7 type] 
Type domain.User is not enhanced.

[2020-04-16 12:59:33 #8 type] 
Type domain.CreditCard is not enhanced.

[2020-04-16 12:59:33 #9 type] 
Type domain.Bet is not enhanced.

[2020-04-16 12:59:33 #10 type] 
Type domain.Profile is not enhanced.

[2020-04-16 12:59:36 #11 type] 
Type domain.Feedback is not enhanced.

------------------------------------------------------------------------------------------------------------------------

[2020-04-16 13:01:23 #1 store] 
Database 'C:\Users\Usuario\git\Sprint_2\Sprint_2\resources\bets.temp' is opened by 3148@DESKTOP-00OS7EM

[2020-04-16 13:01:23 #2 store] 
Configuration path: ?

[2020-04-16 13:01:23 #3 type] 
Type domain.Event is not enhanced.

[2020-04-16 13:01:23 #4 type] 
Type domain.Question is not enhanced.

[2020-04-16 13:01:23 #5 type] 
Type domain.Competition is not enhanced.

[2020-04-16 13:01:23 #6 type] 
Type domain.Prediction is not enhanced.

[2020-04-16 13:01:23 #7 type] 
Type domain.User is not enhanced.

[2020-04-16 13:01:23 #8 type] 
Type domain.CreditCard is not enhanced.

[2020-04-16 13:01:23 #9 type] 
Type domain.Bet is not enhanced.

[2020-04-16 13:01:23 #10 type] 
Type domain.Profile is not enhanced.

[2020-04-16 13:01:28 #11 type] 
Type domain.Feedback is not enhanced.

------------------------------------------------------------------------------------------------------------------------

[2020-04-16 13:02:49 #1 store] 
Database 'C:\Users\Usuario\git\Sprint_2\Sprint_2\resources\bets.temp' is opened by 8136@DESKTOP-00OS7EM

[2020-04-16 13:02:49 #2 store] 
Configuration path: ?

[2020-04-16 13:02:49 #3 type] 
Type domain.Event is not enhanced.

[2020-04-16 13:02:49 #4 type] 
Type domain.Question is not enhanced.

[2020-04-16 13:02:49 #5 type] 
Type domain.Competition is not enhanced.

[2020-04-16 13:02:49 #6 type] 
Type domain.Prediction is not enhanced.

[2020-04-16 13:02:49 #7 type] 
Type domain.User is not enhanced.

[2020-04-16 13:02:49 #8 type] 
Type domain.CreditCard is not enhanced.

[2020-04-16 13:02:49 #9 type] 
Type domain.Bet is not enhanced.

[2020-04-16 13:02:49 #10 type] 
Type domain.Profile is not enhanced.

[2020-04-16 13:02:53 #11 type] 
Type domain.Feedback is not enhanced.

------------------------------------------------------------------------------------------------------------------------

[2020-04-16 13:03:09 #1 store] 
Database 'C:\Users\Usuario\git\Sprint_2\Sprint_2\resources\bets.temp' is opened by 10356@DESKTOP-00OS7EM

[2020-04-16 13:03:09 #2 store] 
Configuration path: ?

[2020-04-16 13:03:09 #3 type] 
Type domain.Event is not enhanced.

[2020-04-16 13:03:09 #4 type] 
Type domain.Question is not enhanced.

[2020-04-16 13:03:09 #5 type] 
Type domain.Competition is not enhanced.

[2020-04-16 13:03:09 #6 type] 
Type domain.Prediction is not enhanced.

[2020-04-16 13:03:09 #7 type] 
Type domain.User is not enhanced.

[2020-04-16 13:03:09 #8 type] 
Type domain.CreditCard is not enhanced.

[2020-04-16 13:03:09 #9 type] 
Type domain.Bet is not enhanced.

[2020-04-16 13:03:09 #10 type] 
Type domain.Profile is not enhanced.

[2020-04-16 13:03:12 #11 type] 
Type domain.Feedback is not enhanced.

------------------------------------------------------------------------------------------------------------------------

[2020-04-16 13:07:01 #1 store] 
Database 'C:\Users\Usuario\git\Sprint_2\Sprint_2\resources\bets.temp' is opened by 7032@DESKTOP-00OS7EM

[2020-04-16 13:07:01 #2 store] 
Configuration path: ?

[2020-04-16 13:07:01 #3 type] 
Type domain.Event is not enhanced.

[2020-04-16 13:07:01 #4 type] 
Type domain.Question is not enhanced.

[2020-04-16 13:07:01 #5 type] 
Type domain.Competition is not enhanced.

[2020-04-16 13:07:01 #6 type] 
Type domain.Prediction is not enhanced.

[2020-04-16 13:07:01 #7 type] 
Type domain.User is not enhanced.

[2020-04-16 13:07:01 #8 type] 
Type domain.CreditCard is not enhanced.

[2020-04-16 13:07:01 #9 type] 
Type domain.Bet is not enhanced.

[2020-04-16 13:07:01 #10 type] 
Type domain.Profile is not enhanced.

[2020-04-16 13:07:05 #11 type] 
Type domain.Feedback is not enhanced.

------------------------------------------------------------------------------------------------------------------------

[2020-04-16 13:09:10 #1 store] 
Database 'C:\Users\Usuario\git\Sprint_2\Sprint_2\resources\bets.temp' is opened by 5112@DESKTOP-00OS7EM

[2020-04-16 13:09:10 #2 store] 
Configuration path: ?

[2020-04-16 13:09:10 #3 type] 
Type domain.Event is not enhanced.

[2020-04-16 13:09:10 #4 type] 
Type domain.Question is not enhanced.

[2020-04-16 13:09:10 #5 type] 
Type domain.Competition is not enhanced.

[2020-04-16 13:09:10 #6 type] 
Type domain.Prediction is not enhanced.

[2020-04-16 13:09:10 #7 type] 
Type domain.User is not enhanced.

[2020-04-16 13:09:10 #8 type] 
Type domain.CreditCard is not enhanced.

[2020-04-16 13:09:10 #9 type] 
Type domain.Bet is not enhanced.

[2020-04-16 13:09:10 #10 type] 
Type domain.Profile is not enhanced.

[2020-04-16 13:09:14 #11 type] 
Type domain.Feedback is not enhanced.

------------------------------------------------------------------------------------------------------------------------

[2020-04-16 13:10:58 #1 store] 
Database 'C:\Users\Usuario\git\Sprint_2\Sprint_2\resources\bets.temp' is opened by 12128@DESKTOP-00OS7EM

[2020-04-16 13:10:58 #2 store] 
Configuration path: ?

[2020-04-16 13:10:58 #3 type] 
Type domain.Event is not enhanced.

[2020-04-16 13:10:58 #4 type] 
Type domain.Question is not enhanced.

[2020-04-16 13:10:58 #5 type] 
Type domain.Competition is not enhanced.

[2020-04-16 13:10:58 #6 type] 
Type domain.Prediction is not enhanced.

[2020-04-16 13:10:58 #7 type] 
Type domain.User is not enhanced.

[2020-04-16 13:10:58 #8 type] 
Type domain.CreditCard is not enhanced.

[2020-04-16 13:10:58 #9 type] 
Type domain.Bet is not enhanced.

[2020-04-16 13:10:58 #10 type] 
Type domain.Profile is not enhanced.

[2020-04-16 13:11:04 #11 type] 
Type domain.Feedback is not enhanced.

------------------------------------------------------------------------------------------------------------------------

[2020-04-16 13:12:53 #1 store] 
Database 'C:\Users\Usuario\git\Sprint_2\Sprint_2\resources\bets.temp' is opened by 1804@DESKTOP-00OS7EM

[2020-04-16 13:12:53 #2 store] 
Configuration path: ?

[2020-04-16 13:12:53 #3 type] 
Type domain.Event is not enhanced.

[2020-04-16 13:12:53 #4 type] 
Type domain.Question is not enhanced.

[2020-04-16 13:12:53 #5 type] 
Type domain.Competition is not enhanced.

[2020-04-16 13:12:53 #6 type] 
Type domain.Prediction is not enhanced.

[2020-04-16 13:12:53 #7 type] 
Type domain.User is not enhanced.

[2020-04-16 13:12:53 #8 type] 
Type domain.CreditCard is not enhanced.

[2020-04-16 13:12:53 #9 type] 
Type domain.Bet is not enhanced.

[2020-04-16 13:12:53 #10 type] 
Type domain.Profile is not enhanced.

[2020-04-16 13:12:56 #11 type] 
Type domain.Feedback is not enhanced.

------------------------------------------------------------------------------------------------------------------------

[2020-04-16 13:16:11 #1 store] 
Database 'C:\Users\Usuario\git\Sprint_2\Sprint_2\resources\bets.temp' is opened by 14136@DESKTOP-00OS7EM

[2020-04-16 13:16:11 #2 store] 
Configuration path: ?

[2020-04-16 13:16:12 #3 type] 
Type domain.Event is not enhanced.

[2020-04-16 13:16:12 #4 type] 
Type domain.Question is not enhanced.

[2020-04-16 13:16:12 #5 type] 
Type domain.Competition is not enhanced.

[2020-04-16 13:16:12 #6 type] 
Type domain.Prediction is not enhanced.

[2020-04-16 13:16:12 #7 type] 
Type domain.User is not enhanced.

[2020-04-16 13:16:12 #8 type] 
Type domain.CreditCard is not enhanced.

[2020-04-16 13:16:12 #9 type] 
Type domain.Bet is not enhanced.

[2020-04-16 13:16:12 #10 type] 
Type domain.Profile is not enhanced.

[2020-04-16 13:16:15 #11 type] 
Type domain.Feedback is not enhanced.

------------------------------------------------------------------------------------------------------------------------

[2020-04-16 13:16:30 #1 store] 
Database 'C:\Users\Usuario\git\Sprint_2\Sprint_2\resources\bets.temp' is opened by 13276@DESKTOP-00OS7EM

[2020-04-16 13:16:30 #2 store] 
Configuration path: ?

[2020-04-16 13:16:30 #3 type] 
Type domain.Event is not enhanced.

[2020-04-16 13:16:30 #4 type] 
Type domain.Question is not enhanced.

[2020-04-16 13:16:30 #5 type] 
Type domain.Competition is not enhanced.

[2020-04-16 13:16:30 #6 type] 
Type domain.Prediction is not enhanced.

[2020-04-16 13:16:30 #7 type] 
Type domain.User is not enhanced.

[2020-04-16 13:16:30 #8 type] 
Type domain.CreditCard is not enhanced.

[2020-04-16 13:16:30 #9 type] 
Type domain.Bet is not enhanced.

[2020-04-16 13:16:30 #10 type] 
Type domain.Profile is not enhanced.

[2020-04-16 13:16:33 #11 type] 
Type domain.Feedback is not enhanced.

------------------------------------------------------------------------------------------------------------------------

[2020-04-16 13:17:31 #1 store] 
Database 'C:\Users\Usuario\git\Sprint_2\Sprint_2\resources\bets.temp' is opened by 8700@DESKTOP-00OS7EM

[2020-04-16 13:17:31 #2 store] 
Configuration path: ?

[2020-04-16 13:17:31 #3 type] 
Type domain.Event is not enhanced.

[2020-04-16 13:17:31 #4 type] 
Type domain.Question is not enhanced.

[2020-04-16 13:17:31 #5 type] 
Type domain.Competition is not enhanced.

[2020-04-16 13:17:31 #6 type] 
Type domain.Prediction is not enhanced.

[2020-04-16 13:17:31 #7 type] 
Type domain.User is not enhanced.

[2020-04-16 13:17:31 #8 type] 
Type domain.CreditCard is not enhanced.

[2020-04-16 13:17:31 #9 type] 
Type domain.Bet is not enhanced.

[2020-04-16 13:17:31 #10 type] 
Type domain.Profile is not enhanced.

[2020-04-16 13:17:34 #11 type] 
Type domain.Feedback is not enhanced.

------------------------------------------------------------------------------------------------------------------------

[2020-04-16 13:22:57 #1 store] 
Database 'C:\Users\Usuario\git\Sprint_2\Sprint_2\resources\bets.temp' is opened by 3472@DESKTOP-00OS7EM

[2020-04-16 13:22:57 #2 store] 
Configuration path: ?

[2020-04-16 13:22:57 #3 type] 
Type domain.Event is not enhanced.

[2020-04-16 13:22:57 #4 type] 
Type domain.Question is not enhanced.

[2020-04-16 13:22:57 #5 type] 
Type domain.Competition is not enhanced.

[2020-04-16 13:22:57 #6 type] 
Type domain.Prediction is not enhanced.

[2020-04-16 13:22:57 #7 type] 
Type domain.User is not enhanced.

[2020-04-16 13:22:57 #8 type] 
Type domain.CreditCard is not enhanced.

[2020-04-16 13:22:57 #9 type] 
Type domain.Bet is not enhanced.

[2020-04-16 13:22:57 #10 type] 
Type domain.Profile is not enhanced.

[2020-04-16 13:23:00 #11 type] 
Type domain.Feedback is not enhanced.

------------------------------------------------------------------------------------------------------------------------

[2020-04-16 13:24:12 #1 store] 
Database 'C:\Users\Usuario\git\Sprint_2\Sprint_2\resources\bets.temp' is opened by 5676@DESKTOP-00OS7EM

[2020-04-16 13:24:12 #2 store] 
Configuration path: ?

[2020-04-16 13:24:13 #3 type] 
Type domain.Event is not enhanced.

[2020-04-16 13:24:13 #4 type] 
Type domain.Question is not enhanced.

[2020-04-16 13:24:13 #5 type] 
Type domain.Competition is not enhanced.

[2020-04-16 13:24:13 #6 type] 
Type domain.Prediction is not enhanced.

[2020-04-16 13:24:13 #7 type] 
Type domain.User is not enhanced.

[2020-04-16 13:24:13 #8 type] 
Type domain.CreditCard is not enhanced.

[2020-04-16 13:24:13 #9 type] 
Type domain.Bet is not enhanced.

[2020-04-16 13:24:13 #10 type] 
Type domain.Profile is not enhanced.

[2020-04-16 13:24:15 #11 type] 
Type domain.Feedback is not enhanced.

------------------------------------------------------------------------------------------------------------------------

[2020-04-16 13:28:06 #1 store] 
Database 'C:\Users\Usuario\git\Sprint_2\Sprint_2\resources\bets.temp' is opened by 6360@DESKTOP-00OS7EM

[2020-04-16 13:28:06 #2 store] 
Configuration path: ?

[2020-04-16 13:28:06 #3 type] 
Type domain.Event is not enhanced.

[2020-04-16 13:28:06 #4 type] 
Type domain.Question is not enhanced.

[2020-04-16 13:28:06 #5 type] 
Type domain.Competition is not enhanced.

[2020-04-16 13:28:06 #6 type] 
Type domain.Prediction is not enhanced.

[2020-04-16 13:28:06 #7 type] 
Type domain.User is not enhanced.

[2020-04-16 13:28:06 #8 type] 
Type domain.CreditCard is not enhanced.

[2020-04-16 13:28:06 #9 type] 
Type domain.Bet is not enhanced.

[2020-04-16 13:28:06 #10 type] 
Type domain.Profile is not enhanced.

[2020-04-16 13:28:09 #11 type] 
Type domain.Feedback is not enhanced.

------------------------------------------------------------------------------------------------------------------------

[2020-04-16 13:29:29 #1 store] 
Database 'C:\Users\Usuario\git\Sprint_2\Sprint_2\resources\bets.temp' is opened by 9012@DESKTOP-00OS7EM

[2020-04-16 13:29:29 #2 store] 
Configuration path: ?

[2020-04-16 13:29:29 #3 type] 
Type domain.Event is not enhanced.

[2020-04-16 13:29:29 #4 type] 
Type domain.Question is not enhanced.

[2020-04-16 13:29:29 #5 type] 
Type domain.Competition is not enhanced.

[2020-04-16 13:29:29 #6 type] 
Type domain.Prediction is not enhanced.

[2020-04-16 13:29:29 #7 type] 
Type domain.User is not enhanced.

[2020-04-16 13:29:29 #8 type] 
Type domain.CreditCard is not enhanced.

[2020-04-16 13:29:29 #9 type] 
Type domain.Bet is not enhanced.

[2020-04-16 13:29:29 #10 type] 
Type domain.Profile is not enhanced.

------------------------------------------------------------------------------------------------------------------------

[2020-04-16 13:29:46 #1 store] 
Database 'C:\Users\Usuario\git\Sprint_2\Sprint_2\resources\bets.temp' is opened by 2980@DESKTOP-00OS7EM

[2020-04-16 13:29:46 #2 store] 
Configuration path: ?

[2020-04-16 13:29:46 #3 type] 
Type domain.Event is not enhanced.

[2020-04-16 13:29:46 #4 type] 
Type domain.Question is not enhanced.

[2020-04-16 13:29:46 #5 type] 
Type domain.Competition is not enhanced.

[2020-04-16 13:29:46 #6 type] 
Type domain.Prediction is not enhanced.

[2020-04-16 13:29:46 #7 type] 
Type domain.User is not enhanced.

[2020-04-16 13:29:46 #8 type] 
Type domain.CreditCard is not enhanced.

[2020-04-16 13:29:46 #9 type] 
Type domain.Bet is not enhanced.

[2020-04-16 13:29:46 #10 type] 
Type domain.Profile is not enhanced.

[2020-04-16 13:29:50 #11 type] 
Type domain.Feedback is not enhanced.

------------------------------------------------------------------------------------------------------------------------

[2020-04-16 13:31:43 #1 store] 
Database 'C:\Users\Usuario\git\Sprint_2\Sprint_2\resources\bets.temp' is opened by 8316@DESKTOP-00OS7EM

[2020-04-16 13:31:43 #2 store] 
Configuration path: ?

[2020-04-16 13:31:43 #3 type] 
Type domain.Event is not enhanced.

[2020-04-16 13:31:43 #4 type] 
Type domain.Question is not enhanced.

[2020-04-16 13:31:43 #5 type] 
Type domain.Competition is not enhanced.

[2020-04-16 13:31:43 #6 type] 
Type domain.Prediction is not enhanced.

[2020-04-16 13:31:43 #7 type] 
Type domain.User is not enhanced.

[2020-04-16 13:31:43 #8 type] 
Type domain.CreditCard is not enhanced.

[2020-04-16 13:31:43 #9 type] 
Type domain.Bet is not enhanced.

[2020-04-16 13:31:43 #10 type] 
Type domain.Profile is not enhanced.

[2020-04-16 13:31:50 #11 type] 
Type domain.Feedback is not enhanced.

------------------------------------------------------------------------------------------------------------------------

[2020-04-16 13:32:23 #1 store] 
Database 'C:\Users\Usuario\git\Sprint_2\Sprint_2\resources\bets.temp' is opened by 9260@DESKTOP-00OS7EM

[2020-04-16 13:32:23 #2 store] 
Configuration path: ?

[2020-04-16 13:32:23 #3 type] 
Type domain.Event is not enhanced.

[2020-04-16 13:32:23 #4 type] 
Type domain.Question is not enhanced.

[2020-04-16 13:32:23 #5 type] 
Type domain.Competition is not enhanced.

[2020-04-16 13:32:23 #6 type] 
Type domain.Prediction is not enhanced.

[2020-04-16 13:32:23 #7 type] 
Type domain.User is not enhanced.

[2020-04-16 13:32:23 #8 type] 
Type domain.CreditCard is not enhanced.

[2020-04-16 13:32:23 #9 type] 
Type domain.Bet is not enhanced.

[2020-04-16 13:32:23 #10 type] 
Type domain.Profile is not enhanced.

[2020-04-16 13:32:26 #11 type] 
Type domain.Feedback is not enhanced.

------------------------------------------------------------------------------------------------------------------------

[2020-04-16 13:32:44 #1 store] 
Database 'C:\Users\Usuario\git\Sprint_2\Sprint_2\resources\bets.temp' is opened by 3432@DESKTOP-00OS7EM

[2020-04-16 13:32:44 #2 store] 
Configuration path: ?

[2020-04-16 13:32:44 #3 type] 
Type domain.Event is not enhanced.

[2020-04-16 13:32:44 #4 type] 
Type domain.Question is not enhanced.

[2020-04-16 13:32:44 #5 type] 
Type domain.Competition is not enhanced.

[2020-04-16 13:32:44 #6 type] 
Type domain.Prediction is not enhanced.

[2020-04-16 13:32:44 #7 type] 
Type domain.User is not enhanced.

[2020-04-16 13:32:44 #8 type] 
Type domain.CreditCard is not enhanced.

[2020-04-16 13:32:44 #9 type] 
Type domain.Bet is not enhanced.

[2020-04-16 13:32:44 #10 type] 
Type domain.Profile is not enhanced.

[2020-04-16 13:32:48 #11 type] 
Type domain.Feedback is not enhanced.

------------------------------------------------------------------------------------------------------------------------

[2020-04-16 13:45:30 #1 store] 
Database 'C:\Users\Usuario\git\Sprint_2\Sprint_2\resources\bets.temp' is opened by 9532@DESKTOP-00OS7EM

[2020-04-16 13:45:30 #2 store] 
Configuration path: ?

[2020-04-16 13:45:30 #3 type] 
Type domain.Event is not enhanced.

[2020-04-16 13:45:30 #4 type] 
Type domain.Question is not enhanced.

[2020-04-16 13:45:30 #5 type] 
Type domain.Competition is not enhanced.

[2020-04-16 13:45:30 #6 type] 
Type domain.Prediction is not enhanced.

[2020-04-16 13:45:30 #7 type] 
Type domain.User is not enhanced.

[2020-04-16 13:45:30 #8 type] 
Type domain.CreditCard is not enhanced.

[2020-04-16 13:45:30 #9 type] 
Type domain.Bet is not enhanced.

[2020-04-16 13:45:30 #10 type] 
Type domain.Profile is not enhanced.

[2020-04-16 13:45:33 #11 type] 
Type domain.Feedback is not enhanced.

