------------------------------------------------------------------------------------------------------------------------

[2020-04-12 00:00:00 #1 store] 
Database 'C:\Users\Usuario\git\Sprint_2\Sprint_2\resources\bets.temp' is opened by 13564@DESKTOP-00OS7EM

[2020-04-12 00:00:00 #2 store] 
Configuration path: ?

[2020-04-12 00:00:00 #3 type] 
Type domain.Event is not enhanced.

[2020-04-12 00:00:00 #4 type] 
Type domain.Question is not enhanced.

[2020-04-12 00:00:00 #5 type] 
Type domain.Competition is not enhanced.

[2020-04-12 00:00:00 #6 type] 
Type domain.Prediction is not enhanced.

[2020-04-12 00:00:00 #7 type] 
Type domain.User is not enhanced.

[2020-04-12 00:00:00 #8 type] 
Type domain.Bet is not enhanced.

[2020-04-12 00:00:00 #9 type] 
Type domain.Profile is not enhanced.

------------------------------------------------------------------------------------------------------------------------

[2020-04-12 00:00:54 #1 store] 
Database 'C:\Users\Usuario\git\Sprint_2\Sprint_2\resources\bets.temp' is opened by 22064@DESKTOP-00OS7EM

[2020-04-12 00:00:54 #2 store] 
Configuration path: ?

[2020-04-12 00:00:54 #3 type] 
Type domain.Event is not enhanced.

[2020-04-12 00:00:54 #4 type] 
Type domain.Question is not enhanced.

[2020-04-12 00:00:54 #5 type] 
Type domain.Competition is not enhanced.

[2020-04-12 00:00:54 #6 type] 
Type domain.Prediction is not enhanced.

[2020-04-12 00:00:54 #7 type] 
Type domain.User is not enhanced.

[2020-04-12 00:00:54 #8 type] 
Type domain.Bet is not enhanced.

[2020-04-12 00:00:54 #9 type] 
Type domain.Profile is not enhanced.

------------------------------------------------------------------------------------------------------------------------

[2020-04-12 00:02:12 #1 store] 
Database 'C:\Users\Usuario\git\Sprint_2\Sprint_2\resources\bets.temp' is opened by 18640@DESKTOP-00OS7EM

[2020-04-12 00:02:12 #2 store] 
Configuration path: ?

[2020-04-12 00:02:12 #3 type] 
Type domain.Event is not enhanced.

[2020-04-12 00:02:12 #4 type] 
Type domain.Question is not enhanced.

[2020-04-12 00:02:12 #5 type] 
Type domain.Competition is not enhanced.

[2020-04-12 00:02:12 #6 type] 
Type domain.Prediction is not enhanced.

[2020-04-12 00:02:12 #7 type] 
Type domain.User is not enhanced.

[2020-04-12 00:02:12 #8 type] 
Type domain.Bet is not enhanced.

[2020-04-12 00:02:12 #9 type] 
Type domain.Profile is not enhanced.

------------------------------------------------------------------------------------------------------------------------

[2020-04-12 00:04:54 #1 store] 
Database 'C:\Users\Usuario\git\Sprint_2\Sprint_2\resources\bets.temp' is opened by 21164@DESKTOP-00OS7EM

[2020-04-12 00:04:54 #2 store] 
Configuration path: ?

[2020-04-12 00:04:54 #3 type] 
Type domain.Event is not enhanced.

[2020-04-12 00:04:54 #4 type] 
Type domain.Question is not enhanced.

[2020-04-12 00:04:54 #5 type] 
Type domain.Competition is not enhanced.

[2020-04-12 00:04:54 #6 type] 
Type domain.Prediction is not enhanced.

[2020-04-12 00:04:54 #7 type] 
Type domain.User is not enhanced.

[2020-04-12 00:04:54 #8 type] 
Type domain.Bet is not enhanced.

[2020-04-12 00:04:54 #9 type] 
Type domain.Profile is not enhanced.

[2020-04-12 00:08:35 #10 type] 
Type domain.Feedback is not enhanced.

------------------------------------------------------------------------------------------------------------------------

[2020-04-12 00:22:36 #1 store] 
Database 'C:\Users\Usuario\git\Sprint_2\Sprint_2\resources\bets.temp' is opened by 100@DESKTOP-00OS7EM

[2020-04-12 00:22:36 #2 store] 
Configuration path: ?

[2020-04-12 00:22:36 #3 type] 
Type domain.Event is not enhanced.

[2020-04-12 00:22:36 #4 type] 
Type domain.Question is not enhanced.

[2020-04-12 00:22:36 #5 type] 
Type domain.Competition is not enhanced.

[2020-04-12 00:22:36 #6 type] 
Type domain.Prediction is not enhanced.

[2020-04-12 00:22:36 #7 type] 
Type domain.User is not enhanced.

[2020-04-12 00:22:36 #8 type] 
Type domain.Bet is not enhanced.

[2020-04-12 00:22:36 #9 type] 
Type domain.Profile is not enhanced.

[2020-04-12 00:22:42 #10 type] 
Type domain.Feedback is not enhanced.

------------------------------------------------------------------------------------------------------------------------

[2020-04-12 00:25:38 #1 store] 
Database 'C:\Users\Usuario\git\Sprint_2\Sprint_2\resources\bets.temp' is opened by 19640@DESKTOP-00OS7EM

[2020-04-12 00:25:38 #2 store] 
Configuration path: ?

[2020-04-12 00:25:39 #3 type] 
Type domain.Event is not enhanced.

[2020-04-12 00:25:39 #4 type] 
Type domain.Question is not enhanced.

[2020-04-12 00:25:39 #5 type] 
Type domain.Competition is not enhanced.

[2020-04-12 00:25:39 #6 type] 
Type domain.Prediction is not enhanced.

[2020-04-12 00:25:39 #7 type] 
Type domain.User is not enhanced.

[2020-04-12 00:25:39 #8 type] 
Type domain.Bet is not enhanced.

[2020-04-12 00:25:39 #9 type] 
Type domain.Profile is not enhanced.

[2020-04-12 00:25:44 #10 type] 
Type domain.Feedback is not enhanced.

------------------------------------------------------------------------------------------------------------------------

[2020-04-12 00:32:33 #1 store] 
Database 'C:\Users\Usuario\git\Sprint_2\Sprint_2\resources\bets.temp' is opened by 8352@DESKTOP-00OS7EM

[2020-04-12 00:32:33 #2 store] 
Configuration path: ?

[2020-04-12 00:32:33 #3 type] 
Type domain.Event is not enhanced.

[2020-04-12 00:32:34 #4 type] 
Type domain.Question is not enhanced.

[2020-04-12 00:32:34 #5 type] 
Type domain.Competition is not enhanced.

[2020-04-12 00:32:34 #6 type] 
Type domain.Prediction is not enhanced.

[2020-04-12 00:32:34 #7 type] 
Type domain.User is not enhanced.

[2020-04-12 00:32:34 #8 type] 
Type domain.Bet is not enhanced.

[2020-04-12 00:32:34 #9 type] 
Type domain.Profile is not enhanced.

[2020-04-12 00:32:39 #10 type] 
Type domain.Feedback is not enhanced.

------------------------------------------------------------------------------------------------------------------------

[2020-04-12 00:38:50 #1 store] 
Database 'C:\Users\Usuario\git\Sprint_2\Sprint_2\resources\bets.temp' is opened by 23264@DESKTOP-00OS7EM

[2020-04-12 00:38:50 #2 store] 
Configuration path: ?

[2020-04-12 00:38:50 #3 type] 
Type domain.Event is not enhanced.

[2020-04-12 00:38:50 #4 type] 
Type domain.Question is not enhanced.

[2020-04-12 00:38:50 #5 type] 
Type domain.Competition is not enhanced.

[2020-04-12 00:38:50 #6 type] 
Type domain.Prediction is not enhanced.

[2020-04-12 00:38:50 #7 type] 
Type domain.User is not enhanced.

[2020-04-12 00:38:50 #8 type] 
Type domain.Bet is not enhanced.

[2020-04-12 00:38:50 #9 type] 
Type domain.Profile is not enhanced.

[2020-04-12 00:38:53 #10 type] 
Type domain.Feedback is not enhanced.

------------------------------------------------------------------------------------------------------------------------

[2020-04-12 00:40:58 #1 store] 
Database 'C:\Users\Usuario\git\Sprint_2\Sprint_2\resources\bets.temp' is opened by 22968@DESKTOP-00OS7EM

[2020-04-12 00:40:58 #2 store] 
Configuration path: ?

[2020-04-12 00:40:58 #3 type] 
Type domain.Event is not enhanced.

[2020-04-12 00:40:58 #4 type] 
Type domain.Question is not enhanced.

[2020-04-12 00:40:58 #5 type] 
Type domain.Competition is not enhanced.

[2020-04-12 00:40:58 #6 type] 
Type domain.Prediction is not enhanced.

[2020-04-12 00:40:58 #7 type] 
Type domain.User is not enhanced.

[2020-04-12 00:40:58 #8 type] 
Type domain.Bet is not enhanced.

[2020-04-12 00:40:58 #9 type] 
Type domain.Profile is not enhanced.

[2020-04-12 00:41:15 #10 type] 
Type domain.Feedback is not enhanced.

------------------------------------------------------------------------------------------------------------------------

[2020-04-12 00:43:25 #1 store] 
Database 'C:\Users\Usuario\git\Sprint_2\Sprint_2\resources\bets.temp' is opened by 21688@DESKTOP-00OS7EM

[2020-04-12 00:43:25 #2 store] 
Configuration path: ?

[2020-04-12 00:43:26 #3 type] 
Type domain.Event is not enhanced.

[2020-04-12 00:43:26 #4 type] 
Type domain.Question is not enhanced.

[2020-04-12 00:43:26 #5 type] 
Type domain.Competition is not enhanced.

[2020-04-12 00:43:26 #6 type] 
Type domain.Prediction is not enhanced.

[2020-04-12 00:43:26 #7 type] 
Type domain.User is not enhanced.

[2020-04-12 00:43:26 #8 type] 
Type domain.Bet is not enhanced.

[2020-04-12 00:43:26 #9 type] 
Type domain.Profile is not enhanced.

------------------------------------------------------------------------------------------------------------------------

[2020-04-12 00:47:01 #1 store] 
Database 'C:\Users\Usuario\git\Sprint_2\Sprint_2\resources\bets.temp' is opened by 2104@DESKTOP-00OS7EM

[2020-04-12 00:47:01 #2 store] 
Configuration path: ?

[2020-04-12 00:47:01 #3 type] 
Type domain.Event is not enhanced.

[2020-04-12 00:47:01 #4 type] 
Type domain.Question is not enhanced.

[2020-04-12 00:47:01 #5 type] 
Type domain.Competition is not enhanced.

[2020-04-12 00:47:01 #6 type] 
Type domain.Prediction is not enhanced.

[2020-04-12 00:47:01 #7 type] 
Type domain.User is not enhanced.

[2020-04-12 00:47:01 #8 type] 
Type domain.Bet is not enhanced.

[2020-04-12 00:47:01 #9 type] 
Type domain.Profile is not enhanced.

[2020-04-12 00:47:07 #10 type] 
Type domain.Feedback is not enhanced.

------------------------------------------------------------------------------------------------------------------------

[2020-04-12 00:48:04 #1 store] 
Database 'C:\Users\Usuario\git\Sprint_2\Sprint_2\resources\bets.temp' is opened by 2688@DESKTOP-00OS7EM

[2020-04-12 00:48:04 #2 store] 
Configuration path: ?

[2020-04-12 00:48:04 #3 type] 
Type domain.Event is not enhanced.

[2020-04-12 00:48:04 #4 type] 
Type domain.Question is not enhanced.

[2020-04-12 00:48:04 #5 type] 
Type domain.Competition is not enhanced.

[2020-04-12 00:48:04 #6 type] 
Type domain.Prediction is not enhanced.

[2020-04-12 00:48:04 #7 type] 
Type domain.User is not enhanced.

[2020-04-12 00:48:04 #8 type] 
Type domain.Bet is not enhanced.

[2020-04-12 00:48:04 #9 type] 
Type domain.Profile is not enhanced.

[2020-04-12 00:48:08 #10 type] 
Type domain.Feedback is not enhanced.

------------------------------------------------------------------------------------------------------------------------

[2020-04-12 00:50:16 #1 store] 
Database 'C:\Users\Usuario\git\Sprint_2\Sprint_2\resources\bets.temp' is opened by 9680@DESKTOP-00OS7EM

[2020-04-12 00:50:16 #2 store] 
Configuration path: ?

[2020-04-12 00:50:16 #3 type] 
Type domain.Event is not enhanced.

[2020-04-12 00:50:16 #4 type] 
Type domain.Question is not enhanced.

[2020-04-12 00:50:16 #5 type] 
Type domain.Competition is not enhanced.

[2020-04-12 00:50:16 #6 type] 
Type domain.Prediction is not enhanced.

[2020-04-12 00:50:16 #7 type] 
Type domain.User is not enhanced.

[2020-04-12 00:50:16 #8 type] 
Type domain.Bet is not enhanced.

[2020-04-12 00:50:16 #9 type] 
Type domain.Profile is not enhanced.

[2020-04-12 00:50:21 #10 type] 
Type domain.Feedback is not enhanced.

------------------------------------------------------------------------------------------------------------------------

[2020-04-12 00:53:55 #1 store] 
Database 'C:\Users\Usuario\git\Sprint_2\Sprint_2\resources\bets.temp' is opened by 12868@DESKTOP-00OS7EM

[2020-04-12 00:53:55 #2 store] 
Configuration path: ?

[2020-04-12 00:53:55 #3 type] 
Type domain.Event is not enhanced.

[2020-04-12 00:53:55 #4 type] 
Type domain.Question is not enhanced.

[2020-04-12 00:53:55 #5 type] 
Type domain.Competition is not enhanced.

[2020-04-12 00:53:55 #6 type] 
Type domain.Prediction is not enhanced.

[2020-04-12 00:53:55 #7 type] 
Type domain.User is not enhanced.

[2020-04-12 00:53:55 #8 type] 
Type domain.Bet is not enhanced.

[2020-04-12 00:53:55 #9 type] 
Type domain.Profile is not enhanced.

[2020-04-12 00:53:58 #10 type] 
Type domain.Feedback is not enhanced.

------------------------------------------------------------------------------------------------------------------------

[2020-04-12 00:55:46 #1 store] 
Database 'C:\Users\Usuario\git\Sprint_2\Sprint_2\resources\bets.temp' is opened by 13736@DESKTOP-00OS7EM

[2020-04-12 00:55:46 #2 store] 
Configuration path: ?

[2020-04-12 00:55:46 #3 type] 
Type domain.Event is not enhanced.

[2020-04-12 00:55:46 #4 type] 
Type domain.Question is not enhanced.

[2020-04-12 00:55:46 #5 type] 
Type domain.Competition is not enhanced.

[2020-04-12 00:55:46 #6 type] 
Type domain.Prediction is not enhanced.

[2020-04-12 00:55:46 #7 type] 
Type domain.User is not enhanced.

[2020-04-12 00:55:46 #8 type] 
Type domain.Bet is not enhanced.

[2020-04-12 00:55:46 #9 type] 
Type domain.Profile is not enhanced.

[2020-04-12 00:55:52 #10 type] 
Type domain.Feedback is not enhanced.

------------------------------------------------------------------------------------------------------------------------

[2020-04-12 00:58:39 #1 store] 
Database 'C:\Users\Usuario\git\Sprint_2\Sprint_2\resources\bets.temp' is opened by 20396@DESKTOP-00OS7EM

[2020-04-12 00:58:39 #2 store] 
Configuration path: ?

[2020-04-12 00:58:39 #3 type] 
Type domain.Event is not enhanced.

[2020-04-12 00:58:39 #4 type] 
Type domain.Question is not enhanced.

[2020-04-12 00:58:39 #5 type] 
Type domain.Competition is not enhanced.

[2020-04-12 00:58:40 #6 type] 
Type domain.Prediction is not enhanced.

[2020-04-12 00:58:40 #7 type] 
Type domain.User is not enhanced.

[2020-04-12 00:58:40 #8 type] 
Type domain.Bet is not enhanced.

[2020-04-12 00:58:40 #9 type] 
Type domain.Profile is not enhanced.

[2020-04-12 00:58:43 #10 type] 
Type domain.Feedback is not enhanced.

------------------------------------------------------------------------------------------------------------------------

[2020-04-12 00:59:06 #1 store] 
Database 'C:\Users\Usuario\git\Sprint_2\Sprint_2\resources\bets.temp' is opened by 18896@DESKTOP-00OS7EM

[2020-04-12 00:59:06 #2 store] 
Configuration path: ?

[2020-04-12 00:59:06 #3 type] 
Type domain.Event is not enhanced.

[2020-04-12 00:59:06 #4 type] 
Type domain.Question is not enhanced.

[2020-04-12 00:59:06 #5 type] 
Type domain.Competition is not enhanced.

[2020-04-12 00:59:06 #6 type] 
Type domain.Prediction is not enhanced.

[2020-04-12 00:59:06 #7 type] 
Type domain.User is not enhanced.

[2020-04-12 00:59:06 #8 type] 
Type domain.Bet is not enhanced.

[2020-04-12 00:59:06 #9 type] 
Type domain.Profile is not enhanced.

[2020-04-12 00:59:10 #10 type] 
Type domain.Feedback is not enhanced.

------------------------------------------------------------------------------------------------------------------------

[2020-04-12 00:59:55 #1 store] 
Database 'C:\Users\Usuario\git\Sprint_2\Sprint_2\resources\bets.temp' is opened by 18188@DESKTOP-00OS7EM

[2020-04-12 00:59:55 #2 store] 
Configuration path: ?

[2020-04-12 00:59:55 #3 type] 
Type domain.Event is not enhanced.

[2020-04-12 00:59:55 #4 type] 
Type domain.Question is not enhanced.

[2020-04-12 00:59:55 #5 type] 
Type domain.Competition is not enhanced.

[2020-04-12 00:59:55 #6 type] 
Type domain.Prediction is not enhanced.

[2020-04-12 00:59:55 #7 type] 
Type domain.User is not enhanced.

[2020-04-12 00:59:55 #8 type] 
Type domain.Bet is not enhanced.

[2020-04-12 00:59:55 #9 type] 
Type domain.Profile is not enhanced.

[2020-04-12 01:00:00 #10 type] 
Type domain.Feedback is not enhanced.

------------------------------------------------------------------------------------------------------------------------

[2020-04-12 01:04:17 #1 store] 
Database 'C:\Users\Usuario\git\Sprint_2\Sprint_2\resources\bets.temp' is opened by 22024@DESKTOP-00OS7EM

[2020-04-12 01:04:17 #2 store] 
Configuration path: ?

[2020-04-12 01:04:17 #3 type] 
Type domain.Event is not enhanced.

[2020-04-12 01:04:17 #4 type] 
Type domain.Question is not enhanced.

[2020-04-12 01:04:17 #5 type] 
Type domain.Competition is not enhanced.

[2020-04-12 01:04:17 #6 type] 
Type domain.Prediction is not enhanced.

[2020-04-12 01:04:17 #7 type] 
Type domain.User is not enhanced.

[2020-04-12 01:04:17 #8 type] 
Type domain.Bet is not enhanced.

[2020-04-12 01:04:17 #9 type] 
Type domain.Profile is not enhanced.

[2020-04-12 01:04:22 #10 type] 
Type domain.Feedback is not enhanced.

------------------------------------------------------------------------------------------------------------------------

[2020-04-12 01:05:32 #1 store] 
Database 'C:\Users\Usuario\git\Sprint_2\Sprint_2\resources\bets.temp' is opened by 17960@DESKTOP-00OS7EM

[2020-04-12 01:05:32 #2 store] 
Configuration path: ?

[2020-04-12 01:05:33 #3 type] 
Type domain.Event is not enhanced.

[2020-04-12 01:05:33 #4 type] 
Type domain.Question is not enhanced.

[2020-04-12 01:05:33 #5 type] 
Type domain.Competition is not enhanced.

[2020-04-12 01:05:33 #6 type] 
Type domain.Prediction is not enhanced.

[2020-04-12 01:05:33 #7 type] 
Type domain.User is not enhanced.

[2020-04-12 01:05:33 #8 type] 
Type domain.Bet is not enhanced.

[2020-04-12 01:05:33 #9 type] 
Type domain.Profile is not enhanced.

[2020-04-12 01:05:37 #10 type] 
Type domain.Feedback is not enhanced.

------------------------------------------------------------------------------------------------------------------------

[2020-04-12 01:10:09 #1 store] 
Database 'C:\Users\Usuario\git\Sprint_2\Sprint_2\resources\bets.temp' is opened by 17664@DESKTOP-00OS7EM

[2020-04-12 01:10:09 #2 store] 
Configuration path: ?

[2020-04-12 01:10:09 #3 type] 
Type domain.Event is not enhanced.

[2020-04-12 01:10:09 #4 type] 
Type domain.Question is not enhanced.

[2020-04-12 01:10:09 #5 type] 
Type domain.Competition is not enhanced.

[2020-04-12 01:10:09 #6 type] 
Type domain.Prediction is not enhanced.

[2020-04-12 01:10:09 #7 type] 
Type domain.User is not enhanced.

[2020-04-12 01:10:09 #8 type] 
Type domain.Bet is not enhanced.

[2020-04-12 01:10:09 #9 type] 
Type domain.Profile is not enhanced.

[2020-04-12 01:10:17 #10 type] 
Type domain.Feedback is not enhanced.

------------------------------------------------------------------------------------------------------------------------

[2020-04-12 01:17:22 #1 store] 
Database 'C:\Users\Usuario\git\Sprint_2\Sprint_2\resources\bets.temp' is opened by 9304@DESKTOP-00OS7EM

[2020-04-12 01:17:22 #2 store] 
Configuration path: ?

[2020-04-12 01:17:22 #3 type] 
Type domain.Event is not enhanced.

[2020-04-12 01:17:22 #4 type] 
Type domain.Question is not enhanced.

[2020-04-12 01:17:22 #5 type] 
Type domain.Competition is not enhanced.

[2020-04-12 01:17:22 #6 type] 
Type domain.Prediction is not enhanced.

[2020-04-12 01:17:22 #7 type] 
Type domain.User is not enhanced.

[2020-04-12 01:17:22 #8 type] 
Type domain.Bet is not enhanced.

[2020-04-12 01:17:22 #9 type] 
Type domain.Profile is not enhanced.

[2020-04-12 01:17:26 #10 type] 
Type domain.Feedback is not enhanced.

------------------------------------------------------------------------------------------------------------------------

[2020-04-12 01:18:58 #1 store] 
Database 'C:\Users\Usuario\git\Sprint_2\Sprint_2\resources\bets.temp' is opened by 8044@DESKTOP-00OS7EM

[2020-04-12 01:18:58 #2 store] 
Configuration path: ?

[2020-04-12 01:18:58 #3 type] 
Type domain.Event is not enhanced.

[2020-04-12 01:18:58 #4 type] 
Type domain.Question is not enhanced.

[2020-04-12 01:18:58 #5 type] 
Type domain.Competition is not enhanced.

[2020-04-12 01:18:58 #6 type] 
Type domain.Prediction is not enhanced.

[2020-04-12 01:18:58 #7 type] 
Type domain.User is not enhanced.

[2020-04-12 01:18:58 #8 type] 
Type domain.Bet is not enhanced.

[2020-04-12 01:18:58 #9 type] 
Type domain.Profile is not enhanced.

[2020-04-12 01:19:02 #10 type] 
Type domain.Feedback is not enhanced.

------------------------------------------------------------------------------------------------------------------------

[2020-04-12 01:20:44 #1 store] 
Database 'C:\Users\Usuario\git\Sprint_2\Sprint_2\resources\bets.temp' is opened by 6204@DESKTOP-00OS7EM

[2020-04-12 01:20:44 #2 store] 
Configuration path: ?

[2020-04-12 01:20:44 #3 type] 
Type domain.Event is not enhanced.

[2020-04-12 01:20:44 #4 type] 
Type domain.Question is not enhanced.

[2020-04-12 01:20:44 #5 type] 
Type domain.Competition is not enhanced.

[2020-04-12 01:20:44 #6 type] 
Type domain.Prediction is not enhanced.

[2020-04-12 01:20:44 #7 type] 
Type domain.User is not enhanced.

[2020-04-12 01:20:44 #8 type] 
Type domain.Bet is not enhanced.

[2020-04-12 01:20:44 #9 type] 
Type domain.Profile is not enhanced.

[2020-04-12 01:20:51 #10 type] 
Type domain.Feedback is not enhanced.

------------------------------------------------------------------------------------------------------------------------

[2020-04-12 11:44:43 #1 store] 
Database 'C:\Users\Usuario\git\Sprint_2\Sprint_2\resources\bets.temp' is opened by 516@DESKTOP-00OS7EM

[2020-04-12 11:44:43 #2 store] 
Configuration path: ?

[2020-04-12 11:44:43 #3 type] 
Type domain.Event is not enhanced.

[2020-04-12 11:44:43 #4 type] 
Type domain.Question is not enhanced.

[2020-04-12 11:44:43 #5 type] 
Type domain.Competition is not enhanced.

[2020-04-12 11:44:43 #6 type] 
Type domain.Prediction is not enhanced.

[2020-04-12 11:44:43 #7 type] 
Type domain.User is not enhanced.

[2020-04-12 11:44:43 #8 type] 
Type domain.Bet is not enhanced.

[2020-04-12 11:44:43 #9 type] 
Type domain.Profile is not enhanced.

[2020-04-12 11:44:48 #10 type] 
Type domain.Feedback is not enhanced.

------------------------------------------------------------------------------------------------------------------------

[2020-04-12 11:49:18 #1 store] 
Database 'C:\Users\Usuario\git\Sprint_2\Sprint_2\resources\bets.temp' is opened by 22004@DESKTOP-00OS7EM

[2020-04-12 11:49:18 #2 store] 
Configuration path: ?

[2020-04-12 11:49:18 #3 type] 
Type domain.Event is not enhanced.

[2020-04-12 11:49:18 #4 type] 
Type domain.Question is not enhanced.

[2020-04-12 11:49:18 #5 type] 
Type domain.Competition is not enhanced.

[2020-04-12 11:49:18 #6 type] 
Type domain.Prediction is not enhanced.

[2020-04-12 11:49:18 #7 type] 
Type domain.User is not enhanced.

[2020-04-12 11:49:18 #8 type] 
Type domain.Bet is not enhanced.

[2020-04-12 11:49:18 #9 type] 
Type domain.Profile is not enhanced.

[2020-04-12 11:49:22 #10 type] 
Type domain.Feedback is not enhanced.

------------------------------------------------------------------------------------------------------------------------

[2020-04-12 13:49:23 #1 store] 
Database 'C:\Users\Usuario\git\Sprint_2\Sprint_2\resources\bets.temp' is opened by 8004@DESKTOP-00OS7EM

[2020-04-12 13:49:23 #2 store] 
Configuration path: ?

[2020-04-12 13:49:24 #3 type] 
Type domain.Event is not enhanced.

[2020-04-12 13:49:24 #4 type] 
Type domain.Question is not enhanced.

[2020-04-12 13:49:24 #5 type] 
Type domain.Competition is not enhanced.

[2020-04-12 13:49:24 #6 type] 
Type domain.Prediction is not enhanced.

[2020-04-12 13:49:24 #7 type] 
Type domain.User is not enhanced.

[2020-04-12 13:49:24 #8 type] 
Type domain.Bet is not enhanced.

[2020-04-12 13:49:24 #9 type] 
Type domain.Profile is not enhanced.

[2020-04-12 13:52:49 #10 type] 
Type domain.Feedback is not enhanced.

------------------------------------------------------------------------------------------------------------------------

[2020-04-12 13:56:39 #1 store] 
Database 'C:\Users\Usuario\git\Sprint_2\Sprint_2\resources\bets.temp' is opened by 1828@DESKTOP-00OS7EM

[2020-04-12 13:56:39 #2 store] 
Configuration path: ?

[2020-04-12 13:56:39 #3 type] 
Type domain.Event is not enhanced.

[2020-04-12 13:56:39 #4 type] 
Type domain.Question is not enhanced.

[2020-04-12 13:56:39 #5 type] 
Type domain.Competition is not enhanced.

[2020-04-12 13:56:39 #6 type] 
Type domain.Prediction is not enhanced.

[2020-04-12 13:56:39 #7 type] 
Type domain.User is not enhanced.

[2020-04-12 13:56:39 #8 type] 
Type domain.Bet is not enhanced.

[2020-04-12 13:56:39 #9 type] 
Type domain.Profile is not enhanced.

[2020-04-12 14:12:51 #10 type] 
Type domain.Feedback is not enhanced.

------------------------------------------------------------------------------------------------------------------------

[2020-04-12 14:33:04 #1 store] 
Database 'C:\Users\Usuario\git\Sprint_2\Sprint_2\resources\bets.temp' is opened by 4624@DESKTOP-00OS7EM

[2020-04-12 14:33:04 #2 store] 
Configuration path: ?

[2020-04-12 14:33:05 #3 type] 
Type domain.Event is not enhanced.

[2020-04-12 14:33:05 #4 type] 
Type domain.Question is not enhanced.

[2020-04-12 14:33:05 #5 type] 
Type domain.Competition is not enhanced.

[2020-04-12 14:33:05 #6 type] 
Type domain.Prediction is not enhanced.

[2020-04-12 14:33:05 #7 type] 
Type domain.User is not enhanced.

[2020-04-12 14:33:05 #8 type] 
Type domain.Bet is not enhanced.

[2020-04-12 14:33:05 #9 type] 
Type domain.Profile is not enhanced.

[2020-04-12 14:36:17 #10 type] 
Type domain.Feedback is not enhanced.

------------------------------------------------------------------------------------------------------------------------

[2020-04-12 14:59:01 #1 store] 
Database 'C:\Users\Usuario\git\Sprint_2\Sprint_2\resources\bets.temp' is opened by 5640@DESKTOP-00OS7EM

[2020-04-12 14:59:01 #2 store] 
Configuration path: ?

[2020-04-12 14:59:01 #3 type] 
Type domain.Event is not enhanced.

[2020-04-12 14:59:01 #4 type] 
Type domain.Question is not enhanced.

[2020-04-12 14:59:01 #5 type] 
Type domain.Competition is not enhanced.

[2020-04-12 14:59:01 #6 type] 
Type domain.Prediction is not enhanced.

[2020-04-12 14:59:01 #7 type] 
Type domain.User is not enhanced.

[2020-04-12 14:59:01 #8 type] 
Type domain.Bet is not enhanced.

[2020-04-12 14:59:01 #9 type] 
Type domain.Profile is not enhanced.

[2020-04-12 15:09:50 #10 type] 
Type domain.Feedback is not enhanced.

------------------------------------------------------------------------------------------------------------------------

[2020-04-12 15:10:51 #1 store] 
Database 'C:\Users\Usuario\git\Sprint_2\Sprint_2\resources\bets.temp' is opened by 8656@DESKTOP-00OS7EM

[2020-04-12 15:10:51 #2 store] 
Configuration path: ?

[2020-04-12 15:10:51 #3 type] 
Type domain.Event is not enhanced.

[2020-04-12 15:10:51 #4 type] 
Type domain.Question is not enhanced.

[2020-04-12 15:10:51 #5 type] 
Type domain.Competition is not enhanced.

[2020-04-12 15:10:51 #6 type] 
Type domain.Prediction is not enhanced.

[2020-04-12 15:10:51 #7 type] 
Type domain.User is not enhanced.

[2020-04-12 15:10:51 #8 type] 
Type domain.Bet is not enhanced.

[2020-04-12 15:10:51 #9 type] 
Type domain.Profile is not enhanced.

[2020-04-12 15:14:27 #10 type] 
Type domain.Feedback is not enhanced.

------------------------------------------------------------------------------------------------------------------------

[2020-04-12 15:21:03 #1 store] 
Database 'C:\Users\Usuario\git\Sprint_2\Sprint_2\resources\bets.temp' is opened by 16520@DESKTOP-00OS7EM

[2020-04-12 15:21:03 #2 store] 
Configuration path: ?

[2020-04-12 15:21:03 #3 type] 
Type domain.Event is not enhanced.

[2020-04-12 15:21:03 #4 type] 
Type domain.Question is not enhanced.

[2020-04-12 15:21:03 #5 type] 
Type domain.Competition is not enhanced.

[2020-04-12 15:21:03 #6 type] 
Type domain.Prediction is not enhanced.

[2020-04-12 15:21:03 #7 type] 
Type domain.User is not enhanced.

[2020-04-12 15:21:03 #8 type] 
Type domain.Bet is not enhanced.

[2020-04-12 15:21:03 #9 type] 
Type domain.Profile is not enhanced.

[2020-04-12 15:27:24 #10 type] 
Type domain.Feedback is not enhanced.

------------------------------------------------------------------------------------------------------------------------

[2020-04-12 15:34:46 #1 store] 
Database 'C:\Users\Usuario\git\Sprint_2\Sprint_2\resources\bets.temp' is opened by 23512@DESKTOP-00OS7EM

[2020-04-12 15:34:46 #2 store] 
Configuration path: ?

[2020-04-12 15:34:46 #3 type] 
Type domain.Event is not enhanced.

[2020-04-12 15:34:46 #4 type] 
Type domain.Question is not enhanced.

[2020-04-12 15:34:46 #5 type] 
Type domain.Competition is not enhanced.

[2020-04-12 15:34:46 #6 type] 
Type domain.Prediction is not enhanced.

[2020-04-12 15:34:46 #7 type] 
Type domain.User is not enhanced.

[2020-04-12 15:34:46 #8 type] 
Type domain.Bet is not enhanced.

[2020-04-12 15:34:46 #9 type] 
Type domain.Profile is not enhanced.

------------------------------------------------------------------------------------------------------------------------

[2020-04-12 15:37:05 #1 store] 
Database 'C:\Users\Usuario\git\Sprint_2\Sprint_2\resources\bets.temp' is opened by 21112@DESKTOP-00OS7EM

[2020-04-12 15:37:05 #2 store] 
Configuration path: ?

[2020-04-12 15:37:05 #3 type] 
Type domain.Event is not enhanced.

[2020-04-12 15:37:05 #4 type] 
Type domain.Question is not enhanced.

[2020-04-12 15:37:05 #5 type] 
Type domain.Competition is not enhanced.

[2020-04-12 15:37:06 #6 type] 
Type domain.Prediction is not enhanced.

[2020-04-12 15:37:06 #7 type] 
Type domain.User is not enhanced.

[2020-04-12 15:37:06 #8 type] 
Type domain.Bet is not enhanced.

[2020-04-12 15:37:06 #9 type] 
Type domain.Profile is not enhanced.

[2020-04-12 15:46:23 #10 type] 
Type domain.Feedback is not enhanced.

------------------------------------------------------------------------------------------------------------------------

[2020-04-12 15:47:41 #1 store] 
Database 'C:\Users\Usuario\git\Sprint_2\Sprint_2\resources\bets.temp' is opened by 10772@DESKTOP-00OS7EM

[2020-04-12 15:47:41 #2 store] 
Configuration path: ?

[2020-04-12 15:47:41 #3 type] 
Type domain.Event is not enhanced.

[2020-04-12 15:47:41 #4 type] 
Type domain.Question is not enhanced.

[2020-04-12 15:47:41 #5 type] 
Type domain.Competition is not enhanced.

[2020-04-12 15:47:41 #6 type] 
Type domain.Prediction is not enhanced.

[2020-04-12 15:47:41 #7 type] 
Type domain.User is not enhanced.

[2020-04-12 15:47:41 #8 type] 
Type domain.Bet is not enhanced.

[2020-04-12 15:47:41 #9 type] 
Type domain.Profile is not enhanced.

[2020-04-12 15:50:52 #10 type] 
Type domain.Feedback is not enhanced.

