------------------------------------------------------------------------------------------------------------------------

[2020-05-11 14:19:31 #1 server] 
Server on port 6136 has started by 8104@DESKTOP-00OS7EM

[2020-05-11 14:19:33 #2 store] 
Database 'C:\Users\Usuario\git\BetAndRuin\BetAndRuin\resources\db\resources\bets.temp' is opened by 8104@DESKTOP-00OS7EM

[2020-05-11 14:19:33 #3 store] 
Configuration path: ?

[2020-05-11 14:19:33 #4 type] 
Type domain.Event is not enhanced.

[2020-05-11 14:19:33 #5 type] 
Type domain.Question is not enhanced.

[2020-05-11 14:19:33 #6 type] 
Type domain.Competition is not enhanced.

[2020-05-11 14:19:33 #7 type] 
Type domain.Prediction is not enhanced.

[2020-05-11 14:19:33 #8 type] 
Type domain.User is not enhanced.

[2020-05-11 14:19:33 #9 type] 
Type domain.CreditCard is not enhanced.

[2020-05-11 14:19:33 #10 type] 
Type domain.Bet is not enhanced.

[2020-05-11 14:19:33 #11 type] 
Type domain.Profile is not enhanced.

[2020-05-11 14:19:42 #12 type] 
Type domain.FeedbackRecord is not enhanced.

[2020-05-11 14:19:42 #13 type] 
Type domain.Feedback is not enhanced.

[2020-05-11 15:07:37 #14 store] 
Database 'C:\Users\Usuario\git\BetAndRuin\BetAndRuin\resources\db\resources\bets.temp' is closed by 8104@DESKTOP-00OS7EM

[2020-05-11 17:29:05 #15 server] 
Server on port 6136 has stopped by 8104@DESKTOP-00OS7EM

------------------------------------------------------------------------------------------------------------------------

[2020-05-11 17:37:36 #1 server] 
Server on port 6136 has started by 7856@DESKTOP-00OS7EM

[2020-05-11 17:37:39 #2 store] 
Database 'C:\Users\Usuario\git\BetAndRuin\BetAndRuin\resources\db\resources\bets.temp' is opened by 7856@DESKTOP-00OS7EM

[2020-05-11 17:37:39 #3 store] 
Configuration path: ?

[2020-05-11 17:37:39 #4 type] 
Type domain.Event is not enhanced.

[2020-05-11 17:37:39 #5 type] 
Type domain.Question is not enhanced.

[2020-05-11 17:37:39 #6 type] 
Type domain.Competition is not enhanced.

[2020-05-11 17:37:39 #7 type] 
Type domain.Prediction is not enhanced.

[2020-05-11 17:37:39 #8 type] 
Type domain.User is not enhanced.

[2020-05-11 17:37:39 #9 type] 
Type domain.CreditCard is not enhanced.

[2020-05-11 17:37:39 #10 type] 
Type domain.Bet is not enhanced.

[2020-05-11 17:37:39 #11 type] 
Type domain.Profile is not enhanced.

[2020-05-11 17:39:17 #12 type] 
Type domain.FeedbackRecord is not enhanced.

[2020-05-11 17:39:17 #13 type] 
Type domain.Feedback is not enhanced.

[2020-05-11 18:00:25 #14 store] 
Database 'C:\Users\Usuario\git\BetAndRuin\BetAndRuin\resources\db\resources\bets.temp' is closed by 7856@DESKTOP-00OS7EM

[2020-05-11 18:00:35 #15 store] 
Database 'C:\Users\Usuario\git\BetAndRuin\BetAndRuin\resources\db\resources\bets.temp' is opened by 7856@DESKTOP-00OS7EM

[2020-05-11 18:00:35 #16 store] 
Configuration path: ?

[2020-05-11 18:01:35 #17 store] 
Database 'C:\Users\Usuario\git\BetAndRuin\BetAndRuin\resources\db\resources\bets.temp' is closed by 7856@DESKTOP-00OS7EM

[2020-05-11 18:01:35 #18 server] 
Server on port 6136 has stopped by 7856@DESKTOP-00OS7EM

------------------------------------------------------------------------------------------------------------------------

[2020-05-11 18:40:28 #1 server] 
Server on port 6136 has started by 10236@DESKTOP-00OS7EM

[2020-05-11 18:40:31 #2 store] 
Database 'C:\Users\Usuario\git\BetAndRuin\BetAndRuin\resources\db\resources\bets.temp' is opened by 10236@DESKTOP-00OS7EM

[2020-05-11 18:40:31 #3 store] 
Configuration path: ?

[2020-05-11 18:40:31 #4 type] 
Type domain.Event is not enhanced.

[2020-05-11 18:40:31 #5 type] 
Type domain.Question is not enhanced.

[2020-05-11 18:40:31 #6 type] 
Type domain.Competition is not enhanced.

[2020-05-11 18:40:31 #7 type] 
Type domain.Prediction is not enhanced.

[2020-05-11 18:40:31 #8 type] 
Type domain.User is not enhanced.

[2020-05-11 18:40:31 #9 type] 
Type domain.CreditCard is not enhanced.

[2020-05-11 18:40:31 #10 type] 
Type domain.Bet is not enhanced.

[2020-05-11 18:40:31 #11 type] 
Type domain.Profile is not enhanced.

[2020-05-11 18:42:44 #12 type] 
Type domain.FeedbackRecord is not enhanced.

[2020-05-11 18:42:44 #13 type] 
Type domain.Feedback is not enhanced.

[2020-05-11 18:51:06 #14 store] 
Database 'C:\Users\Usuario\git\BetAndRuin\BetAndRuin\resources\db\resources\bets.temp' is closed by 10236@DESKTOP-00OS7EM

[2020-05-11 18:51:30 #15 store] 
Database 'C:\Users\Usuario\git\BetAndRuin\BetAndRuin\resources\db\resources\bets.temp' is opened by 10236@DESKTOP-00OS7EM

[2020-05-11 18:51:30 #16 store] 
Configuration path: ?

------------------------------------------------------------------------------------------------------------------------

[2020-05-11 18:59:21 #1 server] 
Server on port 6136 has started by 1708@DESKTOP-00OS7EM

[2020-05-11 18:59:24 #2 store] 
Database 'C:\Users\Usuario\git\BetAndRuin\BetAndRuin\resources\db\resources\bets.temp' is opened by 1708@DESKTOP-00OS7EM

[2020-05-11 18:59:24 #3 store] 
Configuration path: ?

[2020-05-11 18:59:24 #4 type] 
Type domain.Event is not enhanced.

[2020-05-11 18:59:24 #5 type] 
Type domain.Question is not enhanced.

[2020-05-11 18:59:24 #6 type] 
Type domain.Competition is not enhanced.

[2020-05-11 18:59:24 #7 type] 
Type domain.Prediction is not enhanced.

[2020-05-11 18:59:24 #8 type] 
Type domain.User is not enhanced.

[2020-05-11 18:59:24 #9 type] 
Type domain.CreditCard is not enhanced.

[2020-05-11 18:59:24 #10 type] 
Type domain.Bet is not enhanced.

[2020-05-11 18:59:24 #11 type] 
Type domain.Profile is not enhanced.

[2020-05-11 18:59:36 #12 type] 
Type domain.FeedbackRecord is not enhanced.

[2020-05-11 18:59:36 #13 type] 
Type domain.Feedback is not enhanced.

------------------------------------------------------------------------------------------------------------------------

[2020-05-11 19:01:01 #1 server] 
Server on port 6136 has started by 9636@DESKTOP-00OS7EM

[2020-05-11 19:01:03 #2 store] 
Database 'C:\Users\Usuario\git\BetAndRuin\BetAndRuin\resources\db\resources\bets.temp' is opened by 9636@DESKTOP-00OS7EM

[2020-05-11 19:01:03 #3 store] 
Configuration path: ?

[2020-05-11 19:01:03 #4 type] 
Type domain.Event is not enhanced.

[2020-05-11 19:01:03 #5 type] 
Type domain.Question is not enhanced.

[2020-05-11 19:01:03 #6 type] 
Type domain.Competition is not enhanced.

[2020-05-11 19:01:03 #7 type] 
Type domain.Prediction is not enhanced.

[2020-05-11 19:01:03 #8 type] 
Type domain.User is not enhanced.

[2020-05-11 19:01:03 #9 type] 
Type domain.CreditCard is not enhanced.

[2020-05-11 19:01:03 #10 type] 
Type domain.Bet is not enhanced.

[2020-05-11 19:01:03 #11 type] 
Type domain.Profile is not enhanced.

[2020-05-11 19:01:11 #12 type] 
Type domain.FeedbackRecord is not enhanced.

[2020-05-11 19:01:11 #13 type] 
Type domain.Feedback is not enhanced.

[2020-05-11 19:02:22 #14 store] 
Database 'C:\Users\Usuario\git\BetAndRuin\BetAndRuin\resources\db\resources\bets.temp' is closed by 9636@DESKTOP-00OS7EM

[2020-05-11 20:13:02 #15 store] 
Database 'C:\Users\Usuario\git\BetAndRuin\BetAndRuin\resources\db\resources\bets.temp' is opened by 9636@DESKTOP-00OS7EM

[2020-05-11 20:13:02 #16 store] 
Configuration path: ?

[2020-05-11 22:08:20 #17 store] 
Database 'C:\Users\Usuario\git\BetAndRuin\BetAndRuin\resources\db\resources\bets.temp' is closed by 9636@DESKTOP-00OS7EM

[2020-05-11 22:08:20 #18 server] 
Server on port 6136 has stopped by 9636@DESKTOP-00OS7EM

------------------------------------------------------------------------------------------------------------------------

[2020-05-11 23:07:26 #1 server] 
Server on port 6136 has started by 7664@DESKTOP-00OS7EM

[2020-05-11 23:07:29 #2 store] 
Database 'C:\Users\Usuario\git\BetAndRuin\BetAndRuin\resources\db\resources\bets.temp' is opened by 7664@DESKTOP-00OS7EM

[2020-05-11 23:07:29 #3 store] 
Configuration path: ?

[2020-05-11 23:07:30 #4 type] 
Type domain.Event is not enhanced.

[2020-05-11 23:07:30 #5 type] 
Type domain.Question is not enhanced.

[2020-05-11 23:07:30 #6 type] 
Type domain.Competition is not enhanced.

[2020-05-11 23:07:30 #7 type] 
Type domain.Prediction is not enhanced.

[2020-05-11 23:07:30 #8 type] 
Type domain.User is not enhanced.

[2020-05-11 23:07:30 #9 type] 
Type domain.CreditCard is not enhanced.

[2020-05-11 23:07:30 #10 type] 
Type domain.Bet is not enhanced.

[2020-05-11 23:07:30 #11 type] 
Type domain.Profile is not enhanced.

[2020-05-12 00:07:01 #12 store] 
Database 'C:\Users\Usuario\git\BetAndRuin\BetAndRuin\resources\db\resources\bets.temp' is closed by 7664@DESKTOP-00OS7EM

[2020-05-12 00:07:01 #13 server] 
Server on port 6136 has stopped by 7664@DESKTOP-00OS7EM

