------------------------------------------------------------------------------------------------------------------------

[2020-05-17 16:29:58 #1 server] 
Server on port 6136 has started by 14912@DESKTOP-6FCSN85

[2020-05-17 16:30:05 #2 store] 
Database 'C:\Users\Jon\git\BetAndRuin\BetAndRuin\resources\db\resources\bets.temp' is opened by 14912@DESKTOP-6FCSN85

[2020-05-17 16:30:05 #3 store] 
Configuration path: ?

[2020-05-17 16:30:05 #4 type] 
Type domain.Event is not enhanced.

[2020-05-17 16:30:05 #5 type] 
Type domain.Question is not enhanced.

[2020-05-17 16:30:05 #6 type] 
Type domain.Competition is not enhanced.

[2020-05-17 16:30:05 #7 type] 
Type domain.Prediction is not enhanced.

[2020-05-17 16:30:05 #8 type] 
Type domain.User is not enhanced.

[2020-05-17 16:30:05 #9 type] 
Type domain.CreditCard is not enhanced.

[2020-05-17 16:30:05 #10 type] 
Type domain.Bet is not enhanced.

[2020-05-17 16:30:05 #11 type] 
Type domain.Profile is not enhanced.

[2020-05-17 16:30:15 #12 type] 
Type domain.FeedbackRecord is not enhanced.

[2020-05-17 16:30:15 #13 type] 
Type domain.Feedback is not enhanced.

[2020-05-17 17:45:26 #14 store] 
Database 'C:\Users\Jon\git\BetAndRuin\BetAndRuin\resources\db\resources\bets.temp' is closed by 14912@DESKTOP-6FCSN85

[2020-05-17 19:33:00 #15 store] 
Database 'C:\Users\Jon\git\BetAndRuin\BetAndRuin\resources\db\resources\bets.temp' is opened by 14912@DESKTOP-6FCSN85

[2020-05-17 19:33:00 #16 store] 
Configuration path: ?

------------------------------------------------------------------------------------------------------------------------

[2020-05-17 19:33:05 #1 server] 
java.net.BindException: Address already in use: JVM_Bind
	at java.net.DualStackPlainSocketImpl.bind0(Native Method)
	at java.net.DualStackPlainSocketImpl.socketBind(DualStackPlainSocketImpl.java:106)
	at java.net.AbstractPlainSocketImpl.bind(AbstractPlainSocketImpl.java:387)
	at java.net.PlainSocketImpl.bind(PlainSocketImpl.java:190)
	at java.net.ServerSocket.bind(ServerSocket.java:375)
	at java.net.ServerSocket.<init>(ServerSocket.java:237)
	at java.net.ServerSocket.<init>(ServerSocket.java:181)
	at com.objectdb.o.SMR.o(SMR.java:260)
	at com.objectdb.o.SMR.f(SMR.java:160)
	at com.objectdb.o.TOL.run(TOL.java:117)
	at com.objectdb.Server.runCommand(Server.java:200)
	at com.objectdb.Server.run(Server.java:104)
	at com.objectdb.Server.main(Server.java:63)

[2020-05-17 20:26:51 #17 store] 
Database 'C:\Users\Jon\git\BetAndRuin\BetAndRuin\resources\db\resources\bets.temp' is closed by 14912@DESKTOP-6FCSN85

------------------------------------------------------------------------------------------------------------------------

[2020-05-17 20:27:34 #1 server] 
Server on port 6136 has started by 6600@DESKTOP-6FCSN85

[2020-05-17 20:27:37 #2 store] 
Database 'C:\Users\Jon\git\BetAndRuin\BetAndRuin\resources\db\resources\bets.temp' is opened by 6600@DESKTOP-6FCSN85

[2020-05-17 20:27:37 #3 store] 
Configuration path: ?

[2020-05-17 20:27:38 #4 type] 
Type domain.Event is not enhanced.

[2020-05-17 20:27:38 #5 type] 
Type domain.Question is not enhanced.

[2020-05-17 20:27:38 #6 type] 
Type domain.Competition is not enhanced.

[2020-05-17 20:27:38 #7 type] 
Type domain.Prediction is not enhanced.

[2020-05-17 20:27:38 #8 type] 
Type domain.User is not enhanced.

[2020-05-17 20:27:38 #9 type] 
Type domain.CreditCard is not enhanced.

[2020-05-17 20:27:38 #10 type] 
Type domain.Bet is not enhanced.

[2020-05-17 20:27:38 #11 type] 
Type domain.Profile is not enhanced.

[2020-05-17 20:27:49 #12 type] 
Type domain.FeedbackRecord is not enhanced.

[2020-05-17 20:27:49 #13 type] 
Type domain.Feedback is not enhanced.

[2020-05-17 20:34:10 #14 store] 
Database 'C:\Users\Jon\git\BetAndRuin\BetAndRuin\resources\db\resources\bets.temp' is closed by 6600@DESKTOP-6FCSN85

