------------------------------------------------------------------------------------------------------------------------

[2020-05-09 11:30:05 #1 server] 
Server on port 6136 has started by 16032@DESKTOP-00OS7EM

[2020-05-09 11:30:08 #2 store] 
Database 'C:\Users\Usuario\git\BetAndRuin\BetAndRuin\resources\db\resources\bets.temp' is opened by 16032@DESKTOP-00OS7EM

[2020-05-09 11:30:08 #3 store] 
Configuration path: ?

[2020-05-09 11:30:08 #4 type] 
Type domain.Event is not enhanced.

[2020-05-09 11:30:08 #5 type] 
Type domain.Question is not enhanced.

[2020-05-09 11:30:08 #6 type] 
Type domain.Competition is not enhanced.

[2020-05-09 11:30:08 #7 type] 
Type domain.Prediction is not enhanced.

[2020-05-09 11:30:08 #8 type] 
Type domain.User is not enhanced.

[2020-05-09 11:30:08 #9 type] 
Type domain.CreditCard is not enhanced.

[2020-05-09 11:30:08 #10 type] 
Type domain.Bet is not enhanced.

[2020-05-09 11:30:08 #11 type] 
Type domain.Profile is not enhanced.

[2020-05-09 11:35:48 #12 store] 
Database 'C:\Users\Usuario\git\BetAndRuin\BetAndRuin\resources\db\resources\bets.temp' is closed by 16032@DESKTOP-00OS7EM

------------------------------------------------------------------------------------------------------------------------

[2020-05-09 11:35:53 #1 server] 
java.net.BindException: Address already in use: JVM_Bind
	at java.net.DualStackPlainSocketImpl.bind0(Native Method)
	at java.net.DualStackPlainSocketImpl.socketBind(DualStackPlainSocketImpl.java:106)
	at java.net.AbstractPlainSocketImpl.bind(AbstractPlainSocketImpl.java:387)
	at java.net.PlainSocketImpl.bind(PlainSocketImpl.java:190)
	at java.net.ServerSocket.bind(ServerSocket.java:375)
	at java.net.ServerSocket.<init>(ServerSocket.java:237)
	at java.net.ServerSocket.<init>(ServerSocket.java:181)
	at com.objectdb.o.SMR.o(SMR.java:260)
	at com.objectdb.o.SMR.f(SMR.java:160)
	at com.objectdb.o.TOL.run(TOL.java:117)
	at com.objectdb.Server.runCommand(Server.java:200)
	at com.objectdb.Server.run(Server.java:104)
	at com.objectdb.Server.main(Server.java:63)

[2020-05-09 11:35:55 #13 store] 
Database 'C:\Users\Usuario\git\BetAndRuin\BetAndRuin\resources\db\resources\bets.temp' is opened by 16032@DESKTOP-00OS7EM

[2020-05-09 11:35:55 #14 store] 
Configuration path: ?

[2020-05-09 11:40:24 #15 store] 
Database 'C:\Users\Usuario\git\BetAndRuin\BetAndRuin\resources\db\resources\bets.temp' is closed by 16032@DESKTOP-00OS7EM

------------------------------------------------------------------------------------------------------------------------

[2020-05-09 11:40:38 #1 server] 
java.net.BindException: Address already in use: JVM_Bind
	at java.net.DualStackPlainSocketImpl.bind0(Native Method)
	at java.net.DualStackPlainSocketImpl.socketBind(DualStackPlainSocketImpl.java:106)
	at java.net.AbstractPlainSocketImpl.bind(AbstractPlainSocketImpl.java:387)
	at java.net.PlainSocketImpl.bind(PlainSocketImpl.java:190)
	at java.net.ServerSocket.bind(ServerSocket.java:375)
	at java.net.ServerSocket.<init>(ServerSocket.java:237)
	at java.net.ServerSocket.<init>(ServerSocket.java:181)
	at com.objectdb.o.SMR.o(SMR.java:260)
	at com.objectdb.o.SMR.f(SMR.java:160)
	at com.objectdb.o.TOL.run(TOL.java:117)
	at com.objectdb.Server.runCommand(Server.java:200)
	at com.objectdb.Server.run(Server.java:104)
	at com.objectdb.Server.main(Server.java:63)

[2020-05-09 11:40:42 #16 store] 
Database 'C:\Users\Usuario\git\BetAndRuin\BetAndRuin\resources\db\resources\bets.temp' is opened by 16032@DESKTOP-00OS7EM

[2020-05-09 11:40:42 #17 store] 
Configuration path: ?

[2020-05-09 11:42:47 #18 store] 
Database 'C:\Users\Usuario\git\BetAndRuin\BetAndRuin\resources\db\resources\bets.temp' is closed by 16032@DESKTOP-00OS7EM

------------------------------------------------------------------------------------------------------------------------

[2020-05-09 11:42:58 #1 server] 
java.net.BindException: Address already in use: JVM_Bind
	at java.net.DualStackPlainSocketImpl.bind0(Native Method)
	at java.net.DualStackPlainSocketImpl.socketBind(DualStackPlainSocketImpl.java:106)
	at java.net.AbstractPlainSocketImpl.bind(AbstractPlainSocketImpl.java:387)
	at java.net.PlainSocketImpl.bind(PlainSocketImpl.java:190)
	at java.net.ServerSocket.bind(ServerSocket.java:375)
	at java.net.ServerSocket.<init>(ServerSocket.java:237)
	at java.net.ServerSocket.<init>(ServerSocket.java:181)
	at com.objectdb.o.SMR.o(SMR.java:260)
	at com.objectdb.o.SMR.f(SMR.java:160)
	at com.objectdb.o.TOL.run(TOL.java:117)
	at com.objectdb.Server.runCommand(Server.java:200)
	at com.objectdb.Server.run(Server.java:104)
	at com.objectdb.Server.main(Server.java:63)

[2020-05-09 11:43:01 #19 store] 
Database 'C:\Users\Usuario\git\BetAndRuin\BetAndRuin\resources\db\resources\bets.temp' is opened by 16032@DESKTOP-00OS7EM

[2020-05-09 11:43:01 #20 store] 
Configuration path: ?

[2020-05-09 11:44:40 #21 store] 
Database 'C:\Users\Usuario\git\BetAndRuin\BetAndRuin\resources\db\resources\bets.temp' is closed by 16032@DESKTOP-00OS7EM

------------------------------------------------------------------------------------------------------------------------

[2020-05-09 11:44:46 #1 server] 
java.net.BindException: Address already in use: JVM_Bind
	at java.net.DualStackPlainSocketImpl.bind0(Native Method)
	at java.net.DualStackPlainSocketImpl.socketBind(DualStackPlainSocketImpl.java:106)
	at java.net.AbstractPlainSocketImpl.bind(AbstractPlainSocketImpl.java:387)
	at java.net.PlainSocketImpl.bind(PlainSocketImpl.java:190)
	at java.net.ServerSocket.bind(ServerSocket.java:375)
	at java.net.ServerSocket.<init>(ServerSocket.java:237)
	at java.net.ServerSocket.<init>(ServerSocket.java:181)
	at com.objectdb.o.SMR.o(SMR.java:260)
	at com.objectdb.o.SMR.f(SMR.java:160)
	at com.objectdb.o.TOL.run(TOL.java:117)
	at com.objectdb.Server.runCommand(Server.java:200)
	at com.objectdb.Server.run(Server.java:104)
	at com.objectdb.Server.main(Server.java:63)

[2020-05-09 11:44:49 #22 store] 
Database 'C:\Users\Usuario\git\BetAndRuin\BetAndRuin\resources\db\resources\bets.temp' is opened by 16032@DESKTOP-00OS7EM

[2020-05-09 11:44:49 #23 store] 
Configuration path: ?

[2020-05-09 11:59:00 #24 store] 
Database 'C:\Users\Usuario\git\BetAndRuin\BetAndRuin\resources\db\resources\bets.temp' is closed by 16032@DESKTOP-00OS7EM

------------------------------------------------------------------------------------------------------------------------

[2020-05-09 11:59:08 #1 server] 
java.net.BindException: Address already in use: JVM_Bind
	at java.net.DualStackPlainSocketImpl.bind0(Native Method)
	at java.net.DualStackPlainSocketImpl.socketBind(DualStackPlainSocketImpl.java:106)
	at java.net.AbstractPlainSocketImpl.bind(AbstractPlainSocketImpl.java:387)
	at java.net.PlainSocketImpl.bind(PlainSocketImpl.java:190)
	at java.net.ServerSocket.bind(ServerSocket.java:375)
	at java.net.ServerSocket.<init>(ServerSocket.java:237)
	at java.net.ServerSocket.<init>(ServerSocket.java:181)
	at com.objectdb.o.SMR.o(SMR.java:260)
	at com.objectdb.o.SMR.f(SMR.java:160)
	at com.objectdb.o.TOL.run(TOL.java:117)
	at com.objectdb.Server.runCommand(Server.java:200)
	at com.objectdb.Server.run(Server.java:104)
	at com.objectdb.Server.main(Server.java:63)

[2020-05-09 11:59:11 #25 store] 
Database 'C:\Users\Usuario\git\BetAndRuin\BetAndRuin\resources\db\resources\bets.temp' is opened by 16032@DESKTOP-00OS7EM

[2020-05-09 11:59:11 #26 store] 
Configuration path: ?

[2020-05-09 12:08:04 #27 store] 
Database 'C:\Users\Usuario\git\BetAndRuin\BetAndRuin\resources\db\resources\bets.temp' is closed by 16032@DESKTOP-00OS7EM

------------------------------------------------------------------------------------------------------------------------

[2020-05-09 12:08:18 #1 server] 
java.net.BindException: Address already in use: JVM_Bind
	at java.net.DualStackPlainSocketImpl.bind0(Native Method)
	at java.net.DualStackPlainSocketImpl.socketBind(DualStackPlainSocketImpl.java:106)
	at java.net.AbstractPlainSocketImpl.bind(AbstractPlainSocketImpl.java:387)
	at java.net.PlainSocketImpl.bind(PlainSocketImpl.java:190)
	at java.net.ServerSocket.bind(ServerSocket.java:375)
	at java.net.ServerSocket.<init>(ServerSocket.java:237)
	at java.net.ServerSocket.<init>(ServerSocket.java:181)
	at com.objectdb.o.SMR.o(SMR.java:260)
	at com.objectdb.o.SMR.f(SMR.java:160)
	at com.objectdb.o.TOL.run(TOL.java:117)
	at com.objectdb.Server.runCommand(Server.java:200)
	at com.objectdb.Server.run(Server.java:104)
	at com.objectdb.Server.main(Server.java:63)

[2020-05-09 12:08:22 #28 store] 
Database 'C:\Users\Usuario\git\BetAndRuin\BetAndRuin\resources\db\resources\bets.temp' is opened by 16032@DESKTOP-00OS7EM

[2020-05-09 12:08:22 #29 store] 
Configuration path: ?

[2020-05-09 12:10:05 #30 store] 
Database 'C:\Users\Usuario\git\BetAndRuin\BetAndRuin\resources\db\resources\bets.temp' is closed by 16032@DESKTOP-00OS7EM

------------------------------------------------------------------------------------------------------------------------

[2020-05-09 12:10:12 #1 server] 
java.net.BindException: Address already in use: JVM_Bind
	at java.net.DualStackPlainSocketImpl.bind0(Native Method)
	at java.net.DualStackPlainSocketImpl.socketBind(DualStackPlainSocketImpl.java:106)
	at java.net.AbstractPlainSocketImpl.bind(AbstractPlainSocketImpl.java:387)
	at java.net.PlainSocketImpl.bind(PlainSocketImpl.java:190)
	at java.net.ServerSocket.bind(ServerSocket.java:375)
	at java.net.ServerSocket.<init>(ServerSocket.java:237)
	at java.net.ServerSocket.<init>(ServerSocket.java:181)
	at com.objectdb.o.SMR.o(SMR.java:260)
	at com.objectdb.o.SMR.f(SMR.java:160)
	at com.objectdb.o.TOL.run(TOL.java:117)
	at com.objectdb.Server.runCommand(Server.java:200)
	at com.objectdb.Server.run(Server.java:104)
	at com.objectdb.Server.main(Server.java:63)

[2020-05-09 12:10:15 #31 store] 
Database 'C:\Users\Usuario\git\BetAndRuin\BetAndRuin\resources\db\resources\bets.temp' is opened by 16032@DESKTOP-00OS7EM

[2020-05-09 12:10:15 #32 store] 
Configuration path: ?

[2020-05-09 12:12:07 #33 store] 
Database 'C:\Users\Usuario\git\BetAndRuin\BetAndRuin\resources\db\resources\bets.temp' is closed by 16032@DESKTOP-00OS7EM

------------------------------------------------------------------------------------------------------------------------

[2020-05-09 12:12:34 #1 server] 
java.net.BindException: Address already in use: JVM_Bind
	at java.net.DualStackPlainSocketImpl.bind0(Native Method)
	at java.net.DualStackPlainSocketImpl.socketBind(DualStackPlainSocketImpl.java:106)
	at java.net.AbstractPlainSocketImpl.bind(AbstractPlainSocketImpl.java:387)
	at java.net.PlainSocketImpl.bind(PlainSocketImpl.java:190)
	at java.net.ServerSocket.bind(ServerSocket.java:375)
	at java.net.ServerSocket.<init>(ServerSocket.java:237)
	at java.net.ServerSocket.<init>(ServerSocket.java:181)
	at com.objectdb.o.SMR.o(SMR.java:260)
	at com.objectdb.o.SMR.f(SMR.java:160)
	at com.objectdb.o.TOL.run(TOL.java:117)
	at com.objectdb.Server.runCommand(Server.java:200)
	at com.objectdb.Server.run(Server.java:104)
	at com.objectdb.Server.main(Server.java:63)

[2020-05-09 12:12:37 #34 store] 
Database 'C:\Users\Usuario\git\BetAndRuin\BetAndRuin\resources\db\resources\bets.temp' is opened by 16032@DESKTOP-00OS7EM

[2020-05-09 12:12:37 #35 store] 
Configuration path: ?

[2020-05-09 12:16:17 #36 store] 
Database 'C:\Users\Usuario\git\BetAndRuin\BetAndRuin\resources\db\resources\bets.temp' is closed by 16032@DESKTOP-00OS7EM

------------------------------------------------------------------------------------------------------------------------

[2020-05-09 12:16:31 #1 server] 
java.net.BindException: Address already in use: JVM_Bind
	at java.net.DualStackPlainSocketImpl.bind0(Native Method)
	at java.net.DualStackPlainSocketImpl.socketBind(DualStackPlainSocketImpl.java:106)
	at java.net.AbstractPlainSocketImpl.bind(AbstractPlainSocketImpl.java:387)
	at java.net.PlainSocketImpl.bind(PlainSocketImpl.java:190)
	at java.net.ServerSocket.bind(ServerSocket.java:375)
	at java.net.ServerSocket.<init>(ServerSocket.java:237)
	at java.net.ServerSocket.<init>(ServerSocket.java:181)
	at com.objectdb.o.SMR.o(SMR.java:260)
	at com.objectdb.o.SMR.f(SMR.java:160)
	at com.objectdb.o.TOL.run(TOL.java:117)
	at com.objectdb.Server.runCommand(Server.java:200)
	at com.objectdb.Server.run(Server.java:104)
	at com.objectdb.Server.main(Server.java:63)

[2020-05-09 12:16:34 #37 store] 
Database 'C:\Users\Usuario\git\BetAndRuin\BetAndRuin\resources\db\resources\bets.temp' is opened by 16032@DESKTOP-00OS7EM

[2020-05-09 12:16:34 #38 store] 
Configuration path: ?

[2020-05-09 12:18:17 #39 store] 
Database 'C:\Users\Usuario\git\BetAndRuin\BetAndRuin\resources\db\resources\bets.temp' is closed by 16032@DESKTOP-00OS7EM

[2020-05-09 12:18:30 #40 store] 
Database 'C:\Users\Usuario\git\BetAndRuin\BetAndRuin\resources\db\resources\bets.temp' is opened by 16032@DESKTOP-00OS7EM

[2020-05-09 12:18:30 #41 store] 
Configuration path: ?

[2020-05-09 12:25:00 #42 store] 
Database 'C:\Users\Usuario\git\BetAndRuin\BetAndRuin\resources\db\resources\bets.temp' is closed by 16032@DESKTOP-00OS7EM

[2020-05-09 12:25:04 #43 store] 
Database 'C:\Users\Usuario\git\BetAndRuin\BetAndRuin\resources\db\resources\bets.temp' is opened by 16032@DESKTOP-00OS7EM

[2020-05-09 12:25:04 #44 store] 
Configuration path: ?

[2020-05-09 12:26:49 #45 store] 
Database 'C:\Users\Usuario\git\BetAndRuin\BetAndRuin\resources\db\resources\bets.temp' is closed by 16032@DESKTOP-00OS7EM

[2020-05-09 12:27:04 #46 store] 
Database 'C:\Users\Usuario\git\BetAndRuin\BetAndRuin\resources\db\resources\bets.temp' is opened by 16032@DESKTOP-00OS7EM

[2020-05-09 12:27:04 #47 store] 
Configuration path: ?

[2020-05-09 12:34:26 #48 store] 
Database 'C:\Users\Usuario\git\BetAndRuin\BetAndRuin\resources\db\resources\bets.temp' is closed by 16032@DESKTOP-00OS7EM

[2020-05-09 12:34:36 #49 store] 
Database 'C:\Users\Usuario\git\BetAndRuin\BetAndRuin\resources\db\resources\bets.temp' is opened by 16032@DESKTOP-00OS7EM

[2020-05-09 12:34:36 #50 store] 
Configuration path: ?

[2020-05-09 12:47:05 #51 store] 
Database 'C:\Users\Usuario\git\BetAndRuin\BetAndRuin\resources\db\resources\bets.temp' is closed by 16032@DESKTOP-00OS7EM

[2020-05-09 12:47:20 #52 store] 
Database 'C:\Users\Usuario\git\BetAndRuin\BetAndRuin\resources\db\resources\bets.temp' is opened by 16032@DESKTOP-00OS7EM

[2020-05-09 12:47:20 #53 store] 
Configuration path: ?

[2020-05-09 12:49:04 #54 store] 
Database 'C:\Users\Usuario\git\BetAndRuin\BetAndRuin\resources\db\resources\bets.temp' is closed by 16032@DESKTOP-00OS7EM

[2020-05-09 12:49:12 #55 store] 
Database 'C:\Users\Usuario\git\BetAndRuin\BetAndRuin\resources\db\resources\bets.temp' is opened by 16032@DESKTOP-00OS7EM

[2020-05-09 12:49:12 #56 store] 
Configuration path: ?

[2020-05-09 16:25:57 #57 store] 
Database 'C:\Users\Usuario\git\BetAndRuin\BetAndRuin\resources\db\resources\bets.temp' is closed by 16032@DESKTOP-00OS7EM

[2020-05-09 16:26:05 #58 store] 
Database 'C:\Users\Usuario\git\BetAndRuin\BetAndRuin\resources\db\resources\bets.temp' is opened by 16032@DESKTOP-00OS7EM

[2020-05-09 16:26:05 #59 store] 
Configuration path: ?

[2020-05-09 16:46:07 #60 type] 
Type domain.Feedback is not enhanced.

[2020-05-09 17:15:31 #61 store] 
Database 'C:\Users\Usuario\git\BetAndRuin\BetAndRuin\resources\db\resources\bets.temp' is closed by 16032@DESKTOP-00OS7EM

[2020-05-09 17:15:36 #62 store] 
Database 'C:\Users\Usuario\git\BetAndRuin\BetAndRuin\resources\db\resources\bets.temp' is opened by 16032@DESKTOP-00OS7EM

[2020-05-09 17:15:36 #63 store] 
Configuration path: ?

[2020-05-09 17:18:16 #64 store] 
Database 'C:\Users\Usuario\git\BetAndRuin\BetAndRuin\resources\db\resources\bets.temp' is closed by 16032@DESKTOP-00OS7EM

[2020-05-09 17:18:16 #65 server] 
Server on port 6136 has stopped by 16032@DESKTOP-00OS7EM

------------------------------------------------------------------------------------------------------------------------

[2020-05-09 17:18:17 #1 server] 
Server on port 6136 has started by 9380@DESKTOP-00OS7EM

[2020-05-09 17:18:20 #2 store] 
Database 'C:\Users\Usuario\git\BetAndRuin\BetAndRuin\resources\db\resources\bets.temp' is opened by 9380@DESKTOP-00OS7EM

[2020-05-09 17:18:20 #3 store] 
Configuration path: ?

[2020-05-09 17:18:20 #4 type] 
Type domain.Event is not enhanced.

[2020-05-09 17:18:20 #5 type] 
Type domain.Question is not enhanced.

[2020-05-09 17:18:20 #6 type] 
Type domain.Competition is not enhanced.

[2020-05-09 17:18:20 #7 type] 
Type domain.Prediction is not enhanced.

[2020-05-09 17:18:20 #8 type] 
Type domain.User is not enhanced.

[2020-05-09 17:18:20 #9 type] 
Type domain.CreditCard is not enhanced.

[2020-05-09 17:18:20 #10 type] 
Type domain.Bet is not enhanced.

[2020-05-09 17:18:20 #11 type] 
Type domain.Profile is not enhanced.

------------------------------------------------------------------------------------------------------------------------

[2020-05-09 17:18:49 #1 server] 
Server on port 6136 has started by 13972@DESKTOP-00OS7EM

[2020-05-09 17:18:53 #2 store] 
Database 'C:\Users\Usuario\git\BetAndRuin\BetAndRuin\resources\db\resources\bets.temp' is opened by 13972@DESKTOP-00OS7EM

[2020-05-09 17:18:53 #3 store] 
Configuration path: ?

[2020-05-09 17:18:53 #4 type] 
Type domain.Event is not enhanced.

[2020-05-09 17:18:53 #5 type] 
Type domain.Question is not enhanced.

[2020-05-09 17:18:53 #6 type] 
Type domain.Competition is not enhanced.

[2020-05-09 17:18:53 #7 type] 
Type domain.Prediction is not enhanced.

[2020-05-09 17:18:53 #8 type] 
Type domain.User is not enhanced.

[2020-05-09 17:18:53 #9 type] 
Type domain.CreditCard is not enhanced.

[2020-05-09 17:18:53 #10 type] 
Type domain.Bet is not enhanced.

[2020-05-09 17:18:53 #11 type] 
Type domain.Profile is not enhanced.

[2020-05-09 17:19:15 #12 type] 
Type domain.Feedback is not enhanced.

[2020-05-09 17:27:59 #13 store] 
Database 'C:\Users\Usuario\git\BetAndRuin\BetAndRuin\resources\db\resources\bets.temp' is closed by 13972@DESKTOP-00OS7EM

[2020-05-09 17:27:59 #14 server] 
Server on port 6136 has stopped by 13972@DESKTOP-00OS7EM

------------------------------------------------------------------------------------------------------------------------

[2020-05-09 17:28:03 #1 server] 
Server on port 6136 has started by 16268@DESKTOP-00OS7EM

[2020-05-09 17:28:06 #2 store] 
Database 'C:\Users\Usuario\git\BetAndRuin\BetAndRuin\resources\db\resources\bets.temp' is opened by 16268@DESKTOP-00OS7EM

[2020-05-09 17:28:06 #3 store] 
Configuration path: ?

[2020-05-09 17:28:06 #4 type] 
Type domain.Event is not enhanced.

[2020-05-09 17:28:06 #5 type] 
Type domain.Question is not enhanced.

[2020-05-09 17:28:06 #6 type] 
Type domain.Competition is not enhanced.

[2020-05-09 17:28:06 #7 type] 
Type domain.Prediction is not enhanced.

[2020-05-09 17:28:06 #8 type] 
Type domain.User is not enhanced.

[2020-05-09 17:28:06 #9 type] 
Type domain.CreditCard is not enhanced.

[2020-05-09 17:28:06 #10 type] 
Type domain.Bet is not enhanced.

[2020-05-09 17:28:06 #11 type] 
Type domain.Profile is not enhanced.

[2020-05-09 17:28:13 #12 type] 
Type domain.Feedback is not enhanced.

[2020-05-09 18:04:16 #13 store] 
Database 'C:\Users\Usuario\git\BetAndRuin\BetAndRuin\resources\db\resources\bets.temp' is closed by 16268@DESKTOP-00OS7EM

------------------------------------------------------------------------------------------------------------------------

[2020-05-09 18:04:21 #1 server] 
java.net.BindException: Address already in use: JVM_Bind
	at java.net.DualStackPlainSocketImpl.bind0(Native Method)
	at java.net.DualStackPlainSocketImpl.socketBind(DualStackPlainSocketImpl.java:106)
	at java.net.AbstractPlainSocketImpl.bind(AbstractPlainSocketImpl.java:387)
	at java.net.PlainSocketImpl.bind(PlainSocketImpl.java:190)
	at java.net.ServerSocket.bind(ServerSocket.java:375)
	at java.net.ServerSocket.<init>(ServerSocket.java:237)
	at java.net.ServerSocket.<init>(ServerSocket.java:181)
	at com.objectdb.o.SMR.o(SMR.java:260)
	at com.objectdb.o.SMR.f(SMR.java:160)
	at com.objectdb.o.TOL.run(TOL.java:117)
	at com.objectdb.Server.runCommand(Server.java:200)
	at com.objectdb.Server.run(Server.java:104)
	at com.objectdb.Server.main(Server.java:63)

[2020-05-09 18:04:24 #14 store] 
Database 'C:\Users\Usuario\git\BetAndRuin\BetAndRuin\resources\db\resources\bets.temp' is opened by 16268@DESKTOP-00OS7EM

[2020-05-09 18:04:24 #15 store] 
Configuration path: ?

[2020-05-09 18:05:39 #16 store] 
Database 'C:\Users\Usuario\git\BetAndRuin\BetAndRuin\resources\db\resources\bets.temp' is closed by 16268@DESKTOP-00OS7EM

[2020-05-09 18:05:46 #17 store] 
Database 'C:\Users\Usuario\git\BetAndRuin\BetAndRuin\resources\db\resources\bets.temp' is opened by 16268@DESKTOP-00OS7EM

[2020-05-09 18:05:46 #18 store] 
Configuration path: ?

[2020-05-09 18:06:35 #19 store] 
Database 'C:\Users\Usuario\git\BetAndRuin\BetAndRuin\resources\db\resources\bets.temp' is closed by 16268@DESKTOP-00OS7EM

[2020-05-09 18:06:37 #20 store] 
Database 'C:\Users\Usuario\git\BetAndRuin\BetAndRuin\resources\db\resources\bets.temp' is opened by 16268@DESKTOP-00OS7EM

[2020-05-09 18:06:37 #21 store] 
Configuration path: ?

[2020-05-09 18:09:32 #22 store] 
Database 'C:\Users\Usuario\git\BetAndRuin\BetAndRuin\resources\db\resources\bets.temp' is closed by 16268@DESKTOP-00OS7EM

[2020-05-09 18:09:49 #23 store] 
Database 'C:\Users\Usuario\git\BetAndRuin\BetAndRuin\resources\db\resources\bets.temp' is opened by 16268@DESKTOP-00OS7EM

[2020-05-09 18:09:49 #24 store] 
Configuration path: ?

[2020-05-09 18:11:35 #25 store] 
Database 'C:\Users\Usuario\git\BetAndRuin\BetAndRuin\resources\db\resources\bets.temp' is closed by 16268@DESKTOP-00OS7EM

[2020-05-09 18:11:43 #26 store] 
Database 'C:\Users\Usuario\git\BetAndRuin\BetAndRuin\resources\db\resources\bets.temp' is opened by 16268@DESKTOP-00OS7EM

[2020-05-09 18:11:43 #27 store] 
Configuration path: ?

[2020-05-09 18:15:03 #28 store] 
Database 'C:\Users\Usuario\git\BetAndRuin\BetAndRuin\resources\db\resources\bets.temp' is closed by 16268@DESKTOP-00OS7EM

[2020-05-09 18:15:10 #29 store] 
Database 'C:\Users\Usuario\git\BetAndRuin\BetAndRuin\resources\db\resources\bets.temp' is opened by 16268@DESKTOP-00OS7EM

[2020-05-09 18:15:10 #30 store] 
Configuration path: ?

[2020-05-09 18:16:03 #31 store] 
Database 'C:\Users\Usuario\git\BetAndRuin\BetAndRuin\resources\db\resources\bets.temp' is closed by 16268@DESKTOP-00OS7EM

[2020-05-09 18:16:05 #32 store] 
Database 'C:\Users\Usuario\git\BetAndRuin\BetAndRuin\resources\db\resources\bets.temp' is opened by 16268@DESKTOP-00OS7EM

[2020-05-09 18:16:05 #33 store] 
Configuration path: ?

[2020-05-09 18:17:43 #34 store] 
Database 'C:\Users\Usuario\git\BetAndRuin\BetAndRuin\resources\db\resources\bets.temp' is closed by 16268@DESKTOP-00OS7EM

[2020-05-09 18:18:14 #35 store] 
Database 'C:\Users\Usuario\git\BetAndRuin\BetAndRuin\resources\db\resources\bets.temp' is opened by 16268@DESKTOP-00OS7EM

[2020-05-09 18:18:14 #36 store] 
Configuration path: ?

[2020-05-09 18:22:31 #37 store] 
Database 'C:\Users\Usuario\git\BetAndRuin\BetAndRuin\resources\db\resources\bets.temp' is closed by 16268@DESKTOP-00OS7EM

[2020-05-09 18:22:35 #38 store] 
Database 'C:\Users\Usuario\git\BetAndRuin\BetAndRuin\resources\db\resources\bets.temp' is opened by 16268@DESKTOP-00OS7EM

[2020-05-09 18:22:35 #39 store] 
Configuration path: ?

[2020-05-09 18:22:42 #40 store] 
Database 'C:\Users\Usuario\git\BetAndRuin\BetAndRuin\resources\db\resources\bets.temp' is closed by 16268@DESKTOP-00OS7EM

[2020-05-09 18:22:42 #41 server] 
Server on port 6136 has stopped by 16268@DESKTOP-00OS7EM

------------------------------------------------------------------------------------------------------------------------

[2020-05-09 18:22:44 #1 server] 
Server on port 6136 has started by 1464@DESKTOP-00OS7EM

[2020-05-09 18:22:47 #2 store] 
Database 'C:\Users\Usuario\git\BetAndRuin\BetAndRuin\resources\db\resources\bets.temp' is opened by 1464@DESKTOP-00OS7EM

[2020-05-09 18:22:47 #3 store] 
Configuration path: ?

[2020-05-09 18:22:49 #4 type] 
Type domain.Event is not enhanced.

[2020-05-09 18:22:49 #5 type] 
Type domain.Question is not enhanced.

[2020-05-09 18:22:49 #6 type] 
Type domain.Competition is not enhanced.

[2020-05-09 18:22:49 #7 type] 
Type domain.Prediction is not enhanced.

[2020-05-09 18:22:49 #8 type] 
Type domain.User is not enhanced.

[2020-05-09 18:22:49 #9 type] 
Type domain.CreditCard is not enhanced.

[2020-05-09 18:22:49 #10 type] 
Type domain.Bet is not enhanced.

[2020-05-09 18:22:49 #11 type] 
Type domain.Profile is not enhanced.

[2020-05-09 18:26:20 #12 store] 
Database 'C:\Users\Usuario\git\BetAndRuin\BetAndRuin\resources\db\resources\bets.temp' is closed by 1464@DESKTOP-00OS7EM

[2020-05-09 18:26:20 #13 server] 
Server on port 6136 has stopped by 1464@DESKTOP-00OS7EM

------------------------------------------------------------------------------------------------------------------------

[2020-05-09 18:27:00 #1 server] 
Server on port 6136 has started by 8004@DESKTOP-00OS7EM

[2020-05-09 18:27:03 #2 store] 
Database 'C:\Users\Usuario\git\BetAndRuin\BetAndRuin\resources\db\resources\bets.temp' is opened by 8004@DESKTOP-00OS7EM

[2020-05-09 18:27:03 #3 store] 
Configuration path: ?

[2020-05-09 18:27:06 #4 type] 
Type domain.Event is not enhanced.

[2020-05-09 18:27:06 #5 type] 
Type domain.Question is not enhanced.

[2020-05-09 18:27:06 #6 type] 
Type domain.Competition is not enhanced.

[2020-05-09 18:27:06 #7 type] 
Type domain.Prediction is not enhanced.

[2020-05-09 18:27:07 #8 type] 
Type domain.User is not enhanced.

[2020-05-09 18:27:07 #9 type] 
Type domain.CreditCard is not enhanced.

[2020-05-09 18:27:07 #10 type] 
Type domain.Bet is not enhanced.

[2020-05-09 18:27:07 #11 type] 
Type domain.Profile is not enhanced.

------------------------------------------------------------------------------------------------------------------------

[2020-05-09 18:27:56 #1 server] 
Server on port 6136 has started by 9320@DESKTOP-00OS7EM

[2020-05-09 18:28:00 #2 store] 
Database 'C:\Users\Usuario\git\BetAndRuin\BetAndRuin\resources\db\resources\bets.temp' is opened by 9320@DESKTOP-00OS7EM

[2020-05-09 18:28:00 #3 store] 
Configuration path: ?

[2020-05-09 18:28:08 #4 type] 
Type domain.Event is not enhanced.

[2020-05-09 18:28:08 #5 type] 
Type domain.Question is not enhanced.

[2020-05-09 18:28:08 #6 type] 
Type domain.Competition is not enhanced.

[2020-05-09 18:28:08 #7 type] 
Type domain.Prediction is not enhanced.

[2020-05-09 18:28:09 #8 type] 
Type domain.User is not enhanced.

[2020-05-09 18:28:09 #9 type] 
Type domain.CreditCard is not enhanced.

[2020-05-09 18:28:09 #10 type] 
Type domain.Bet is not enhanced.

[2020-05-09 18:28:09 #11 type] 
Type domain.Profile is not enhanced.

------------------------------------------------------------------------------------------------------------------------

[2020-05-09 18:31:18 #1 server] 
Server on port 6136 has started by 11404@DESKTOP-00OS7EM

[2020-05-09 18:31:21 #2 store] 
Database 'C:\Users\Usuario\git\BetAndRuin\BetAndRuin\resources\db\resources\bets.temp' is opened by 11404@DESKTOP-00OS7EM

[2020-05-09 18:31:21 #3 store] 
Configuration path: ?

[2020-05-09 18:31:23 #4 type] 
Type domain.Event is not enhanced.

[2020-05-09 18:31:23 #5 type] 
Type domain.Question is not enhanced.

[2020-05-09 18:31:23 #6 type] 
Type domain.Competition is not enhanced.

[2020-05-09 18:31:23 #7 type] 
Type domain.Prediction is not enhanced.

[2020-05-09 18:31:24 #8 type] 
Type domain.User is not enhanced.

[2020-05-09 18:31:24 #9 type] 
Type domain.CreditCard is not enhanced.

[2020-05-09 18:31:24 #10 type] 
Type domain.Bet is not enhanced.

[2020-05-09 18:31:24 #11 type] 
Type domain.Profile is not enhanced.

[2020-05-09 18:33:25 #12 store] 
Database 'C:\Users\Usuario\git\BetAndRuin\BetAndRuin\resources\db\resources\bets.temp' is closed by 11404@DESKTOP-00OS7EM

[2020-05-09 18:33:25 #13 server] 
Server on port 6136 has stopped by 11404@DESKTOP-00OS7EM

------------------------------------------------------------------------------------------------------------------------

[2020-05-09 18:34:30 #1 server] 
Server on port 6136 has started by 6876@DESKTOP-00OS7EM

[2020-05-09 18:34:36 #2 store] 
Database 'C:\Users\Usuario\git\BetAndRuin\BetAndRuin\resources\db\resources\bets.temp' is opened by 6876@DESKTOP-00OS7EM

[2020-05-09 18:34:36 #3 store] 
Configuration path: ?

[2020-05-09 18:34:39 #4 type] 
Type domain.Event is not enhanced.

[2020-05-09 18:34:39 #5 type] 
Type domain.Question is not enhanced.

[2020-05-09 18:34:39 #6 type] 
Type domain.Competition is not enhanced.

[2020-05-09 18:34:39 #7 type] 
Type domain.Prediction is not enhanced.

[2020-05-09 18:34:40 #8 type] 
Type domain.User is not enhanced.

[2020-05-09 18:34:40 #9 type] 
Type domain.CreditCard is not enhanced.

[2020-05-09 18:34:40 #10 type] 
Type domain.Bet is not enhanced.

[2020-05-09 18:34:40 #11 type] 
Type domain.Profile is not enhanced.

------------------------------------------------------------------------------------------------------------------------

[2020-05-09 18:53:33 #1 server] 
Server on port 6136 has started by 3216@DESKTOP-00OS7EM

[2020-05-09 18:53:37 #2 store] 
Database 'C:\Users\Usuario\git\BetAndRuin\BetAndRuin\resources\db\resources\bets.temp' is opened by 3216@DESKTOP-00OS7EM

[2020-05-09 18:53:37 #3 store] 
Configuration path: ?

[2020-05-09 18:53:38 #4 type] 
Type domain.Event is not enhanced.

[2020-05-09 18:53:38 #5 type] 
Type domain.Question is not enhanced.

[2020-05-09 18:53:38 #6 type] 
Type domain.Competition is not enhanced.

[2020-05-09 18:53:38 #7 type] 
Type domain.Prediction is not enhanced.

[2020-05-09 18:53:38 #8 type] 
Type domain.User is not enhanced.

[2020-05-09 18:53:38 #9 type] 
Type domain.CreditCard is not enhanced.

[2020-05-09 18:53:38 #10 type] 
Type domain.Bet is not enhanced.

[2020-05-09 18:53:38 #11 type] 
Type domain.Profile is not enhanced.

[2020-05-09 18:58:46 #12 type] 
Type domain.Feedback is not enhanced.

------------------------------------------------------------------------------------------------------------------------

[2020-05-09 19:00:54 #1 server] 
Server on port 6136 has started by 16380@DESKTOP-00OS7EM

------------------------------------------------------------------------------------------------------------------------

[2020-05-09 19:04:30 #1 server] 
Server on port 6136 has started by 16176@DESKTOP-00OS7EM

[2020-05-09 19:04:33 #2 store] 
Database 'C:\Users\Usuario\git\BetAndRuin\BetAndRuin\resources\db\resources\bets.temp' is opened by 16176@DESKTOP-00OS7EM

[2020-05-09 19:04:33 #3 store] 
Configuration path: ?

[2020-05-09 19:04:35 #4 type] 
Type domain.Event is not enhanced.

[2020-05-09 19:04:35 #5 type] 
Type domain.Question is not enhanced.

[2020-05-09 19:04:35 #6 type] 
Type domain.Competition is not enhanced.

[2020-05-09 19:04:35 #7 type] 
Type domain.Prediction is not enhanced.

[2020-05-09 19:04:36 #8 type] 
Type domain.User is not enhanced.

[2020-05-09 19:04:36 #9 type] 
Type domain.CreditCard is not enhanced.

[2020-05-09 19:04:36 #10 type] 
Type domain.Bet is not enhanced.

[2020-05-09 19:04:36 #11 type] 
Type domain.Profile is not enhanced.

------------------------------------------------------------------------------------------------------------------------

[2020-05-09 19:06:00 #1 server] 
Server on port 6136 has started by 11852@DESKTOP-00OS7EM

[2020-05-09 19:06:04 #2 store] 
Database 'C:\Users\Usuario\git\BetAndRuin\BetAndRuin\resources\db\resources\bets.temp' is opened by 11852@DESKTOP-00OS7EM

[2020-05-09 19:06:04 #3 store] 
Configuration path: ?

[2020-05-09 19:06:12 #4 type] 
Type domain.Event is not enhanced.

[2020-05-09 19:06:12 #5 type] 
Type domain.Question is not enhanced.

[2020-05-09 19:06:12 #6 type] 
Type domain.Competition is not enhanced.

[2020-05-09 19:06:12 #7 type] 
Type domain.Prediction is not enhanced.

[2020-05-09 19:06:13 #8 type] 
Type domain.User is not enhanced.

[2020-05-09 19:06:13 #9 type] 
Type domain.CreditCard is not enhanced.

[2020-05-09 19:06:13 #10 type] 
Type domain.Bet is not enhanced.

[2020-05-09 19:06:13 #11 type] 
Type domain.Profile is not enhanced.

[2020-05-09 19:10:21 #12 store] 
Database 'C:\Users\Usuario\git\BetAndRuin\BetAndRuin\resources\db\resources\bets.temp' is closed by 11852@DESKTOP-00OS7EM

------------------------------------------------------------------------------------------------------------------------

[2020-05-09 19:12:38 #1 server] 
Server on port 6136 has started by 4288@DESKTOP-00OS7EM

[2020-05-09 19:12:41 #2 store] 
Database 'C:\Users\Usuario\git\BetAndRuin\BetAndRuin\resources\db\resources\bets.temp' is opened by 4288@DESKTOP-00OS7EM

[2020-05-09 19:12:41 #3 store] 
Configuration path: ?

[2020-05-09 19:12:41 #4 type] 
Type domain.Event is not enhanced.

[2020-05-09 19:12:41 #5 type] 
Type domain.Question is not enhanced.

[2020-05-09 19:12:41 #6 type] 
Type domain.Competition is not enhanced.

[2020-05-09 19:12:41 #7 type] 
Type domain.Prediction is not enhanced.

[2020-05-09 19:12:41 #8 type] 
Type domain.User is not enhanced.

[2020-05-09 19:12:41 #9 type] 
Type domain.CreditCard is not enhanced.

[2020-05-09 19:12:41 #10 type] 
Type domain.Bet is not enhanced.

[2020-05-09 19:12:41 #11 type] 
Type domain.Profile is not enhanced.

[2020-05-09 19:12:53 #12 type] 
Type domain.Feedback is not enhanced.

[2020-05-09 19:22:29 #13 store] 
Database 'C:\Users\Usuario\git\BetAndRuin\BetAndRuin\resources\db\resources\bets.temp' is closed by 4288@DESKTOP-00OS7EM

[2020-05-09 19:22:40 #14 server] 
Server on port 6136 has stopped by 4288@DESKTOP-00OS7EM

------------------------------------------------------------------------------------------------------------------------

[2020-05-09 19:22:44 #1 server] 
Server on port 6136 has started by 1348@DESKTOP-00OS7EM

[2020-05-09 19:22:47 #2 store] 
Database 'C:\Users\Usuario\git\BetAndRuin\BetAndRuin\resources\db\resources\bets.temp' is opened by 1348@DESKTOP-00OS7EM

[2020-05-09 19:22:47 #3 store] 
Configuration path: ?

[2020-05-09 19:22:47 #4 type] 
Type domain.Event is not enhanced.

[2020-05-09 19:22:47 #5 type] 
Type domain.Question is not enhanced.

[2020-05-09 19:22:47 #6 type] 
Type domain.Competition is not enhanced.

[2020-05-09 19:22:47 #7 type] 
Type domain.Prediction is not enhanced.

[2020-05-09 19:22:47 #8 type] 
Type domain.User is not enhanced.

[2020-05-09 19:22:47 #9 type] 
Type domain.CreditCard is not enhanced.

[2020-05-09 19:22:47 #10 type] 
Type domain.Bet is not enhanced.

[2020-05-09 19:22:47 #11 type] 
Type domain.Profile is not enhanced.

[2020-05-09 19:23:03 #12 type] 
Type domain.Feedback is not enhanced.

[2020-05-09 19:47:45 #13 store] 
Database 'C:\Users\Usuario\git\BetAndRuin\BetAndRuin\resources\db\resources\bets.temp' is closed by 1348@DESKTOP-00OS7EM

[2020-05-09 19:47:57 #14 store] 
Database 'C:\Users\Usuario\git\BetAndRuin\BetAndRuin\resources\db\resources\bets.temp' is opened by 1348@DESKTOP-00OS7EM

[2020-05-09 19:47:57 #15 store] 
Configuration path: ?

[2020-05-09 20:06:21 #16 store] 
Database 'C:\Users\Usuario\git\BetAndRuin\BetAndRuin\resources\db\resources\bets.temp' is closed by 1348@DESKTOP-00OS7EM

[2020-05-09 20:06:24 #17 store] 
Database 'C:\Users\Usuario\git\BetAndRuin\BetAndRuin\resources\db\resources\bets.temp' is opened by 1348@DESKTOP-00OS7EM

[2020-05-09 20:06:24 #18 store] 
Configuration path: ?

[2020-05-09 20:07:30 #19 store] 
Database 'C:\Users\Usuario\git\BetAndRuin\BetAndRuin\resources\db\resources\bets.temp' is closed by 1348@DESKTOP-00OS7EM

[2020-05-09 20:07:33 #20 store] 
Database 'C:\Users\Usuario\git\BetAndRuin\BetAndRuin\resources\db\resources\bets.temp' is opened by 1348@DESKTOP-00OS7EM

[2020-05-09 20:07:33 #21 store] 
Configuration path: ?

[2020-05-09 20:08:49 #22 store] 
Database 'C:\Users\Usuario\git\BetAndRuin\BetAndRuin\resources\db\resources\bets.temp' is closed by 1348@DESKTOP-00OS7EM

[2020-05-09 20:08:51 #23 store] 
Database 'C:\Users\Usuario\git\BetAndRuin\BetAndRuin\resources\db\resources\bets.temp' is opened by 1348@DESKTOP-00OS7EM

[2020-05-09 20:08:51 #24 store] 
Configuration path: ?

[2020-05-09 20:14:15 #25 store] 
Database 'C:\Users\Usuario\git\BetAndRuin\BetAndRuin\resources\db\resources\bets.temp' is closed by 1348@DESKTOP-00OS7EM

[2020-05-09 20:14:16 #26 store] 
Database 'C:\Users\Usuario\git\BetAndRuin\BetAndRuin\resources\db\resources\bets.temp' is opened by 1348@DESKTOP-00OS7EM

[2020-05-09 20:14:16 #27 store] 
Configuration path: ?

[2020-05-09 20:18:12 #28 store] 
Database 'C:\Users\Usuario\git\BetAndRuin\BetAndRuin\resources\db\resources\bets.temp' is closed by 1348@DESKTOP-00OS7EM

[2020-05-09 20:18:14 #29 store] 
Database 'C:\Users\Usuario\git\BetAndRuin\BetAndRuin\resources\db\resources\bets.temp' is opened by 1348@DESKTOP-00OS7EM

[2020-05-09 20:18:14 #30 store] 
Configuration path: ?

[2020-05-09 20:43:47 #31 store] 
Database 'C:\Users\Usuario\git\BetAndRuin\BetAndRuin\resources\db\resources\bets.temp' is closed by 1348@DESKTOP-00OS7EM

[2020-05-09 20:43:57 #32 store] 
Database 'C:\Users\Usuario\git\BetAndRuin\BetAndRuin\resources\db\resources\bets.temp' is opened by 1348@DESKTOP-00OS7EM

[2020-05-09 20:43:57 #33 store] 
Configuration path: ?

[2020-05-09 20:46:41 #34 store] 
Database 'C:\Users\Usuario\git\BetAndRuin\BetAndRuin\resources\db\resources\bets.temp' is closed by 1348@DESKTOP-00OS7EM

[2020-05-09 20:46:48 #35 store] 
Database 'C:\Users\Usuario\git\BetAndRuin\BetAndRuin\resources\db\resources\bets.temp' is opened by 1348@DESKTOP-00OS7EM

[2020-05-09 20:46:48 #36 store] 
Configuration path: ?

[2020-05-09 20:47:00 #37 store] 
Database 'C:\Users\Usuario\git\BetAndRuin\BetAndRuin\resources\db\resources\bets.temp' is closed by 1348@DESKTOP-00OS7EM

[2020-05-09 20:47:00 #38 server] 
Server on port 6136 has stopped by 1348@DESKTOP-00OS7EM

------------------------------------------------------------------------------------------------------------------------

[2020-05-09 20:47:08 #1 server] 
Server on port 6136 has started by 8168@DESKTOP-00OS7EM

[2020-05-09 20:47:30 #2 store] 
Database 'C:\Users\Usuario\git\BetAndRuin\BetAndRuin\resources\db\resources\bets.temp' is opened by 8168@DESKTOP-00OS7EM

[2020-05-09 20:47:30 #3 store] 
Configuration path: ?

[2020-05-09 20:47:30 #4 type] 
Type domain.Event is not enhanced.

[2020-05-09 20:47:30 #5 type] 
Type domain.Question is not enhanced.

[2020-05-09 20:47:30 #6 type] 
Type domain.Competition is not enhanced.

[2020-05-09 20:47:30 #7 type] 
Type domain.Prediction is not enhanced.

[2020-05-09 20:47:30 #8 type] 
Type domain.User is not enhanced.

[2020-05-09 20:47:30 #9 type] 
Type domain.CreditCard is not enhanced.

[2020-05-09 20:47:30 #10 type] 
Type domain.Bet is not enhanced.

[2020-05-09 20:47:30 #11 type] 
Type domain.Profile is not enhanced.

[2020-05-09 20:47:37 #12 type] 
Type domain.Feedback is not enhanced.

[2020-05-09 20:52:26 #13 store] 
Database 'C:\Users\Usuario\git\BetAndRuin\BetAndRuin\resources\db\resources\bets.temp' is closed by 8168@DESKTOP-00OS7EM

[2020-05-09 20:52:28 #14 store] 
Database 'C:\Users\Usuario\git\BetAndRuin\BetAndRuin\resources\db\resources\bets.temp' is opened by 8168@DESKTOP-00OS7EM

[2020-05-09 20:52:28 #15 store] 
Configuration path: ?

[2020-05-09 20:58:29 #16 store] 
Database 'C:\Users\Usuario\git\BetAndRuin\BetAndRuin\resources\db\resources\bets.temp' is closed by 8168@DESKTOP-00OS7EM

[2020-05-09 20:58:41 #17 server] 
Server on port 6136 has stopped by 8168@DESKTOP-00OS7EM

------------------------------------------------------------------------------------------------------------------------

[2020-05-09 20:58:44 #1 server] 
Server on port 6136 has started by 8700@DESKTOP-00OS7EM

[2020-05-09 20:58:47 #2 store] 
Database 'C:\Users\Usuario\git\BetAndRuin\BetAndRuin\resources\db\resources\bets.temp' is opened by 8700@DESKTOP-00OS7EM

[2020-05-09 20:58:47 #3 store] 
Configuration path: ?

[2020-05-09 20:58:47 #4 type] 
Type domain.Event is not enhanced.

[2020-05-09 20:58:47 #5 type] 
Type domain.Question is not enhanced.

[2020-05-09 20:58:47 #6 type] 
Type domain.Competition is not enhanced.

[2020-05-09 20:58:47 #7 type] 
Type domain.Prediction is not enhanced.

[2020-05-09 20:58:47 #8 type] 
Type domain.User is not enhanced.

[2020-05-09 20:58:47 #9 type] 
Type domain.CreditCard is not enhanced.

[2020-05-09 20:58:47 #10 type] 
Type domain.Bet is not enhanced.

[2020-05-09 20:58:47 #11 type] 
Type domain.Profile is not enhanced.

[2020-05-09 20:58:59 #12 type] 
Type domain.Feedback is not enhanced.

[2020-05-09 21:04:29 #13 store] 
Database 'C:\Users\Usuario\git\BetAndRuin\BetAndRuin\resources\db\resources\bets.temp' is closed by 8700@DESKTOP-00OS7EM

------------------------------------------------------------------------------------------------------------------------

[2020-05-09 21:04:56 #1 server] 
java.net.BindException: Address already in use: JVM_Bind
	at java.net.DualStackPlainSocketImpl.bind0(Native Method)
	at java.net.DualStackPlainSocketImpl.socketBind(DualStackPlainSocketImpl.java:106)
	at java.net.AbstractPlainSocketImpl.bind(AbstractPlainSocketImpl.java:387)
	at java.net.PlainSocketImpl.bind(PlainSocketImpl.java:190)
	at java.net.ServerSocket.bind(ServerSocket.java:375)
	at java.net.ServerSocket.<init>(ServerSocket.java:237)
	at java.net.ServerSocket.<init>(ServerSocket.java:181)
	at com.objectdb.o.SMR.o(SMR.java:260)
	at com.objectdb.o.SMR.f(SMR.java:160)
	at com.objectdb.o.TOL.run(TOL.java:117)
	at com.objectdb.Server.runCommand(Server.java:200)
	at com.objectdb.Server.run(Server.java:104)
	at com.objectdb.Server.main(Server.java:63)

[2020-05-09 21:05:00 #14 store] 
Database 'C:\Users\Usuario\git\BetAndRuin\BetAndRuin\resources\db\resources\bets.temp' is opened by 8700@DESKTOP-00OS7EM

[2020-05-09 21:05:00 #15 store] 
Configuration path: ?

[2020-05-09 21:25:24 #16 store] 
Database 'C:\Users\Usuario\git\BetAndRuin\BetAndRuin\resources\db\resources\bets.temp' is closed by 8700@DESKTOP-00OS7EM

------------------------------------------------------------------------------------------------------------------------

[2020-05-09 21:25:32 #1 server] 
java.net.BindException: Address already in use: JVM_Bind
	at java.net.DualStackPlainSocketImpl.bind0(Native Method)
	at java.net.DualStackPlainSocketImpl.socketBind(DualStackPlainSocketImpl.java:106)
	at java.net.AbstractPlainSocketImpl.bind(AbstractPlainSocketImpl.java:387)
	at java.net.PlainSocketImpl.bind(PlainSocketImpl.java:190)
	at java.net.ServerSocket.bind(ServerSocket.java:375)
	at java.net.ServerSocket.<init>(ServerSocket.java:237)
	at java.net.ServerSocket.<init>(ServerSocket.java:181)
	at com.objectdb.o.SMR.o(SMR.java:260)
	at com.objectdb.o.SMR.f(SMR.java:160)
	at com.objectdb.o.TOL.run(TOL.java:117)
	at com.objectdb.Server.runCommand(Server.java:200)
	at com.objectdb.Server.run(Server.java:104)
	at com.objectdb.Server.main(Server.java:63)

[2020-05-09 21:25:35 #17 store] 
Database 'C:\Users\Usuario\git\BetAndRuin\BetAndRuin\resources\db\resources\bets.temp' is opened by 8700@DESKTOP-00OS7EM

[2020-05-09 21:25:35 #18 store] 
Configuration path: ?

[2020-05-09 21:29:19 #19 store] 
Database 'C:\Users\Usuario\git\BetAndRuin\BetAndRuin\resources\db\resources\bets.temp' is closed by 8700@DESKTOP-00OS7EM

[2020-05-09 21:29:27 #20 store] 
Database 'C:\Users\Usuario\git\BetAndRuin\BetAndRuin\resources\db\resources\bets.temp' is opened by 8700@DESKTOP-00OS7EM

[2020-05-09 21:29:27 #21 store] 
Configuration path: ?

------------------------------------------------------------------------------------------------------------------------

[2020-05-09 21:35:51 #1 server] 
java.net.BindException: Address already in use: JVM_Bind
	at java.net.DualStackPlainSocketImpl.bind0(Native Method)
	at java.net.DualStackPlainSocketImpl.socketBind(DualStackPlainSocketImpl.java:106)
	at java.net.AbstractPlainSocketImpl.bind(AbstractPlainSocketImpl.java:387)
	at java.net.PlainSocketImpl.bind(PlainSocketImpl.java:190)
	at java.net.ServerSocket.bind(ServerSocket.java:375)
	at java.net.ServerSocket.<init>(ServerSocket.java:237)
	at java.net.ServerSocket.<init>(ServerSocket.java:181)
	at com.objectdb.o.SMR.o(SMR.java:260)
	at com.objectdb.o.SMR.f(SMR.java:160)
	at com.objectdb.o.TOL.run(TOL.java:117)
	at com.objectdb.Server.runCommand(Server.java:200)
	at com.objectdb.Server.run(Server.java:104)
	at com.objectdb.Server.main(Server.java:63)

[2020-05-09 21:36:21 #22 store] 
Database 'C:\Users\Usuario\git\BetAndRuin\BetAndRuin\resources\db\resources\bets.temp' is closed by 8700@DESKTOP-00OS7EM

[2020-05-09 21:36:21 #23 server] 
Server on port 6136 has stopped by 8700@DESKTOP-00OS7EM

------------------------------------------------------------------------------------------------------------------------

[2020-05-09 21:36:32 #1 server] 
Server on port 6136 has started by 7076@DESKTOP-00OS7EM

[2020-05-09 21:36:34 #2 store] 
Database 'C:\Users\Usuario\git\BetAndRuin\BetAndRuin\resources\db\resources\bets.temp' is opened by 7076@DESKTOP-00OS7EM

[2020-05-09 21:36:34 #3 store] 
Configuration path: ?

[2020-05-09 21:36:34 #4 type] 
Type domain.Event is not enhanced.

[2020-05-09 21:36:34 #5 type] 
Type domain.Question is not enhanced.

[2020-05-09 21:36:34 #6 type] 
Type domain.Competition is not enhanced.

[2020-05-09 21:36:34 #7 type] 
Type domain.Prediction is not enhanced.

[2020-05-09 21:36:34 #8 type] 
Type domain.User is not enhanced.

[2020-05-09 21:36:34 #9 type] 
Type domain.CreditCard is not enhanced.

[2020-05-09 21:36:34 #10 type] 
Type domain.Bet is not enhanced.

[2020-05-09 21:36:34 #11 type] 
Type domain.Profile is not enhanced.

[2020-05-09 21:36:42 #12 type] 
Type domain.Feedback is not enhanced.

[2020-05-09 21:38:40 #13 store] 
Database 'C:\Users\Usuario\git\BetAndRuin\BetAndRuin\resources\db\resources\bets.temp' is closed by 7076@DESKTOP-00OS7EM

------------------------------------------------------------------------------------------------------------------------

[2020-05-09 21:38:55 #1 server] 
Server on port 6136 has started by 7364@DESKTOP-00OS7EM

[2020-05-09 21:38:57 #2 store] 
Database 'C:\Users\Usuario\git\BetAndRuin\BetAndRuin\resources\db\resources\bets.temp' is opened by 7364@DESKTOP-00OS7EM

[2020-05-09 21:38:57 #3 store] 
Configuration path: ?

[2020-05-09 21:38:58 #4 type] 
Type domain.Event is not enhanced.

[2020-05-09 21:38:58 #5 type] 
Type domain.Question is not enhanced.

[2020-05-09 21:38:58 #6 type] 
Type domain.Competition is not enhanced.

[2020-05-09 21:38:58 #7 type] 
Type domain.Prediction is not enhanced.

[2020-05-09 21:38:58 #8 type] 
Type domain.User is not enhanced.

[2020-05-09 21:38:58 #9 type] 
Type domain.CreditCard is not enhanced.

[2020-05-09 21:38:58 #10 type] 
Type domain.Bet is not enhanced.

[2020-05-09 21:38:58 #11 type] 
Type domain.Profile is not enhanced.

[2020-05-09 21:39:03 #12 type] 
Type domain.Feedback is not enhanced.

[2020-05-09 21:43:27 #13 store] 
Database 'C:\Users\Usuario\git\BetAndRuin\BetAndRuin\resources\db\resources\bets.temp' is closed by 7364@DESKTOP-00OS7EM

[2020-05-09 21:43:33 #14 server] 
Server on port 6136 has stopped by 7364@DESKTOP-00OS7EM

------------------------------------------------------------------------------------------------------------------------

[2020-05-09 21:43:36 #1 server] 
Server on port 6136 has started by 8072@DESKTOP-00OS7EM

[2020-05-09 21:43:39 #2 store] 
Database 'C:\Users\Usuario\git\BetAndRuin\BetAndRuin\resources\db\resources\bets.temp' is opened by 8072@DESKTOP-00OS7EM

[2020-05-09 21:43:39 #3 store] 
Configuration path: ?

[2020-05-09 21:43:39 #4 type] 
Type domain.Event is not enhanced.

[2020-05-09 21:43:39 #5 type] 
Type domain.Question is not enhanced.

[2020-05-09 21:43:39 #6 type] 
Type domain.Competition is not enhanced.

[2020-05-09 21:43:39 #7 type] 
Type domain.Prediction is not enhanced.

[2020-05-09 21:43:39 #8 type] 
Type domain.User is not enhanced.

[2020-05-09 21:43:39 #9 type] 
Type domain.CreditCard is not enhanced.

[2020-05-09 21:43:39 #10 type] 
Type domain.Bet is not enhanced.

[2020-05-09 21:43:39 #11 type] 
Type domain.Profile is not enhanced.

[2020-05-09 21:43:47 #12 type] 
Type domain.Feedback is not enhanced.

[2020-05-09 21:45:57 #13 store] 
Database 'C:\Users\Usuario\git\BetAndRuin\BetAndRuin\resources\db\resources\bets.temp' is closed by 8072@DESKTOP-00OS7EM

[2020-05-09 21:46:42 #14 server] 
Server on port 6136 has stopped by 8072@DESKTOP-00OS7EM

------------------------------------------------------------------------------------------------------------------------

[2020-05-09 21:46:44 #1 server] 
Server on port 6136 has started by 12976@DESKTOP-00OS7EM

[2020-05-09 21:46:46 #2 store] 
Database 'C:\Users\Usuario\git\BetAndRuin\BetAndRuin\resources\db\resources\bets.temp' is opened by 12976@DESKTOP-00OS7EM

[2020-05-09 21:46:46 #3 store] 
Configuration path: ?

[2020-05-09 21:46:46 #4 type] 
Type domain.Event is not enhanced.

[2020-05-09 21:46:46 #5 type] 
Type domain.Question is not enhanced.

[2020-05-09 21:46:46 #6 type] 
Type domain.Competition is not enhanced.

[2020-05-09 21:46:46 #7 type] 
Type domain.Prediction is not enhanced.

[2020-05-09 21:46:46 #8 type] 
Type domain.User is not enhanced.

[2020-05-09 21:46:46 #9 type] 
Type domain.CreditCard is not enhanced.

[2020-05-09 21:46:46 #10 type] 
Type domain.Bet is not enhanced.

[2020-05-09 21:46:46 #11 type] 
Type domain.Profile is not enhanced.

[2020-05-09 21:46:53 #12 type] 
Type domain.Feedback is not enhanced.

------------------------------------------------------------------------------------------------------------------------

[2020-05-09 21:49:19 #1 server] 
Server on port 6136 has started by 4984@DESKTOP-00OS7EM

[2020-05-09 21:49:22 #2 store] 
Database 'C:\Users\Usuario\git\BetAndRuin\BetAndRuin\resources\db\resources\bets.temp' is opened by 4984@DESKTOP-00OS7EM

[2020-05-09 21:49:22 #3 store] 
Configuration path: ?

[2020-05-09 21:49:22 #4 type] 
Type domain.Event is not enhanced.

[2020-05-09 21:49:22 #5 type] 
Type domain.Question is not enhanced.

[2020-05-09 21:49:22 #6 type] 
Type domain.Competition is not enhanced.

[2020-05-09 21:49:22 #7 type] 
Type domain.Prediction is not enhanced.

[2020-05-09 21:49:22 #8 type] 
Type domain.User is not enhanced.

[2020-05-09 21:49:22 #9 type] 
Type domain.CreditCard is not enhanced.

[2020-05-09 21:49:22 #10 type] 
Type domain.Bet is not enhanced.

[2020-05-09 21:49:22 #11 type] 
Type domain.Profile is not enhanced.

[2020-05-09 21:49:31 #12 type] 
Type domain.Feedback is not enhanced.

[2020-05-09 21:52:31 #13 store] 
Database 'C:\Users\Usuario\git\BetAndRuin\BetAndRuin\resources\db\resources\bets.temp' is closed by 4984@DESKTOP-00OS7EM

------------------------------------------------------------------------------------------------------------------------

[2020-05-09 21:52:49 #1 server] 
Server on port 6136 has started by 11720@DESKTOP-00OS7EM

[2020-05-09 21:52:52 #2 store] 
Database 'C:\Users\Usuario\git\BetAndRuin\BetAndRuin\resources\db\resources\bets.temp' is opened by 11720@DESKTOP-00OS7EM

[2020-05-09 21:52:52 #3 store] 
Configuration path: ?

[2020-05-09 21:52:52 #4 type] 
Type domain.Event is not enhanced.

[2020-05-09 21:52:52 #5 type] 
Type domain.Question is not enhanced.

[2020-05-09 21:52:52 #6 type] 
Type domain.Competition is not enhanced.

[2020-05-09 21:52:52 #7 type] 
Type domain.Prediction is not enhanced.

[2020-05-09 21:52:52 #8 type] 
Type domain.User is not enhanced.

[2020-05-09 21:52:52 #9 type] 
Type domain.CreditCard is not enhanced.

[2020-05-09 21:52:52 #10 type] 
Type domain.Bet is not enhanced.

[2020-05-09 21:52:52 #11 type] 
Type domain.Profile is not enhanced.

[2020-05-09 21:53:02 #12 type] 
Type domain.Feedback is not enhanced.

[2020-05-09 21:53:45 #13 store] 
Database 'C:\Users\Usuario\git\BetAndRuin\BetAndRuin\resources\db\resources\bets.temp' is closed by 11720@DESKTOP-00OS7EM

[2020-05-09 21:54:14 #14 server] 
Server on port 6136 has stopped by 11720@DESKTOP-00OS7EM

------------------------------------------------------------------------------------------------------------------------

[2020-05-09 21:54:15 #1 server] 
Server on port 6136 has started by 3588@DESKTOP-00OS7EM

[2020-05-09 21:54:17 #2 store] 
Database 'C:\Users\Usuario\git\BetAndRuin\BetAndRuin\resources\db\resources\bets.temp' is opened by 3588@DESKTOP-00OS7EM

[2020-05-09 21:54:17 #3 store] 
Configuration path: ?

[2020-05-09 21:54:17 #4 type] 
Type domain.Event is not enhanced.

[2020-05-09 21:54:17 #5 type] 
Type domain.Question is not enhanced.

[2020-05-09 21:54:17 #6 type] 
Type domain.Competition is not enhanced.

[2020-05-09 21:54:17 #7 type] 
Type domain.Prediction is not enhanced.

[2020-05-09 21:54:17 #8 type] 
Type domain.User is not enhanced.

[2020-05-09 21:54:17 #9 type] 
Type domain.CreditCard is not enhanced.

[2020-05-09 21:54:17 #10 type] 
Type domain.Bet is not enhanced.

[2020-05-09 21:54:17 #11 type] 
Type domain.Profile is not enhanced.

[2020-05-09 21:54:23 #12 type] 
Type domain.Feedback is not enhanced.

[2020-05-09 22:00:27 #13 store] 
Database 'C:\Users\Usuario\git\BetAndRuin\BetAndRuin\resources\db\resources\bets.temp' is closed by 3588@DESKTOP-00OS7EM

------------------------------------------------------------------------------------------------------------------------

[2020-05-09 22:00:34 #1 server] 
Server on port 6136 has started by 3276@DESKTOP-00OS7EM

[2020-05-09 22:00:36 #2 store] 
Database 'C:\Users\Usuario\git\BetAndRuin\BetAndRuin\resources\db\resources\bets.temp' is opened by 3276@DESKTOP-00OS7EM

[2020-05-09 22:00:36 #3 store] 
Configuration path: ?

[2020-05-09 22:00:37 #4 type] 
Type domain.Event is not enhanced.

[2020-05-09 22:00:37 #5 type] 
Type domain.Question is not enhanced.

[2020-05-09 22:00:37 #6 type] 
Type domain.Competition is not enhanced.

[2020-05-09 22:00:37 #7 type] 
Type domain.Prediction is not enhanced.

[2020-05-09 22:00:37 #8 type] 
Type domain.User is not enhanced.

[2020-05-09 22:00:37 #9 type] 
Type domain.CreditCard is not enhanced.

[2020-05-09 22:00:37 #10 type] 
Type domain.Bet is not enhanced.

[2020-05-09 22:00:37 #11 type] 
Type domain.Profile is not enhanced.

[2020-05-09 22:00:43 #12 type] 
Type domain.Feedback is not enhanced.

[2020-05-09 22:01:33 #13 store] 
Database 'C:\Users\Usuario\git\BetAndRuin\BetAndRuin\resources\db\resources\bets.temp' is closed by 3276@DESKTOP-00OS7EM

------------------------------------------------------------------------------------------------------------------------

[2020-05-09 22:01:46 #1 server] 
Server on port 6136 has started by 2052@DESKTOP-00OS7EM

[2020-05-09 22:01:49 #2 store] 
Database 'C:\Users\Usuario\git\BetAndRuin\BetAndRuin\resources\db\resources\bets.temp' is opened by 2052@DESKTOP-00OS7EM

[2020-05-09 22:01:49 #3 store] 
Configuration path: ?

[2020-05-09 22:01:49 #4 type] 
Type domain.Event is not enhanced.

[2020-05-09 22:01:49 #5 type] 
Type domain.Question is not enhanced.

[2020-05-09 22:01:49 #6 type] 
Type domain.Competition is not enhanced.

[2020-05-09 22:01:49 #7 type] 
Type domain.Prediction is not enhanced.

[2020-05-09 22:01:49 #8 type] 
Type domain.User is not enhanced.

[2020-05-09 22:01:49 #9 type] 
Type domain.CreditCard is not enhanced.

[2020-05-09 22:01:49 #10 type] 
Type domain.Bet is not enhanced.

[2020-05-09 22:01:49 #11 type] 
Type domain.Profile is not enhanced.

[2020-05-09 22:01:57 #12 type] 
Type domain.Feedback is not enhanced.

[2020-05-09 22:03:19 #13 store] 
Database 'C:\Users\Usuario\git\BetAndRuin\BetAndRuin\resources\db\resources\bets.temp' is closed by 2052@DESKTOP-00OS7EM

[2020-05-09 22:03:19 #14 server] 
Server on port 6136 has stopped by 2052@DESKTOP-00OS7EM

------------------------------------------------------------------------------------------------------------------------

[2020-05-09 22:03:23 #1 server] 
Server on port 6136 has started by 12808@DESKTOP-00OS7EM

[2020-05-09 22:03:25 #2 store] 
Database 'C:\Users\Usuario\git\BetAndRuin\BetAndRuin\resources\db\resources\bets.temp' is opened by 12808@DESKTOP-00OS7EM

[2020-05-09 22:03:25 #3 store] 
Configuration path: ?

[2020-05-09 22:03:25 #4 type] 
Type domain.Event is not enhanced.

[2020-05-09 22:03:25 #5 type] 
Type domain.Question is not enhanced.

[2020-05-09 22:03:25 #6 type] 
Type domain.Competition is not enhanced.

[2020-05-09 22:03:25 #7 type] 
Type domain.Prediction is not enhanced.

[2020-05-09 22:03:25 #8 type] 
Type domain.User is not enhanced.

[2020-05-09 22:03:25 #9 type] 
Type domain.CreditCard is not enhanced.

[2020-05-09 22:03:25 #10 type] 
Type domain.Bet is not enhanced.

[2020-05-09 22:03:25 #11 type] 
Type domain.Profile is not enhanced.

[2020-05-09 22:03:36 #12 type] 
Type domain.Feedback is not enhanced.

[2020-05-09 22:04:10 #13 store] 
Database 'C:\Users\Usuario\git\BetAndRuin\BetAndRuin\resources\db\resources\bets.temp' is closed by 12808@DESKTOP-00OS7EM

[2020-05-09 22:04:10 #14 server] 
Server on port 6136 has stopped by 12808@DESKTOP-00OS7EM

------------------------------------------------------------------------------------------------------------------------

[2020-05-09 22:04:25 #1 server] 
Server on port 6136 has started by 9896@DESKTOP-00OS7EM

[2020-05-09 22:04:27 #2 store] 
Database 'C:\Users\Usuario\git\BetAndRuin\BetAndRuin\resources\db\resources\bets.temp' is opened by 9896@DESKTOP-00OS7EM

[2020-05-09 22:04:27 #3 store] 
Configuration path: ?

[2020-05-09 22:04:28 #4 type] 
Type domain.Event is not enhanced.

[2020-05-09 22:04:28 #5 type] 
Type domain.Question is not enhanced.

[2020-05-09 22:04:28 #6 type] 
Type domain.Competition is not enhanced.

[2020-05-09 22:04:28 #7 type] 
Type domain.Prediction is not enhanced.

[2020-05-09 22:04:28 #8 type] 
Type domain.User is not enhanced.

[2020-05-09 22:04:28 #9 type] 
Type domain.CreditCard is not enhanced.

[2020-05-09 22:04:28 #10 type] 
Type domain.Bet is not enhanced.

[2020-05-09 22:04:28 #11 type] 
Type domain.Profile is not enhanced.

[2020-05-09 22:04:34 #12 type] 
Type domain.Feedback is not enhanced.

[2020-05-09 22:11:26 #13 store] 
Database 'C:\Users\Usuario\git\BetAndRuin\BetAndRuin\resources\db\resources\bets.temp' is closed by 9896@DESKTOP-00OS7EM

------------------------------------------------------------------------------------------------------------------------

[2020-05-09 22:11:39 #1 server] 
Server on port 6136 has started by 8164@DESKTOP-00OS7EM

[2020-05-09 22:11:42 #2 store] 
Database 'C:\Users\Usuario\git\BetAndRuin\BetAndRuin\resources\db\resources\bets.temp' is opened by 8164@DESKTOP-00OS7EM

[2020-05-09 22:11:42 #3 store] 
Configuration path: ?

[2020-05-09 22:11:42 #4 type] 
Type domain.Event is not enhanced.

[2020-05-09 22:11:42 #5 type] 
Type domain.Question is not enhanced.

[2020-05-09 22:11:42 #6 type] 
Type domain.Competition is not enhanced.

[2020-05-09 22:11:42 #7 type] 
Type domain.Prediction is not enhanced.

[2020-05-09 22:11:42 #8 type] 
Type domain.User is not enhanced.

[2020-05-09 22:11:42 #9 type] 
Type domain.CreditCard is not enhanced.

[2020-05-09 22:11:42 #10 type] 
Type domain.Bet is not enhanced.

[2020-05-09 22:11:42 #11 type] 
Type domain.Profile is not enhanced.

[2020-05-09 22:11:49 #12 type] 
Type domain.Feedback is not enhanced.

[2020-05-09 22:13:48 #13 store] 
Database 'C:\Users\Usuario\git\BetAndRuin\BetAndRuin\resources\db\resources\bets.temp' is closed by 8164@DESKTOP-00OS7EM

[2020-05-09 22:14:15 #14 server] 
Server on port 6136 has stopped by 8164@DESKTOP-00OS7EM

------------------------------------------------------------------------------------------------------------------------

[2020-05-09 22:14:23 #1 server] 
Server on port 6136 has started by 9636@DESKTOP-00OS7EM

[2020-05-09 22:14:25 #2 store] 
Database 'C:\Users\Usuario\git\BetAndRuin\BetAndRuin\resources\db\resources\bets.temp' is opened by 9636@DESKTOP-00OS7EM

[2020-05-09 22:14:25 #3 store] 
Configuration path: ?

[2020-05-09 22:14:26 #4 type] 
Type domain.Event is not enhanced.

[2020-05-09 22:14:26 #5 type] 
Type domain.Question is not enhanced.

[2020-05-09 22:14:26 #6 type] 
Type domain.Competition is not enhanced.

[2020-05-09 22:14:26 #7 type] 
Type domain.Prediction is not enhanced.

[2020-05-09 22:14:26 #8 type] 
Type domain.User is not enhanced.

[2020-05-09 22:14:26 #9 type] 
Type domain.CreditCard is not enhanced.

[2020-05-09 22:14:26 #10 type] 
Type domain.Bet is not enhanced.

[2020-05-09 22:14:26 #11 type] 
Type domain.Profile is not enhanced.

[2020-05-09 22:14:32 #12 type] 
Type domain.Feedback is not enhanced.

[2020-05-09 22:15:15 #13 store] 
Database 'C:\Users\Usuario\git\BetAndRuin\BetAndRuin\resources\db\resources\bets.temp' is closed by 9636@DESKTOP-00OS7EM

------------------------------------------------------------------------------------------------------------------------

[2020-05-09 22:15:28 #1 server] 
Server on port 6136 has started by 3168@DESKTOP-00OS7EM

------------------------------------------------------------------------------------------------------------------------

[2020-05-09 22:15:32 #1 server] 
java.net.BindException: Address already in use: JVM_Bind
	at java.net.DualStackPlainSocketImpl.bind0(Native Method)
	at java.net.DualStackPlainSocketImpl.socketBind(DualStackPlainSocketImpl.java:106)
	at java.net.AbstractPlainSocketImpl.bind(AbstractPlainSocketImpl.java:387)
	at java.net.PlainSocketImpl.bind(PlainSocketImpl.java:190)
	at java.net.ServerSocket.bind(ServerSocket.java:375)
	at java.net.ServerSocket.<init>(ServerSocket.java:237)
	at java.net.ServerSocket.<init>(ServerSocket.java:181)
	at com.objectdb.o.SMR.o(SMR.java:260)
	at com.objectdb.o.SMR.f(SMR.java:160)
	at com.objectdb.o.TOL.run(TOL.java:117)
	at com.objectdb.Server.runCommand(Server.java:200)
	at com.objectdb.Server.run(Server.java:104)
	at com.objectdb.Server.main(Server.java:63)

[2020-05-09 22:15:34 #2 store] 
Database 'C:\Users\Usuario\git\BetAndRuin\BetAndRuin\resources\db\resources\bets.temp' is opened by 3168@DESKTOP-00OS7EM

[2020-05-09 22:15:34 #3 store] 
Configuration path: ?

[2020-05-09 22:15:34 #4 type] 
Type domain.Event is not enhanced.

[2020-05-09 22:15:34 #5 type] 
Type domain.Question is not enhanced.

[2020-05-09 22:15:34 #6 type] 
Type domain.Competition is not enhanced.

[2020-05-09 22:15:34 #7 type] 
Type domain.Prediction is not enhanced.

[2020-05-09 22:15:34 #8 type] 
Type domain.User is not enhanced.

[2020-05-09 22:15:34 #9 type] 
Type domain.CreditCard is not enhanced.

[2020-05-09 22:15:34 #10 type] 
Type domain.Bet is not enhanced.

[2020-05-09 22:15:34 #11 type] 
Type domain.Profile is not enhanced.

[2020-05-09 22:15:41 #12 type] 
Type domain.Feedback is not enhanced.

[2020-05-09 22:16:35 #13 store] 
Database 'C:\Users\Usuario\git\BetAndRuin\BetAndRuin\resources\db\resources\bets.temp' is closed by 3168@DESKTOP-00OS7EM

[2020-05-09 22:16:44 #14 server] 
Server on port 6136 has stopped by 3168@DESKTOP-00OS7EM

------------------------------------------------------------------------------------------------------------------------

[2020-05-09 22:16:47 #1 server] 
Server on port 6136 has started by 11328@DESKTOP-00OS7EM

[2020-05-09 22:16:49 #2 store] 
Database 'C:\Users\Usuario\git\BetAndRuin\BetAndRuin\resources\db\resources\bets.temp' is opened by 11328@DESKTOP-00OS7EM

[2020-05-09 22:16:49 #3 store] 
Configuration path: ?

[2020-05-09 22:16:49 #4 type] 
Type domain.Event is not enhanced.

[2020-05-09 22:16:49 #5 type] 
Type domain.Question is not enhanced.

[2020-05-09 22:16:49 #6 type] 
Type domain.Competition is not enhanced.

[2020-05-09 22:16:49 #7 type] 
Type domain.Prediction is not enhanced.

[2020-05-09 22:16:49 #8 type] 
Type domain.User is not enhanced.

[2020-05-09 22:16:49 #9 type] 
Type domain.CreditCard is not enhanced.

[2020-05-09 22:16:49 #10 type] 
Type domain.Bet is not enhanced.

[2020-05-09 22:16:49 #11 type] 
Type domain.Profile is not enhanced.

[2020-05-09 22:16:55 #12 type] 
Type domain.Feedback is not enhanced.

[2020-05-09 22:18:30 #13 store] 
Database 'C:\Users\Usuario\git\BetAndRuin\BetAndRuin\resources\db\resources\bets.temp' is closed by 11328@DESKTOP-00OS7EM

------------------------------------------------------------------------------------------------------------------------

[2020-05-09 22:18:49 #1 server] 
Server on port 6136 has started by 6980@DESKTOP-00OS7EM

[2020-05-09 22:18:51 #2 store] 
Database 'C:\Users\Usuario\git\BetAndRuin\BetAndRuin\resources\db\resources\bets.temp' is opened by 6980@DESKTOP-00OS7EM

[2020-05-09 22:18:51 #3 store] 
Configuration path: ?

[2020-05-09 22:18:51 #4 type] 
Type domain.Event is not enhanced.

[2020-05-09 22:18:51 #5 type] 
Type domain.Question is not enhanced.

[2020-05-09 22:18:51 #6 type] 
Type domain.Competition is not enhanced.

[2020-05-09 22:18:51 #7 type] 
Type domain.Prediction is not enhanced.

[2020-05-09 22:18:51 #8 type] 
Type domain.User is not enhanced.

[2020-05-09 22:18:51 #9 type] 
Type domain.CreditCard is not enhanced.

[2020-05-09 22:18:51 #10 type] 
Type domain.Bet is not enhanced.

[2020-05-09 22:18:51 #11 type] 
Type domain.Profile is not enhanced.

[2020-05-09 22:19:00 #12 type] 
Type domain.Feedback is not enhanced.

[2020-05-09 22:22:00 #13 store] 
Database 'C:\Users\Usuario\git\BetAndRuin\BetAndRuin\resources\db\resources\bets.temp' is closed by 6980@DESKTOP-00OS7EM

------------------------------------------------------------------------------------------------------------------------

[2020-05-09 22:22:12 #1 server] 
Server on port 6136 has started by 11312@DESKTOP-00OS7EM

[2020-05-09 22:22:16 #2 store] 
Database 'C:\Users\Usuario\git\BetAndRuin\BetAndRuin\resources\db\resources\bets.temp' is opened by 11312@DESKTOP-00OS7EM

[2020-05-09 22:22:16 #3 store] 
Configuration path: ?

[2020-05-09 22:22:16 #4 type] 
Type domain.Event is not enhanced.

[2020-05-09 22:22:16 #5 type] 
Type domain.Question is not enhanced.

[2020-05-09 22:22:16 #6 type] 
Type domain.Competition is not enhanced.

[2020-05-09 22:22:16 #7 type] 
Type domain.Prediction is not enhanced.

[2020-05-09 22:22:16 #8 type] 
Type domain.User is not enhanced.

[2020-05-09 22:22:16 #9 type] 
Type domain.CreditCard is not enhanced.

[2020-05-09 22:22:16 #10 type] 
Type domain.Bet is not enhanced.

[2020-05-09 22:22:16 #11 type] 
Type domain.Profile is not enhanced.

[2020-05-09 22:22:23 #12 type] 
Type domain.Feedback is not enhanced.

[2020-05-09 22:30:03 #13 store] 
Database 'C:\Users\Usuario\git\BetAndRuin\BetAndRuin\resources\db\resources\bets.temp' is closed by 11312@DESKTOP-00OS7EM

[2020-05-09 22:30:07 #14 server] 
Server on port 6136 has stopped by 11312@DESKTOP-00OS7EM

------------------------------------------------------------------------------------------------------------------------

[2020-05-09 22:30:33 #1 server] 
Server on port 6136 has started by 6644@DESKTOP-00OS7EM

[2020-05-09 22:30:35 #2 store] 
Database 'C:\Users\Usuario\git\BetAndRuin\BetAndRuin\resources\db\resources\bets.temp' is opened by 6644@DESKTOP-00OS7EM

[2020-05-09 22:30:35 #3 store] 
Configuration path: ?

[2020-05-09 22:30:35 #4 type] 
Type domain.Event is not enhanced.

[2020-05-09 22:30:35 #5 type] 
Type domain.Question is not enhanced.

[2020-05-09 22:30:35 #6 type] 
Type domain.Competition is not enhanced.

[2020-05-09 22:30:35 #7 type] 
Type domain.Prediction is not enhanced.

[2020-05-09 22:30:35 #8 type] 
Type domain.User is not enhanced.

[2020-05-09 22:30:35 #9 type] 
Type domain.CreditCard is not enhanced.

[2020-05-09 22:30:35 #10 type] 
Type domain.Bet is not enhanced.

[2020-05-09 22:30:35 #11 type] 
Type domain.Profile is not enhanced.

[2020-05-09 22:30:42 #12 type] 
Type domain.Feedback is not enhanced.

[2020-05-09 22:53:39 #13 store] 
Database 'C:\Users\Usuario\git\BetAndRuin\BetAndRuin\resources\db\resources\bets.temp' is closed by 6644@DESKTOP-00OS7EM

[2020-05-09 22:53:39 #14 server] 
Server on port 6136 has stopped by 6644@DESKTOP-00OS7EM

------------------------------------------------------------------------------------------------------------------------

[2020-05-09 22:53:49 #1 server] 
Server on port 6136 has started by 12552@DESKTOP-00OS7EM

[2020-05-09 22:53:51 #2 store] 
Database 'C:\Users\Usuario\git\BetAndRuin\BetAndRuin\resources\db\resources\bets.temp' is opened by 12552@DESKTOP-00OS7EM

[2020-05-09 22:53:51 #3 store] 
Configuration path: ?

[2020-05-09 22:53:52 #4 type] 
Type domain.Event is not enhanced.

[2020-05-09 22:53:52 #5 type] 
Type domain.Question is not enhanced.

[2020-05-09 22:53:52 #6 type] 
Type domain.Competition is not enhanced.

[2020-05-09 22:53:52 #7 type] 
Type domain.Prediction is not enhanced.

[2020-05-09 22:53:52 #8 type] 
Type domain.User is not enhanced.

[2020-05-09 22:53:52 #9 type] 
Type domain.CreditCard is not enhanced.

[2020-05-09 22:53:52 #10 type] 
Type domain.Bet is not enhanced.

[2020-05-09 22:53:52 #11 type] 
Type domain.Profile is not enhanced.

[2020-05-09 22:53:59 #12 type] 
Type domain.Feedback is not enhanced.

[2020-05-09 22:58:34 #13 store] 
Database 'C:\Users\Usuario\git\BetAndRuin\BetAndRuin\resources\db\resources\bets.temp' is closed by 12552@DESKTOP-00OS7EM

[2020-05-09 22:58:34 #14 server] 
Server on port 6136 has stopped by 12552@DESKTOP-00OS7EM

------------------------------------------------------------------------------------------------------------------------

[2020-05-09 22:59:27 #1 server] 
Server on port 6136 has started by 6340@DESKTOP-00OS7EM

[2020-05-09 22:59:30 #2 store] 
Database 'C:\Users\Usuario\git\BetAndRuin\BetAndRuin\resources\db\resources\bets.temp' is opened by 6340@DESKTOP-00OS7EM

[2020-05-09 22:59:30 #3 store] 
Configuration path: ?

[2020-05-09 22:59:30 #4 type] 
Type domain.Event is not enhanced.

[2020-05-09 22:59:30 #5 type] 
Type domain.Question is not enhanced.

[2020-05-09 22:59:30 #6 type] 
Type domain.Competition is not enhanced.

[2020-05-09 22:59:30 #7 type] 
Type domain.Prediction is not enhanced.

[2020-05-09 22:59:30 #8 type] 
Type domain.User is not enhanced.

[2020-05-09 22:59:30 #9 type] 
Type domain.CreditCard is not enhanced.

[2020-05-09 22:59:30 #10 type] 
Type domain.Bet is not enhanced.

[2020-05-09 22:59:30 #11 type] 
Type domain.Profile is not enhanced.

[2020-05-09 23:05:44 #12 type] 
Type domain.Feedback is not enhanced.

------------------------------------------------------------------------------------------------------------------------

[2020-05-09 23:10:52 #1 server] 
Server on port 6136 has started by 6452@DESKTOP-00OS7EM

[2020-05-09 23:10:54 #2 store] 
Database 'C:\Users\Usuario\git\BetAndRuin\BetAndRuin\resources\db\resources\bets.temp' is opened by 6452@DESKTOP-00OS7EM

[2020-05-09 23:10:54 #3 store] 
Configuration path: ?

[2020-05-09 23:10:54 #4 type] 
Type domain.Event is not enhanced.

[2020-05-09 23:10:54 #5 type] 
Type domain.Question is not enhanced.

[2020-05-09 23:10:54 #6 type] 
Type domain.Competition is not enhanced.

[2020-05-09 23:10:54 #7 type] 
Type domain.Prediction is not enhanced.

[2020-05-09 23:10:54 #8 type] 
Type domain.User is not enhanced.

[2020-05-09 23:10:54 #9 type] 
Type domain.CreditCard is not enhanced.

[2020-05-09 23:10:54 #10 type] 
Type domain.Bet is not enhanced.

[2020-05-09 23:10:54 #11 type] 
Type domain.Profile is not enhanced.

[2020-05-09 23:11:58 #12 type] 
Type domain.Feedback is not enhanced.

[2020-05-09 23:14:28 #13 store] 
Database 'C:\Users\Usuario\git\BetAndRuin\BetAndRuin\resources\db\resources\bets.temp' is closed by 6452@DESKTOP-00OS7EM

[2020-05-09 23:14:38 #14 server] 
Server on port 6136 has stopped by 6452@DESKTOP-00OS7EM

------------------------------------------------------------------------------------------------------------------------

[2020-05-09 23:14:44 #1 server] 
Server on port 6136 has started by 9996@DESKTOP-00OS7EM

[2020-05-09 23:14:47 #2 store] 
Database 'C:\Users\Usuario\git\BetAndRuin\BetAndRuin\resources\db\resources\bets.temp' is opened by 9996@DESKTOP-00OS7EM

[2020-05-09 23:14:47 #3 store] 
Configuration path: ?

[2020-05-09 23:14:47 #4 type] 
Type domain.Event is not enhanced.

[2020-05-09 23:14:47 #5 type] 
Type domain.Question is not enhanced.

[2020-05-09 23:14:47 #6 type] 
Type domain.Competition is not enhanced.

[2020-05-09 23:14:47 #7 type] 
Type domain.Prediction is not enhanced.

[2020-05-09 23:14:47 #8 type] 
Type domain.User is not enhanced.

[2020-05-09 23:14:47 #9 type] 
Type domain.CreditCard is not enhanced.

[2020-05-09 23:14:47 #10 type] 
Type domain.Bet is not enhanced.

[2020-05-09 23:14:47 #11 type] 
Type domain.Profile is not enhanced.

[2020-05-09 23:15:27 #12 type] 
Type domain.Feedback is not enhanced.

[2020-05-09 23:37:00 #13 store] 
Database 'C:\Users\Usuario\git\BetAndRuin\BetAndRuin\resources\db\resources\bets.temp' is closed by 9996@DESKTOP-00OS7EM

------------------------------------------------------------------------------------------------------------------------

[2020-05-09 23:37:37 #1 server] 
Server on port 6136 has started by 4600@DESKTOP-00OS7EM

[2020-05-09 23:37:39 #2 store] 
Database 'C:\Users\Usuario\git\BetAndRuin\BetAndRuin\resources\db\resources\bets.temp' is opened by 4600@DESKTOP-00OS7EM

[2020-05-09 23:37:39 #3 store] 
Configuration path: ?

[2020-05-09 23:37:40 #4 type] 
Type domain.Event is not enhanced.

[2020-05-09 23:37:40 #5 type] 
Type domain.Question is not enhanced.

[2020-05-09 23:37:40 #6 type] 
Type domain.Competition is not enhanced.

[2020-05-09 23:37:40 #7 type] 
Type domain.Prediction is not enhanced.

[2020-05-09 23:37:40 #8 type] 
Type domain.User is not enhanced.

[2020-05-09 23:37:40 #9 type] 
Type domain.CreditCard is not enhanced.

[2020-05-09 23:37:40 #10 type] 
Type domain.Bet is not enhanced.

[2020-05-09 23:37:40 #11 type] 
Type domain.Profile is not enhanced.

[2020-05-09 23:37:47 #12 type] 
Type domain.Feedback is not enhanced.

[2020-05-09 23:40:56 #13 store] 
Database 'C:\Users\Usuario\git\BetAndRuin\BetAndRuin\resources\db\resources\bets.temp' is closed by 4600@DESKTOP-00OS7EM

------------------------------------------------------------------------------------------------------------------------

[2020-05-09 23:41:09 #1 server] 
java.net.BindException: Address already in use: JVM_Bind
	at java.net.DualStackPlainSocketImpl.bind0(Native Method)
	at java.net.DualStackPlainSocketImpl.socketBind(DualStackPlainSocketImpl.java:106)
	at java.net.AbstractPlainSocketImpl.bind(AbstractPlainSocketImpl.java:387)
	at java.net.PlainSocketImpl.bind(PlainSocketImpl.java:190)
	at java.net.ServerSocket.bind(ServerSocket.java:375)
	at java.net.ServerSocket.<init>(ServerSocket.java:237)
	at java.net.ServerSocket.<init>(ServerSocket.java:181)
	at com.objectdb.o.SMR.o(SMR.java:260)
	at com.objectdb.o.SMR.f(SMR.java:160)
	at com.objectdb.o.TOL.run(TOL.java:117)
	at com.objectdb.Server.runCommand(Server.java:200)
	at com.objectdb.Server.run(Server.java:104)
	at com.objectdb.Server.main(Server.java:63)

[2020-05-09 23:41:11 #14 store] 
Database 'C:\Users\Usuario\git\BetAndRuin\BetAndRuin\resources\db\resources\bets.temp' is opened by 4600@DESKTOP-00OS7EM

[2020-05-09 23:41:11 #15 store] 
Configuration path: ?

[2020-05-09 23:42:56 #16 store] 
Database 'C:\Users\Usuario\git\BetAndRuin\BetAndRuin\resources\db\resources\bets.temp' is closed by 4600@DESKTOP-00OS7EM

