------------------------------------------------------------------------------------------------------------------------

[2020-05-16 10:59:52 #1 server] 
Server on port 6136 has started by 6612@DESKTOP-6FCSN85

[2020-05-16 10:59:55 #2 store] 
Database 'C:\Users\Jon\git\BetAndRuin\BetAndRuin\resources\db\resources\bets.temp' is opened by 6612@DESKTOP-6FCSN85

[2020-05-16 10:59:55 #3 store] 
Configuration path: ?

[2020-05-16 10:59:55 #4 type] 
Type domain.Event is not enhanced.

[2020-05-16 10:59:55 #5 type] 
Type domain.Question is not enhanced.

[2020-05-16 10:59:55 #6 type] 
Type domain.Competition is not enhanced.

[2020-05-16 10:59:55 #7 type] 
Type domain.Prediction is not enhanced.

[2020-05-16 10:59:55 #8 type] 
Type domain.User is not enhanced.

[2020-05-16 10:59:55 #9 type] 
Type domain.CreditCard is not enhanced.

[2020-05-16 10:59:55 #10 type] 
Type domain.Bet is not enhanced.

[2020-05-16 10:59:55 #11 type] 
Type domain.Profile is not enhanced.

[2020-05-16 11:00:08 #12 type] 
Type domain.FeedbackRecord is not enhanced.

[2020-05-16 11:00:08 #13 type] 
Type domain.Feedback is not enhanced.

[2020-05-16 17:13:44 #14 store] 
Database 'C:\Users\Jon\git\BetAndRuin\BetAndRuin\resources\db\resources\bets.temp' is closed by 6612@DESKTOP-6FCSN85

