------------------------------------------------------------------------------------------------------------------------

[2020-05-08 16:15:12 #1 server] 
Server on port 6136 has started by 7632@DESKTOP-00OS7EM

------------------------------------------------------------------------------------------------------------------------

[2020-05-08 16:15:30 #1 server] 
java.net.BindException: Address already in use: JVM_Bind
	at java.net.DualStackPlainSocketImpl.bind0(Native Method)
	at java.net.DualStackPlainSocketImpl.socketBind(DualStackPlainSocketImpl.java:106)
	at java.net.AbstractPlainSocketImpl.bind(AbstractPlainSocketImpl.java:387)
	at java.net.PlainSocketImpl.bind(PlainSocketImpl.java:190)
	at java.net.ServerSocket.bind(ServerSocket.java:375)
	at java.net.ServerSocket.<init>(ServerSocket.java:237)
	at java.net.ServerSocket.<init>(ServerSocket.java:181)
	at com.objectdb.o.SMR.o(SMR.java:260)
	at com.objectdb.o.SMR.f(SMR.java:160)
	at com.objectdb.o.TOL.run(TOL.java:117)
	at com.objectdb.Server.runCommand(Server.java:200)
	at com.objectdb.Server.run(Server.java:104)
	at com.objectdb.Server.main(Server.java:63)

[2020-05-08 16:15:42 #2 store] 
Database 'C:\Users\Usuario\git\BetAndRuin\BetAndRuin\resources\db\resources\bets.temp' is opened by 7632@DESKTOP-00OS7EM

[2020-05-08 16:15:42 #3 store] 
Configuration path: ?

[2020-05-08 16:15:42 #4 type] 
Type domain.Event is not enhanced.

[2020-05-08 16:15:42 #5 type] 
Type domain.Question is not enhanced.

[2020-05-08 16:15:42 #6 type] 
Type domain.Competition is not enhanced.

[2020-05-08 16:15:42 #7 type] 
Type domain.Prediction is not enhanced.

[2020-05-08 16:15:42 #8 type] 
Type domain.User is not enhanced.

[2020-05-08 16:15:42 #9 type] 
Type domain.CreditCard is not enhanced.

[2020-05-08 16:15:42 #10 type] 
Type domain.Bet is not enhanced.

[2020-05-08 16:15:42 #11 type] 
Type domain.Profile is not enhanced.

[2020-05-08 16:15:51 #12 store] 
Database 'C:\Users\Usuario\git\BetAndRuin\BetAndRuin\resources\db\resources\bets.temp' is closed by 7632@DESKTOP-00OS7EM

[2020-05-08 16:27:13 #13 store] 
Database 'C:\Users\Usuario\git\BetAndRuin\BetAndRuin\resources\db\resources\bets.temp' is opened by 7632@DESKTOP-00OS7EM

[2020-05-08 16:27:13 #14 store] 
Configuration path: ?

[2020-05-08 16:27:51 #15 store] 
Database 'C:\Users\Usuario\git\BetAndRuin\BetAndRuin\resources\db\resources\bets.temp' is closed by 7632@DESKTOP-00OS7EM

[2020-05-08 16:28:25 #16 store] 
Database 'C:\Users\Usuario\git\BetAndRuin\BetAndRuin\resources\db\resources\bets.temp' is opened by 7632@DESKTOP-00OS7EM

[2020-05-08 16:28:25 #17 store] 
Configuration path: ?

[2020-05-08 16:28:26 #18 store] 
Database 'C:\Users\Usuario\git\BetAndRuin\BetAndRuin\resources\db\resources\bets.temp' is closed by 7632@DESKTOP-00OS7EM

------------------------------------------------------------------------------------------------------------------------

[2020-05-08 16:29:42 #1 server] 
Server on port 6136 has started by 6712@DESKTOP-00OS7EM

[2020-05-08 16:29:50 #2 store] 
Database 'C:\Users\Usuario\git\BetAndRuin\BetAndRuin\resources\db\resources\bets.temp' is opened by 6712@DESKTOP-00OS7EM

[2020-05-08 16:29:50 #3 store] 
Configuration path: ?

[2020-05-08 16:29:50 #4 type] 
Type domain.Event is not enhanced.

[2020-05-08 16:29:50 #5 type] 
Type domain.Question is not enhanced.

[2020-05-08 16:29:50 #6 type] 
Type domain.Competition is not enhanced.

[2020-05-08 16:29:50 #7 type] 
Type domain.Prediction is not enhanced.

[2020-05-08 16:29:50 #8 type] 
Type domain.User is not enhanced.

[2020-05-08 16:29:50 #9 type] 
Type domain.CreditCard is not enhanced.

[2020-05-08 16:29:50 #10 type] 
Type domain.Bet is not enhanced.

[2020-05-08 16:29:50 #11 type] 
Type domain.Profile is not enhanced.

[2020-05-08 16:30:21 #12 store] 
Database 'C:\Users\Usuario\git\BetAndRuin\BetAndRuin\resources\db\resources\bets.temp' is closed by 6712@DESKTOP-00OS7EM

------------------------------------------------------------------------------------------------------------------------

[2020-05-08 16:31:30 #1 server] 
Server on port 6136 has started by 7328@DESKTOP-00OS7EM

------------------------------------------------------------------------------------------------------------------------

[2020-05-08 16:31:39 #1 server] 
java.net.BindException: Address already in use: JVM_Bind
	at java.net.DualStackPlainSocketImpl.bind0(Native Method)
	at java.net.DualStackPlainSocketImpl.socketBind(DualStackPlainSocketImpl.java:106)
	at java.net.AbstractPlainSocketImpl.bind(AbstractPlainSocketImpl.java:387)
	at java.net.PlainSocketImpl.bind(PlainSocketImpl.java:190)
	at java.net.ServerSocket.bind(ServerSocket.java:375)
	at java.net.ServerSocket.<init>(ServerSocket.java:237)
	at java.net.ServerSocket.<init>(ServerSocket.java:181)
	at com.objectdb.o.SMR.o(SMR.java:260)
	at com.objectdb.o.SMR.f(SMR.java:160)
	at com.objectdb.o.TOL.run(TOL.java:117)
	at com.objectdb.Server.runCommand(Server.java:200)
	at com.objectdb.Server.run(Server.java:104)
	at com.objectdb.Server.main(Server.java:63)

[2020-05-08 16:32:37 #2 store] 
Database 'C:\Users\Usuario\git\BetAndRuin\BetAndRuin\resources\db\resources\bets.temp' is opened by 7328@DESKTOP-00OS7EM

[2020-05-08 16:32:37 #3 store] 
Configuration path: ?

[2020-05-08 16:32:37 #4 type] 
Type domain.Event is not enhanced.

[2020-05-08 16:32:37 #5 type] 
Type domain.Question is not enhanced.

[2020-05-08 16:32:37 #6 type] 
Type domain.Competition is not enhanced.

[2020-05-08 16:32:37 #7 type] 
Type domain.Prediction is not enhanced.

[2020-05-08 16:32:37 #8 type] 
Type domain.User is not enhanced.

[2020-05-08 16:32:37 #9 type] 
Type domain.CreditCard is not enhanced.

[2020-05-08 16:32:37 #10 type] 
Type domain.Bet is not enhanced.

[2020-05-08 16:32:37 #11 type] 
Type domain.Profile is not enhanced.

------------------------------------------------------------------------------------------------------------------------

[2020-05-08 16:33:12 #1 server] 
java.net.BindException: Address already in use: JVM_Bind
	at java.net.DualStackPlainSocketImpl.bind0(Native Method)
	at java.net.DualStackPlainSocketImpl.socketBind(DualStackPlainSocketImpl.java:106)
	at java.net.AbstractPlainSocketImpl.bind(AbstractPlainSocketImpl.java:387)
	at java.net.PlainSocketImpl.bind(PlainSocketImpl.java:190)
	at java.net.ServerSocket.bind(ServerSocket.java:375)
	at java.net.ServerSocket.<init>(ServerSocket.java:237)
	at java.net.ServerSocket.<init>(ServerSocket.java:181)
	at com.objectdb.o.SMR.o(SMR.java:260)
	at com.objectdb.o.SMR.f(SMR.java:160)
	at com.objectdb.o.TOL.run(TOL.java:117)
	at com.objectdb.Server.runCommand(Server.java:200)
	at com.objectdb.Server.run(Server.java:104)
	at com.objectdb.Server.main(Server.java:63)

------------------------------------------------------------------------------------------------------------------------

[2020-05-08 16:34:11 #1 server] 
java.net.BindException: Address already in use: NET_Bind
	at java.base/java.net.PlainSocketImpl.bind0(Native Method)
	at java.base/java.net.PlainSocketImpl.socketBind(PlainSocketImpl.java:132)
	at java.base/java.net.AbstractPlainSocketImpl.bind(AbstractPlainSocketImpl.java:436)
	at java.base/java.net.ServerSocket.bind(ServerSocket.java:386)
	at java.base/java.net.ServerSocket.<init>(ServerSocket.java:248)
	at java.base/java.net.ServerSocket.<init>(ServerSocket.java:192)
	at com.objectdb.o.SMR.o(SMR.java:260)
	at com.objectdb.o.SMR.f(SMR.java:160)
	at com.objectdb.o.TOL.run(TOL.java:117)
	at com.objectdb.Server.runCommand(Server.java:193)
	at com.objectdb.Server.run(Server.java:102)
	at com.objectdb.ServerRunner.main(ServerRunner.java:31)

[2020-05-08 16:56:13 #12 store] 
Database 'C:\Users\Usuario\git\BetAndRuin\BetAndRuin\resources\db\resources\bets.temp' is closed by 7328@DESKTOP-00OS7EM

[2020-05-08 16:56:27 #13 store] 
Database 'C:\Users\Usuario\git\BetAndRuin\BetAndRuin\resources\db\resources\bets.temp' is opened by 7328@DESKTOP-00OS7EM

[2020-05-08 16:56:27 #14 store] 
Configuration path: ?

------------------------------------------------------------------------------------------------------------------------

[2020-05-08 16:56:47 #1 server] 
java.net.BindException: Address already in use: JVM_Bind
	at java.net.DualStackPlainSocketImpl.bind0(Native Method)
	at java.net.DualStackPlainSocketImpl.socketBind(DualStackPlainSocketImpl.java:106)
	at java.net.AbstractPlainSocketImpl.bind(AbstractPlainSocketImpl.java:387)
	at java.net.PlainSocketImpl.bind(PlainSocketImpl.java:190)
	at java.net.ServerSocket.bind(ServerSocket.java:375)
	at java.net.ServerSocket.<init>(ServerSocket.java:237)
	at java.net.ServerSocket.<init>(ServerSocket.java:181)
	at com.objectdb.o.SMR.o(SMR.java:260)
	at com.objectdb.o.SMR.f(SMR.java:160)
	at com.objectdb.o.TOL.run(TOL.java:117)
	at com.objectdb.Server.runCommand(Server.java:200)
	at com.objectdb.Server.run(Server.java:104)
	at com.objectdb.Server.main(Server.java:63)

------------------------------------------------------------------------------------------------------------------------

[2020-05-08 16:57:13 #1 server] 
java.net.BindException: Address already in use: JVM_Bind
	at java.net.DualStackPlainSocketImpl.bind0(Native Method)
	at java.net.DualStackPlainSocketImpl.socketBind(DualStackPlainSocketImpl.java:106)
	at java.net.AbstractPlainSocketImpl.bind(AbstractPlainSocketImpl.java:387)
	at java.net.PlainSocketImpl.bind(PlainSocketImpl.java:190)
	at java.net.ServerSocket.bind(ServerSocket.java:375)
	at java.net.ServerSocket.<init>(ServerSocket.java:237)
	at java.net.ServerSocket.<init>(ServerSocket.java:181)
	at com.objectdb.o.SMR.o(SMR.java:260)
	at com.objectdb.o.SMR.f(SMR.java:160)
	at com.objectdb.o.TOL.run(TOL.java:117)
	at com.objectdb.Server.runCommand(Server.java:200)
	at com.objectdb.Server.run(Server.java:104)
	at com.objectdb.Server.main(Server.java:63)

[2020-05-08 17:03:06 #15 store] 
Database 'C:\Users\Usuario\git\BetAndRuin\BetAndRuin\resources\db\resources\bets.temp' is closed by 7328@DESKTOP-00OS7EM

[2020-05-08 17:11:42 #16 store] 
Database 'C:\Users\Usuario\git\BetAndRuin\BetAndRuin\resources\db\resources\bets.temp' is opened by 7328@DESKTOP-00OS7EM

[2020-05-08 17:11:42 #17 store] 
Configuration path: ?

[2020-05-08 17:12:30 #18 store] 
Database 'C:\Users\Usuario\git\BetAndRuin\BetAndRuin\resources\db\resources\bets.temp' is closed by 7328@DESKTOP-00OS7EM

------------------------------------------------------------------------------------------------------------------------

[2020-05-08 17:12:36 #1 server] 
java.net.BindException: Address already in use: JVM_Bind
	at java.net.DualStackPlainSocketImpl.bind0(Native Method)
	at java.net.DualStackPlainSocketImpl.socketBind(DualStackPlainSocketImpl.java:106)
	at java.net.AbstractPlainSocketImpl.bind(AbstractPlainSocketImpl.java:387)
	at java.net.PlainSocketImpl.bind(PlainSocketImpl.java:190)
	at java.net.ServerSocket.bind(ServerSocket.java:375)
	at java.net.ServerSocket.<init>(ServerSocket.java:237)
	at java.net.ServerSocket.<init>(ServerSocket.java:181)
	at com.objectdb.o.SMR.o(SMR.java:260)
	at com.objectdb.o.SMR.f(SMR.java:160)
	at com.objectdb.o.TOL.run(TOL.java:117)
	at com.objectdb.Server.runCommand(Server.java:200)
	at com.objectdb.Server.run(Server.java:104)
	at com.objectdb.Server.main(Server.java:63)

[2020-05-08 17:12:42 #19 store] 
Database 'C:\Users\Usuario\git\BetAndRuin\BetAndRuin\resources\db\resources\bets.temp' is opened by 7328@DESKTOP-00OS7EM

[2020-05-08 17:12:42 #20 store] 
Configuration path: ?

[2020-05-08 17:34:38 #21 store] 
Database 'C:\Users\Usuario\git\BetAndRuin\BetAndRuin\resources\db\resources\bets.temp' is closed by 7328@DESKTOP-00OS7EM

------------------------------------------------------------------------------------------------------------------------

[2020-05-08 17:35:00 #1 server] 
java.net.BindException: Address already in use: JVM_Bind
	at java.net.DualStackPlainSocketImpl.bind0(Native Method)
	at java.net.DualStackPlainSocketImpl.socketBind(DualStackPlainSocketImpl.java:106)
	at java.net.AbstractPlainSocketImpl.bind(AbstractPlainSocketImpl.java:387)
	at java.net.PlainSocketImpl.bind(PlainSocketImpl.java:190)
	at java.net.ServerSocket.bind(ServerSocket.java:375)
	at java.net.ServerSocket.<init>(ServerSocket.java:237)
	at java.net.ServerSocket.<init>(ServerSocket.java:181)
	at com.objectdb.o.SMR.o(SMR.java:260)
	at com.objectdb.o.SMR.f(SMR.java:160)
	at com.objectdb.o.TOL.run(TOL.java:117)
	at com.objectdb.Server.runCommand(Server.java:200)
	at com.objectdb.Server.run(Server.java:104)
	at com.objectdb.Server.main(Server.java:63)

[2020-05-08 17:35:04 #22 store] 
Database 'C:\Users\Usuario\git\BetAndRuin\BetAndRuin\resources\db\resources\bets.temp' is opened by 7328@DESKTOP-00OS7EM

[2020-05-08 17:35:04 #23 store] 
Configuration path: ?

[2020-05-08 17:35:48 #24 store] 
Database 'C:\Users\Usuario\git\BetAndRuin\BetAndRuin\resources\db\resources\bets.temp' is closed by 7328@DESKTOP-00OS7EM

[2020-05-08 17:36:02 #25 store] 
Database 'C:\Users\Usuario\git\BetAndRuin\BetAndRuin\resources\db\resources\bets.temp' is opened by 7328@DESKTOP-00OS7EM

[2020-05-08 17:36:02 #26 store] 
Configuration path: ?

------------------------------------------------------------------------------------------------------------------------

[2020-05-08 17:41:00 #1 server] 
java.net.BindException: Address already in use: JVM_Bind
	at java.net.DualStackPlainSocketImpl.bind0(Native Method)
	at java.net.DualStackPlainSocketImpl.socketBind(DualStackPlainSocketImpl.java:106)
	at java.net.AbstractPlainSocketImpl.bind(AbstractPlainSocketImpl.java:387)
	at java.net.PlainSocketImpl.bind(PlainSocketImpl.java:190)
	at java.net.ServerSocket.bind(ServerSocket.java:375)
	at java.net.ServerSocket.<init>(ServerSocket.java:237)
	at java.net.ServerSocket.<init>(ServerSocket.java:181)
	at com.objectdb.o.SMR.o(SMR.java:260)
	at com.objectdb.o.SMR.f(SMR.java:160)
	at com.objectdb.o.TOL.run(TOL.java:117)
	at com.objectdb.Server.runCommand(Server.java:200)
	at com.objectdb.Server.run(Server.java:104)
	at com.objectdb.Server.main(Server.java:63)

------------------------------------------------------------------------------------------------------------------------

[2020-05-08 18:25:15 #1 server] 
java.net.BindException: Address already in use: JVM_Bind
	at java.net.DualStackPlainSocketImpl.bind0(Native Method)
	at java.net.DualStackPlainSocketImpl.socketBind(DualStackPlainSocketImpl.java:106)
	at java.net.AbstractPlainSocketImpl.bind(AbstractPlainSocketImpl.java:387)
	at java.net.PlainSocketImpl.bind(PlainSocketImpl.java:190)
	at java.net.ServerSocket.bind(ServerSocket.java:375)
	at java.net.ServerSocket.<init>(ServerSocket.java:237)
	at java.net.ServerSocket.<init>(ServerSocket.java:181)
	at com.objectdb.o.SMR.o(SMR.java:260)
	at com.objectdb.o.SMR.f(SMR.java:160)
	at com.objectdb.o.TOL.run(TOL.java:117)
	at com.objectdb.Server.runCommand(Server.java:200)
	at com.objectdb.Server.run(Server.java:104)
	at com.objectdb.Server.main(Server.java:63)

------------------------------------------------------------------------------------------------------------------------

[2020-05-08 20:31:43 #1 server] 
java.net.BindException: Address already in use: JVM_Bind
	at java.net.DualStackPlainSocketImpl.bind0(Native Method)
	at java.net.DualStackPlainSocketImpl.socketBind(DualStackPlainSocketImpl.java:106)
	at java.net.AbstractPlainSocketImpl.bind(AbstractPlainSocketImpl.java:387)
	at java.net.PlainSocketImpl.bind(PlainSocketImpl.java:190)
	at java.net.ServerSocket.bind(ServerSocket.java:375)
	at java.net.ServerSocket.<init>(ServerSocket.java:237)
	at java.net.ServerSocket.<init>(ServerSocket.java:181)
	at com.objectdb.o.SMR.o(SMR.java:260)
	at com.objectdb.o.SMR.f(SMR.java:160)
	at com.objectdb.o.TOL.run(TOL.java:117)
	at com.objectdb.Server.runCommand(Server.java:200)
	at com.objectdb.Server.run(Server.java:104)
	at com.objectdb.Server.main(Server.java:63)

------------------------------------------------------------------------------------------------------------------------

[2020-05-08 20:39:39 #1 server] 
java.net.BindException: Address already in use: JVM_Bind
	at java.net.DualStackPlainSocketImpl.bind0(Native Method)
	at java.net.DualStackPlainSocketImpl.socketBind(DualStackPlainSocketImpl.java:106)
	at java.net.AbstractPlainSocketImpl.bind(AbstractPlainSocketImpl.java:387)
	at java.net.PlainSocketImpl.bind(PlainSocketImpl.java:190)
	at java.net.ServerSocket.bind(ServerSocket.java:375)
	at java.net.ServerSocket.<init>(ServerSocket.java:237)
	at java.net.ServerSocket.<init>(ServerSocket.java:181)
	at com.objectdb.o.SMR.o(SMR.java:260)
	at com.objectdb.o.SMR.f(SMR.java:160)
	at com.objectdb.o.TOL.run(TOL.java:117)
	at com.objectdb.Server.runCommand(Server.java:200)
	at com.objectdb.Server.run(Server.java:104)
	at com.objectdb.Server.main(Server.java:63)

[2020-05-08 20:53:08 #27 store] 
Database 'C:\Users\Usuario\git\BetAndRuin\BetAndRuin\resources\db\resources\bets.temp' is closed by 7328@DESKTOP-00OS7EM

------------------------------------------------------------------------------------------------------------------------

[2020-05-08 20:53:44 #1 server] 
Server on port 6136 has started by 13876@DESKTOP-00OS7EM

------------------------------------------------------------------------------------------------------------------------

[2020-05-08 20:56:39 #1 server] 
Server on port 6136 has started by 10744@DESKTOP-00OS7EM

------------------------------------------------------------------------------------------------------------------------

[2020-05-08 21:00:52 #1 server] 
java.net.BindException: Address already in use: JVM_Bind
	at java.net.DualStackPlainSocketImpl.bind0(Native Method)
	at java.net.DualStackPlainSocketImpl.socketBind(DualStackPlainSocketImpl.java:106)
	at java.net.AbstractPlainSocketImpl.bind(AbstractPlainSocketImpl.java:387)
	at java.net.PlainSocketImpl.bind(PlainSocketImpl.java:190)
	at java.net.ServerSocket.bind(ServerSocket.java:375)
	at java.net.ServerSocket.<init>(ServerSocket.java:237)
	at java.net.ServerSocket.<init>(ServerSocket.java:181)
	at com.objectdb.o.SMR.o(SMR.java:260)
	at com.objectdb.o.SMR.f(SMR.java:160)
	at com.objectdb.o.TOL.run(TOL.java:117)
	at com.objectdb.Server.runCommand(Server.java:200)
	at com.objectdb.Server.run(Server.java:104)
	at com.objectdb.Server.main(Server.java:63)

------------------------------------------------------------------------------------------------------------------------

[2020-05-08 21:03:31 #1 server] 
java.net.BindException: Address already in use: JVM_Bind
	at java.net.DualStackPlainSocketImpl.bind0(Native Method)
	at java.net.DualStackPlainSocketImpl.socketBind(DualStackPlainSocketImpl.java:106)
	at java.net.AbstractPlainSocketImpl.bind(AbstractPlainSocketImpl.java:387)
	at java.net.PlainSocketImpl.bind(PlainSocketImpl.java:190)
	at java.net.ServerSocket.bind(ServerSocket.java:375)
	at java.net.ServerSocket.<init>(ServerSocket.java:237)
	at java.net.ServerSocket.<init>(ServerSocket.java:181)
	at com.objectdb.o.SMR.o(SMR.java:260)
	at com.objectdb.o.SMR.f(SMR.java:160)
	at com.objectdb.o.TOL.run(TOL.java:117)
	at com.objectdb.Server.runCommand(Server.java:200)
	at com.objectdb.Server.run(Server.java:104)
	at com.objectdb.Server.main(Server.java:63)

[2020-05-08 21:03:35 #2 store] 
Database 'C:\Users\Usuario\git\BetAndRuin\BetAndRuin\resources\db\resources\bets.temp' is opened by 10744@DESKTOP-00OS7EM

[2020-05-08 21:03:35 #3 store] 
Configuration path: ?

[2020-05-08 21:03:38 #4 type] 
Type domain.Event is not enhanced.

[2020-05-08 21:03:38 #5 type] 
Type domain.Question is not enhanced.

[2020-05-08 21:03:38 #6 type] 
Type domain.Competition is not enhanced.

[2020-05-08 21:03:38 #7 type] 
Type domain.Prediction is not enhanced.

[2020-05-08 21:03:39 #8 type] 
Type domain.User is not enhanced.

[2020-05-08 21:03:39 #9 type] 
Type domain.CreditCard is not enhanced.

[2020-05-08 21:03:39 #10 type] 
Type domain.Bet is not enhanced.

[2020-05-08 21:03:39 #11 type] 
Type domain.Profile is not enhanced.

------------------------------------------------------------------------------------------------------------------------

[2020-05-08 21:08:37 #1 server] 
java.net.BindException: Address already in use: JVM_Bind
	at java.net.DualStackPlainSocketImpl.bind0(Native Method)
	at java.net.DualStackPlainSocketImpl.socketBind(DualStackPlainSocketImpl.java:106)
	at java.net.AbstractPlainSocketImpl.bind(AbstractPlainSocketImpl.java:387)
	at java.net.PlainSocketImpl.bind(PlainSocketImpl.java:190)
	at java.net.ServerSocket.bind(ServerSocket.java:375)
	at java.net.ServerSocket.<init>(ServerSocket.java:237)
	at java.net.ServerSocket.<init>(ServerSocket.java:181)
	at com.objectdb.o.SMR.o(SMR.java:260)
	at com.objectdb.o.SMR.f(SMR.java:160)
	at com.objectdb.o.TOL.run(TOL.java:117)
	at com.objectdb.Server.runCommand(Server.java:200)
	at com.objectdb.Server.run(Server.java:104)
	at com.objectdb.Server.main(Server.java:63)

------------------------------------------------------------------------------------------------------------------------

[2020-05-08 21:09:03 #1 server] 
Server on port 6136 has started by 8556@DESKTOP-00OS7EM

[2020-05-08 21:09:07 #2 store] 
Database 'C:\Users\Usuario\git\BetAndRuin\BetAndRuin\resources\db\resources\bets.temp' is opened by 8556@DESKTOP-00OS7EM

[2020-05-08 21:09:07 #3 store] 
Configuration path: ?

[2020-05-08 21:09:16 #4 type] 
Type domain.Event is not enhanced.

[2020-05-08 21:09:16 #5 type] 
Type domain.Question is not enhanced.

[2020-05-08 21:09:16 #6 type] 
Type domain.Competition is not enhanced.

[2020-05-08 21:09:16 #7 type] 
Type domain.Prediction is not enhanced.

[2020-05-08 21:09:17 #8 type] 
Type domain.User is not enhanced.

[2020-05-08 21:09:17 #9 type] 
Type domain.CreditCard is not enhanced.

[2020-05-08 21:09:17 #10 type] 
Type domain.Bet is not enhanced.

[2020-05-08 21:09:17 #11 type] 
Type domain.Profile is not enhanced.

------------------------------------------------------------------------------------------------------------------------

[2020-05-08 21:11:43 #1 server] 
Server on port 6136 has started by 4408@DESKTOP-00OS7EM

------------------------------------------------------------------------------------------------------------------------

[2020-05-08 21:32:07 #1 server] 
Server on port 6136 has started by 15168@DESKTOP-00OS7EM

------------------------------------------------------------------------------------------------------------------------

[2020-05-08 21:33:03 #1 server] 
Server on port 6136 has started by 7176@DESKTOP-00OS7EM

------------------------------------------------------------------------------------------------------------------------

[2020-05-08 21:33:50 #1 server] 
Server on port 6136 has started by 15688@DESKTOP-00OS7EM

------------------------------------------------------------------------------------------------------------------------

[2020-05-08 21:48:51 #1 server] 
Server on port 6136 has started by 11964@DESKTOP-00OS7EM

[2020-05-08 21:48:55 #2 store] 
Database 'C:\Users\Usuario\git\BetAndRuin\BetAndRuin\resources\db\resources\bets.temp' is opened by 11964@DESKTOP-00OS7EM

[2020-05-08 21:48:55 #3 store] 
Configuration path: ?

[2020-05-08 21:48:56 #4 type] 
Type domain.Event is not enhanced.

[2020-05-08 21:48:56 #5 type] 
Type domain.Question is not enhanced.

[2020-05-08 21:48:56 #6 type] 
Type domain.Competition is not enhanced.

[2020-05-08 21:48:56 #7 type] 
Type domain.Prediction is not enhanced.

[2020-05-08 21:48:56 #8 type] 
Type domain.User is not enhanced.

[2020-05-08 21:48:56 #9 type] 
Type domain.CreditCard is not enhanced.

[2020-05-08 21:48:56 #10 type] 
Type domain.Bet is not enhanced.

[2020-05-08 21:48:56 #11 type] 
Type domain.Profile is not enhanced.

------------------------------------------------------------------------------------------------------------------------

[2020-05-08 21:55:18 #1 server] 
Server on port 6136 has started by 14268@DESKTOP-00OS7EM

[2020-05-08 21:55:21 #2 store] 
Database 'C:\Users\Usuario\git\BetAndRuin\BetAndRuin\resources\db\resources\bets.temp' is opened by 14268@DESKTOP-00OS7EM

[2020-05-08 21:55:21 #3 store] 
Configuration path: ?

[2020-05-08 21:55:21 #4 type] 
Type domain.Event is not enhanced.

[2020-05-08 21:55:21 #5 type] 
Type domain.Question is not enhanced.

[2020-05-08 21:55:21 #6 type] 
Type domain.Competition is not enhanced.

[2020-05-08 21:55:21 #7 type] 
Type domain.Prediction is not enhanced.

[2020-05-08 21:55:21 #8 type] 
Type domain.User is not enhanced.

[2020-05-08 21:55:21 #9 type] 
Type domain.CreditCard is not enhanced.

[2020-05-08 21:55:21 #10 type] 
Type domain.Bet is not enhanced.

[2020-05-08 21:55:21 #11 type] 
Type domain.Profile is not enhanced.

[2020-05-08 21:55:25 #12 store] 
Database 'C:\Users\Usuario\git\BetAndRuin\BetAndRuin\resources\db\resources\bets.temp' is closed by 14268@DESKTOP-00OS7EM

------------------------------------------------------------------------------------------------------------------------

[2020-05-08 21:55:55 #1 server] 
Server on port 6136 has started by 9952@DESKTOP-00OS7EM

------------------------------------------------------------------------------------------------------------------------

[2020-05-08 21:56:02 #1 server] 
Server on port 6136 has started by 3100@DESKTOP-00OS7EM

[2020-05-08 21:56:05 #2 store] 
Database 'C:\Users\Usuario\git\BetAndRuin\BetAndRuin\resources\db\resources\bets.temp' is opened by 3100@DESKTOP-00OS7EM

[2020-05-08 21:56:05 #3 store] 
Configuration path: ?

[2020-05-08 21:56:05 #4 type] 
Type domain.Event is not enhanced.

[2020-05-08 21:56:05 #5 type] 
Type domain.Question is not enhanced.

[2020-05-08 21:56:05 #6 type] 
Type domain.Competition is not enhanced.

[2020-05-08 21:56:05 #7 type] 
Type domain.Prediction is not enhanced.

[2020-05-08 21:56:05 #8 type] 
Type domain.User is not enhanced.

[2020-05-08 21:56:05 #9 type] 
Type domain.CreditCard is not enhanced.

[2020-05-08 21:56:05 #10 type] 
Type domain.Bet is not enhanced.

[2020-05-08 21:56:05 #11 type] 
Type domain.Profile is not enhanced.

[2020-05-08 21:56:20 #12 store] 
Database 'C:\Users\Usuario\git\BetAndRuin\BetAndRuin\resources\db\resources\bets.temp' is closed by 3100@DESKTOP-00OS7EM

------------------------------------------------------------------------------------------------------------------------

[2020-05-08 21:56:56 #1 server] 
Server on port 6136 has started by 13868@DESKTOP-00OS7EM

[2020-05-08 21:56:59 #2 store] 
Database 'C:\Users\Usuario\git\BetAndRuin\BetAndRuin\resources\db\resources\bets.temp' is opened by 13868@DESKTOP-00OS7EM

[2020-05-08 21:56:59 #3 store] 
Configuration path: ?

[2020-05-08 21:56:59 #4 type] 
Type domain.Event is not enhanced.

[2020-05-08 21:56:59 #5 type] 
Type domain.Question is not enhanced.

[2020-05-08 21:56:59 #6 type] 
Type domain.Competition is not enhanced.

[2020-05-08 21:56:59 #7 type] 
Type domain.Prediction is not enhanced.

[2020-05-08 21:56:59 #8 type] 
Type domain.User is not enhanced.

[2020-05-08 21:56:59 #9 type] 
Type domain.CreditCard is not enhanced.

[2020-05-08 21:56:59 #10 type] 
Type domain.Bet is not enhanced.

[2020-05-08 21:56:59 #11 type] 
Type domain.Profile is not enhanced.

[2020-05-08 21:57:15 #12 store] 
Database 'C:\Users\Usuario\git\BetAndRuin\BetAndRuin\resources\db\resources\bets.temp' is closed by 13868@DESKTOP-00OS7EM

------------------------------------------------------------------------------------------------------------------------

[2020-05-08 21:57:56 #1 server] 
Server on port 6136 has started by 484@DESKTOP-00OS7EM

[2020-05-08 21:57:58 #2 store] 
Database 'C:\Users\Usuario\git\BetAndRuin\BetAndRuin\resources\db\resources\bets.temp' is opened by 484@DESKTOP-00OS7EM

[2020-05-08 21:57:58 #3 store] 
Configuration path: ?

[2020-05-08 21:57:59 #4 type] 
Type domain.Event is not enhanced.

[2020-05-08 21:57:59 #5 type] 
Type domain.Question is not enhanced.

[2020-05-08 21:57:59 #6 type] 
Type domain.Competition is not enhanced.

[2020-05-08 21:57:59 #7 type] 
Type domain.Prediction is not enhanced.

[2020-05-08 21:57:59 #8 type] 
Type domain.User is not enhanced.

[2020-05-08 21:57:59 #9 type] 
Type domain.CreditCard is not enhanced.

[2020-05-08 21:57:59 #10 type] 
Type domain.Bet is not enhanced.

[2020-05-08 21:57:59 #11 type] 
Type domain.Profile is not enhanced.

------------------------------------------------------------------------------------------------------------------------

[2020-05-08 22:07:37 #1 server] 
Server on port 6136 has started by 9440@DESKTOP-00OS7EM

[2020-05-08 22:07:40 #2 store] 
Database 'C:\Users\Usuario\git\BetAndRuin\BetAndRuin\resources\db\resources\bets.temp' is opened by 9440@DESKTOP-00OS7EM

[2020-05-08 22:07:40 #3 store] 
Configuration path: ?

[2020-05-08 22:07:40 #4 type] 
Type domain.Event is not enhanced.

[2020-05-08 22:07:40 #5 type] 
Type domain.Question is not enhanced.

[2020-05-08 22:07:40 #6 type] 
Type domain.Competition is not enhanced.

[2020-05-08 22:07:40 #7 type] 
Type domain.Prediction is not enhanced.

[2020-05-08 22:07:40 #8 type] 
Type domain.User is not enhanced.

[2020-05-08 22:07:40 #9 type] 
Type domain.CreditCard is not enhanced.

[2020-05-08 22:07:40 #10 type] 
Type domain.Bet is not enhanced.

[2020-05-08 22:07:40 #11 type] 
Type domain.Profile is not enhanced.

------------------------------------------------------------------------------------------------------------------------

[2020-05-08 22:10:36 #1 server] 
Server on port 6136 has started by 6920@DESKTOP-00OS7EM

[2020-05-08 22:10:38 #2 store] 
Database 'C:\Users\Usuario\git\BetAndRuin\BetAndRuin\resources\db\resources\bets.temp' is opened by 6920@DESKTOP-00OS7EM

[2020-05-08 22:10:38 #3 store] 
Configuration path: ?

[2020-05-08 22:10:39 #4 type] 
Type domain.Event is not enhanced.

[2020-05-08 22:10:39 #5 type] 
Type domain.Question is not enhanced.

[2020-05-08 22:10:39 #6 type] 
Type domain.Competition is not enhanced.

[2020-05-08 22:10:39 #7 type] 
Type domain.Prediction is not enhanced.

[2020-05-08 22:10:39 #8 type] 
Type domain.User is not enhanced.

[2020-05-08 22:10:39 #9 type] 
Type domain.CreditCard is not enhanced.

[2020-05-08 22:10:39 #10 type] 
Type domain.Bet is not enhanced.

[2020-05-08 22:10:39 #11 type] 
Type domain.Profile is not enhanced.

[2020-05-08 22:59:36 #12 store] 
Database 'C:\Users\Usuario\git\BetAndRuin\BetAndRuin\resources\db\resources\bets.temp' is closed by 6920@DESKTOP-00OS7EM

------------------------------------------------------------------------------------------------------------------------

[2020-05-08 23:01:07 #1 server] 
Server on port 6136 has started by 3600@DESKTOP-00OS7EM

[2020-05-08 23:01:18 #2 store] 
Database 'C:\Users\Usuario\git\BetAndRuin\BetAndRuin\resources\db\resources\bets.temp' is opened by 3600@DESKTOP-00OS7EM

[2020-05-08 23:01:18 #3 store] 
Configuration path: ?

[2020-05-08 23:01:18 #4 type] 
Type domain.Event is not enhanced.

[2020-05-08 23:01:18 #5 type] 
Type domain.Question is not enhanced.

[2020-05-08 23:01:18 #6 type] 
Type domain.Competition is not enhanced.

[2020-05-08 23:01:18 #7 type] 
Type domain.Prediction is not enhanced.

[2020-05-08 23:01:18 #8 type] 
Type domain.User is not enhanced.

[2020-05-08 23:01:18 #9 type] 
Type domain.CreditCard is not enhanced.

[2020-05-08 23:01:18 #10 type] 
Type domain.Bet is not enhanced.

[2020-05-08 23:01:18 #11 type] 
Type domain.Profile is not enhanced.

------------------------------------------------------------------------------------------------------------------------

[2020-05-08 23:28:04 #1 server] 
Server on port 6136 has started by 6264@DESKTOP-00OS7EM

[2020-05-08 23:28:07 #2 store] 
Database 'C:\Users\Usuario\git\BetAndRuin\BetAndRuin\resources\db\resources\bets.temp' is opened by 6264@DESKTOP-00OS7EM

[2020-05-08 23:28:07 #3 store] 
Configuration path: ?

[2020-05-08 23:28:07 #4 type] 
Type domain.Event is not enhanced.

[2020-05-08 23:28:07 #5 type] 
Type domain.Question is not enhanced.

[2020-05-08 23:28:07 #6 type] 
Type domain.Competition is not enhanced.

[2020-05-08 23:28:07 #7 type] 
Type domain.Prediction is not enhanced.

[2020-05-08 23:28:07 #8 type] 
Type domain.User is not enhanced.

[2020-05-08 23:28:07 #9 type] 
Type domain.CreditCard is not enhanced.

[2020-05-08 23:28:07 #10 type] 
Type domain.Bet is not enhanced.

[2020-05-08 23:28:07 #11 type] 
Type domain.Profile is not enhanced.

------------------------------------------------------------------------------------------------------------------------

[2020-05-08 23:29:10 #1 server] 
Server on port 6136 has started by 4104@DESKTOP-00OS7EM

[2020-05-08 23:29:13 #2 store] 
Database 'C:\Users\Usuario\git\BetAndRuin\BetAndRuin\resources\db\resources\bets.temp' is opened by 4104@DESKTOP-00OS7EM

[2020-05-08 23:29:13 #3 store] 
Configuration path: ?

[2020-05-08 23:29:13 #4 type] 
Type domain.Event is not enhanced.

[2020-05-08 23:29:13 #5 type] 
Type domain.Question is not enhanced.

[2020-05-08 23:29:13 #6 type] 
Type domain.Competition is not enhanced.

[2020-05-08 23:29:13 #7 type] 
Type domain.Prediction is not enhanced.

[2020-05-08 23:29:13 #8 type] 
Type domain.User is not enhanced.

[2020-05-08 23:29:13 #9 type] 
Type domain.CreditCard is not enhanced.

[2020-05-08 23:29:13 #10 type] 
Type domain.Bet is not enhanced.

[2020-05-08 23:29:13 #11 type] 
Type domain.Profile is not enhanced.

[2020-05-08 23:35:28 #12 store] 
Database 'C:\Users\Usuario\git\BetAndRuin\BetAndRuin\resources\db\resources\bets.temp' is closed by 4104@DESKTOP-00OS7EM

------------------------------------------------------------------------------------------------------------------------

[2020-05-08 23:35:33 #1 server] 
java.net.BindException: Address already in use: JVM_Bind
	at java.net.DualStackPlainSocketImpl.bind0(Native Method)
	at java.net.DualStackPlainSocketImpl.socketBind(DualStackPlainSocketImpl.java:106)
	at java.net.AbstractPlainSocketImpl.bind(AbstractPlainSocketImpl.java:387)
	at java.net.PlainSocketImpl.bind(PlainSocketImpl.java:190)
	at java.net.ServerSocket.bind(ServerSocket.java:375)
	at java.net.ServerSocket.<init>(ServerSocket.java:237)
	at java.net.ServerSocket.<init>(ServerSocket.java:181)
	at com.objectdb.o.SMR.o(SMR.java:260)
	at com.objectdb.o.SMR.f(SMR.java:160)
	at com.objectdb.o.TOL.run(TOL.java:117)
	at com.objectdb.Server.runCommand(Server.java:200)
	at com.objectdb.Server.run(Server.java:104)
	at com.objectdb.Server.main(Server.java:63)

[2020-05-08 23:35:35 #13 store] 
Database 'C:\Users\Usuario\git\BetAndRuin\BetAndRuin\resources\db\resources\bets.temp' is opened by 4104@DESKTOP-00OS7EM

[2020-05-08 23:35:35 #14 store] 
Configuration path: ?

[2020-05-08 23:37:27 #15 store] 
Database 'C:\Users\Usuario\git\BetAndRuin\BetAndRuin\resources\db\resources\bets.temp' is closed by 4104@DESKTOP-00OS7EM

------------------------------------------------------------------------------------------------------------------------

[2020-05-08 23:39:28 #1 server] 
java.net.BindException: Address already in use: JVM_Bind
	at java.net.DualStackPlainSocketImpl.bind0(Native Method)
	at java.net.DualStackPlainSocketImpl.socketBind(DualStackPlainSocketImpl.java:106)
	at java.net.AbstractPlainSocketImpl.bind(AbstractPlainSocketImpl.java:387)
	at java.net.PlainSocketImpl.bind(PlainSocketImpl.java:190)
	at java.net.ServerSocket.bind(ServerSocket.java:375)
	at java.net.ServerSocket.<init>(ServerSocket.java:237)
	at java.net.ServerSocket.<init>(ServerSocket.java:181)
	at com.objectdb.o.SMR.o(SMR.java:260)
	at com.objectdb.o.SMR.f(SMR.java:160)
	at com.objectdb.o.TOL.run(TOL.java:117)
	at com.objectdb.Server.runCommand(Server.java:200)
	at com.objectdb.Server.run(Server.java:104)
	at com.objectdb.Server.main(Server.java:63)

[2020-05-08 23:39:30 #16 store] 
Database 'C:\Users\Usuario\git\BetAndRuin\BetAndRuin\resources\db\resources\bets.temp' is opened by 4104@DESKTOP-00OS7EM

[2020-05-08 23:39:30 #17 store] 
Configuration path: ?

[2020-05-08 23:43:57 #18 store] 
Database 'C:\Users\Usuario\git\BetAndRuin\BetAndRuin\resources\db\resources\bets.temp' is closed by 4104@DESKTOP-00OS7EM

------------------------------------------------------------------------------------------------------------------------

[2020-05-08 23:44:08 #1 server] 
java.net.BindException: Address already in use: JVM_Bind
	at java.net.DualStackPlainSocketImpl.bind0(Native Method)
	at java.net.DualStackPlainSocketImpl.socketBind(DualStackPlainSocketImpl.java:106)
	at java.net.AbstractPlainSocketImpl.bind(AbstractPlainSocketImpl.java:387)
	at java.net.PlainSocketImpl.bind(PlainSocketImpl.java:190)
	at java.net.ServerSocket.bind(ServerSocket.java:375)
	at java.net.ServerSocket.<init>(ServerSocket.java:237)
	at java.net.ServerSocket.<init>(ServerSocket.java:181)
	at com.objectdb.o.SMR.o(SMR.java:260)
	at com.objectdb.o.SMR.f(SMR.java:160)
	at com.objectdb.o.TOL.run(TOL.java:117)
	at com.objectdb.Server.runCommand(Server.java:200)
	at com.objectdb.Server.run(Server.java:104)
	at com.objectdb.Server.main(Server.java:63)

[2020-05-08 23:44:14 #19 store] 
Database 'C:\Users\Usuario\git\BetAndRuin\BetAndRuin\resources\db\resources\bets.temp' is opened by 4104@DESKTOP-00OS7EM

[2020-05-08 23:44:14 #20 store] 
Configuration path: ?

[2020-05-08 23:45:34 #21 store] 
Database 'C:\Users\Usuario\git\BetAndRuin\BetAndRuin\resources\db\resources\bets.temp' is closed by 4104@DESKTOP-00OS7EM

------------------------------------------------------------------------------------------------------------------------

[2020-05-08 23:45:49 #1 server] 
java.net.BindException: Address already in use: JVM_Bind
	at java.net.DualStackPlainSocketImpl.bind0(Native Method)
	at java.net.DualStackPlainSocketImpl.socketBind(DualStackPlainSocketImpl.java:106)
	at java.net.AbstractPlainSocketImpl.bind(AbstractPlainSocketImpl.java:387)
	at java.net.PlainSocketImpl.bind(PlainSocketImpl.java:190)
	at java.net.ServerSocket.bind(ServerSocket.java:375)
	at java.net.ServerSocket.<init>(ServerSocket.java:237)
	at java.net.ServerSocket.<init>(ServerSocket.java:181)
	at com.objectdb.o.SMR.o(SMR.java:260)
	at com.objectdb.o.SMR.f(SMR.java:160)
	at com.objectdb.o.TOL.run(TOL.java:117)
	at com.objectdb.Server.runCommand(Server.java:200)
	at com.objectdb.Server.run(Server.java:104)
	at com.objectdb.Server.main(Server.java:63)

[2020-05-08 23:45:53 #22 store] 
Database 'C:\Users\Usuario\git\BetAndRuin\BetAndRuin\resources\db\resources\bets.temp' is opened by 4104@DESKTOP-00OS7EM

[2020-05-08 23:45:53 #23 store] 
Configuration path: ?

[2020-05-08 23:51:06 #24 store] 
Database 'C:\Users\Usuario\git\BetAndRuin\BetAndRuin\resources\db\resources\bets.temp' is closed by 4104@DESKTOP-00OS7EM

------------------------------------------------------------------------------------------------------------------------

[2020-05-08 23:52:55 #1 server] 
Server on port 6136 has started by 9640@DESKTOP-00OS7EM

[2020-05-08 23:52:58 #2 store] 
Database 'C:\Users\Usuario\git\BetAndRuin\BetAndRuin\resources\db\resources\bets.temp' is opened by 9640@DESKTOP-00OS7EM

[2020-05-08 23:52:58 #3 store] 
Configuration path: ?

[2020-05-08 23:52:58 #4 type] 
Type domain.Event is not enhanced.

[2020-05-08 23:52:58 #5 type] 
Type domain.Question is not enhanced.

[2020-05-08 23:52:58 #6 type] 
Type domain.Competition is not enhanced.

[2020-05-08 23:52:58 #7 type] 
Type domain.Prediction is not enhanced.

[2020-05-08 23:52:58 #8 type] 
Type domain.User is not enhanced.

[2020-05-08 23:52:58 #9 type] 
Type domain.CreditCard is not enhanced.

[2020-05-08 23:52:58 #10 type] 
Type domain.Bet is not enhanced.

[2020-05-08 23:52:58 #11 type] 
Type domain.Profile is not enhanced.

------------------------------------------------------------------------------------------------------------------------

[2020-05-08 23:54:16 #1 server] 
Server on port 6136 has started by 11880@DESKTOP-00OS7EM

[2020-05-08 23:54:18 #2 store] 
Database 'C:\Users\Usuario\git\BetAndRuin\BetAndRuin\resources\db\resources\bets.temp' is opened by 11880@DESKTOP-00OS7EM

[2020-05-08 23:54:18 #3 store] 
Configuration path: ?

[2020-05-08 23:54:18 #4 type] 
Type domain.Event is not enhanced.

[2020-05-08 23:54:18 #5 type] 
Type domain.Question is not enhanced.

[2020-05-08 23:54:18 #6 type] 
Type domain.Competition is not enhanced.

[2020-05-08 23:54:18 #7 type] 
Type domain.Prediction is not enhanced.

[2020-05-08 23:54:18 #8 type] 
Type domain.User is not enhanced.

[2020-05-08 23:54:18 #9 type] 
Type domain.CreditCard is not enhanced.

[2020-05-08 23:54:18 #10 type] 
Type domain.Bet is not enhanced.

[2020-05-08 23:54:18 #11 type] 
Type domain.Profile is not enhanced.

[2020-05-08 23:57:13 #12 store] 
Database 'C:\Users\Usuario\git\BetAndRuin\BetAndRuin\resources\db\resources\bets.temp' is closed by 11880@DESKTOP-00OS7EM

