------------------------------------------------------------------------------------------------------------------------

[2020-04-09 15:16:15 #1 store] 
Database 'C:\Users\Usuario\git\Sprint_2\Sprint_2\resources\bets.temp' is opened by 14564@DESKTOP-00OS7EM

[2020-04-09 15:16:15 #2 store] 
Configuration path: C:\Users\Usuario\git\Sprint_2\objectdb-2.8.2\objectdb.conf

[2020-04-09 15:17:05 #3 store] 
Database 'C:\Users\Usuario\git\Sprint_2\Sprint_2\resources\bets.temp' is closed by 14564@DESKTOP-00OS7EM

------------------------------------------------------------------------------------------------------------------------

[2020-04-09 15:18:37 #1 store] 
Database 'C:\Users\Usuario\git\Sprint_2\Sprint_2\resources\bets.temp' is opened by 9820@DESKTOP-00OS7EM

[2020-04-09 15:18:37 #2 store] 
Configuration path: C:\Users\Usuario\git\Sprint_2\objectdb-2.8.2\objectdb.conf

[2020-04-09 15:18:39 #3 store] 
Database 'C:\Users\Usuario\git\Sprint_2\Sprint_2\resources\bets.temp' is closed by 9820@DESKTOP-00OS7EM

------------------------------------------------------------------------------------------------------------------------

[2020-04-09 15:19:04 #1 store] 
Database 'C:\Users\Usuario\git\Sprint_2\Sprint_2\resources\bets.temp' is opened by 14844@DESKTOP-00OS7EM

[2020-04-09 15:19:04 #2 store] 
Configuration path: C:\Users\Usuario\git\Sprint_2\objectdb-2.8.2\objectdb.conf

[2020-04-09 15:19:51 #3 store] 
Database 'C:\Users\Usuario\git\Sprint_2\Sprint_2\resources\bets.temp' is closed by 14844@DESKTOP-00OS7EM

------------------------------------------------------------------------------------------------------------------------

[2020-04-09 15:20:06 #1 store] 
Database 'C:\Users\Usuario\git\Sprint_2\Sprint_2\resources\bets.temp' is opened by 3224@DESKTOP-00OS7EM

[2020-04-09 15:20:06 #2 store] 
Configuration path: C:\Users\Usuario\git\Sprint_2\objectdb-2.8.2\objectdb.conf

[2020-04-09 15:21:02 #3 store] 
Database 'C:\Users\Usuario\git\Sprint_2\Sprint_2\resources\bets.temp' is closed by 3224@DESKTOP-00OS7EM

------------------------------------------------------------------------------------------------------------------------

[2020-04-09 15:25:04 #1 store] 
Database 'C:\Users\Usuario\git\Sprint_2\Sprint_2\resources\bets.temp' is opened by 15420@DESKTOP-00OS7EM

[2020-04-09 15:25:04 #2 store] 
Configuration path: C:\Users\Usuario\git\Sprint_2\objectdb-2.8.2\objectdb.conf

[2020-04-09 15:25:21 #3 store] 
Database 'C:\Users\Usuario\git\Sprint_2\Sprint_2\resources\bets.temp' is closed by 15420@DESKTOP-00OS7EM

------------------------------------------------------------------------------------------------------------------------

[2020-04-09 15:37:17 #1 store] 
Database 'C:\Users\Usuario\git\Sprint_2\Sprint_2\resources\bets.temp' is opened by 13392@DESKTOP-00OS7EM

[2020-04-09 15:37:17 #2 store] 
Configuration path: C:\Users\Usuario\git\Sprint_2\objectdb-2.8.2\objectdb.conf

[2020-04-09 15:37:21 #3 store] 
Database 'C:\Users\Usuario\git\Sprint_2\Sprint_2\resources\bets.temp' is closed by 13392@DESKTOP-00OS7EM

------------------------------------------------------------------------------------------------------------------------

[2020-04-09 16:05:58 #1 store] 
Database 'C:\Users\Usuario\git\Sprint_2\Sprint_2\resources\bets.temp' is opened by 9632@DESKTOP-00OS7EM

[2020-04-09 16:05:58 #2 store] 
Configuration path: C:\Users\Usuario\git\Sprint_2\objectdb-2.8.2\objectdb.conf

[2020-04-09 16:07:53 #3 store] 
Database 'C:\Users\Usuario\git\Sprint_2\Sprint_2\resources\bets.temp' is closed by 9632@DESKTOP-00OS7EM

------------------------------------------------------------------------------------------------------------------------

[2020-04-09 16:25:22 #1 store] 
Database 'C:\Users\Usuario\git\Sprint_2\Sprint_2\resources\bets.temp' is opened by 12988@DESKTOP-00OS7EM

[2020-04-09 16:25:22 #2 store] 
Configuration path: C:\Users\Usuario\git\Sprint_2\objectdb-2.8.2\objectdb.conf

[2020-04-09 16:26:08 #3 store] 
Database 'C:\Users\Usuario\git\Sprint_2\Sprint_2\resources\bets.temp' is closed by 12988@DESKTOP-00OS7EM

------------------------------------------------------------------------------------------------------------------------

[2020-04-09 16:27:06 #1 store] 
Database 'C:\Users\Usuario\git\Sprint_2\Sprint_2\resources\bets.temp' is opened by 11752@DESKTOP-00OS7EM

[2020-04-09 16:27:06 #2 store] 
Configuration path: C:\Users\Usuario\git\Sprint_2\objectdb-2.8.2\objectdb.conf

[2020-04-09 16:28:37 #3 store] 
Database 'C:\Users\Usuario\git\Sprint_2\Sprint_2\resources\bets.temp' is closed by 11752@DESKTOP-00OS7EM

------------------------------------------------------------------------------------------------------------------------

[2020-04-09 16:39:07 #1 store] 
Database 'C:\Users\Usuario\git\Sprint_2\Sprint_2\resources\bets.temp' is opened by 3884@DESKTOP-00OS7EM

[2020-04-09 16:39:07 #2 store] 
Configuration path: C:\Users\Usuario\git\Sprint_2\objectdb-2.8.2\objectdb.conf

[2020-04-09 16:39:28 #3 store] 
Database 'C:\Users\Usuario\git\Sprint_2\Sprint_2\resources\bets.temp' is closed by 3884@DESKTOP-00OS7EM

------------------------------------------------------------------------------------------------------------------------

[2020-04-09 16:41:11 #1 store] 
Database 'C:\Users\Usuario\git\Sprint_2\Sprint_2\resources\bets.temp' is opened by 2276@DESKTOP-00OS7EM

[2020-04-09 16:41:11 #2 store] 
Configuration path: C:\Users\Usuario\git\Sprint_2\objectdb-2.8.2\objectdb.conf

[2020-04-09 16:41:22 #3 store] 
Database 'C:\Users\Usuario\git\Sprint_2\Sprint_2\resources\bets.temp' is closed by 2276@DESKTOP-00OS7EM

------------------------------------------------------------------------------------------------------------------------

[2020-04-09 16:45:07 #1 store] 
Database 'C:\Users\Usuario\git\Sprint_2\Sprint_2\resources\bets.temp' is opened by 12900@DESKTOP-00OS7EM

[2020-04-09 16:45:07 #2 store] 
Configuration path: C:\Users\Usuario\git\Sprint_2\objectdb-2.8.2\objectdb.conf

[2020-04-09 16:45:20 #3 store] 
Database 'C:\Users\Usuario\git\Sprint_2\Sprint_2\resources\bets.temp' is closed by 12900@DESKTOP-00OS7EM

------------------------------------------------------------------------------------------------------------------------

[2020-04-09 16:48:17 #1 store] 
Database 'C:\Users\Usuario\git\Sprint_2\Sprint_2\resources\bets.temp' is opened by 8512@DESKTOP-00OS7EM

[2020-04-09 16:48:17 #2 store] 
Configuration path: C:\Users\Usuario\git\Sprint_2\objectdb-2.8.2\objectdb.conf

[2020-04-09 16:49:15 #3 store] 
Database 'C:\Users\Usuario\git\Sprint_2\Sprint_2\resources\bets.temp' is closed by 8512@DESKTOP-00OS7EM

------------------------------------------------------------------------------------------------------------------------

[2020-04-09 16:50:06 #1 store] 
Database 'C:\Users\Usuario\git\Sprint_2\Sprint_2\resources\bets.temp' is opened by 6960@DESKTOP-00OS7EM

[2020-04-09 16:50:06 #2 store] 
Configuration path: C:\Users\Usuario\git\Sprint_2\objectdb-2.8.2\objectdb.conf

[2020-04-09 16:50:16 #3 store] 
Database 'C:\Users\Usuario\git\Sprint_2\Sprint_2\resources\bets.temp' is closed by 6960@DESKTOP-00OS7EM

------------------------------------------------------------------------------------------------------------------------

[2020-04-09 16:57:14 #1 store] 
Database 'C:\Users\Usuario\git\Sprint_2\Sprint_2\resources\bets.temp' is opened by 952@DESKTOP-00OS7EM

[2020-04-09 16:57:14 #2 store] 
Configuration path: C:\Users\Usuario\git\Sprint_2\objectdb-2.8.2\objectdb.conf

[2020-04-09 16:57:33 #3 store] 
Database 'C:\Users\Usuario\git\Sprint_2\Sprint_2\resources\bets.temp' is closed by 952@DESKTOP-00OS7EM

------------------------------------------------------------------------------------------------------------------------

[2020-04-09 17:05:12 #1 store] 
Database 'C:\Users\Usuario\git\Sprint_2\Sprint_2\resources\bets.temp' is opened by 11924@DESKTOP-00OS7EM

[2020-04-09 17:05:12 #2 store] 
Configuration path: C:\Users\Usuario\git\Sprint_2\objectdb-2.8.2\objectdb.conf

[2020-04-09 17:06:18 #3 store] 
Database 'C:\Users\Usuario\git\Sprint_2\Sprint_2\resources\bets.temp' is closed by 11924@DESKTOP-00OS7EM

------------------------------------------------------------------------------------------------------------------------

[2020-04-09 17:09:43 #1 store] 
Database 'C:\Users\Usuario\git\Sprint_2\Sprint_2\resources\bets.temp' is opened by 6820@DESKTOP-00OS7EM

[2020-04-09 17:09:43 #2 store] 
Configuration path: C:\Users\Usuario\git\Sprint_2\objectdb-2.8.2\objectdb.conf

[2020-04-09 17:09:57 #3 store] 
Database 'C:\Users\Usuario\git\Sprint_2\Sprint_2\resources\bets.temp' is closed by 6820@DESKTOP-00OS7EM

------------------------------------------------------------------------------------------------------------------------

[2020-04-09 17:20:19 #1 store] 
Database 'C:\Users\Usuario\git\Sprint_2\Sprint_2\resources\bets.temp' is opened by 16140@DESKTOP-00OS7EM

[2020-04-09 17:20:19 #2 store] 
Configuration path: C:\Users\Usuario\git\Sprint_2\objectdb-2.8.2\objectdb.conf

[2020-04-09 17:20:45 #3 store] 
Database 'C:\Users\Usuario\git\Sprint_2\Sprint_2\resources\bets.temp' is closed by 16140@DESKTOP-00OS7EM

------------------------------------------------------------------------------------------------------------------------

[2020-04-09 17:24:18 #1 store] 
Database 'C:\Users\Usuario\git\Sprint_2\Sprint_2\resources\bets.temp' is opened by 5972@DESKTOP-00OS7EM

[2020-04-09 17:24:18 #2 store] 
Configuration path: C:\Users\Usuario\git\Sprint_2\objectdb-2.8.2\objectdb.conf

[2020-04-09 17:24:28 #3 store] 
Database 'C:\Users\Usuario\git\Sprint_2\Sprint_2\resources\bets.temp' is closed by 5972@DESKTOP-00OS7EM

------------------------------------------------------------------------------------------------------------------------

[2020-04-09 17:39:28 #1 explorer] 
[ObjectDB 2.8.2] javax.persistence.PersistenceException
Attempt to open a database file 'C:\Users\Usuario\git\Sprint_2\Sprint_2\resources\bets.temp' that is currently in use by another process (error 141)
	at com.objectdb.Explorer$1.run(Explorer.java:57)
	at java.awt.event.InvocationEvent.dispatch(Unknown Source)
	at java.awt.EventQueue.dispatchEventImpl(Unknown Source)
	at java.awt.EventQueue.access$500(Unknown Source)
	at java.awt.EventQueue$3.run(Unknown Source)
	at java.awt.EventQueue$3.run(Unknown Source)
	at java.security.AccessController.doPrivileged(Native Method)
	at java.security.ProtectionDomain$JavaSecurityAccessImpl.doIntersectionPrivilege(Unknown Source)
	at java.awt.EventQueue.dispatchEvent(Unknown Source)
	at java.awt.EventDispatchThread.pumpOneEventForFilters(Unknown Source)
	at java.awt.EventDispatchThread.pumpEventsForFilter(Unknown Source)
	at java.awt.EventDispatchThread.pumpEventsForHierarchy(Unknown Source)
	at java.awt.EventDispatchThread.pumpEvents(Unknown Source)
	at java.awt.EventDispatchThread.pumpEvents(Unknown Source)
	at java.awt.EventDispatchThread.run(Unknown Source)
Caused by: com.objectdb.o.UserException: Attempt to open a database file 'C:\Users\Usuario\git\Sprint_2\Sprint_2\resources\bets.temp' that is currently in use by another process
	at com.objectdb.o.MSG.a(MSG.java:64)
	at com.objectdb.o.LFL.J(LFL.java:930)
	at com.objectdb.o.LFL.x(LFL.java:887)
	at com.objectdb.o.LFL.x(LFL.java:797)
	at com.objectdb.o.DFL.<init>(DFL.java:241)
	at com.objectdb.o.DMG.<init>(DMG.java:27)
	at com.objectdb.o.MST.<init>(MST.java:127)
	at com.objectdb.o.MST.ap(MST.java:109)
	at com.objectdb.o.MSF.Y3(MSF.java:190)
	at com.objectdb.o.OMF.s(OMF.java:804)
	at com.objectdb.jpa.EMF.s(EMF.java:130)
	at com.objectdb.o.OMF.x(OMF.java:715)
	at com.objectdb.jpa.EMF.createEntityManager(EMF.java:149)
	... 17 more

------------------------------------------------------------------------------------------------------------------------

[2020-04-09 17:39:34 #1 store] 
Database 'C:\Users\Usuario\git\Sprint_2\Sprint_2\resources\bets.temp' has been recovered (tr. 18-18)

[2020-04-09 17:39:34 #2 store] 
Database 'C:\Users\Usuario\git\Sprint_2\Sprint_2\resources\bets.temp' is opened by 14416@DESKTOP-00OS7EM

[2020-04-09 17:39:34 #3 store] 
Configuration path: C:\Users\Usuario\git\Sprint_2\objectdb-2.8.2\objectdb.conf

[2020-04-09 17:41:08 #4 store] 
Database 'C:\Users\Usuario\git\Sprint_2\Sprint_2\resources\bets.temp' is closed by 14416@DESKTOP-00OS7EM

------------------------------------------------------------------------------------------------------------------------

[2020-04-09 17:48:48 #1 explorer] 
[ObjectDB 2.8.2] javax.persistence.PersistenceException
Attempt to open a database file 'C:\Users\Usuario\git\Sprint_2\Sprint_2\resources\bets.temp' that is currently in use by another process (error 141)
	at com.objectdb.Explorer$1.run(Explorer.java:57)
	at java.awt.event.InvocationEvent.dispatch(Unknown Source)
	at java.awt.EventQueue.dispatchEventImpl(Unknown Source)
	at java.awt.EventQueue.access$500(Unknown Source)
	at java.awt.EventQueue$3.run(Unknown Source)
	at java.awt.EventQueue$3.run(Unknown Source)
	at java.security.AccessController.doPrivileged(Native Method)
	at java.security.ProtectionDomain$JavaSecurityAccessImpl.doIntersectionPrivilege(Unknown Source)
	at java.awt.EventQueue.dispatchEvent(Unknown Source)
	at java.awt.EventDispatchThread.pumpOneEventForFilters(Unknown Source)
	at java.awt.EventDispatchThread.pumpEventsForFilter(Unknown Source)
	at java.awt.EventDispatchThread.pumpEventsForHierarchy(Unknown Source)
	at java.awt.EventDispatchThread.pumpEvents(Unknown Source)
	at java.awt.EventDispatchThread.pumpEvents(Unknown Source)
	at java.awt.EventDispatchThread.run(Unknown Source)
Caused by: com.objectdb.o.UserException: Attempt to open a database file 'C:\Users\Usuario\git\Sprint_2\Sprint_2\resources\bets.temp' that is currently in use by another process
	at com.objectdb.o.MSG.a(MSG.java:64)
	at com.objectdb.o.LFL.J(LFL.java:930)
	at com.objectdb.o.LFL.x(LFL.java:887)
	at com.objectdb.o.LFL.x(LFL.java:797)
	at com.objectdb.o.DFL.<init>(DFL.java:241)
	at com.objectdb.o.DMG.<init>(DMG.java:27)
	at com.objectdb.o.MST.<init>(MST.java:127)
	at com.objectdb.o.MST.ap(MST.java:109)
	at com.objectdb.o.MSF.Y3(MSF.java:190)
	at com.objectdb.o.OMF.s(OMF.java:804)
	at com.objectdb.jpa.EMF.s(EMF.java:130)
	at com.objectdb.o.OMF.x(OMF.java:715)
	at com.objectdb.jpa.EMF.createEntityManager(EMF.java:149)
	... 17 more

------------------------------------------------------------------------------------------------------------------------

[2020-04-09 17:48:58 #1 store] 
Database 'C:\Users\Usuario\git\Sprint_2\Sprint_2\resources\bets.temp' has been recovered (tr. 16-16)

[2020-04-09 17:48:58 #2 store] 
Database 'C:\Users\Usuario\git\Sprint_2\Sprint_2\resources\bets.temp' is opened by 2708@DESKTOP-00OS7EM

[2020-04-09 17:48:58 #3 store] 
Configuration path: C:\Users\Usuario\git\Sprint_2\objectdb-2.8.2\objectdb.conf

[2020-04-09 17:52:28 #4 store] 
Database 'C:\Users\Usuario\git\Sprint_2\Sprint_2\resources\bets.temp' is closed by 2708@DESKTOP-00OS7EM

------------------------------------------------------------------------------------------------------------------------

[2020-04-09 18:13:14 #1 explorer] 
[ObjectDB 2.8.2] javax.persistence.PersistenceException
Attempt to open a database file 'C:\Users\Usuario\git\Sprint_2\Sprint_2\resources\bets.temp' that is currently in use by another process (error 141)
	at com.objectdb.Explorer$1.run(Explorer.java:57)
	at java.awt.event.InvocationEvent.dispatch(Unknown Source)
	at java.awt.EventQueue.dispatchEventImpl(Unknown Source)
	at java.awt.EventQueue.access$500(Unknown Source)
	at java.awt.EventQueue$3.run(Unknown Source)
	at java.awt.EventQueue$3.run(Unknown Source)
	at java.security.AccessController.doPrivileged(Native Method)
	at java.security.ProtectionDomain$JavaSecurityAccessImpl.doIntersectionPrivilege(Unknown Source)
	at java.awt.EventQueue.dispatchEvent(Unknown Source)
	at java.awt.EventDispatchThread.pumpOneEventForFilters(Unknown Source)
	at java.awt.EventDispatchThread.pumpEventsForFilter(Unknown Source)
	at java.awt.EventDispatchThread.pumpEventsForHierarchy(Unknown Source)
	at java.awt.EventDispatchThread.pumpEvents(Unknown Source)
	at java.awt.EventDispatchThread.pumpEvents(Unknown Source)
	at java.awt.EventDispatchThread.run(Unknown Source)
Caused by: com.objectdb.o.UserException: Attempt to open a database file 'C:\Users\Usuario\git\Sprint_2\Sprint_2\resources\bets.temp' that is currently in use by another process
	at com.objectdb.o.MSG.a(MSG.java:64)
	at com.objectdb.o.LFL.J(LFL.java:930)
	at com.objectdb.o.LFL.x(LFL.java:887)
	at com.objectdb.o.LFL.x(LFL.java:797)
	at com.objectdb.o.DFL.<init>(DFL.java:241)
	at com.objectdb.o.DMG.<init>(DMG.java:27)
	at com.objectdb.o.MST.<init>(MST.java:127)
	at com.objectdb.o.MST.ap(MST.java:109)
	at com.objectdb.o.MSF.Y3(MSF.java:190)
	at com.objectdb.o.OMF.s(OMF.java:804)
	at com.objectdb.jpa.EMF.s(EMF.java:130)
	at com.objectdb.o.OMF.x(OMF.java:715)
	at com.objectdb.jpa.EMF.createEntityManager(EMF.java:149)
	... 17 more

------------------------------------------------------------------------------------------------------------------------

[2020-04-09 18:13:19 #1 store] 
Database 'C:\Users\Usuario\git\Sprint_2\Sprint_2\resources\bets.temp' has been recovered (tr. 20-20)

[2020-04-09 18:13:19 #2 store] 
Database 'C:\Users\Usuario\git\Sprint_2\Sprint_2\resources\bets.temp' is opened by 15028@DESKTOP-00OS7EM

[2020-04-09 18:13:19 #3 store] 
Configuration path: C:\Users\Usuario\git\Sprint_2\objectdb-2.8.2\objectdb.conf

[2020-04-09 18:13:44 #4 store] 
Database 'C:\Users\Usuario\git\Sprint_2\Sprint_2\resources\bets.temp' is closed by 15028@DESKTOP-00OS7EM

------------------------------------------------------------------------------------------------------------------------

[2020-04-09 18:13:47 #1 store] 
Database 'C:\Users\Usuario\git\Sprint_2\Sprint_2\resources\bets.temp' is opened by 7236@DESKTOP-00OS7EM

[2020-04-09 18:13:47 #2 store] 
Configuration path: C:\Users\Usuario\git\Sprint_2\objectdb-2.8.2\objectdb.conf

[2020-04-09 18:16:43 #3 store] 
Database 'C:\Users\Usuario\git\Sprint_2\Sprint_2\resources\bets.temp' is closed by 7236@DESKTOP-00OS7EM

------------------------------------------------------------------------------------------------------------------------

[2020-04-09 18:22:28 #1 store] 
Database 'C:\Users\Usuario\git\Sprint_2\Sprint_2\resources\bets.temp' is opened by 3244@DESKTOP-00OS7EM

[2020-04-09 18:22:28 #2 store] 
Configuration path: C:\Users\Usuario\git\Sprint_2\objectdb-2.8.2\objectdb.conf

[2020-04-09 18:24:44 #3 store] 
Database 'C:\Users\Usuario\git\Sprint_2\Sprint_2\resources\bets.temp' is closed by 3244@DESKTOP-00OS7EM

------------------------------------------------------------------------------------------------------------------------

[2020-04-09 19:27:50 #1 explorer] 
[ObjectDB 2.8.2] javax.persistence.PersistenceException
Attempt to open a database file 'C:\Users\Usuario\git\Sprint_2\Sprint_2\resources\bets.temp' that is currently in use by another process (error 141)
	at com.objectdb.Explorer$1.run(Explorer.java:57)
	at java.awt.event.InvocationEvent.dispatch(Unknown Source)
	at java.awt.EventQueue.dispatchEventImpl(Unknown Source)
	at java.awt.EventQueue.access$500(Unknown Source)
	at java.awt.EventQueue$3.run(Unknown Source)
	at java.awt.EventQueue$3.run(Unknown Source)
	at java.security.AccessController.doPrivileged(Native Method)
	at java.security.ProtectionDomain$JavaSecurityAccessImpl.doIntersectionPrivilege(Unknown Source)
	at java.awt.EventQueue.dispatchEvent(Unknown Source)
	at java.awt.EventDispatchThread.pumpOneEventForFilters(Unknown Source)
	at java.awt.EventDispatchThread.pumpEventsForFilter(Unknown Source)
	at java.awt.EventDispatchThread.pumpEventsForHierarchy(Unknown Source)
	at java.awt.EventDispatchThread.pumpEvents(Unknown Source)
	at java.awt.EventDispatchThread.pumpEvents(Unknown Source)
	at java.awt.EventDispatchThread.run(Unknown Source)
Caused by: com.objectdb.o.UserException: Attempt to open a database file 'C:\Users\Usuario\git\Sprint_2\Sprint_2\resources\bets.temp' that is currently in use by another process
	at com.objectdb.o.MSG.a(MSG.java:64)
	at com.objectdb.o.LFL.J(LFL.java:930)
	at com.objectdb.o.LFL.x(LFL.java:887)
	at com.objectdb.o.LFL.x(LFL.java:797)
	at com.objectdb.o.DFL.<init>(DFL.java:241)
	at com.objectdb.o.DMG.<init>(DMG.java:27)
	at com.objectdb.o.MST.<init>(MST.java:127)
	at com.objectdb.o.MST.ap(MST.java:109)
	at com.objectdb.o.MSF.Y3(MSF.java:190)
	at com.objectdb.o.OMF.s(OMF.java:804)
	at com.objectdb.jpa.EMF.s(EMF.java:130)
	at com.objectdb.o.OMF.x(OMF.java:715)
	at com.objectdb.jpa.EMF.createEntityManager(EMF.java:149)
	... 17 more

------------------------------------------------------------------------------------------------------------------------

[2020-04-09 19:27:55 #1 store] 
Database 'C:\Users\Usuario\git\Sprint_2\Sprint_2\resources\bets.temp' is opened by 14536@DESKTOP-00OS7EM

[2020-04-09 19:27:55 #2 store] 
Configuration path: C:\Users\Usuario\git\Sprint_2\objectdb-2.8.2\objectdb.conf

[2020-04-09 19:28:19 #3 store] 
Database 'C:\Users\Usuario\git\Sprint_2\Sprint_2\resources\bets.temp' is closed by 14536@DESKTOP-00OS7EM

------------------------------------------------------------------------------------------------------------------------

[2020-04-09 21:17:26 #1 store] 
Database 'C:\Users\Usuario\git\Sprint_2\Sprint_2\resources\bets.temp' is opened by 13528@DESKTOP-00OS7EM

[2020-04-09 21:17:26 #2 store] 
Configuration path: C:\Users\Usuario\git\Sprint_2\objectdb-2.8.2\objectdb.conf

[2020-04-09 21:17:51 #3 store] 
Database 'C:\Users\Usuario\git\Sprint_2\Sprint_2\resources\bets.temp' is closed by 13528@DESKTOP-00OS7EM

------------------------------------------------------------------------------------------------------------------------

[2020-04-09 21:19:05 #1 store] 
Database 'C:\Users\Usuario\git\Sprint_2\Sprint_2\resources\bets.temp' is opened by 13700@DESKTOP-00OS7EM

[2020-04-09 21:19:05 #2 store] 
Configuration path: C:\Users\Usuario\git\Sprint_2\objectdb-2.8.2\objectdb.conf

[2020-04-09 21:19:15 #3 store] 
Database 'C:\Users\Usuario\git\Sprint_2\Sprint_2\resources\bets.temp' is closed by 13700@DESKTOP-00OS7EM

------------------------------------------------------------------------------------------------------------------------

[2020-04-09 21:34:39 #1 store] 
Database 'C:\Users\Usuario\git\Sprint_2\Sprint_2\resources\bets.temp' is opened by 4796@DESKTOP-00OS7EM

[2020-04-09 21:34:39 #2 store] 
Configuration path: C:\Users\Usuario\git\Sprint_2\objectdb-2.8.2\objectdb.conf

[2020-04-09 21:34:56 #3 store] 
Database 'C:\Users\Usuario\git\Sprint_2\Sprint_2\resources\bets.temp' is closed by 4796@DESKTOP-00OS7EM

------------------------------------------------------------------------------------------------------------------------

[2020-04-09 21:44:26 #1 store] 
Database 'C:\Users\Usuario\git\Sprint_2\Sprint_2\resources\bets.temp' is opened by 14056@DESKTOP-00OS7EM

[2020-04-09 21:44:26 #2 store] 
Configuration path: C:\Users\Usuario\git\Sprint_2\objectdb-2.8.2\objectdb.conf

[2020-04-09 21:44:45 #3 store] 
Database 'C:\Users\Usuario\git\Sprint_2\Sprint_2\resources\bets.temp' is closed by 14056@DESKTOP-00OS7EM

------------------------------------------------------------------------------------------------------------------------

[2020-04-09 21:45:09 #1 store] 
Database 'C:\Users\Usuario\git\Sprint_2\Sprint_2\resources\bets.temp' is opened by 15316@DESKTOP-00OS7EM

[2020-04-09 21:45:09 #2 store] 
Configuration path: C:\Users\Usuario\git\Sprint_2\objectdb-2.8.2\objectdb.conf

[2020-04-09 21:45:24 #3 store] 
Database 'C:\Users\Usuario\git\Sprint_2\Sprint_2\resources\bets.temp' is closed by 15316@DESKTOP-00OS7EM

