------------------------------------------------------------------------------------------------------------------------

[2020-04-16 01:27:36 #1 store] 
Database 'C:\Users\Usuario\git\Sprint_2\Sprint_2\resources\bets.temp' has been recovered (tr. 1-12)

[2020-04-16 01:27:36 #2 store] 
Database 'C:\Users\Usuario\git\Sprint_2\Sprint_2\resources\bets.temp' is opened by 14084@DESKTOP-00OS7EM

[2020-04-16 01:27:36 #3 store] 
Configuration path: C:\Users\Usuario\git\Sprint_2\objectdb-2.8.2\objectdb.conf

[2020-04-16 01:29:59 #4 store] 
Database 'C:\Users\Usuario\git\Sprint_2\Sprint_2\resources\bets.temp' is closed by 14084@DESKTOP-00OS7EM

------------------------------------------------------------------------------------------------------------------------

[2020-04-16 01:30:08 #1 store] 
Database 'C:\Users\Usuario\git\Sprint_2\Sprint_2\resources\bets.temp' has been recovered (tr. 1-10)

[2020-04-16 01:30:08 #2 store] 
Database 'C:\Users\Usuario\git\Sprint_2\Sprint_2\resources\bets.temp' is opened by 17588@DESKTOP-00OS7EM

[2020-04-16 01:30:08 #3 store] 
Configuration path: C:\Users\Usuario\git\Sprint_2\objectdb-2.8.2\objectdb.conf

[2020-04-16 01:30:13 #4 store] 
Database 'C:\Users\Usuario\git\Sprint_2\Sprint_2\resources\bets.temp' is closed by 17588@DESKTOP-00OS7EM

------------------------------------------------------------------------------------------------------------------------

[2020-04-16 03:08:30 #1 store] 
Database 'C:\Users\Usuario\git\Sprint_2\Sprint_2\resources\bets.temp' has been recovered (tr. 1-18)

[2020-04-16 03:08:30 #2 store] 
Database 'C:\Users\Usuario\git\Sprint_2\Sprint_2\resources\bets.temp' is opened by 8236@DESKTOP-00OS7EM

[2020-04-16 03:08:30 #3 store] 
Configuration path: C:\Users\Usuario\git\Sprint_2\objectdb-2.8.2\objectdb.conf

[2020-04-16 03:08:58 #4 store] 
Database 'C:\Users\Usuario\git\Sprint_2\Sprint_2\resources\bets.temp' is closed by 8236@DESKTOP-00OS7EM

------------------------------------------------------------------------------------------------------------------------

[2020-04-16 03:09:29 #1 store] 
Database 'C:\Users\Usuario\git\Sprint_2\Sprint_2\resources\bets.temp' has been recovered (tr. 1-13)

[2020-04-16 03:09:29 #2 store] 
Database 'C:\Users\Usuario\git\Sprint_2\Sprint_2\resources\bets.temp' is opened by 13904@DESKTOP-00OS7EM

[2020-04-16 03:09:29 #3 store] 
Configuration path: C:\Users\Usuario\git\Sprint_2\objectdb-2.8.2\objectdb.conf

[2020-04-16 03:09:42 #4 store] 
Database 'C:\Users\Usuario\git\Sprint_2\Sprint_2\resources\bets.temp' is closed by 13904@DESKTOP-00OS7EM

------------------------------------------------------------------------------------------------------------------------

[2020-04-16 13:23:29 #1 store] 
Database 'C:\Users\Usuario\git\Sprint_2\Sprint_2\resources\bets.temp' has been recovered (tr. 1-16)

[2020-04-16 13:23:29 #2 store] 
Database 'C:\Users\Usuario\git\Sprint_2\Sprint_2\resources\bets.temp' is opened by 6372@DESKTOP-00OS7EM

[2020-04-16 13:23:29 #3 store] 
Configuration path: C:\Users\Usuario\git\Sprint_2\objectdb-2.8.2\objectdb.conf

[2020-04-16 13:24:08 #4 store] 
Database 'C:\Users\Usuario\git\Sprint_2\Sprint_2\resources\bets.temp' is closed by 6372@DESKTOP-00OS7EM

------------------------------------------------------------------------------------------------------------------------

[2020-04-16 13:24:28 #1 store] 
Database 'C:\Users\Usuario\git\Sprint_2\Sprint_2\resources\bets.temp' has been recovered (tr. 1-16)

[2020-04-16 13:24:28 #2 store] 
Database 'C:\Users\Usuario\git\Sprint_2\Sprint_2\resources\bets.temp' is opened by 9984@DESKTOP-00OS7EM

[2020-04-16 13:24:28 #3 store] 
Configuration path: C:\Users\Usuario\git\Sprint_2\objectdb-2.8.2\objectdb.conf

[2020-04-16 13:28:05 #4 store] 
Database 'C:\Users\Usuario\git\Sprint_2\Sprint_2\resources\bets.temp' is closed by 9984@DESKTOP-00OS7EM

------------------------------------------------------------------------------------------------------------------------

[2020-04-16 13:28:16 #1 store] 
Database 'C:\Users\Usuario\git\Sprint_2\Sprint_2\resources\bets.temp' has been recovered (tr. 1-13)

[2020-04-16 13:28:16 #2 store] 
Database 'C:\Users\Usuario\git\Sprint_2\Sprint_2\resources\bets.temp' is opened by 8152@DESKTOP-00OS7EM

[2020-04-16 13:28:16 #3 store] 
Configuration path: C:\Users\Usuario\git\Sprint_2\objectdb-2.8.2\objectdb.conf

[2020-04-16 13:29:28 #4 store] 
Database 'C:\Users\Usuario\git\Sprint_2\Sprint_2\resources\bets.temp' is closed by 8152@DESKTOP-00OS7EM

------------------------------------------------------------------------------------------------------------------------

[2020-04-16 13:30:01 #1 store] 
Database 'C:\Users\Usuario\git\Sprint_2\Sprint_2\resources\bets.temp' has been recovered (tr. 1-13)

[2020-04-16 13:30:01 #2 store] 
Database 'C:\Users\Usuario\git\Sprint_2\Sprint_2\resources\bets.temp' is opened by 10636@DESKTOP-00OS7EM

[2020-04-16 13:30:01 #3 store] 
Configuration path: C:\Users\Usuario\git\Sprint_2\objectdb-2.8.2\objectdb.conf

[2020-04-16 13:31:40 #4 store] 
Database 'C:\Users\Usuario\git\Sprint_2\Sprint_2\resources\bets.temp' is closed by 10636@DESKTOP-00OS7EM

------------------------------------------------------------------------------------------------------------------------

[2020-04-16 13:31:56 #1 store] 
Database 'C:\Users\Usuario\git\Sprint_2\Sprint_2\resources\bets.temp' has been recovered (tr. 1-13)

[2020-04-16 13:31:56 #2 store] 
Database 'C:\Users\Usuario\git\Sprint_2\Sprint_2\resources\bets.temp' is opened by 5144@DESKTOP-00OS7EM

[2020-04-16 13:31:56 #3 store] 
Configuration path: C:\Users\Usuario\git\Sprint_2\objectdb-2.8.2\objectdb.conf

[2020-04-16 13:32:21 #4 store] 
Database 'C:\Users\Usuario\git\Sprint_2\Sprint_2\resources\bets.temp' is closed by 5144@DESKTOP-00OS7EM

------------------------------------------------------------------------------------------------------------------------

[2020-04-16 13:32:32 #1 store] 
Database 'C:\Users\Usuario\git\Sprint_2\Sprint_2\resources\bets.temp' has been recovered (tr. 1-13)

[2020-04-16 13:32:32 #2 store] 
Database 'C:\Users\Usuario\git\Sprint_2\Sprint_2\resources\bets.temp' is opened by 5400@DESKTOP-00OS7EM

[2020-04-16 13:32:32 #3 store] 
Configuration path: C:\Users\Usuario\git\Sprint_2\objectdb-2.8.2\objectdb.conf

[2020-04-16 13:32:40 #4 store] 
Database 'C:\Users\Usuario\git\Sprint_2\Sprint_2\resources\bets.temp' is closed by 5400@DESKTOP-00OS7EM

------------------------------------------------------------------------------------------------------------------------

[2020-04-16 19:36:34 #1 store] 
Database 'C:\Users\Usuario\git\Sprint_2\Sprint_2\resources\bets.temp' has been recovered (tr. 1-15)

[2020-04-16 19:36:34 #2 store] 
Database 'C:\Users\Usuario\git\Sprint_2\Sprint_2\resources\bets.temp' is opened by 10108@DESKTOP-00OS7EM

[2020-04-16 19:36:34 #3 store] 
Configuration path: C:\Users\Usuario\git\Sprint_2\objectdb-2.8.2\objectdb.conf

[2020-04-16 19:37:15 #4 store] 
Database 'C:\Users\Usuario\git\Sprint_2\Sprint_2\resources\bets.temp' is closed by 10108@DESKTOP-00OS7EM

------------------------------------------------------------------------------------------------------------------------

[2020-04-16 19:39:22 #1 store] 
Database 'C:\Users\Usuario\git\Sprint_2\Sprint_2\resources\bets.temp' has been recovered (tr. 1-13)

[2020-04-16 19:39:22 #2 store] 
Database 'C:\Users\Usuario\git\Sprint_2\Sprint_2\resources\bets.temp' is opened by 9788@DESKTOP-00OS7EM

[2020-04-16 19:39:22 #3 store] 
Configuration path: C:\Users\Usuario\git\Sprint_2\objectdb-2.8.2\objectdb.conf

[2020-04-16 19:39:28 #4 store] 
Database 'C:\Users\Usuario\git\Sprint_2\Sprint_2\resources\bets.temp' is closed by 9788@DESKTOP-00OS7EM

