------------------------------------------------------------------------------------------------------------------------

[2020-05-18 15:45:17 #1 type] 
Type domain.Event is not enhanced.

[2020-05-18 15:45:17 #2 type] 
Type domain.Question is not enhanced.

[2020-05-18 15:45:17 #3 type] 
Type domain.Competition is not enhanced.

[2020-05-18 15:45:17 #4 type] 
Type domain.Prediction is not enhanced.

[2020-05-18 15:45:17 #5 type] 
Type domain.User is not enhanced.

[2020-05-18 15:45:17 #6 type] 
Type domain.CreditCard is not enhanced.

[2020-05-18 15:45:17 #7 type] 
Type domain.Bet is not enhanced.

[2020-05-18 15:45:17 #8 type] 
Type domain.Profile is not enhanced.

[2020-05-18 15:45:39 #9 type] 
Type domain.FeedbackRecord is not enhanced.

[2020-05-18 15:45:39 #10 type] 
Type domain.Feedback is not enhanced.

------------------------------------------------------------------------------------------------------------------------

[2020-05-18 15:50:03 #1 type] 
Type domain.Event is not enhanced.

[2020-05-18 15:50:03 #2 type] 
Type domain.Question is not enhanced.

[2020-05-18 15:50:03 #3 type] 
Type domain.Competition is not enhanced.

[2020-05-18 15:50:03 #4 type] 
Type domain.Prediction is not enhanced.

[2020-05-18 15:50:03 #5 type] 
Type domain.User is not enhanced.

[2020-05-18 15:50:03 #6 type] 
Type domain.CreditCard is not enhanced.

[2020-05-18 15:50:03 #7 type] 
Type domain.Bet is not enhanced.

[2020-05-18 15:50:03 #8 type] 
Type domain.Profile is not enhanced.

[2020-05-18 15:50:27 #9 type] 
Type domain.FeedbackRecord is not enhanced.

[2020-05-18 15:50:27 #10 type] 
Type domain.Feedback is not enhanced.

------------------------------------------------------------------------------------------------------------------------

[2020-05-18 15:57:18 #1 type] 
Type domain.Event is not enhanced.

[2020-05-18 15:57:18 #2 type] 
Type domain.Question is not enhanced.

[2020-05-18 15:57:18 #3 type] 
Type domain.Competition is not enhanced.

[2020-05-18 15:57:18 #4 type] 
Type domain.Prediction is not enhanced.

[2020-05-18 15:57:18 #5 type] 
Type domain.User is not enhanced.

[2020-05-18 15:57:18 #6 type] 
Type domain.CreditCard is not enhanced.

[2020-05-18 15:57:18 #7 type] 
Type domain.Bet is not enhanced.

[2020-05-18 15:57:18 #8 type] 
Type domain.Profile is not enhanced.

[2020-05-18 15:57:26 #9 type] 
Type domain.FeedbackRecord is not enhanced.

[2020-05-18 15:57:26 #10 type] 
Type domain.Feedback is not enhanced.

------------------------------------------------------------------------------------------------------------------------

[2020-05-18 15:58:52 #1 type] 
Type domain.Event is not enhanced.

[2020-05-18 15:58:52 #2 type] 
Type domain.Question is not enhanced.

[2020-05-18 15:58:52 #3 type] 
Type domain.Competition is not enhanced.

[2020-05-18 15:58:52 #4 type] 
Type domain.Prediction is not enhanced.

[2020-05-18 15:58:52 #5 type] 
Type domain.User is not enhanced.

[2020-05-18 15:58:52 #6 type] 
Type domain.CreditCard is not enhanced.

[2020-05-18 15:58:52 #7 type] 
Type domain.Bet is not enhanced.

[2020-05-18 15:58:52 #8 type] 
Type domain.Profile is not enhanced.

[2020-05-18 15:59:03 #9 type] 
Type domain.FeedbackRecord is not enhanced.

[2020-05-18 15:59:03 #10 type] 
Type domain.Feedback is not enhanced.

------------------------------------------------------------------------------------------------------------------------

[2020-05-18 22:00:09 #1 type] 
Type domain.Event is not enhanced.

[2020-05-18 22:00:09 #2 type] 
Type domain.Question is not enhanced.

[2020-05-18 22:00:09 #3 type] 
Type domain.Competition is not enhanced.

[2020-05-18 22:00:09 #4 type] 
Type domain.Prediction is not enhanced.

[2020-05-18 22:00:09 #5 type] 
Type domain.User is not enhanced.

[2020-05-18 22:00:09 #6 type] 
Type domain.CreditCard is not enhanced.

[2020-05-18 22:00:09 #7 type] 
Type domain.Bet is not enhanced.

[2020-05-18 22:00:09 #8 type] 
Type domain.Profile is not enhanced.

[2020-05-18 22:00:21 #9 type] 
Type domain.FeedbackRecord is not enhanced.

[2020-05-18 22:00:21 #10 type] 
Type domain.Feedback is not enhanced.

