------------------------------------------------------------------------------------------------------------------------

[2020-05-15 12:32:06 #1 type] 
Type domain.Event is not enhanced.

[2020-05-15 12:32:07 #2 type] 
Type domain.Question is not enhanced.

[2020-05-15 12:32:07 #3 type] 
Type domain.Competition is not enhanced.

[2020-05-15 12:32:07 #4 type] 
Type domain.Prediction is not enhanced.

[2020-05-15 12:32:07 #5 type] 
Type domain.User is not enhanced.

[2020-05-15 12:32:07 #6 type] 
Type domain.CreditCard is not enhanced.

[2020-05-15 12:32:07 #7 type] 
Type domain.Bet is not enhanced.

[2020-05-15 12:32:07 #8 type] 
Type domain.Profile is not enhanced.

------------------------------------------------------------------------------------------------------------------------

[2020-05-15 12:32:33 #1 type] 
Type domain.Event is not enhanced.

[2020-05-15 12:32:33 #2 type] 
Type domain.Question is not enhanced.

[2020-05-15 12:32:33 #3 type] 
Type domain.Competition is not enhanced.

[2020-05-15 12:32:33 #4 type] 
Type domain.Prediction is not enhanced.

[2020-05-15 12:32:33 #5 type] 
Type domain.User is not enhanced.

[2020-05-15 12:32:33 #6 type] 
Type domain.CreditCard is not enhanced.

[2020-05-15 12:32:33 #7 type] 
Type domain.Bet is not enhanced.

[2020-05-15 12:32:33 #8 type] 
Type domain.Profile is not enhanced.

------------------------------------------------------------------------------------------------------------------------

[2020-05-15 12:34:18 #1 type] 
Type domain.Event is not enhanced.

[2020-05-15 12:34:18 #2 type] 
Type domain.Question is not enhanced.

[2020-05-15 12:34:18 #3 type] 
Type domain.Competition is not enhanced.

[2020-05-15 12:34:18 #4 type] 
Type domain.Prediction is not enhanced.

[2020-05-15 12:34:18 #5 type] 
Type domain.User is not enhanced.

[2020-05-15 12:34:18 #6 type] 
Type domain.CreditCard is not enhanced.

[2020-05-15 12:34:18 #7 type] 
Type domain.Bet is not enhanced.

[2020-05-15 12:34:18 #8 type] 
Type domain.Profile is not enhanced.

------------------------------------------------------------------------------------------------------------------------

[2020-05-15 12:41:34 #1 store] 
Database 'C:\Users\Jon\git\BetAndRuin\BetAndRuin\resources\bets.temp' is opened by 1140@DESKTOP-6FCSN85

[2020-05-15 12:41:34 #2 store] 
Configuration path: ?

[2020-05-15 12:41:34 #3 type] 
Type domain.Event is not enhanced.

[2020-05-15 12:41:34 #4 type] 
Type domain.Question is not enhanced.

[2020-05-15 12:41:34 #5 type] 
Type domain.Competition is not enhanced.

[2020-05-15 12:41:34 #6 type] 
Type domain.Prediction is not enhanced.

[2020-05-15 12:41:34 #7 type] 
Type domain.User is not enhanced.

[2020-05-15 12:41:34 #8 type] 
Type domain.CreditCard is not enhanced.

[2020-05-15 12:41:34 #9 type] 
Type domain.Bet is not enhanced.

[2020-05-15 12:41:34 #10 type] 
Type domain.Profile is not enhanced.

[2020-05-15 12:41:47 #11 type] 
Type domain.FeedbackRecord is not enhanced.

[2020-05-15 12:41:47 #12 type] 
Type domain.Feedback is not enhanced.

------------------------------------------------------------------------------------------------------------------------

[2020-05-15 12:49:44 #1 type] 
Type domain.Event is not enhanced.

[2020-05-15 12:49:44 #2 type] 
Type domain.Question is not enhanced.

[2020-05-15 12:49:44 #3 type] 
Type domain.Competition is not enhanced.

[2020-05-15 12:49:44 #4 type] 
Type domain.Prediction is not enhanced.

[2020-05-15 12:49:44 #5 type] 
Type domain.User is not enhanced.

[2020-05-15 12:49:44 #6 type] 
Type domain.CreditCard is not enhanced.

[2020-05-15 12:49:44 #7 type] 
Type domain.Bet is not enhanced.

[2020-05-15 12:49:44 #8 type] 
Type domain.Profile is not enhanced.

[2020-05-15 12:50:25 #9 type] 
Type domain.Feedback is not enhanced.

[2020-05-15 12:50:25 #10 type] 
Type domain.FeedbackRecord is not enhanced.

------------------------------------------------------------------------------------------------------------------------

[2020-05-15 12:52:22 #1 type] 
Type domain.Event is not enhanced.

[2020-05-15 12:52:22 #2 type] 
Type domain.Question is not enhanced.

[2020-05-15 12:52:22 #3 type] 
Type domain.Competition is not enhanced.

[2020-05-15 12:52:22 #4 type] 
Type domain.Prediction is not enhanced.

[2020-05-15 12:52:22 #5 type] 
Type domain.User is not enhanced.

[2020-05-15 12:52:22 #6 type] 
Type domain.CreditCard is not enhanced.

[2020-05-15 12:52:22 #7 type] 
Type domain.Bet is not enhanced.

[2020-05-15 12:52:22 #8 type] 
Type domain.Profile is not enhanced.

[2020-05-15 12:52:37 #9 type] 
Type domain.FeedbackRecord is not enhanced.

[2020-05-15 12:52:37 #10 type] 
Type domain.Feedback is not enhanced.

------------------------------------------------------------------------------------------------------------------------

[2020-05-15 12:55:01 #1 type] 
Type domain.Event is not enhanced.

[2020-05-15 12:55:01 #2 type] 
Type domain.Question is not enhanced.

[2020-05-15 12:55:01 #3 type] 
Type domain.Competition is not enhanced.

[2020-05-15 12:55:01 #4 type] 
Type domain.Prediction is not enhanced.

[2020-05-15 12:55:01 #5 type] 
Type domain.User is not enhanced.

[2020-05-15 12:55:01 #6 type] 
Type domain.CreditCard is not enhanced.

[2020-05-15 12:55:01 #7 type] 
Type domain.Bet is not enhanced.

[2020-05-15 12:55:01 #8 type] 
Type domain.Profile is not enhanced.

[2020-05-15 12:55:01 #9 type] 
Type domain.FeedbackRecord is not enhanced.

[2020-05-15 12:55:01 #10 type] 
Type domain.Feedback is not enhanced.

------------------------------------------------------------------------------------------------------------------------

[2020-05-15 12:56:08 #1 type] 
Type domain.Event is not enhanced.

[2020-05-15 12:56:08 #2 type] 
Type domain.Question is not enhanced.

[2020-05-15 12:56:08 #3 type] 
Type domain.Competition is not enhanced.

[2020-05-15 12:56:08 #4 type] 
Type domain.Prediction is not enhanced.

[2020-05-15 12:56:08 #5 type] 
Type domain.User is not enhanced.

[2020-05-15 12:56:08 #6 type] 
Type domain.CreditCard is not enhanced.

[2020-05-15 12:56:08 #7 type] 
Type domain.Bet is not enhanced.

[2020-05-15 12:56:08 #8 type] 
Type domain.Profile is not enhanced.

[2020-05-15 12:56:20 #9 type] 
Type domain.FeedbackRecord is not enhanced.

[2020-05-15 12:56:20 #10 type] 
Type domain.Feedback is not enhanced.

