------------------------------------------------------------------------------------------------------------------------

[2020-05-10 11:14:46 #1 type] 
Type domain.Event is not enhanced.

[2020-05-10 11:14:46 #2 type] 
Type domain.Question is not enhanced.

[2020-05-10 11:14:46 #3 type] 
Type domain.Competition is not enhanced.

[2020-05-10 11:14:46 #4 type] 
Type domain.Prediction is not enhanced.

[2020-05-10 11:14:46 #5 type] 
Type domain.User is not enhanced.

[2020-05-10 11:14:46 #6 type] 
Type domain.CreditCard is not enhanced.

[2020-05-10 11:14:46 #7 type] 
Type domain.Bet is not enhanced.

[2020-05-10 11:14:46 #8 type] 
Type domain.Profile is not enhanced.

[2020-05-10 11:15:01 #9 type] 
Type domain.Feedback is not enhanced.

------------------------------------------------------------------------------------------------------------------------

[2020-05-10 11:21:00 #1 type] 
Type domain.Event is not enhanced.

[2020-05-10 11:21:00 #2 type] 
Type domain.Question is not enhanced.

[2020-05-10 11:21:00 #3 type] 
Type domain.Competition is not enhanced.

[2020-05-10 11:21:00 #4 type] 
Type domain.Prediction is not enhanced.

[2020-05-10 11:21:00 #5 type] 
Type domain.User is not enhanced.

[2020-05-10 11:21:00 #6 type] 
Type domain.CreditCard is not enhanced.

[2020-05-10 11:21:00 #7 type] 
Type domain.Bet is not enhanced.

[2020-05-10 11:21:00 #8 type] 
Type domain.Profile is not enhanced.

[2020-05-10 11:21:09 #9 type] 
Type domain.Feedback is not enhanced.

------------------------------------------------------------------------------------------------------------------------

[2020-05-10 11:32:31 #1 type] 
Type domain.Event is not enhanced.

[2020-05-10 11:32:31 #2 type] 
Type domain.Question is not enhanced.

[2020-05-10 11:32:31 #3 type] 
Type domain.Competition is not enhanced.

[2020-05-10 11:32:31 #4 type] 
Type domain.Prediction is not enhanced.

[2020-05-10 11:32:31 #5 type] 
Type domain.User is not enhanced.

[2020-05-10 11:32:31 #6 type] 
Type domain.CreditCard is not enhanced.

[2020-05-10 11:32:31 #7 type] 
Type domain.Bet is not enhanced.

[2020-05-10 11:32:31 #8 type] 
Type domain.Profile is not enhanced.

[2020-05-10 11:32:31 #9 type] 
Type domain.Feedback is not enhanced.

------------------------------------------------------------------------------------------------------------------------

[2020-05-10 11:32:48 #1 type] 
Type domain.Event is not enhanced.

[2020-05-10 11:32:48 #2 type] 
Type domain.Question is not enhanced.

[2020-05-10 11:32:48 #3 type] 
Type domain.Competition is not enhanced.

[2020-05-10 11:32:48 #4 type] 
Type domain.Prediction is not enhanced.

[2020-05-10 11:32:48 #5 type] 
Type domain.User is not enhanced.

[2020-05-10 11:32:48 #6 type] 
Type domain.CreditCard is not enhanced.

[2020-05-10 11:32:48 #7 type] 
Type domain.Bet is not enhanced.

[2020-05-10 11:32:48 #8 type] 
Type domain.Profile is not enhanced.

[2020-05-10 11:32:48 #9 type] 
Type domain.Feedback is not enhanced.

------------------------------------------------------------------------------------------------------------------------

[2020-05-10 11:33:15 #1 type] 
Type domain.Event is not enhanced.

[2020-05-10 11:33:15 #2 type] 
Type domain.Question is not enhanced.

[2020-05-10 11:33:15 #3 type] 
Type domain.Competition is not enhanced.

[2020-05-10 11:33:15 #4 type] 
Type domain.Prediction is not enhanced.

[2020-05-10 11:33:15 #5 type] 
Type domain.User is not enhanced.

[2020-05-10 11:33:15 #6 type] 
Type domain.CreditCard is not enhanced.

[2020-05-10 11:33:15 #7 type] 
Type domain.Bet is not enhanced.

[2020-05-10 11:33:15 #8 type] 
Type domain.Profile is not enhanced.

[2020-05-10 11:36:20 #9 type] 
Type domain.Feedback is not enhanced.

------------------------------------------------------------------------------------------------------------------------

[2020-05-10 11:40:30 #1 type] 
Type domain.Event is not enhanced.

[2020-05-10 11:40:30 #2 type] 
Type domain.Question is not enhanced.

[2020-05-10 11:40:30 #3 type] 
Type domain.Competition is not enhanced.

[2020-05-10 11:40:30 #4 type] 
Type domain.Prediction is not enhanced.

[2020-05-10 11:40:30 #5 type] 
Type domain.User is not enhanced.

[2020-05-10 11:40:30 #6 type] 
Type domain.CreditCard is not enhanced.

[2020-05-10 11:40:30 #7 type] 
Type domain.Bet is not enhanced.

[2020-05-10 11:40:30 #8 type] 
Type domain.Profile is not enhanced.

[2020-05-10 11:40:39 #9 type] 
Type domain.Feedback is not enhanced.

------------------------------------------------------------------------------------------------------------------------

[2020-05-10 11:46:21 #1 type] 
Type domain.Event is not enhanced.

[2020-05-10 11:46:21 #2 type] 
Type domain.Question is not enhanced.

[2020-05-10 11:46:21 #3 type] 
Type domain.Competition is not enhanced.

[2020-05-10 11:46:21 #4 type] 
Type domain.Prediction is not enhanced.

[2020-05-10 11:46:21 #5 type] 
Type domain.User is not enhanced.

[2020-05-10 11:46:21 #6 type] 
Type domain.CreditCard is not enhanced.

[2020-05-10 11:46:21 #7 type] 
Type domain.Bet is not enhanced.

[2020-05-10 11:46:21 #8 type] 
Type domain.Profile is not enhanced.

[2020-05-10 11:46:30 #9 type] 
Type domain.Feedback is not enhanced.

------------------------------------------------------------------------------------------------------------------------

[2020-05-10 11:48:36 #1 type] 
Type domain.Event is not enhanced.

[2020-05-10 11:48:36 #2 type] 
Type domain.Question is not enhanced.

[2020-05-10 11:48:36 #3 type] 
Type domain.Competition is not enhanced.

[2020-05-10 11:48:36 #4 type] 
Type domain.Prediction is not enhanced.

[2020-05-10 11:48:36 #5 type] 
Type domain.User is not enhanced.

[2020-05-10 11:48:36 #6 type] 
Type domain.CreditCard is not enhanced.

[2020-05-10 11:48:36 #7 type] 
Type domain.Bet is not enhanced.

[2020-05-10 11:48:36 #8 type] 
Type domain.Profile is not enhanced.

[2020-05-10 11:48:43 #9 type] 
Type domain.Feedback is not enhanced.

------------------------------------------------------------------------------------------------------------------------

[2020-05-10 12:02:21 #1 type] 
Type domain.Event is not enhanced.

[2020-05-10 12:02:21 #2 type] 
Type domain.Question is not enhanced.

[2020-05-10 12:02:21 #3 type] 
Type domain.Competition is not enhanced.

[2020-05-10 12:02:21 #4 type] 
Type domain.Prediction is not enhanced.

[2020-05-10 12:02:21 #5 type] 
Type domain.User is not enhanced.

[2020-05-10 12:02:21 #6 type] 
Type domain.CreditCard is not enhanced.

[2020-05-10 12:02:21 #7 type] 
Type domain.Bet is not enhanced.

[2020-05-10 12:02:21 #8 type] 
Type domain.Profile is not enhanced.

[2020-05-10 12:03:46 #9 type] 
Type domain.Feedback is not enhanced.

------------------------------------------------------------------------------------------------------------------------

[2020-05-10 13:08:05 #1 type] 
Type domain.Event is not enhanced.

[2020-05-10 13:08:05 #2 type] 
Type domain.Question is not enhanced.

[2020-05-10 13:08:05 #3 type] 
Type domain.Competition is not enhanced.

[2020-05-10 13:08:05 #4 type] 
Type domain.Prediction is not enhanced.

[2020-05-10 13:08:05 #5 type] 
Type domain.User is not enhanced.

[2020-05-10 13:08:05 #6 type] 
Type domain.CreditCard is not enhanced.

[2020-05-10 13:08:05 #7 type] 
Type domain.Bet is not enhanced.

[2020-05-10 13:08:05 #8 type] 
Type domain.Profile is not enhanced.

[2020-05-10 13:08:13 #9 type] 
Type domain.Feedback is not enhanced.

------------------------------------------------------------------------------------------------------------------------

[2020-05-10 13:32:14 #1 type] 
Type domain.Event is not enhanced.

[2020-05-10 13:32:14 #2 type] 
Type domain.Question is not enhanced.

[2020-05-10 13:32:14 #3 type] 
Type domain.Competition is not enhanced.

[2020-05-10 13:32:14 #4 type] 
Type domain.Prediction is not enhanced.

[2020-05-10 13:32:14 #5 type] 
Type domain.User is not enhanced.

[2020-05-10 13:32:14 #6 type] 
Type domain.CreditCard is not enhanced.

[2020-05-10 13:32:14 #7 type] 
Type domain.Bet is not enhanced.

[2020-05-10 13:32:14 #8 type] 
Type domain.Profile is not enhanced.

[2020-05-10 13:32:20 #9 type] 
Type domain.Feedback is not enhanced.

------------------------------------------------------------------------------------------------------------------------

[2020-05-10 13:35:47 #1 type] 
Type domain.Event is not enhanced.

[2020-05-10 13:35:47 #2 type] 
Type domain.Question is not enhanced.

[2020-05-10 13:35:47 #3 type] 
Type domain.Competition is not enhanced.

[2020-05-10 13:35:47 #4 type] 
Type domain.Prediction is not enhanced.

[2020-05-10 13:35:47 #5 type] 
Type domain.User is not enhanced.

[2020-05-10 13:35:47 #6 type] 
Type domain.CreditCard is not enhanced.

[2020-05-10 13:35:47 #7 type] 
Type domain.Bet is not enhanced.

[2020-05-10 13:35:47 #8 type] 
Type domain.Profile is not enhanced.

[2020-05-10 13:35:53 #9 type] 
Type domain.Feedback is not enhanced.

------------------------------------------------------------------------------------------------------------------------

[2020-05-10 13:39:50 #1 type] 
Type domain.Event is not enhanced.

[2020-05-10 13:39:50 #2 type] 
Type domain.Question is not enhanced.

[2020-05-10 13:39:50 #3 type] 
Type domain.Competition is not enhanced.

[2020-05-10 13:39:50 #4 type] 
Type domain.Prediction is not enhanced.

[2020-05-10 13:39:50 #5 type] 
Type domain.User is not enhanced.

[2020-05-10 13:39:50 #6 type] 
Type domain.CreditCard is not enhanced.

[2020-05-10 13:39:50 #7 type] 
Type domain.Bet is not enhanced.

[2020-05-10 13:39:50 #8 type] 
Type domain.Profile is not enhanced.

[2020-05-10 13:40:05 #9 type] 
Type domain.Feedback is not enhanced.

------------------------------------------------------------------------------------------------------------------------

[2020-05-10 13:49:52 #1 type] 
Type domain.Event is not enhanced.

[2020-05-10 13:49:52 #2 type] 
Type domain.Question is not enhanced.

[2020-05-10 13:49:52 #3 type] 
Type domain.Competition is not enhanced.

[2020-05-10 13:49:52 #4 type] 
Type domain.Prediction is not enhanced.

[2020-05-10 13:49:52 #5 type] 
Type domain.User is not enhanced.

[2020-05-10 13:49:52 #6 type] 
Type domain.CreditCard is not enhanced.

[2020-05-10 13:49:52 #7 type] 
Type domain.Bet is not enhanced.

[2020-05-10 13:49:52 #8 type] 
Type domain.Profile is not enhanced.

[2020-05-10 13:49:59 #9 type] 
Type domain.Feedback is not enhanced.

------------------------------------------------------------------------------------------------------------------------

[2020-05-10 13:52:37 #1 type] 
Type domain.Event is not enhanced.

[2020-05-10 13:52:37 #2 type] 
Type domain.Question is not enhanced.

[2020-05-10 13:52:37 #3 type] 
Type domain.Competition is not enhanced.

[2020-05-10 13:52:37 #4 type] 
Type domain.Prediction is not enhanced.

[2020-05-10 13:52:38 #5 type] 
Type domain.User is not enhanced.

[2020-05-10 13:52:38 #6 type] 
Type domain.CreditCard is not enhanced.

[2020-05-10 13:52:38 #7 type] 
Type domain.Bet is not enhanced.

[2020-05-10 13:52:38 #8 type] 
Type domain.Profile is not enhanced.

[2020-05-10 13:52:44 #9 type] 
Type domain.Feedback is not enhanced.

------------------------------------------------------------------------------------------------------------------------

[2020-05-10 14:01:12 #1 type] 
Type domain.Event is not enhanced.

[2020-05-10 14:01:12 #2 type] 
Type domain.Question is not enhanced.

[2020-05-10 14:01:12 #3 type] 
Type domain.Competition is not enhanced.

[2020-05-10 14:01:12 #4 type] 
Type domain.Prediction is not enhanced.

[2020-05-10 14:01:12 #5 type] 
Type domain.User is not enhanced.

[2020-05-10 14:01:12 #6 type] 
Type domain.CreditCard is not enhanced.

[2020-05-10 14:01:12 #7 type] 
Type domain.Bet is not enhanced.

[2020-05-10 14:01:12 #8 type] 
Type domain.Profile is not enhanced.

[2020-05-10 14:01:19 #9 type] 
Type domain.Feedback is not enhanced.

------------------------------------------------------------------------------------------------------------------------

[2020-05-10 14:03:14 #1 type] 
Type domain.Event is not enhanced.

[2020-05-10 14:03:14 #2 type] 
Type domain.Question is not enhanced.

[2020-05-10 14:03:14 #3 type] 
Type domain.Competition is not enhanced.

[2020-05-10 14:03:14 #4 type] 
Type domain.Prediction is not enhanced.

[2020-05-10 14:03:14 #5 type] 
Type domain.User is not enhanced.

[2020-05-10 14:03:14 #6 type] 
Type domain.CreditCard is not enhanced.

[2020-05-10 14:03:14 #7 type] 
Type domain.Bet is not enhanced.

[2020-05-10 14:03:14 #8 type] 
Type domain.Profile is not enhanced.

[2020-05-10 14:03:22 #9 type] 
Type domain.Feedback is not enhanced.

------------------------------------------------------------------------------------------------------------------------

[2020-05-10 14:15:39 #1 type] 
Type domain.Event is not enhanced.

[2020-05-10 14:15:39 #2 type] 
Type domain.Question is not enhanced.

[2020-05-10 14:15:39 #3 type] 
Type domain.Competition is not enhanced.

[2020-05-10 14:15:39 #4 type] 
Type domain.Prediction is not enhanced.

[2020-05-10 14:15:39 #5 type] 
Type domain.User is not enhanced.

[2020-05-10 14:15:39 #6 type] 
Type domain.CreditCard is not enhanced.

[2020-05-10 14:15:39 #7 type] 
Type domain.Bet is not enhanced.

[2020-05-10 14:15:39 #8 type] 
Type domain.Profile is not enhanced.

[2020-05-10 14:15:45 #9 type] 
Type domain.Feedback is not enhanced.

------------------------------------------------------------------------------------------------------------------------

[2020-05-10 15:31:16 #1 type] 
Type domain.Event is not enhanced.

[2020-05-10 15:31:16 #2 type] 
Type domain.Question is not enhanced.

[2020-05-10 15:31:16 #3 type] 
Type domain.Competition is not enhanced.

[2020-05-10 15:31:16 #4 type] 
Type domain.Prediction is not enhanced.

[2020-05-10 15:31:16 #5 type] 
Type domain.User is not enhanced.

[2020-05-10 15:31:16 #6 type] 
Type domain.CreditCard is not enhanced.

[2020-05-10 15:31:16 #7 type] 
Type domain.Bet is not enhanced.

[2020-05-10 15:31:16 #8 type] 
Type domain.Profile is not enhanced.

[2020-05-10 15:31:46 #9 type] 
Type domain.Feedback is not enhanced.

------------------------------------------------------------------------------------------------------------------------

[2020-05-10 16:43:27 #1 type] 
Type domain.Event is not enhanced.

[2020-05-10 16:43:27 #2 type] 
Type domain.Question is not enhanced.

[2020-05-10 16:43:27 #3 type] 
Type domain.Competition is not enhanced.

[2020-05-10 16:43:27 #4 type] 
Type domain.Prediction is not enhanced.

[2020-05-10 16:43:27 #5 type] 
Type domain.User is not enhanced.

[2020-05-10 16:43:27 #6 type] 
Type domain.CreditCard is not enhanced.

[2020-05-10 16:43:27 #7 type] 
Type domain.Bet is not enhanced.

[2020-05-10 16:43:27 #8 type] 
Type domain.Profile is not enhanced.

[2020-05-10 16:43:55 #9 type] 
Type domain.Feedback is not enhanced.

------------------------------------------------------------------------------------------------------------------------

[2020-05-10 17:38:55 #1 type] 
Type domain.Event is not enhanced.

[2020-05-10 17:38:55 #2 type] 
Type domain.Question is not enhanced.

[2020-05-10 17:38:55 #3 type] 
Type domain.Competition is not enhanced.

[2020-05-10 17:38:55 #4 type] 
Type domain.Prediction is not enhanced.

[2020-05-10 17:38:55 #5 type] 
Type domain.User is not enhanced.

[2020-05-10 17:38:55 #6 type] 
Type domain.CreditCard is not enhanced.

[2020-05-10 17:38:55 #7 type] 
Type domain.Bet is not enhanced.

[2020-05-10 17:38:55 #8 type] 
Type domain.Profile is not enhanced.

[2020-05-10 17:38:55 #9 type] 
Type domain.Feedback is not enhanced.

------------------------------------------------------------------------------------------------------------------------

[2020-05-10 17:45:17 #1 type] 
Type domain.Event is not enhanced.

[2020-05-10 17:45:17 #2 type] 
Type domain.Question is not enhanced.

[2020-05-10 17:45:17 #3 type] 
Type domain.Competition is not enhanced.

[2020-05-10 17:45:17 #4 type] 
Type domain.Prediction is not enhanced.

[2020-05-10 17:45:17 #5 type] 
Type domain.User is not enhanced.

[2020-05-10 17:45:17 #6 type] 
Type domain.CreditCard is not enhanced.

[2020-05-10 17:45:17 #7 type] 
Type domain.Bet is not enhanced.

[2020-05-10 17:45:17 #8 type] 
Type domain.Profile is not enhanced.

[2020-05-10 17:45:24 #9 type] 
Type domain.Feedback is not enhanced.

------------------------------------------------------------------------------------------------------------------------

[2020-05-10 18:20:24 #1 type] 
Type domain.Event is not enhanced.

[2020-05-10 18:20:24 #2 type] 
Type domain.Question is not enhanced.

[2020-05-10 18:20:24 #3 type] 
Type domain.Competition is not enhanced.

[2020-05-10 18:20:24 #4 type] 
Type domain.Prediction is not enhanced.

[2020-05-10 18:20:24 #5 type] 
Type domain.User is not enhanced.

[2020-05-10 18:20:24 #6 type] 
Type domain.CreditCard is not enhanced.

[2020-05-10 18:20:24 #7 type] 
Type domain.Bet is not enhanced.

[2020-05-10 18:20:24 #8 type] 
Type domain.Profile is not enhanced.

[2020-05-10 18:21:13 #9 type] 
Type domain.Feedback is not enhanced.

------------------------------------------------------------------------------------------------------------------------

[2020-05-10 18:42:28 #1 type] 
Type domain.Event is not enhanced.

[2020-05-10 18:42:28 #2 type] 
Type domain.Question is not enhanced.

[2020-05-10 18:42:28 #3 type] 
Type domain.Competition is not enhanced.

[2020-05-10 18:42:28 #4 type] 
Type domain.Prediction is not enhanced.

[2020-05-10 18:42:28 #5 type] 
Type domain.User is not enhanced.

[2020-05-10 18:42:28 #6 type] 
Type domain.CreditCard is not enhanced.

[2020-05-10 18:42:28 #7 type] 
Type domain.Bet is not enhanced.

[2020-05-10 18:42:28 #8 type] 
Type domain.Profile is not enhanced.

[2020-05-10 18:42:37 #9 type] 
Type domain.Feedback is not enhanced.

------------------------------------------------------------------------------------------------------------------------

[2020-05-10 20:11:40 #1 type] 
Type domain.Event is not enhanced.

[2020-05-10 20:11:40 #2 type] 
Type domain.Question is not enhanced.

[2020-05-10 20:11:40 #3 type] 
Type domain.Competition is not enhanced.

[2020-05-10 20:11:40 #4 type] 
Type domain.Prediction is not enhanced.

[2020-05-10 20:11:40 #5 type] 
Type domain.User is not enhanced.

[2020-05-10 20:11:40 #6 type] 
Type domain.CreditCard is not enhanced.

[2020-05-10 20:11:40 #7 type] 
Type domain.Bet is not enhanced.

[2020-05-10 20:11:40 #8 type] 
Type domain.Profile is not enhanced.

[2020-05-10 20:11:55 #9 type] 
Type domain.Feedback is not enhanced.

[2020-05-10 20:11:55 #10 type] 
Type domain.FeedbackRecord is not enhanced.

------------------------------------------------------------------------------------------------------------------------

[2020-05-10 20:26:03 #1 type] 
Type domain.Event is not enhanced.

[2020-05-10 20:26:03 #2 type] 
Type domain.Question is not enhanced.

[2020-05-10 20:26:03 #3 type] 
Type domain.Competition is not enhanced.

[2020-05-10 20:26:03 #4 type] 
Type domain.Prediction is not enhanced.

[2020-05-10 20:26:03 #5 type] 
Type domain.User is not enhanced.

[2020-05-10 20:26:03 #6 type] 
Type domain.CreditCard is not enhanced.

[2020-05-10 20:26:03 #7 type] 
Type domain.Bet is not enhanced.

[2020-05-10 20:26:03 #8 type] 
Type domain.Profile is not enhanced.

------------------------------------------------------------------------------------------------------------------------

[2020-05-10 20:26:51 #1 type] 
Type domain.Event is not enhanced.

[2020-05-10 20:26:51 #2 type] 
Type domain.Question is not enhanced.

[2020-05-10 20:26:51 #3 type] 
Type domain.Competition is not enhanced.

[2020-05-10 20:26:51 #4 type] 
Type domain.Prediction is not enhanced.

[2020-05-10 20:26:51 #5 type] 
Type domain.User is not enhanced.

[2020-05-10 20:26:51 #6 type] 
Type domain.CreditCard is not enhanced.

[2020-05-10 20:26:51 #7 type] 
Type domain.Bet is not enhanced.

[2020-05-10 20:26:51 #8 type] 
Type domain.Profile is not enhanced.

------------------------------------------------------------------------------------------------------------------------

[2020-05-10 20:27:25 #1 type] 
Type domain.Event is not enhanced.

[2020-05-10 20:27:25 #2 type] 
Type domain.Question is not enhanced.

[2020-05-10 20:27:25 #3 type] 
Type domain.Competition is not enhanced.

[2020-05-10 20:27:25 #4 type] 
Type domain.Prediction is not enhanced.

[2020-05-10 20:27:25 #5 type] 
Type domain.User is not enhanced.

[2020-05-10 20:27:25 #6 type] 
Type domain.CreditCard is not enhanced.

[2020-05-10 20:27:25 #7 type] 
Type domain.Bet is not enhanced.

[2020-05-10 20:27:25 #8 type] 
Type domain.Profile is not enhanced.

------------------------------------------------------------------------------------------------------------------------

[2020-05-10 20:28:15 #1 type] 
Type domain.Event is not enhanced.

[2020-05-10 20:28:15 #2 type] 
Type domain.Question is not enhanced.

[2020-05-10 20:28:15 #3 type] 
Type domain.Competition is not enhanced.

[2020-05-10 20:28:15 #4 type] 
Type domain.Prediction is not enhanced.

[2020-05-10 20:28:15 #5 type] 
Type domain.User is not enhanced.

[2020-05-10 20:28:15 #6 type] 
Type domain.CreditCard is not enhanced.

[2020-05-10 20:28:15 #7 type] 
Type domain.Bet is not enhanced.

[2020-05-10 20:28:15 #8 type] 
Type domain.Profile is not enhanced.

[2020-05-10 20:28:22 #9 type] 
Type domain.FeedbackRecord is not enhanced.

[2020-05-10 20:28:22 #10 type] 
Type domain.Feedback is not enhanced.

------------------------------------------------------------------------------------------------------------------------

[2020-05-10 20:29:48 #1 type] 
Type domain.Event is not enhanced.

[2020-05-10 20:29:48 #2 type] 
Type domain.Question is not enhanced.

[2020-05-10 20:29:48 #3 type] 
Type domain.Competition is not enhanced.

[2020-05-10 20:29:48 #4 type] 
Type domain.Prediction is not enhanced.

[2020-05-10 20:29:48 #5 type] 
Type domain.User is not enhanced.

[2020-05-10 20:29:48 #6 type] 
Type domain.CreditCard is not enhanced.

[2020-05-10 20:29:48 #7 type] 
Type domain.Bet is not enhanced.

[2020-05-10 20:29:48 #8 type] 
Type domain.Profile is not enhanced.

[2020-05-10 20:29:55 #9 type] 
Type domain.FeedbackRecord is not enhanced.

[2020-05-10 20:29:55 #10 type] 
Type domain.Feedback is not enhanced.

------------------------------------------------------------------------------------------------------------------------

[2020-05-10 20:44:49 #1 type] 
Type domain.Event is not enhanced.

[2020-05-10 20:44:49 #2 type] 
Type domain.Question is not enhanced.

[2020-05-10 20:44:49 #3 type] 
Type domain.Competition is not enhanced.

[2020-05-10 20:44:49 #4 type] 
Type domain.Prediction is not enhanced.

[2020-05-10 20:44:49 #5 type] 
Type domain.User is not enhanced.

[2020-05-10 20:44:49 #6 type] 
Type domain.CreditCard is not enhanced.

[2020-05-10 20:44:49 #7 type] 
Type domain.Bet is not enhanced.

[2020-05-10 20:44:49 #8 type] 
Type domain.Profile is not enhanced.

[2020-05-10 20:44:55 #9 type] 
Type domain.FeedbackRecord is not enhanced.

[2020-05-10 20:44:55 #10 type] 
Type domain.Feedback is not enhanced.

------------------------------------------------------------------------------------------------------------------------

[2020-05-10 21:26:41 #1 type] 
Type domain.Event is not enhanced.

[2020-05-10 21:26:41 #2 type] 
Type domain.Question is not enhanced.

[2020-05-10 21:26:41 #3 type] 
Type domain.Competition is not enhanced.

[2020-05-10 21:26:41 #4 type] 
Type domain.Prediction is not enhanced.

[2020-05-10 21:26:41 #5 type] 
Type domain.User is not enhanced.

[2020-05-10 21:26:41 #6 type] 
Type domain.CreditCard is not enhanced.

[2020-05-10 21:26:41 #7 type] 
Type domain.Bet is not enhanced.

[2020-05-10 21:26:41 #8 type] 
Type domain.Profile is not enhanced.

[2020-05-10 21:26:49 #9 type] 
Type domain.FeedbackRecord is not enhanced.

[2020-05-10 21:26:49 #10 type] 
Type domain.Feedback is not enhanced.

------------------------------------------------------------------------------------------------------------------------

[2020-05-10 21:29:59 #1 type] 
Type domain.Event is not enhanced.

[2020-05-10 21:29:59 #2 type] 
Type domain.Question is not enhanced.

[2020-05-10 21:29:59 #3 type] 
Type domain.Competition is not enhanced.

[2020-05-10 21:29:59 #4 type] 
Type domain.Prediction is not enhanced.

[2020-05-10 21:29:59 #5 type] 
Type domain.User is not enhanced.

[2020-05-10 21:29:59 #6 type] 
Type domain.CreditCard is not enhanced.

[2020-05-10 21:29:59 #7 type] 
Type domain.Bet is not enhanced.

[2020-05-10 21:29:59 #8 type] 
Type domain.Profile is not enhanced.

[2020-05-10 21:30:15 #9 type] 
Type domain.FeedbackRecord is not enhanced.

[2020-05-10 21:30:15 #10 type] 
Type domain.Feedback is not enhanced.

