------------------------------------------------------------------------------------------------------------------------

[2020-05-17 16:30:05 #1 type] 
Type domain.Event is not enhanced.

[2020-05-17 16:30:05 #2 type] 
Type domain.Question is not enhanced.

[2020-05-17 16:30:05 #3 type] 
Type domain.Competition is not enhanced.

[2020-05-17 16:30:05 #4 type] 
Type domain.Prediction is not enhanced.

[2020-05-17 16:30:05 #5 type] 
Type domain.User is not enhanced.

[2020-05-17 16:30:05 #6 type] 
Type domain.CreditCard is not enhanced.

[2020-05-17 16:30:05 #7 type] 
Type domain.Bet is not enhanced.

[2020-05-17 16:30:05 #8 type] 
Type domain.Profile is not enhanced.

[2020-05-17 16:30:15 #9 type] 
Type domain.FeedbackRecord is not enhanced.

[2020-05-17 16:30:15 #10 type] 
Type domain.Feedback is not enhanced.

------------------------------------------------------------------------------------------------------------------------

[2020-05-17 19:33:00 #1 type] 
Type domain.Event is not enhanced.

[2020-05-17 19:33:00 #2 type] 
Type domain.Question is not enhanced.

[2020-05-17 19:33:00 #3 type] 
Type domain.Competition is not enhanced.

[2020-05-17 19:33:00 #4 type] 
Type domain.Prediction is not enhanced.

[2020-05-17 19:33:00 #5 type] 
Type domain.User is not enhanced.

[2020-05-17 19:33:00 #6 type] 
Type domain.CreditCard is not enhanced.

[2020-05-17 19:33:00 #7 type] 
Type domain.Bet is not enhanced.

[2020-05-17 19:33:00 #8 type] 
Type domain.Profile is not enhanced.

[2020-05-17 19:33:15 #9 type] 
Type domain.FeedbackRecord is not enhanced.

[2020-05-17 19:33:15 #10 type] 
Type domain.Feedback is not enhanced.

------------------------------------------------------------------------------------------------------------------------

[2020-05-17 20:27:38 #1 type] 
Type domain.Event is not enhanced.

[2020-05-17 20:27:38 #2 type] 
Type domain.Question is not enhanced.

[2020-05-17 20:27:38 #3 type] 
Type domain.Competition is not enhanced.

[2020-05-17 20:27:38 #4 type] 
Type domain.Prediction is not enhanced.

[2020-05-17 20:27:38 #5 type] 
Type domain.User is not enhanced.

[2020-05-17 20:27:38 #6 type] 
Type domain.CreditCard is not enhanced.

[2020-05-17 20:27:38 #7 type] 
Type domain.Bet is not enhanced.

[2020-05-17 20:27:38 #8 type] 
Type domain.Profile is not enhanced.

[2020-05-17 20:27:49 #9 type] 
Type domain.FeedbackRecord is not enhanced.

[2020-05-17 20:27:49 #10 type] 
Type domain.Feedback is not enhanced.

