------------------------------------------------------------------------------------------------------------------------

[2020-05-09 11:30:08 #1 type] 
Type domain.Event is not enhanced.

[2020-05-09 11:30:08 #2 type] 
Type domain.Question is not enhanced.

[2020-05-09 11:30:08 #3 type] 
Type domain.Competition is not enhanced.

[2020-05-09 11:30:08 #4 type] 
Type domain.Prediction is not enhanced.

[2020-05-09 11:30:08 #5 type] 
Type domain.User is not enhanced.

[2020-05-09 11:30:08 #6 type] 
Type domain.CreditCard is not enhanced.

[2020-05-09 11:30:08 #7 type] 
Type domain.Bet is not enhanced.

[2020-05-09 11:30:08 #8 type] 
Type domain.Profile is not enhanced.

------------------------------------------------------------------------------------------------------------------------

[2020-05-09 11:35:55 #1 type] 
Type domain.Event is not enhanced.

[2020-05-09 11:35:55 #2 type] 
Type domain.Question is not enhanced.

[2020-05-09 11:35:55 #3 type] 
Type domain.Competition is not enhanced.

[2020-05-09 11:35:55 #4 type] 
Type domain.Prediction is not enhanced.

[2020-05-09 11:35:56 #5 type] 
Type domain.User is not enhanced.

[2020-05-09 11:35:56 #6 type] 
Type domain.CreditCard is not enhanced.

[2020-05-09 11:35:56 #7 type] 
Type domain.Bet is not enhanced.

[2020-05-09 11:35:56 #8 type] 
Type domain.Profile is not enhanced.

------------------------------------------------------------------------------------------------------------------------

[2020-05-09 11:40:42 #1 type] 
Type domain.Event is not enhanced.

[2020-05-09 11:40:42 #2 type] 
Type domain.Question is not enhanced.

[2020-05-09 11:40:42 #3 type] 
Type domain.Competition is not enhanced.

[2020-05-09 11:40:42 #4 type] 
Type domain.Prediction is not enhanced.

[2020-05-09 11:40:43 #5 type] 
Type domain.User is not enhanced.

[2020-05-09 11:40:43 #6 type] 
Type domain.CreditCard is not enhanced.

[2020-05-09 11:40:43 #7 type] 
Type domain.Bet is not enhanced.

[2020-05-09 11:40:43 #8 type] 
Type domain.Profile is not enhanced.

------------------------------------------------------------------------------------------------------------------------

[2020-05-09 11:43:01 #1 type] 
Type domain.Event is not enhanced.

[2020-05-09 11:43:01 #2 type] 
Type domain.Question is not enhanced.

[2020-05-09 11:43:01 #3 type] 
Type domain.Competition is not enhanced.

[2020-05-09 11:43:01 #4 type] 
Type domain.Prediction is not enhanced.

[2020-05-09 11:43:01 #5 type] 
Type domain.User is not enhanced.

[2020-05-09 11:43:01 #6 type] 
Type domain.CreditCard is not enhanced.

[2020-05-09 11:43:01 #7 type] 
Type domain.Bet is not enhanced.

[2020-05-09 11:43:01 #8 type] 
Type domain.Profile is not enhanced.

------------------------------------------------------------------------------------------------------------------------

[2020-05-09 11:44:49 #1 type] 
Type domain.Event is not enhanced.

[2020-05-09 11:44:49 #2 type] 
Type domain.Question is not enhanced.

[2020-05-09 11:44:49 #3 type] 
Type domain.Competition is not enhanced.

[2020-05-09 11:44:49 #4 type] 
Type domain.Prediction is not enhanced.

[2020-05-09 11:44:49 #5 type] 
Type domain.User is not enhanced.

[2020-05-09 11:44:49 #6 type] 
Type domain.CreditCard is not enhanced.

[2020-05-09 11:44:49 #7 type] 
Type domain.Bet is not enhanced.

[2020-05-09 11:44:49 #8 type] 
Type domain.Profile is not enhanced.

------------------------------------------------------------------------------------------------------------------------

[2020-05-09 11:59:11 #1 type] 
Type domain.Event is not enhanced.

[2020-05-09 11:59:11 #2 type] 
Type domain.Question is not enhanced.

[2020-05-09 11:59:11 #3 type] 
Type domain.Competition is not enhanced.

[2020-05-09 11:59:11 #4 type] 
Type domain.Prediction is not enhanced.

[2020-05-09 11:59:11 #5 type] 
Type domain.User is not enhanced.

[2020-05-09 11:59:11 #6 type] 
Type domain.CreditCard is not enhanced.

[2020-05-09 11:59:11 #7 type] 
Type domain.Bet is not enhanced.

[2020-05-09 11:59:11 #8 type] 
Type domain.Profile is not enhanced.

------------------------------------------------------------------------------------------------------------------------

[2020-05-09 12:08:22 #1 type] 
Type domain.Event is not enhanced.

[2020-05-09 12:08:22 #2 type] 
Type domain.Question is not enhanced.

[2020-05-09 12:08:22 #3 type] 
Type domain.Competition is not enhanced.

[2020-05-09 12:08:22 #4 type] 
Type domain.Prediction is not enhanced.

[2020-05-09 12:08:22 #5 type] 
Type domain.User is not enhanced.

[2020-05-09 12:08:22 #6 type] 
Type domain.CreditCard is not enhanced.

[2020-05-09 12:08:22 #7 type] 
Type domain.Bet is not enhanced.

[2020-05-09 12:08:22 #8 type] 
Type domain.Profile is not enhanced.

------------------------------------------------------------------------------------------------------------------------

[2020-05-09 12:10:15 #1 type] 
Type domain.Event is not enhanced.

[2020-05-09 12:10:15 #2 type] 
Type domain.Question is not enhanced.

[2020-05-09 12:10:15 #3 type] 
Type domain.Competition is not enhanced.

[2020-05-09 12:10:15 #4 type] 
Type domain.Prediction is not enhanced.

[2020-05-09 12:10:15 #5 type] 
Type domain.User is not enhanced.

[2020-05-09 12:10:15 #6 type] 
Type domain.CreditCard is not enhanced.

[2020-05-09 12:10:15 #7 type] 
Type domain.Bet is not enhanced.

[2020-05-09 12:10:15 #8 type] 
Type domain.Profile is not enhanced.

------------------------------------------------------------------------------------------------------------------------

[2020-05-09 12:12:37 #1 type] 
Type domain.Event is not enhanced.

[2020-05-09 12:12:37 #2 type] 
Type domain.Question is not enhanced.

[2020-05-09 12:12:37 #3 type] 
Type domain.Competition is not enhanced.

[2020-05-09 12:12:37 #4 type] 
Type domain.Prediction is not enhanced.

[2020-05-09 12:12:37 #5 type] 
Type domain.User is not enhanced.

[2020-05-09 12:12:37 #6 type] 
Type domain.CreditCard is not enhanced.

[2020-05-09 12:12:37 #7 type] 
Type domain.Bet is not enhanced.

[2020-05-09 12:12:37 #8 type] 
Type domain.Profile is not enhanced.

------------------------------------------------------------------------------------------------------------------------

[2020-05-09 12:16:34 #1 type] 
Type domain.Event is not enhanced.

[2020-05-09 12:16:34 #2 type] 
Type domain.Question is not enhanced.

[2020-05-09 12:16:34 #3 type] 
Type domain.Competition is not enhanced.

[2020-05-09 12:16:34 #4 type] 
Type domain.Prediction is not enhanced.

[2020-05-09 12:16:34 #5 type] 
Type domain.User is not enhanced.

[2020-05-09 12:16:34 #6 type] 
Type domain.CreditCard is not enhanced.

[2020-05-09 12:16:34 #7 type] 
Type domain.Bet is not enhanced.

[2020-05-09 12:16:34 #8 type] 
Type domain.Profile is not enhanced.

------------------------------------------------------------------------------------------------------------------------

[2020-05-09 12:18:30 #1 type] 
Type domain.Event is not enhanced.

[2020-05-09 12:18:30 #2 type] 
Type domain.Question is not enhanced.

[2020-05-09 12:18:30 #3 type] 
Type domain.Competition is not enhanced.

[2020-05-09 12:18:30 #4 type] 
Type domain.Prediction is not enhanced.

[2020-05-09 12:18:30 #5 type] 
Type domain.User is not enhanced.

[2020-05-09 12:18:30 #6 type] 
Type domain.CreditCard is not enhanced.

[2020-05-09 12:18:30 #7 type] 
Type domain.Bet is not enhanced.

[2020-05-09 12:18:30 #8 type] 
Type domain.Profile is not enhanced.

------------------------------------------------------------------------------------------------------------------------

[2020-05-09 12:25:04 #1 type] 
Type domain.Event is not enhanced.

[2020-05-09 12:25:04 #2 type] 
Type domain.Question is not enhanced.

[2020-05-09 12:25:04 #3 type] 
Type domain.Competition is not enhanced.

[2020-05-09 12:25:04 #4 type] 
Type domain.Prediction is not enhanced.

[2020-05-09 12:25:04 #5 type] 
Type domain.User is not enhanced.

[2020-05-09 12:25:04 #6 type] 
Type domain.CreditCard is not enhanced.

[2020-05-09 12:25:04 #7 type] 
Type domain.Bet is not enhanced.

[2020-05-09 12:25:04 #8 type] 
Type domain.Profile is not enhanced.

------------------------------------------------------------------------------------------------------------------------

[2020-05-09 12:27:04 #1 type] 
Type domain.Event is not enhanced.

[2020-05-09 12:27:04 #2 type] 
Type domain.Question is not enhanced.

[2020-05-09 12:27:04 #3 type] 
Type domain.Competition is not enhanced.

[2020-05-09 12:27:04 #4 type] 
Type domain.Prediction is not enhanced.

[2020-05-09 12:27:04 #5 type] 
Type domain.User is not enhanced.

[2020-05-09 12:27:04 #6 type] 
Type domain.CreditCard is not enhanced.

[2020-05-09 12:27:04 #7 type] 
Type domain.Bet is not enhanced.

[2020-05-09 12:27:04 #8 type] 
Type domain.Profile is not enhanced.

------------------------------------------------------------------------------------------------------------------------

[2020-05-09 12:34:36 #1 type] 
Type domain.Event is not enhanced.

[2020-05-09 12:34:36 #2 type] 
Type domain.Question is not enhanced.

[2020-05-09 12:34:36 #3 type] 
Type domain.Competition is not enhanced.

[2020-05-09 12:34:36 #4 type] 
Type domain.Prediction is not enhanced.

[2020-05-09 12:34:36 #5 type] 
Type domain.User is not enhanced.

[2020-05-09 12:34:36 #6 type] 
Type domain.CreditCard is not enhanced.

[2020-05-09 12:34:36 #7 type] 
Type domain.Bet is not enhanced.

[2020-05-09 12:34:36 #8 type] 
Type domain.Profile is not enhanced.

------------------------------------------------------------------------------------------------------------------------

[2020-05-09 12:47:20 #1 type] 
Type domain.Event is not enhanced.

[2020-05-09 12:47:20 #2 type] 
Type domain.Question is not enhanced.

[2020-05-09 12:47:20 #3 type] 
Type domain.Competition is not enhanced.

[2020-05-09 12:47:20 #4 type] 
Type domain.Prediction is not enhanced.

[2020-05-09 12:47:20 #5 type] 
Type domain.User is not enhanced.

[2020-05-09 12:47:20 #6 type] 
Type domain.CreditCard is not enhanced.

[2020-05-09 12:47:20 #7 type] 
Type domain.Bet is not enhanced.

[2020-05-09 12:47:20 #8 type] 
Type domain.Profile is not enhanced.

------------------------------------------------------------------------------------------------------------------------

[2020-05-09 12:49:12 #1 type] 
Type domain.Event is not enhanced.

[2020-05-09 12:49:12 #2 type] 
Type domain.Question is not enhanced.

[2020-05-09 12:49:12 #3 type] 
Type domain.Competition is not enhanced.

[2020-05-09 12:49:12 #4 type] 
Type domain.Prediction is not enhanced.

[2020-05-09 12:49:12 #5 type] 
Type domain.User is not enhanced.

[2020-05-09 12:49:12 #6 type] 
Type domain.CreditCard is not enhanced.

[2020-05-09 12:49:12 #7 type] 
Type domain.Bet is not enhanced.

[2020-05-09 12:49:12 #8 type] 
Type domain.Profile is not enhanced.

------------------------------------------------------------------------------------------------------------------------

[2020-05-09 16:26:05 #1 type] 
Type domain.Event is not enhanced.

[2020-05-09 16:26:05 #2 type] 
Type domain.Question is not enhanced.

[2020-05-09 16:26:05 #3 type] 
Type domain.Competition is not enhanced.

[2020-05-09 16:26:05 #4 type] 
Type domain.Prediction is not enhanced.

[2020-05-09 16:26:05 #5 type] 
Type domain.User is not enhanced.

[2020-05-09 16:26:05 #6 type] 
Type domain.CreditCard is not enhanced.

[2020-05-09 16:26:05 #7 type] 
Type domain.Bet is not enhanced.

[2020-05-09 16:26:05 #8 type] 
Type domain.Profile is not enhanced.

[2020-05-09 16:46:07 #9 type] 
Type domain.Feedback is not enhanced.

------------------------------------------------------------------------------------------------------------------------

[2020-05-09 16:50:57 #1 type] 
Type domain.Event is not enhanced.

[2020-05-09 16:50:57 #2 type] 
Type domain.Question is not enhanced.

[2020-05-09 16:50:57 #3 type] 
Type domain.Competition is not enhanced.

[2020-05-09 16:50:57 #4 type] 
Type domain.Prediction is not enhanced.

[2020-05-09 16:50:57 #5 type] 
Type domain.User is not enhanced.

[2020-05-09 16:50:57 #6 type] 
Type domain.CreditCard is not enhanced.

[2020-05-09 16:50:57 #7 type] 
Type domain.Bet is not enhanced.

[2020-05-09 16:50:57 #8 type] 
Type domain.Profile is not enhanced.

[2020-05-09 16:50:57 #9 type] 
Type domain.Feedback is not enhanced.

------------------------------------------------------------------------------------------------------------------------

[2020-05-09 16:52:30 #1 type] 
Type domain.Event is not enhanced.

[2020-05-09 16:52:30 #2 type] 
Type domain.Question is not enhanced.

[2020-05-09 16:52:30 #3 type] 
Type domain.Competition is not enhanced.

[2020-05-09 16:52:30 #4 type] 
Type domain.Prediction is not enhanced.

[2020-05-09 16:52:30 #5 type] 
Type domain.User is not enhanced.

[2020-05-09 16:52:30 #6 type] 
Type domain.CreditCard is not enhanced.

[2020-05-09 16:52:30 #7 type] 
Type domain.Bet is not enhanced.

[2020-05-09 16:52:30 #8 type] 
Type domain.Profile is not enhanced.

[2020-05-09 16:52:30 #9 type] 
Type domain.Feedback is not enhanced.

------------------------------------------------------------------------------------------------------------------------

[2020-05-09 17:15:36 #1 type] 
Type domain.Event is not enhanced.

[2020-05-09 17:15:36 #2 type] 
Type domain.Question is not enhanced.

[2020-05-09 17:15:36 #3 type] 
Type domain.Competition is not enhanced.

[2020-05-09 17:15:36 #4 type] 
Type domain.Prediction is not enhanced.

[2020-05-09 17:15:36 #5 type] 
Type domain.User is not enhanced.

[2020-05-09 17:15:36 #6 type] 
Type domain.CreditCard is not enhanced.

[2020-05-09 17:15:36 #7 type] 
Type domain.Bet is not enhanced.

[2020-05-09 17:15:36 #8 type] 
Type domain.Profile is not enhanced.

------------------------------------------------------------------------------------------------------------------------

[2020-05-09 17:17:15 #1 type] 
Type domain.Event is not enhanced.

[2020-05-09 17:17:15 #2 type] 
Type domain.Question is not enhanced.

[2020-05-09 17:17:15 #3 type] 
Type domain.Competition is not enhanced.

[2020-05-09 17:17:15 #4 type] 
Type domain.Prediction is not enhanced.

[2020-05-09 17:17:15 #5 type] 
Type domain.User is not enhanced.

[2020-05-09 17:17:15 #6 type] 
Type domain.CreditCard is not enhanced.

[2020-05-09 17:17:15 #7 type] 
Type domain.Bet is not enhanced.

[2020-05-09 17:17:15 #8 type] 
Type domain.Profile is not enhanced.

------------------------------------------------------------------------------------------------------------------------

[2020-05-09 17:18:20 #1 type] 
Type domain.Event is not enhanced.

[2020-05-09 17:18:20 #2 type] 
Type domain.Question is not enhanced.

[2020-05-09 17:18:20 #3 type] 
Type domain.Competition is not enhanced.

[2020-05-09 17:18:20 #4 type] 
Type domain.Prediction is not enhanced.

[2020-05-09 17:18:20 #5 type] 
Type domain.User is not enhanced.

[2020-05-09 17:18:20 #6 type] 
Type domain.CreditCard is not enhanced.

[2020-05-09 17:18:20 #7 type] 
Type domain.Bet is not enhanced.

[2020-05-09 17:18:20 #8 type] 
Type domain.Profile is not enhanced.

------------------------------------------------------------------------------------------------------------------------

[2020-05-09 17:18:53 #1 type] 
Type domain.Event is not enhanced.

[2020-05-09 17:18:53 #2 type] 
Type domain.Question is not enhanced.

[2020-05-09 17:18:53 #3 type] 
Type domain.Competition is not enhanced.

[2020-05-09 17:18:53 #4 type] 
Type domain.Prediction is not enhanced.

[2020-05-09 17:18:53 #5 type] 
Type domain.User is not enhanced.

[2020-05-09 17:18:53 #6 type] 
Type domain.CreditCard is not enhanced.

[2020-05-09 17:18:53 #7 type] 
Type domain.Bet is not enhanced.

[2020-05-09 17:18:53 #8 type] 
Type domain.Profile is not enhanced.

[2020-05-09 17:19:15 #9 type] 
Type domain.Feedback is not enhanced.

------------------------------------------------------------------------------------------------------------------------

[2020-05-09 17:26:03 #1 type] 
Type domain.Event is not enhanced.

[2020-05-09 17:26:03 #2 type] 
Type domain.Question is not enhanced.

[2020-05-09 17:26:03 #3 type] 
Type domain.Competition is not enhanced.

[2020-05-09 17:26:03 #4 type] 
Type domain.Prediction is not enhanced.

[2020-05-09 17:26:03 #5 type] 
Type domain.User is not enhanced.

[2020-05-09 17:26:03 #6 type] 
Type domain.CreditCard is not enhanced.

[2020-05-09 17:26:03 #7 type] 
Type domain.Bet is not enhanced.

[2020-05-09 17:26:03 #8 type] 
Type domain.Profile is not enhanced.

[2020-05-09 17:26:03 #9 type] 
Type domain.Feedback is not enhanced.

------------------------------------------------------------------------------------------------------------------------

[2020-05-09 17:28:06 #1 type] 
Type domain.Event is not enhanced.

[2020-05-09 17:28:06 #2 type] 
Type domain.Question is not enhanced.

[2020-05-09 17:28:06 #3 type] 
Type domain.Competition is not enhanced.

[2020-05-09 17:28:06 #4 type] 
Type domain.Prediction is not enhanced.

[2020-05-09 17:28:06 #5 type] 
Type domain.User is not enhanced.

[2020-05-09 17:28:06 #6 type] 
Type domain.CreditCard is not enhanced.

[2020-05-09 17:28:06 #7 type] 
Type domain.Bet is not enhanced.

[2020-05-09 17:28:06 #8 type] 
Type domain.Profile is not enhanced.

[2020-05-09 17:28:13 #9 type] 
Type domain.Feedback is not enhanced.

------------------------------------------------------------------------------------------------------------------------

[2020-05-09 18:04:24 #1 type] 
Type domain.Event is not enhanced.

[2020-05-09 18:04:24 #2 type] 
Type domain.Question is not enhanced.

[2020-05-09 18:04:24 #3 type] 
Type domain.Competition is not enhanced.

[2020-05-09 18:04:24 #4 type] 
Type domain.Prediction is not enhanced.

[2020-05-09 18:04:24 #5 type] 
Type domain.User is not enhanced.

[2020-05-09 18:04:24 #6 type] 
Type domain.CreditCard is not enhanced.

[2020-05-09 18:04:24 #7 type] 
Type domain.Bet is not enhanced.

[2020-05-09 18:04:24 #8 type] 
Type domain.Profile is not enhanced.

[2020-05-09 18:04:31 #9 type] 
Type domain.Feedback is not enhanced.

------------------------------------------------------------------------------------------------------------------------

[2020-05-09 18:05:46 #1 type] 
Type domain.Event is not enhanced.

[2020-05-09 18:05:46 #2 type] 
Type domain.Question is not enhanced.

[2020-05-09 18:05:46 #3 type] 
Type domain.Competition is not enhanced.

[2020-05-09 18:05:46 #4 type] 
Type domain.Prediction is not enhanced.

[2020-05-09 18:05:47 #5 type] 
Type domain.User is not enhanced.

[2020-05-09 18:05:47 #6 type] 
Type domain.CreditCard is not enhanced.

[2020-05-09 18:05:47 #7 type] 
Type domain.Bet is not enhanced.

[2020-05-09 18:05:47 #8 type] 
Type domain.Profile is not enhanced.

[2020-05-09 18:05:54 #9 type] 
Type domain.Feedback is not enhanced.

------------------------------------------------------------------------------------------------------------------------

[2020-05-09 18:06:37 #1 type] 
Type domain.Event is not enhanced.

[2020-05-09 18:06:37 #2 type] 
Type domain.Question is not enhanced.

[2020-05-09 18:06:37 #3 type] 
Type domain.Competition is not enhanced.

[2020-05-09 18:06:37 #4 type] 
Type domain.Prediction is not enhanced.

[2020-05-09 18:06:37 #5 type] 
Type domain.User is not enhanced.

[2020-05-09 18:06:37 #6 type] 
Type domain.CreditCard is not enhanced.

[2020-05-09 18:06:37 #7 type] 
Type domain.Bet is not enhanced.

[2020-05-09 18:06:37 #8 type] 
Type domain.Profile is not enhanced.

[2020-05-09 18:06:43 #9 type] 
Type domain.Feedback is not enhanced.

------------------------------------------------------------------------------------------------------------------------

[2020-05-09 18:09:49 #1 type] 
Type domain.Event is not enhanced.

[2020-05-09 18:09:49 #2 type] 
Type domain.Question is not enhanced.

[2020-05-09 18:09:49 #3 type] 
Type domain.Competition is not enhanced.

[2020-05-09 18:09:49 #4 type] 
Type domain.Prediction is not enhanced.

[2020-05-09 18:09:49 #5 type] 
Type domain.User is not enhanced.

[2020-05-09 18:09:49 #6 type] 
Type domain.CreditCard is not enhanced.

[2020-05-09 18:09:49 #7 type] 
Type domain.Bet is not enhanced.

[2020-05-09 18:09:49 #8 type] 
Type domain.Profile is not enhanced.

[2020-05-09 18:09:56 #9 type] 
Type domain.Feedback is not enhanced.

------------------------------------------------------------------------------------------------------------------------

[2020-05-09 18:11:43 #1 type] 
Type domain.Event is not enhanced.

[2020-05-09 18:11:43 #2 type] 
Type domain.Question is not enhanced.

[2020-05-09 18:11:43 #3 type] 
Type domain.Competition is not enhanced.

[2020-05-09 18:11:43 #4 type] 
Type domain.Prediction is not enhanced.

[2020-05-09 18:11:43 #5 type] 
Type domain.User is not enhanced.

[2020-05-09 18:11:43 #6 type] 
Type domain.CreditCard is not enhanced.

[2020-05-09 18:11:43 #7 type] 
Type domain.Bet is not enhanced.

[2020-05-09 18:11:43 #8 type] 
Type domain.Profile is not enhanced.

[2020-05-09 18:11:53 #9 type] 
Type domain.Feedback is not enhanced.

------------------------------------------------------------------------------------------------------------------------

[2020-05-09 18:15:10 #1 type] 
Type domain.Event is not enhanced.

[2020-05-09 18:15:10 #2 type] 
Type domain.Question is not enhanced.

[2020-05-09 18:15:10 #3 type] 
Type domain.Competition is not enhanced.

[2020-05-09 18:15:10 #4 type] 
Type domain.Prediction is not enhanced.

[2020-05-09 18:15:10 #5 type] 
Type domain.User is not enhanced.

[2020-05-09 18:15:10 #6 type] 
Type domain.CreditCard is not enhanced.

[2020-05-09 18:15:10 #7 type] 
Type domain.Bet is not enhanced.

[2020-05-09 18:15:10 #8 type] 
Type domain.Profile is not enhanced.

[2020-05-09 18:15:18 #9 type] 
Type domain.Feedback is not enhanced.

------------------------------------------------------------------------------------------------------------------------

[2020-05-09 18:16:05 #1 type] 
Type domain.Event is not enhanced.

[2020-05-09 18:16:05 #2 type] 
Type domain.Question is not enhanced.

[2020-05-09 18:16:05 #3 type] 
Type domain.Competition is not enhanced.

[2020-05-09 18:16:05 #4 type] 
Type domain.Prediction is not enhanced.

[2020-05-09 18:16:05 #5 type] 
Type domain.User is not enhanced.

[2020-05-09 18:16:05 #6 type] 
Type domain.CreditCard is not enhanced.

[2020-05-09 18:16:05 #7 type] 
Type domain.Bet is not enhanced.

[2020-05-09 18:16:05 #8 type] 
Type domain.Profile is not enhanced.

[2020-05-09 18:16:12 #9 type] 
Type domain.Feedback is not enhanced.

------------------------------------------------------------------------------------------------------------------------

[2020-05-09 18:18:14 #1 type] 
Type domain.Event is not enhanced.

[2020-05-09 18:18:14 #2 type] 
Type domain.Question is not enhanced.

[2020-05-09 18:18:14 #3 type] 
Type domain.Competition is not enhanced.

[2020-05-09 18:18:14 #4 type] 
Type domain.Prediction is not enhanced.

[2020-05-09 18:18:14 #5 type] 
Type domain.User is not enhanced.

[2020-05-09 18:18:14 #6 type] 
Type domain.CreditCard is not enhanced.

[2020-05-09 18:18:14 #7 type] 
Type domain.Bet is not enhanced.

[2020-05-09 18:18:14 #8 type] 
Type domain.Profile is not enhanced.

[2020-05-09 18:18:22 #9 type] 
Type domain.Feedback is not enhanced.

------------------------------------------------------------------------------------------------------------------------

[2020-05-09 18:22:38 #1 type] 
Type domain.Event is not enhanced.

[2020-05-09 18:22:38 #2 type] 
Type domain.Question is not enhanced.

[2020-05-09 18:22:38 #3 type] 
Type domain.Competition is not enhanced.

[2020-05-09 18:22:38 #4 type] 
Type domain.Prediction is not enhanced.

[2020-05-09 18:22:39 #5 type] 
Type domain.User is not enhanced.

[2020-05-09 18:22:39 #6 type] 
Type domain.CreditCard is not enhanced.

[2020-05-09 18:22:39 #7 type] 
Type domain.Bet is not enhanced.

[2020-05-09 18:22:39 #8 type] 
Type domain.Profile is not enhanced.

------------------------------------------------------------------------------------------------------------------------

[2020-05-09 18:22:49 #1 type] 
Type domain.Event is not enhanced.

[2020-05-09 18:22:49 #2 type] 
Type domain.Question is not enhanced.

[2020-05-09 18:22:49 #3 type] 
Type domain.Competition is not enhanced.

[2020-05-09 18:22:49 #4 type] 
Type domain.Prediction is not enhanced.

[2020-05-09 18:22:49 #5 type] 
Type domain.User is not enhanced.

[2020-05-09 18:22:49 #6 type] 
Type domain.CreditCard is not enhanced.

[2020-05-09 18:22:49 #7 type] 
Type domain.Bet is not enhanced.

[2020-05-09 18:22:49 #8 type] 
Type domain.Profile is not enhanced.

------------------------------------------------------------------------------------------------------------------------

[2020-05-09 18:27:05 #1 type] 
Type domain.Event is not enhanced.

[2020-05-09 18:27:05 #2 type] 
Type domain.Question is not enhanced.

[2020-05-09 18:27:06 #3 type] 
Type domain.Competition is not enhanced.

[2020-05-09 18:27:06 #4 type] 
Type domain.Prediction is not enhanced.

[2020-05-09 18:27:06 #5 type] 
Type domain.User is not enhanced.

[2020-05-09 18:27:06 #6 type] 
Type domain.CreditCard is not enhanced.

[2020-05-09 18:27:06 #7 type] 
Type domain.Bet is not enhanced.

[2020-05-09 18:27:06 #8 type] 
Type domain.Profile is not enhanced.

------------------------------------------------------------------------------------------------------------------------

[2020-05-09 18:28:08 #1 type] 
Type domain.Event is not enhanced.

[2020-05-09 18:28:08 #2 type] 
Type domain.Question is not enhanced.

[2020-05-09 18:28:08 #3 type] 
Type domain.Competition is not enhanced.

[2020-05-09 18:28:08 #4 type] 
Type domain.Prediction is not enhanced.

[2020-05-09 18:28:09 #5 type] 
Type domain.User is not enhanced.

[2020-05-09 18:28:09 #6 type] 
Type domain.CreditCard is not enhanced.

[2020-05-09 18:28:09 #7 type] 
Type domain.Bet is not enhanced.

[2020-05-09 18:28:09 #8 type] 
Type domain.Profile is not enhanced.

------------------------------------------------------------------------------------------------------------------------

[2020-05-09 18:31:23 #1 type] 
Type domain.Event is not enhanced.

[2020-05-09 18:31:23 #2 type] 
Type domain.Question is not enhanced.

[2020-05-09 18:31:23 #3 type] 
Type domain.Competition is not enhanced.

[2020-05-09 18:31:23 #4 type] 
Type domain.Prediction is not enhanced.

[2020-05-09 18:31:23 #5 type] 
Type domain.User is not enhanced.

[2020-05-09 18:31:23 #6 type] 
Type domain.CreditCard is not enhanced.

[2020-05-09 18:31:23 #7 type] 
Type domain.Bet is not enhanced.

[2020-05-09 18:31:23 #8 type] 
Type domain.Profile is not enhanced.

------------------------------------------------------------------------------------------------------------------------

[2020-05-09 18:32:53 #1 type] 
Type domain.Event is not enhanced.

[2020-05-09 18:32:53 #2 type] 
Type domain.Question is not enhanced.

[2020-05-09 18:32:53 #3 type] 
Type domain.Competition is not enhanced.

[2020-05-09 18:32:53 #4 type] 
Type domain.Prediction is not enhanced.

[2020-05-09 18:32:53 #5 type] 
Type domain.User is not enhanced.

[2020-05-09 18:32:53 #6 type] 
Type domain.CreditCard is not enhanced.

[2020-05-09 18:32:53 #7 type] 
Type domain.Bet is not enhanced.

[2020-05-09 18:32:53 #8 type] 
Type domain.Profile is not enhanced.

------------------------------------------------------------------------------------------------------------------------

[2020-05-09 18:34:39 #1 type] 
Type domain.Event is not enhanced.

[2020-05-09 18:34:39 #2 type] 
Type domain.Question is not enhanced.

[2020-05-09 18:34:39 #3 type] 
Type domain.Competition is not enhanced.

[2020-05-09 18:34:39 #4 type] 
Type domain.Prediction is not enhanced.

[2020-05-09 18:34:40 #5 type] 
Type domain.User is not enhanced.

[2020-05-09 18:34:40 #6 type] 
Type domain.CreditCard is not enhanced.

[2020-05-09 18:34:40 #7 type] 
Type domain.Bet is not enhanced.

[2020-05-09 18:34:40 #8 type] 
Type domain.Profile is not enhanced.

------------------------------------------------------------------------------------------------------------------------

[2020-05-09 18:53:38 #1 type] 
Type domain.Event is not enhanced.

[2020-05-09 18:53:38 #2 type] 
Type domain.Question is not enhanced.

[2020-05-09 18:53:38 #3 type] 
Type domain.Competition is not enhanced.

[2020-05-09 18:53:38 #4 type] 
Type domain.Prediction is not enhanced.

[2020-05-09 18:53:38 #5 type] 
Type domain.User is not enhanced.

[2020-05-09 18:53:38 #6 type] 
Type domain.CreditCard is not enhanced.

[2020-05-09 18:53:38 #7 type] 
Type domain.Bet is not enhanced.

[2020-05-09 18:53:38 #8 type] 
Type domain.Profile is not enhanced.

[2020-05-09 18:58:46 #9 type] 
Type domain.Feedback is not enhanced.

------------------------------------------------------------------------------------------------------------------------

[2020-05-09 19:04:35 #1 type] 
Type domain.Event is not enhanced.

[2020-05-09 19:04:35 #2 type] 
Type domain.Question is not enhanced.

[2020-05-09 19:04:35 #3 type] 
Type domain.Competition is not enhanced.

[2020-05-09 19:04:35 #4 type] 
Type domain.Prediction is not enhanced.

[2020-05-09 19:04:36 #5 type] 
Type domain.User is not enhanced.

[2020-05-09 19:04:36 #6 type] 
Type domain.CreditCard is not enhanced.

[2020-05-09 19:04:36 #7 type] 
Type domain.Bet is not enhanced.

[2020-05-09 19:04:36 #8 type] 
Type domain.Profile is not enhanced.

------------------------------------------------------------------------------------------------------------------------

[2020-05-09 19:05:00 #1 type] 
Type domain.Event is not enhanced.

[2020-05-09 19:05:00 #2 type] 
Type domain.Question is not enhanced.

[2020-05-09 19:05:00 #3 type] 
Type domain.Competition is not enhanced.

[2020-05-09 19:05:00 #4 type] 
Type domain.Prediction is not enhanced.

[2020-05-09 19:05:00 #5 type] 
Type domain.User is not enhanced.

[2020-05-09 19:05:00 #6 type] 
Type domain.CreditCard is not enhanced.

[2020-05-09 19:05:00 #7 type] 
Type domain.Bet is not enhanced.

[2020-05-09 19:05:00 #8 type] 
Type domain.Profile is not enhanced.

------------------------------------------------------------------------------------------------------------------------

[2020-05-09 19:05:19 #1 type] 
Type domain.Event is not enhanced.

[2020-05-09 19:05:19 #2 type] 
Type domain.Question is not enhanced.

[2020-05-09 19:05:19 #3 type] 
Type domain.Competition is not enhanced.

[2020-05-09 19:05:19 #4 type] 
Type domain.Prediction is not enhanced.

[2020-05-09 19:05:19 #5 type] 
Type domain.User is not enhanced.

[2020-05-09 19:05:19 #6 type] 
Type domain.CreditCard is not enhanced.

[2020-05-09 19:05:19 #7 type] 
Type domain.Bet is not enhanced.

[2020-05-09 19:05:19 #8 type] 
Type domain.Profile is not enhanced.

------------------------------------------------------------------------------------------------------------------------

[2020-05-09 19:06:12 #1 type] 
Type domain.Event is not enhanced.

[2020-05-09 19:06:12 #2 type] 
Type domain.Question is not enhanced.

[2020-05-09 19:06:12 #3 type] 
Type domain.Competition is not enhanced.

[2020-05-09 19:06:12 #4 type] 
Type domain.Prediction is not enhanced.

[2020-05-09 19:06:13 #5 type] 
Type domain.User is not enhanced.

[2020-05-09 19:06:13 #6 type] 
Type domain.CreditCard is not enhanced.

[2020-05-09 19:06:13 #7 type] 
Type domain.Bet is not enhanced.

[2020-05-09 19:06:13 #8 type] 
Type domain.Profile is not enhanced.

------------------------------------------------------------------------------------------------------------------------

[2020-05-09 19:12:41 #1 type] 
Type domain.Event is not enhanced.

[2020-05-09 19:12:41 #2 type] 
Type domain.Question is not enhanced.

[2020-05-09 19:12:41 #3 type] 
Type domain.Competition is not enhanced.

[2020-05-09 19:12:41 #4 type] 
Type domain.Prediction is not enhanced.

[2020-05-09 19:12:41 #5 type] 
Type domain.User is not enhanced.

[2020-05-09 19:12:41 #6 type] 
Type domain.CreditCard is not enhanced.

[2020-05-09 19:12:41 #7 type] 
Type domain.Bet is not enhanced.

[2020-05-09 19:12:41 #8 type] 
Type domain.Profile is not enhanced.

[2020-05-09 19:12:53 #9 type] 
Type domain.Feedback is not enhanced.

------------------------------------------------------------------------------------------------------------------------

[2020-05-09 19:22:47 #1 type] 
Type domain.Event is not enhanced.

[2020-05-09 19:22:47 #2 type] 
Type domain.Question is not enhanced.

[2020-05-09 19:22:47 #3 type] 
Type domain.Competition is not enhanced.

[2020-05-09 19:22:47 #4 type] 
Type domain.Prediction is not enhanced.

[2020-05-09 19:22:47 #5 type] 
Type domain.User is not enhanced.

[2020-05-09 19:22:47 #6 type] 
Type domain.CreditCard is not enhanced.

[2020-05-09 19:22:47 #7 type] 
Type domain.Bet is not enhanced.

[2020-05-09 19:22:47 #8 type] 
Type domain.Profile is not enhanced.

[2020-05-09 19:23:03 #9 type] 
Type domain.Feedback is not enhanced.

------------------------------------------------------------------------------------------------------------------------

[2020-05-09 19:47:57 #1 type] 
Type domain.Event is not enhanced.

[2020-05-09 19:47:57 #2 type] 
Type domain.Question is not enhanced.

[2020-05-09 19:47:57 #3 type] 
Type domain.Competition is not enhanced.

[2020-05-09 19:47:57 #4 type] 
Type domain.Prediction is not enhanced.

[2020-05-09 19:47:57 #5 type] 
Type domain.User is not enhanced.

[2020-05-09 19:47:57 #6 type] 
Type domain.CreditCard is not enhanced.

[2020-05-09 19:47:57 #7 type] 
Type domain.Bet is not enhanced.

[2020-05-09 19:47:57 #8 type] 
Type domain.Profile is not enhanced.

[2020-05-09 19:48:04 #9 type] 
Type domain.Feedback is not enhanced.

------------------------------------------------------------------------------------------------------------------------

[2020-05-09 20:06:24 #1 type] 
Type domain.Event is not enhanced.

[2020-05-09 20:06:24 #2 type] 
Type domain.Question is not enhanced.

[2020-05-09 20:06:24 #3 type] 
Type domain.Competition is not enhanced.

[2020-05-09 20:06:24 #4 type] 
Type domain.Prediction is not enhanced.

[2020-05-09 20:06:24 #5 type] 
Type domain.User is not enhanced.

[2020-05-09 20:06:24 #6 type] 
Type domain.CreditCard is not enhanced.

[2020-05-09 20:06:24 #7 type] 
Type domain.Bet is not enhanced.

[2020-05-09 20:06:24 #8 type] 
Type domain.Profile is not enhanced.

[2020-05-09 20:06:35 #9 type] 
Type domain.Feedback is not enhanced.

------------------------------------------------------------------------------------------------------------------------

[2020-05-09 20:07:33 #1 type] 
Type domain.Event is not enhanced.

[2020-05-09 20:07:33 #2 type] 
Type domain.Question is not enhanced.

[2020-05-09 20:07:33 #3 type] 
Type domain.Competition is not enhanced.

[2020-05-09 20:07:33 #4 type] 
Type domain.Prediction is not enhanced.

[2020-05-09 20:07:33 #5 type] 
Type domain.User is not enhanced.

[2020-05-09 20:07:33 #6 type] 
Type domain.CreditCard is not enhanced.

[2020-05-09 20:07:33 #7 type] 
Type domain.Bet is not enhanced.

[2020-05-09 20:07:33 #8 type] 
Type domain.Profile is not enhanced.

[2020-05-09 20:07:39 #9 type] 
Type domain.Feedback is not enhanced.

------------------------------------------------------------------------------------------------------------------------

[2020-05-09 20:08:51 #1 type] 
Type domain.Event is not enhanced.

[2020-05-09 20:08:51 #2 type] 
Type domain.Question is not enhanced.

[2020-05-09 20:08:51 #3 type] 
Type domain.Competition is not enhanced.

[2020-05-09 20:08:51 #4 type] 
Type domain.Prediction is not enhanced.

[2020-05-09 20:08:51 #5 type] 
Type domain.User is not enhanced.

[2020-05-09 20:08:51 #6 type] 
Type domain.CreditCard is not enhanced.

[2020-05-09 20:08:51 #7 type] 
Type domain.Bet is not enhanced.

[2020-05-09 20:08:51 #8 type] 
Type domain.Profile is not enhanced.

[2020-05-09 20:09:00 #9 type] 
Type domain.Feedback is not enhanced.

------------------------------------------------------------------------------------------------------------------------

[2020-05-09 20:14:11 #1 type] 
Type domain.Event is not enhanced.

[2020-05-09 20:14:11 #2 type] 
Type domain.Question is not enhanced.

[2020-05-09 20:14:11 #3 type] 
Type domain.Competition is not enhanced.

[2020-05-09 20:14:11 #4 type] 
Type domain.Prediction is not enhanced.

[2020-05-09 20:14:11 #5 type] 
Type domain.User is not enhanced.

[2020-05-09 20:14:11 #6 type] 
Type domain.CreditCard is not enhanced.

[2020-05-09 20:14:11 #7 type] 
Type domain.Bet is not enhanced.

[2020-05-09 20:14:11 #8 type] 
Type domain.Profile is not enhanced.

[2020-05-09 20:14:11 #9 type] 
Type domain.Feedback is not enhanced.

------------------------------------------------------------------------------------------------------------------------

[2020-05-09 20:14:16 #1 type] 
Type domain.Event is not enhanced.

[2020-05-09 20:14:17 #2 type] 
Type domain.Question is not enhanced.

[2020-05-09 20:14:17 #3 type] 
Type domain.Competition is not enhanced.

[2020-05-09 20:14:17 #4 type] 
Type domain.Prediction is not enhanced.

[2020-05-09 20:14:17 #5 type] 
Type domain.User is not enhanced.

[2020-05-09 20:14:17 #6 type] 
Type domain.CreditCard is not enhanced.

[2020-05-09 20:14:17 #7 type] 
Type domain.Bet is not enhanced.

[2020-05-09 20:14:17 #8 type] 
Type domain.Profile is not enhanced.

[2020-05-09 20:14:23 #9 type] 
Type domain.Feedback is not enhanced.

------------------------------------------------------------------------------------------------------------------------

[2020-05-09 20:18:14 #1 type] 
Type domain.Event is not enhanced.

[2020-05-09 20:18:14 #2 type] 
Type domain.Question is not enhanced.

[2020-05-09 20:18:14 #3 type] 
Type domain.Competition is not enhanced.

[2020-05-09 20:18:14 #4 type] 
Type domain.Prediction is not enhanced.

[2020-05-09 20:18:14 #5 type] 
Type domain.User is not enhanced.

[2020-05-09 20:18:14 #6 type] 
Type domain.CreditCard is not enhanced.

[2020-05-09 20:18:14 #7 type] 
Type domain.Bet is not enhanced.

[2020-05-09 20:18:14 #8 type] 
Type domain.Profile is not enhanced.

[2020-05-09 20:18:26 #9 type] 
Type domain.Feedback is not enhanced.

------------------------------------------------------------------------------------------------------------------------

[2020-05-09 20:43:57 #1 type] 
Type domain.Event is not enhanced.

[2020-05-09 20:43:57 #2 type] 
Type domain.Question is not enhanced.

[2020-05-09 20:43:57 #3 type] 
Type domain.Competition is not enhanced.

[2020-05-09 20:43:57 #4 type] 
Type domain.Prediction is not enhanced.

[2020-05-09 20:43:57 #5 type] 
Type domain.User is not enhanced.

[2020-05-09 20:43:57 #6 type] 
Type domain.CreditCard is not enhanced.

[2020-05-09 20:43:57 #7 type] 
Type domain.Bet is not enhanced.

[2020-05-09 20:43:57 #8 type] 
Type domain.Profile is not enhanced.

[2020-05-09 20:44:03 #9 type] 
Type domain.Feedback is not enhanced.

------------------------------------------------------------------------------------------------------------------------

[2020-05-09 20:46:48 #1 type] 
Type domain.Event is not enhanced.

[2020-05-09 20:46:48 #2 type] 
Type domain.Question is not enhanced.

[2020-05-09 20:46:48 #3 type] 
Type domain.Competition is not enhanced.

[2020-05-09 20:46:48 #4 type] 
Type domain.Prediction is not enhanced.

[2020-05-09 20:46:48 #5 type] 
Type domain.User is not enhanced.

[2020-05-09 20:46:48 #6 type] 
Type domain.CreditCard is not enhanced.

[2020-05-09 20:46:48 #7 type] 
Type domain.Bet is not enhanced.

[2020-05-09 20:46:48 #8 type] 
Type domain.Profile is not enhanced.

------------------------------------------------------------------------------------------------------------------------

[2020-05-09 20:46:52 #1 type] 
Type domain.Event is not enhanced.

[2020-05-09 20:46:52 #2 type] 
Type domain.Question is not enhanced.

[2020-05-09 20:46:52 #3 type] 
Type domain.Competition is not enhanced.

[2020-05-09 20:46:52 #4 type] 
Type domain.Prediction is not enhanced.

[2020-05-09 20:46:52 #5 type] 
Type domain.User is not enhanced.

[2020-05-09 20:46:52 #6 type] 
Type domain.CreditCard is not enhanced.

[2020-05-09 20:46:52 #7 type] 
Type domain.Bet is not enhanced.

[2020-05-09 20:46:52 #8 type] 
Type domain.Profile is not enhanced.

------------------------------------------------------------------------------------------------------------------------

[2020-05-09 20:47:30 #1 type] 
Type domain.Event is not enhanced.

[2020-05-09 20:47:30 #2 type] 
Type domain.Question is not enhanced.

[2020-05-09 20:47:30 #3 type] 
Type domain.Competition is not enhanced.

[2020-05-09 20:47:30 #4 type] 
Type domain.Prediction is not enhanced.

[2020-05-09 20:47:30 #5 type] 
Type domain.User is not enhanced.

[2020-05-09 20:47:30 #6 type] 
Type domain.CreditCard is not enhanced.

[2020-05-09 20:47:30 #7 type] 
Type domain.Bet is not enhanced.

[2020-05-09 20:47:30 #8 type] 
Type domain.Profile is not enhanced.

[2020-05-09 20:47:37 #9 type] 
Type domain.Feedback is not enhanced.

------------------------------------------------------------------------------------------------------------------------

[2020-05-09 20:58:47 #1 type] 
Type domain.Event is not enhanced.

[2020-05-09 20:58:47 #2 type] 
Type domain.Question is not enhanced.

[2020-05-09 20:58:47 #3 type] 
Type domain.Competition is not enhanced.

[2020-05-09 20:58:47 #4 type] 
Type domain.Prediction is not enhanced.

[2020-05-09 20:58:47 #5 type] 
Type domain.User is not enhanced.

[2020-05-09 20:58:47 #6 type] 
Type domain.CreditCard is not enhanced.

[2020-05-09 20:58:47 #7 type] 
Type domain.Bet is not enhanced.

[2020-05-09 20:58:47 #8 type] 
Type domain.Profile is not enhanced.

[2020-05-09 20:58:59 #9 type] 
Type domain.Feedback is not enhanced.

------------------------------------------------------------------------------------------------------------------------

[2020-05-09 21:05:00 #1 type] 
Type domain.Event is not enhanced.

[2020-05-09 21:05:00 #2 type] 
Type domain.Question is not enhanced.

[2020-05-09 21:05:00 #3 type] 
Type domain.Competition is not enhanced.

[2020-05-09 21:05:00 #4 type] 
Type domain.Prediction is not enhanced.

[2020-05-09 21:05:00 #5 type] 
Type domain.User is not enhanced.

[2020-05-09 21:05:00 #6 type] 
Type domain.CreditCard is not enhanced.

[2020-05-09 21:05:00 #7 type] 
Type domain.Bet is not enhanced.

[2020-05-09 21:05:00 #8 type] 
Type domain.Profile is not enhanced.

[2020-05-09 21:05:07 #9 type] 
Type domain.Feedback is not enhanced.

------------------------------------------------------------------------------------------------------------------------

[2020-05-09 21:25:35 #1 type] 
Type domain.Event is not enhanced.

[2020-05-09 21:25:35 #2 type] 
Type domain.Question is not enhanced.

[2020-05-09 21:25:35 #3 type] 
Type domain.Competition is not enhanced.

[2020-05-09 21:25:35 #4 type] 
Type domain.Prediction is not enhanced.

[2020-05-09 21:25:35 #5 type] 
Type domain.User is not enhanced.

[2020-05-09 21:25:35 #6 type] 
Type domain.CreditCard is not enhanced.

[2020-05-09 21:25:35 #7 type] 
Type domain.Bet is not enhanced.

[2020-05-09 21:25:35 #8 type] 
Type domain.Profile is not enhanced.

[2020-05-09 21:25:43 #9 type] 
Type domain.Feedback is not enhanced.

------------------------------------------------------------------------------------------------------------------------

[2020-05-09 21:29:27 #1 type] 
Type domain.Event is not enhanced.

[2020-05-09 21:29:27 #2 type] 
Type domain.Question is not enhanced.

[2020-05-09 21:29:27 #3 type] 
Type domain.Competition is not enhanced.

[2020-05-09 21:29:27 #4 type] 
Type domain.Prediction is not enhanced.

[2020-05-09 21:29:27 #5 type] 
Type domain.User is not enhanced.

[2020-05-09 21:29:27 #6 type] 
Type domain.CreditCard is not enhanced.

[2020-05-09 21:29:27 #7 type] 
Type domain.Bet is not enhanced.

[2020-05-09 21:29:27 #8 type] 
Type domain.Profile is not enhanced.

[2020-05-09 21:29:33 #9 type] 
Type domain.Feedback is not enhanced.

------------------------------------------------------------------------------------------------------------------------

[2020-05-09 21:35:47 #1 type] 
Type domain.Event is not enhanced.

[2020-05-09 21:35:47 #2 type] 
Type domain.Question is not enhanced.

[2020-05-09 21:35:47 #3 type] 
Type domain.Competition is not enhanced.

[2020-05-09 21:35:47 #4 type] 
Type domain.Prediction is not enhanced.

[2020-05-09 21:35:47 #5 type] 
Type domain.User is not enhanced.

[2020-05-09 21:35:47 #6 type] 
Type domain.CreditCard is not enhanced.

[2020-05-09 21:35:47 #7 type] 
Type domain.Bet is not enhanced.

[2020-05-09 21:35:47 #8 type] 
Type domain.Profile is not enhanced.

[2020-05-09 21:35:47 #9 type] 
Type domain.Feedback is not enhanced.

------------------------------------------------------------------------------------------------------------------------

[2020-05-09 21:35:54 #1 type] 
Type domain.Event is not enhanced.

[2020-05-09 21:35:54 #2 type] 
Type domain.Question is not enhanced.

[2020-05-09 21:35:54 #3 type] 
Type domain.Competition is not enhanced.

[2020-05-09 21:35:54 #4 type] 
Type domain.Prediction is not enhanced.

[2020-05-09 21:35:54 #5 type] 
Type domain.User is not enhanced.

[2020-05-09 21:35:54 #6 type] 
Type domain.CreditCard is not enhanced.

[2020-05-09 21:35:54 #7 type] 
Type domain.Bet is not enhanced.

[2020-05-09 21:35:54 #8 type] 
Type domain.Profile is not enhanced.

[2020-05-09 21:35:54 #9 type] 
Type domain.Feedback is not enhanced.

------------------------------------------------------------------------------------------------------------------------

[2020-05-09 21:36:34 #1 type] 
Type domain.Event is not enhanced.

[2020-05-09 21:36:34 #2 type] 
Type domain.Question is not enhanced.

[2020-05-09 21:36:34 #3 type] 
Type domain.Competition is not enhanced.

[2020-05-09 21:36:34 #4 type] 
Type domain.Prediction is not enhanced.

[2020-05-09 21:36:34 #5 type] 
Type domain.User is not enhanced.

[2020-05-09 21:36:34 #6 type] 
Type domain.CreditCard is not enhanced.

[2020-05-09 21:36:34 #7 type] 
Type domain.Bet is not enhanced.

[2020-05-09 21:36:34 #8 type] 
Type domain.Profile is not enhanced.

[2020-05-09 21:36:42 #9 type] 
Type domain.Feedback is not enhanced.

------------------------------------------------------------------------------------------------------------------------

[2020-05-09 21:38:57 #1 type] 
Type domain.Event is not enhanced.

[2020-05-09 21:38:57 #2 type] 
Type domain.Question is not enhanced.

[2020-05-09 21:38:57 #3 type] 
Type domain.Competition is not enhanced.

[2020-05-09 21:38:57 #4 type] 
Type domain.Prediction is not enhanced.

[2020-05-09 21:38:58 #5 type] 
Type domain.User is not enhanced.

[2020-05-09 21:38:58 #6 type] 
Type domain.CreditCard is not enhanced.

[2020-05-09 21:38:58 #7 type] 
Type domain.Bet is not enhanced.

[2020-05-09 21:38:58 #8 type] 
Type domain.Profile is not enhanced.

[2020-05-09 21:39:03 #9 type] 
Type domain.Feedback is not enhanced.

------------------------------------------------------------------------------------------------------------------------

[2020-05-09 21:43:39 #1 type] 
Type domain.Event is not enhanced.

[2020-05-09 21:43:39 #2 type] 
Type domain.Question is not enhanced.

[2020-05-09 21:43:39 #3 type] 
Type domain.Competition is not enhanced.

[2020-05-09 21:43:39 #4 type] 
Type domain.Prediction is not enhanced.

[2020-05-09 21:43:39 #5 type] 
Type domain.User is not enhanced.

[2020-05-09 21:43:39 #6 type] 
Type domain.CreditCard is not enhanced.

[2020-05-09 21:43:39 #7 type] 
Type domain.Bet is not enhanced.

[2020-05-09 21:43:39 #8 type] 
Type domain.Profile is not enhanced.

[2020-05-09 21:43:47 #9 type] 
Type domain.Feedback is not enhanced.

------------------------------------------------------------------------------------------------------------------------

[2020-05-09 21:46:46 #1 type] 
Type domain.Event is not enhanced.

[2020-05-09 21:46:46 #2 type] 
Type domain.Question is not enhanced.

[2020-05-09 21:46:46 #3 type] 
Type domain.Competition is not enhanced.

[2020-05-09 21:46:46 #4 type] 
Type domain.Prediction is not enhanced.

[2020-05-09 21:46:46 #5 type] 
Type domain.User is not enhanced.

[2020-05-09 21:46:46 #6 type] 
Type domain.CreditCard is not enhanced.

[2020-05-09 21:46:46 #7 type] 
Type domain.Bet is not enhanced.

[2020-05-09 21:46:46 #8 type] 
Type domain.Profile is not enhanced.

[2020-05-09 21:46:53 #9 type] 
Type domain.Feedback is not enhanced.

------------------------------------------------------------------------------------------------------------------------

[2020-05-09 21:49:22 #1 type] 
Type domain.Event is not enhanced.

[2020-05-09 21:49:22 #2 type] 
Type domain.Question is not enhanced.

[2020-05-09 21:49:22 #3 type] 
Type domain.Competition is not enhanced.

[2020-05-09 21:49:22 #4 type] 
Type domain.Prediction is not enhanced.

[2020-05-09 21:49:22 #5 type] 
Type domain.User is not enhanced.

[2020-05-09 21:49:22 #6 type] 
Type domain.CreditCard is not enhanced.

[2020-05-09 21:49:22 #7 type] 
Type domain.Bet is not enhanced.

[2020-05-09 21:49:22 #8 type] 
Type domain.Profile is not enhanced.

[2020-05-09 21:49:31 #9 type] 
Type domain.Feedback is not enhanced.

------------------------------------------------------------------------------------------------------------------------

[2020-05-09 21:52:52 #1 type] 
Type domain.Event is not enhanced.

[2020-05-09 21:52:52 #2 type] 
Type domain.Question is not enhanced.

[2020-05-09 21:52:52 #3 type] 
Type domain.Competition is not enhanced.

[2020-05-09 21:52:52 #4 type] 
Type domain.Prediction is not enhanced.

[2020-05-09 21:52:52 #5 type] 
Type domain.User is not enhanced.

[2020-05-09 21:52:52 #6 type] 
Type domain.CreditCard is not enhanced.

[2020-05-09 21:52:52 #7 type] 
Type domain.Bet is not enhanced.

[2020-05-09 21:52:52 #8 type] 
Type domain.Profile is not enhanced.

[2020-05-09 21:53:02 #9 type] 
Type domain.Feedback is not enhanced.

------------------------------------------------------------------------------------------------------------------------

[2020-05-09 21:54:17 #1 type] 
Type domain.Event is not enhanced.

[2020-05-09 21:54:17 #2 type] 
Type domain.Question is not enhanced.

[2020-05-09 21:54:17 #3 type] 
Type domain.Competition is not enhanced.

[2020-05-09 21:54:17 #4 type] 
Type domain.Prediction is not enhanced.

[2020-05-09 21:54:17 #5 type] 
Type domain.User is not enhanced.

[2020-05-09 21:54:17 #6 type] 
Type domain.CreditCard is not enhanced.

[2020-05-09 21:54:17 #7 type] 
Type domain.Bet is not enhanced.

[2020-05-09 21:54:17 #8 type] 
Type domain.Profile is not enhanced.

[2020-05-09 21:54:23 #9 type] 
Type domain.Feedback is not enhanced.

------------------------------------------------------------------------------------------------------------------------

[2020-05-09 22:00:37 #1 type] 
Type domain.Event is not enhanced.

[2020-05-09 22:00:37 #2 type] 
Type domain.Question is not enhanced.

[2020-05-09 22:00:37 #3 type] 
Type domain.Competition is not enhanced.

[2020-05-09 22:00:37 #4 type] 
Type domain.Prediction is not enhanced.

[2020-05-09 22:00:37 #5 type] 
Type domain.User is not enhanced.

[2020-05-09 22:00:37 #6 type] 
Type domain.CreditCard is not enhanced.

[2020-05-09 22:00:37 #7 type] 
Type domain.Bet is not enhanced.

[2020-05-09 22:00:37 #8 type] 
Type domain.Profile is not enhanced.

[2020-05-09 22:00:43 #9 type] 
Type domain.Feedback is not enhanced.

------------------------------------------------------------------------------------------------------------------------

[2020-05-09 22:01:49 #1 type] 
Type domain.Event is not enhanced.

[2020-05-09 22:01:49 #2 type] 
Type domain.Question is not enhanced.

[2020-05-09 22:01:49 #3 type] 
Type domain.Competition is not enhanced.

[2020-05-09 22:01:49 #4 type] 
Type domain.Prediction is not enhanced.

[2020-05-09 22:01:49 #5 type] 
Type domain.User is not enhanced.

[2020-05-09 22:01:49 #6 type] 
Type domain.CreditCard is not enhanced.

[2020-05-09 22:01:49 #7 type] 
Type domain.Bet is not enhanced.

[2020-05-09 22:01:49 #8 type] 
Type domain.Profile is not enhanced.

[2020-05-09 22:01:57 #9 type] 
Type domain.Feedback is not enhanced.

------------------------------------------------------------------------------------------------------------------------

[2020-05-09 22:03:25 #1 type] 
Type domain.Event is not enhanced.

[2020-05-09 22:03:25 #2 type] 
Type domain.Question is not enhanced.

[2020-05-09 22:03:25 #3 type] 
Type domain.Competition is not enhanced.

[2020-05-09 22:03:25 #4 type] 
Type domain.Prediction is not enhanced.

[2020-05-09 22:03:25 #5 type] 
Type domain.User is not enhanced.

[2020-05-09 22:03:25 #6 type] 
Type domain.CreditCard is not enhanced.

[2020-05-09 22:03:25 #7 type] 
Type domain.Bet is not enhanced.

[2020-05-09 22:03:25 #8 type] 
Type domain.Profile is not enhanced.

[2020-05-09 22:03:36 #9 type] 
Type domain.Feedback is not enhanced.

------------------------------------------------------------------------------------------------------------------------

[2020-05-09 22:04:28 #1 type] 
Type domain.Event is not enhanced.

[2020-05-09 22:04:28 #2 type] 
Type domain.Question is not enhanced.

[2020-05-09 22:04:28 #3 type] 
Type domain.Competition is not enhanced.

[2020-05-09 22:04:28 #4 type] 
Type domain.Prediction is not enhanced.

[2020-05-09 22:04:28 #5 type] 
Type domain.User is not enhanced.

[2020-05-09 22:04:28 #6 type] 
Type domain.CreditCard is not enhanced.

[2020-05-09 22:04:28 #7 type] 
Type domain.Bet is not enhanced.

[2020-05-09 22:04:28 #8 type] 
Type domain.Profile is not enhanced.

[2020-05-09 22:04:34 #9 type] 
Type domain.Feedback is not enhanced.

------------------------------------------------------------------------------------------------------------------------

[2020-05-09 22:11:42 #1 type] 
Type domain.Event is not enhanced.

[2020-05-09 22:11:42 #2 type] 
Type domain.Question is not enhanced.

[2020-05-09 22:11:42 #3 type] 
Type domain.Competition is not enhanced.

[2020-05-09 22:11:42 #4 type] 
Type domain.Prediction is not enhanced.

[2020-05-09 22:11:42 #5 type] 
Type domain.User is not enhanced.

[2020-05-09 22:11:42 #6 type] 
Type domain.CreditCard is not enhanced.

[2020-05-09 22:11:42 #7 type] 
Type domain.Bet is not enhanced.

[2020-05-09 22:11:42 #8 type] 
Type domain.Profile is not enhanced.

[2020-05-09 22:11:49 #9 type] 
Type domain.Feedback is not enhanced.

------------------------------------------------------------------------------------------------------------------------

[2020-05-09 22:14:25 #1 type] 
Type domain.Event is not enhanced.

[2020-05-09 22:14:25 #2 type] 
Type domain.Question is not enhanced.

[2020-05-09 22:14:26 #3 type] 
Type domain.Competition is not enhanced.

[2020-05-09 22:14:26 #4 type] 
Type domain.Prediction is not enhanced.

[2020-05-09 22:14:26 #5 type] 
Type domain.User is not enhanced.

[2020-05-09 22:14:26 #6 type] 
Type domain.CreditCard is not enhanced.

[2020-05-09 22:14:26 #7 type] 
Type domain.Bet is not enhanced.

[2020-05-09 22:14:26 #8 type] 
Type domain.Profile is not enhanced.

[2020-05-09 22:14:32 #9 type] 
Type domain.Feedback is not enhanced.

------------------------------------------------------------------------------------------------------------------------

[2020-05-09 22:15:34 #1 type] 
Type domain.Event is not enhanced.

[2020-05-09 22:15:34 #2 type] 
Type domain.Question is not enhanced.

[2020-05-09 22:15:34 #3 type] 
Type domain.Competition is not enhanced.

[2020-05-09 22:15:34 #4 type] 
Type domain.Prediction is not enhanced.

[2020-05-09 22:15:34 #5 type] 
Type domain.User is not enhanced.

[2020-05-09 22:15:34 #6 type] 
Type domain.CreditCard is not enhanced.

[2020-05-09 22:15:34 #7 type] 
Type domain.Bet is not enhanced.

[2020-05-09 22:15:34 #8 type] 
Type domain.Profile is not enhanced.

[2020-05-09 22:15:41 #9 type] 
Type domain.Feedback is not enhanced.

------------------------------------------------------------------------------------------------------------------------

[2020-05-09 22:16:49 #1 type] 
Type domain.Event is not enhanced.

[2020-05-09 22:16:49 #2 type] 
Type domain.Question is not enhanced.

[2020-05-09 22:16:49 #3 type] 
Type domain.Competition is not enhanced.

[2020-05-09 22:16:49 #4 type] 
Type domain.Prediction is not enhanced.

[2020-05-09 22:16:49 #5 type] 
Type domain.User is not enhanced.

[2020-05-09 22:16:49 #6 type] 
Type domain.CreditCard is not enhanced.

[2020-05-09 22:16:49 #7 type] 
Type domain.Bet is not enhanced.

[2020-05-09 22:16:49 #8 type] 
Type domain.Profile is not enhanced.

[2020-05-09 22:16:55 #9 type] 
Type domain.Feedback is not enhanced.

------------------------------------------------------------------------------------------------------------------------

[2020-05-09 22:18:51 #1 type] 
Type domain.Event is not enhanced.

[2020-05-09 22:18:51 #2 type] 
Type domain.Question is not enhanced.

[2020-05-09 22:18:51 #3 type] 
Type domain.Competition is not enhanced.

[2020-05-09 22:18:51 #4 type] 
Type domain.Prediction is not enhanced.

[2020-05-09 22:18:51 #5 type] 
Type domain.User is not enhanced.

[2020-05-09 22:18:51 #6 type] 
Type domain.CreditCard is not enhanced.

[2020-05-09 22:18:51 #7 type] 
Type domain.Bet is not enhanced.

[2020-05-09 22:18:51 #8 type] 
Type domain.Profile is not enhanced.

[2020-05-09 22:19:00 #9 type] 
Type domain.Feedback is not enhanced.

------------------------------------------------------------------------------------------------------------------------

[2020-05-09 22:22:16 #1 type] 
Type domain.Event is not enhanced.

[2020-05-09 22:22:16 #2 type] 
Type domain.Question is not enhanced.

[2020-05-09 22:22:16 #3 type] 
Type domain.Competition is not enhanced.

[2020-05-09 22:22:16 #4 type] 
Type domain.Prediction is not enhanced.

[2020-05-09 22:22:16 #5 type] 
Type domain.User is not enhanced.

[2020-05-09 22:22:16 #6 type] 
Type domain.CreditCard is not enhanced.

[2020-05-09 22:22:16 #7 type] 
Type domain.Bet is not enhanced.

[2020-05-09 22:22:16 #8 type] 
Type domain.Profile is not enhanced.

[2020-05-09 22:22:23 #9 type] 
Type domain.Feedback is not enhanced.

------------------------------------------------------------------------------------------------------------------------

[2020-05-09 22:30:35 #1 type] 
Type domain.Event is not enhanced.

[2020-05-09 22:30:35 #2 type] 
Type domain.Question is not enhanced.

[2020-05-09 22:30:35 #3 type] 
Type domain.Competition is not enhanced.

[2020-05-09 22:30:35 #4 type] 
Type domain.Prediction is not enhanced.

[2020-05-09 22:30:35 #5 type] 
Type domain.User is not enhanced.

[2020-05-09 22:30:35 #6 type] 
Type domain.CreditCard is not enhanced.

[2020-05-09 22:30:35 #7 type] 
Type domain.Bet is not enhanced.

[2020-05-09 22:30:35 #8 type] 
Type domain.Profile is not enhanced.

[2020-05-09 22:30:42 #9 type] 
Type domain.Feedback is not enhanced.

------------------------------------------------------------------------------------------------------------------------

[2020-05-09 22:53:52 #1 type] 
Type domain.Event is not enhanced.

[2020-05-09 22:53:52 #2 type] 
Type domain.Question is not enhanced.

[2020-05-09 22:53:52 #3 type] 
Type domain.Competition is not enhanced.

[2020-05-09 22:53:52 #4 type] 
Type domain.Prediction is not enhanced.

[2020-05-09 22:53:52 #5 type] 
Type domain.User is not enhanced.

[2020-05-09 22:53:52 #6 type] 
Type domain.CreditCard is not enhanced.

[2020-05-09 22:53:52 #7 type] 
Type domain.Bet is not enhanced.

[2020-05-09 22:53:52 #8 type] 
Type domain.Profile is not enhanced.

[2020-05-09 22:53:59 #9 type] 
Type domain.Feedback is not enhanced.

------------------------------------------------------------------------------------------------------------------------

[2020-05-09 22:59:30 #1 type] 
Type domain.Event is not enhanced.

[2020-05-09 22:59:30 #2 type] 
Type domain.Question is not enhanced.

[2020-05-09 22:59:30 #3 type] 
Type domain.Competition is not enhanced.

[2020-05-09 22:59:30 #4 type] 
Type domain.Prediction is not enhanced.

[2020-05-09 22:59:30 #5 type] 
Type domain.User is not enhanced.

[2020-05-09 22:59:30 #6 type] 
Type domain.CreditCard is not enhanced.

[2020-05-09 22:59:30 #7 type] 
Type domain.Bet is not enhanced.

[2020-05-09 22:59:30 #8 type] 
Type domain.Profile is not enhanced.

[2020-05-09 23:05:44 #9 type] 
Type domain.Feedback is not enhanced.

------------------------------------------------------------------------------------------------------------------------

[2020-05-09 23:10:54 #1 type] 
Type domain.Event is not enhanced.

[2020-05-09 23:10:54 #2 type] 
Type domain.Question is not enhanced.

[2020-05-09 23:10:54 #3 type] 
Type domain.Competition is not enhanced.

[2020-05-09 23:10:54 #4 type] 
Type domain.Prediction is not enhanced.

[2020-05-09 23:10:54 #5 type] 
Type domain.User is not enhanced.

[2020-05-09 23:10:54 #6 type] 
Type domain.CreditCard is not enhanced.

[2020-05-09 23:10:54 #7 type] 
Type domain.Bet is not enhanced.

[2020-05-09 23:10:54 #8 type] 
Type domain.Profile is not enhanced.

[2020-05-09 23:11:58 #9 type] 
Type domain.Feedback is not enhanced.

------------------------------------------------------------------------------------------------------------------------

[2020-05-09 23:14:47 #1 type] 
Type domain.Event is not enhanced.

[2020-05-09 23:14:47 #2 type] 
Type domain.Question is not enhanced.

[2020-05-09 23:14:47 #3 type] 
Type domain.Competition is not enhanced.

[2020-05-09 23:14:47 #4 type] 
Type domain.Prediction is not enhanced.

[2020-05-09 23:14:47 #5 type] 
Type domain.User is not enhanced.

[2020-05-09 23:14:47 #6 type] 
Type domain.CreditCard is not enhanced.

[2020-05-09 23:14:47 #7 type] 
Type domain.Bet is not enhanced.

[2020-05-09 23:14:47 #8 type] 
Type domain.Profile is not enhanced.

[2020-05-09 23:15:27 #9 type] 
Type domain.Feedback is not enhanced.

------------------------------------------------------------------------------------------------------------------------

[2020-05-09 23:37:40 #1 type] 
Type domain.Event is not enhanced.

[2020-05-09 23:37:40 #2 type] 
Type domain.Question is not enhanced.

[2020-05-09 23:37:40 #3 type] 
Type domain.Competition is not enhanced.

[2020-05-09 23:37:40 #4 type] 
Type domain.Prediction is not enhanced.

[2020-05-09 23:37:40 #5 type] 
Type domain.User is not enhanced.

[2020-05-09 23:37:40 #6 type] 
Type domain.CreditCard is not enhanced.

[2020-05-09 23:37:40 #7 type] 
Type domain.Bet is not enhanced.

[2020-05-09 23:37:40 #8 type] 
Type domain.Profile is not enhanced.

[2020-05-09 23:37:47 #9 type] 
Type domain.Feedback is not enhanced.

------------------------------------------------------------------------------------------------------------------------

[2020-05-09 23:41:11 #1 type] 
Type domain.Event is not enhanced.

[2020-05-09 23:41:11 #2 type] 
Type domain.Question is not enhanced.

[2020-05-09 23:41:11 #3 type] 
Type domain.Competition is not enhanced.

[2020-05-09 23:41:11 #4 type] 
Type domain.Prediction is not enhanced.

[2020-05-09 23:41:11 #5 type] 
Type domain.User is not enhanced.

[2020-05-09 23:41:11 #6 type] 
Type domain.CreditCard is not enhanced.

[2020-05-09 23:41:11 #7 type] 
Type domain.Bet is not enhanced.

[2020-05-09 23:41:12 #8 type] 
Type domain.Profile is not enhanced.

[2020-05-09 23:41:20 #9 type] 
Type domain.Feedback is not enhanced.

