------------------------------------------------------------------------------------------------------------------------

[2020-05-11 14:19:33 #1 type] 
Type domain.Event is not enhanced.

[2020-05-11 14:19:33 #2 type] 
Type domain.Question is not enhanced.

[2020-05-11 14:19:33 #3 type] 
Type domain.Competition is not enhanced.

[2020-05-11 14:19:33 #4 type] 
Type domain.Prediction is not enhanced.

[2020-05-11 14:19:33 #5 type] 
Type domain.User is not enhanced.

[2020-05-11 14:19:33 #6 type] 
Type domain.CreditCard is not enhanced.

[2020-05-11 14:19:33 #7 type] 
Type domain.Bet is not enhanced.

[2020-05-11 14:19:33 #8 type] 
Type domain.Profile is not enhanced.

[2020-05-11 14:19:42 #9 type] 
Type domain.FeedbackRecord is not enhanced.

[2020-05-11 14:19:42 #10 type] 
Type domain.Feedback is not enhanced.

------------------------------------------------------------------------------------------------------------------------

[2020-05-11 17:37:39 #1 type] 
Type domain.Event is not enhanced.

[2020-05-11 17:37:39 #2 type] 
Type domain.Question is not enhanced.

[2020-05-11 17:37:39 #3 type] 
Type domain.Competition is not enhanced.

[2020-05-11 17:37:39 #4 type] 
Type domain.Prediction is not enhanced.

[2020-05-11 17:37:39 #5 type] 
Type domain.User is not enhanced.

[2020-05-11 17:37:39 #6 type] 
Type domain.CreditCard is not enhanced.

[2020-05-11 17:37:39 #7 type] 
Type domain.Bet is not enhanced.

[2020-05-11 17:37:39 #8 type] 
Type domain.Profile is not enhanced.

------------------------------------------------------------------------------------------------------------------------

[2020-05-11 17:38:27 #1 type] 
Type domain.Event is not enhanced.

[2020-05-11 17:38:27 #2 type] 
Type domain.Question is not enhanced.

[2020-05-11 17:38:27 #3 type] 
Type domain.Competition is not enhanced.

[2020-05-11 17:38:27 #4 type] 
Type domain.Prediction is not enhanced.

[2020-05-11 17:38:27 #5 type] 
Type domain.User is not enhanced.

[2020-05-11 17:38:27 #6 type] 
Type domain.CreditCard is not enhanced.

[2020-05-11 17:38:27 #7 type] 
Type domain.Bet is not enhanced.

[2020-05-11 17:38:27 #8 type] 
Type domain.Profile is not enhanced.

------------------------------------------------------------------------------------------------------------------------

[2020-05-11 17:38:35 #1 type] 
Type domain.Event is not enhanced.

[2020-05-11 17:38:35 #2 type] 
Type domain.Question is not enhanced.

[2020-05-11 17:38:35 #3 type] 
Type domain.Competition is not enhanced.

[2020-05-11 17:38:35 #4 type] 
Type domain.Prediction is not enhanced.

[2020-05-11 17:38:35 #5 type] 
Type domain.User is not enhanced.

[2020-05-11 17:38:35 #6 type] 
Type domain.CreditCard is not enhanced.

[2020-05-11 17:38:35 #7 type] 
Type domain.Bet is not enhanced.

[2020-05-11 17:38:35 #8 type] 
Type domain.Profile is not enhanced.

[2020-05-11 17:39:17 #9 type] 
Type domain.FeedbackRecord is not enhanced.

[2020-05-11 17:39:17 #10 type] 
Type domain.Feedback is not enhanced.

------------------------------------------------------------------------------------------------------------------------

[2020-05-11 18:00:35 #1 type] 
Type domain.Event is not enhanced.

[2020-05-11 18:00:35 #2 type] 
Type domain.Question is not enhanced.

[2020-05-11 18:00:35 #3 type] 
Type domain.Competition is not enhanced.

[2020-05-11 18:00:35 #4 type] 
Type domain.Prediction is not enhanced.

[2020-05-11 18:00:35 #5 type] 
Type domain.User is not enhanced.

[2020-05-11 18:00:35 #6 type] 
Type domain.CreditCard is not enhanced.

[2020-05-11 18:00:35 #7 type] 
Type domain.Bet is not enhanced.

[2020-05-11 18:00:35 #8 type] 
Type domain.Profile is not enhanced.

------------------------------------------------------------------------------------------------------------------------

[2020-05-11 18:40:31 #1 type] 
Type domain.Event is not enhanced.

[2020-05-11 18:40:31 #2 type] 
Type domain.Question is not enhanced.

[2020-05-11 18:40:31 #3 type] 
Type domain.Competition is not enhanced.

[2020-05-11 18:40:31 #4 type] 
Type domain.Prediction is not enhanced.

[2020-05-11 18:40:31 #5 type] 
Type domain.User is not enhanced.

[2020-05-11 18:40:31 #6 type] 
Type domain.CreditCard is not enhanced.

[2020-05-11 18:40:31 #7 type] 
Type domain.Bet is not enhanced.

[2020-05-11 18:40:31 #8 type] 
Type domain.Profile is not enhanced.

[2020-05-11 18:42:44 #9 type] 
Type domain.FeedbackRecord is not enhanced.

[2020-05-11 18:42:44 #10 type] 
Type domain.Feedback is not enhanced.

------------------------------------------------------------------------------------------------------------------------

[2020-05-11 18:51:31 #1 type] 
Type domain.Event is not enhanced.

[2020-05-11 18:51:31 #2 type] 
Type domain.Question is not enhanced.

[2020-05-11 18:51:31 #3 type] 
Type domain.Competition is not enhanced.

[2020-05-11 18:51:31 #4 type] 
Type domain.Prediction is not enhanced.

[2020-05-11 18:51:31 #5 type] 
Type domain.User is not enhanced.

[2020-05-11 18:51:31 #6 type] 
Type domain.CreditCard is not enhanced.

[2020-05-11 18:51:31 #7 type] 
Type domain.Bet is not enhanced.

[2020-05-11 18:51:31 #8 type] 
Type domain.Profile is not enhanced.

[2020-05-11 18:51:39 #9 type] 
Type domain.FeedbackRecord is not enhanced.

[2020-05-11 18:51:39 #10 type] 
Type domain.Feedback is not enhanced.

------------------------------------------------------------------------------------------------------------------------

[2020-05-11 18:59:24 #1 type] 
Type domain.Event is not enhanced.

[2020-05-11 18:59:24 #2 type] 
Type domain.Question is not enhanced.

[2020-05-11 18:59:24 #3 type] 
Type domain.Competition is not enhanced.

[2020-05-11 18:59:24 #4 type] 
Type domain.Prediction is not enhanced.

[2020-05-11 18:59:24 #5 type] 
Type domain.User is not enhanced.

[2020-05-11 18:59:24 #6 type] 
Type domain.CreditCard is not enhanced.

[2020-05-11 18:59:24 #7 type] 
Type domain.Bet is not enhanced.

[2020-05-11 18:59:24 #8 type] 
Type domain.Profile is not enhanced.

[2020-05-11 18:59:36 #9 type] 
Type domain.FeedbackRecord is not enhanced.

[2020-05-11 18:59:36 #10 type] 
Type domain.Feedback is not enhanced.

------------------------------------------------------------------------------------------------------------------------

[2020-05-11 19:01:03 #1 type] 
Type domain.Event is not enhanced.

[2020-05-11 19:01:03 #2 type] 
Type domain.Question is not enhanced.

[2020-05-11 19:01:03 #3 type] 
Type domain.Competition is not enhanced.

[2020-05-11 19:01:03 #4 type] 
Type domain.Prediction is not enhanced.

[2020-05-11 19:01:03 #5 type] 
Type domain.User is not enhanced.

[2020-05-11 19:01:03 #6 type] 
Type domain.CreditCard is not enhanced.

[2020-05-11 19:01:03 #7 type] 
Type domain.Bet is not enhanced.

[2020-05-11 19:01:03 #8 type] 
Type domain.Profile is not enhanced.

[2020-05-11 19:01:11 #9 type] 
Type domain.FeedbackRecord is not enhanced.

[2020-05-11 19:01:11 #10 type] 
Type domain.Feedback is not enhanced.

------------------------------------------------------------------------------------------------------------------------

[2020-05-11 20:13:02 #1 type] 
Type domain.Event is not enhanced.

[2020-05-11 20:13:02 #2 type] 
Type domain.Question is not enhanced.

[2020-05-11 20:13:02 #3 type] 
Type domain.Competition is not enhanced.

[2020-05-11 20:13:02 #4 type] 
Type domain.Prediction is not enhanced.

[2020-05-11 20:13:02 #5 type] 
Type domain.User is not enhanced.

[2020-05-11 20:13:02 #6 type] 
Type domain.CreditCard is not enhanced.

[2020-05-11 20:13:02 #7 type] 
Type domain.Bet is not enhanced.

[2020-05-11 20:13:02 #8 type] 
Type domain.Profile is not enhanced.

[2020-05-11 20:13:13 #9 type] 
Type domain.FeedbackRecord is not enhanced.

[2020-05-11 20:13:13 #10 type] 
Type domain.Feedback is not enhanced.

------------------------------------------------------------------------------------------------------------------------

[2020-05-11 20:21:56 #1 type] 
Type domain.Event is not enhanced.

[2020-05-11 20:21:56 #2 type] 
Type domain.Question is not enhanced.

[2020-05-11 20:21:56 #3 type] 
Type domain.Competition is not enhanced.

[2020-05-11 20:21:56 #4 type] 
Type domain.Prediction is not enhanced.

[2020-05-11 20:21:56 #5 type] 
Type domain.User is not enhanced.

[2020-05-11 20:21:56 #6 type] 
Type domain.CreditCard is not enhanced.

[2020-05-11 20:21:56 #7 type] 
Type domain.Bet is not enhanced.

[2020-05-11 20:21:56 #8 type] 
Type domain.Profile is not enhanced.

[2020-05-11 20:21:56 #9 type] 
Type domain.FeedbackRecord is not enhanced.

[2020-05-11 20:21:56 #10 type] 
Type domain.Feedback is not enhanced.

------------------------------------------------------------------------------------------------------------------------

[2020-05-11 20:52:56 #1 type] 
Type domain.Event is not enhanced.

[2020-05-11 20:52:56 #2 type] 
Type domain.Question is not enhanced.

[2020-05-11 20:52:56 #3 type] 
Type domain.Competition is not enhanced.

[2020-05-11 20:52:56 #4 type] 
Type domain.Prediction is not enhanced.

[2020-05-11 20:52:56 #5 type] 
Type domain.User is not enhanced.

[2020-05-11 20:52:56 #6 type] 
Type domain.CreditCard is not enhanced.

[2020-05-11 20:52:56 #7 type] 
Type domain.Bet is not enhanced.

[2020-05-11 20:52:56 #8 type] 
Type domain.Profile is not enhanced.

[2020-05-11 20:52:56 #9 type] 
Type domain.FeedbackRecord is not enhanced.

[2020-05-11 20:52:56 #10 type] 
Type domain.Feedback is not enhanced.

------------------------------------------------------------------------------------------------------------------------

[2020-05-11 23:07:30 #1 type] 
Type domain.Event is not enhanced.

[2020-05-11 23:07:30 #2 type] 
Type domain.Question is not enhanced.

[2020-05-11 23:07:30 #3 type] 
Type domain.Competition is not enhanced.

[2020-05-11 23:07:30 #4 type] 
Type domain.Prediction is not enhanced.

[2020-05-11 23:07:30 #5 type] 
Type domain.User is not enhanced.

[2020-05-11 23:07:30 #6 type] 
Type domain.CreditCard is not enhanced.

[2020-05-11 23:07:30 #7 type] 
Type domain.Bet is not enhanced.

[2020-05-11 23:07:30 #8 type] 
Type domain.Profile is not enhanced.

