------------------------------------------------------------------------------------------------------------------------

[2020-05-02 22:45:29 #1 store] 
Database 'C:\Users\Usuario\git\BetAndRuin\BetAndRuin\resources\bets.temp' is opened by 12764@DESKTOP-00OS7EM

[2020-05-02 22:45:29 #2 store] 
Configuration path: ?

[2020-05-02 22:45:30 #3 type] 
Type domain.Event is not enhanced.

[2020-05-02 22:45:30 #4 type] 
Type domain.Question is not enhanced.

[2020-05-02 22:45:30 #5 type] 
Type domain.Competition is not enhanced.

[2020-05-02 22:45:30 #6 type] 
Type domain.Prediction is not enhanced.

[2020-05-02 22:45:30 #7 type] 
Type domain.User is not enhanced.

[2020-05-02 22:45:30 #8 type] 
Type domain.CreditCard is not enhanced.

[2020-05-02 22:45:30 #9 type] 
Type domain.Bet is not enhanced.

[2020-05-02 22:45:30 #10 type] 
Type domain.Profile is not enhanced.

------------------------------------------------------------------------------------------------------------------------

[2020-05-02 22:45:40 #1 store] 
Database 'C:\Users\Usuario\git\BetAndRuin\BetAndRuin\resources\bets.temp' is opened by 668@DESKTOP-00OS7EM

[2020-05-02 22:45:40 #2 store] 
Configuration path: ?

[2020-05-02 22:45:40 #3 type] 
Type domain.Event is not enhanced.

[2020-05-02 22:45:40 #4 type] 
Type domain.Question is not enhanced.

[2020-05-02 22:45:40 #5 type] 
Type domain.Competition is not enhanced.

[2020-05-02 22:45:40 #6 type] 
Type domain.Prediction is not enhanced.

[2020-05-02 22:45:40 #7 type] 
Type domain.User is not enhanced.

[2020-05-02 22:45:40 #8 type] 
Type domain.CreditCard is not enhanced.

[2020-05-02 22:45:40 #9 type] 
Type domain.Bet is not enhanced.

[2020-05-02 22:45:40 #10 type] 
Type domain.Profile is not enhanced.

------------------------------------------------------------------------------------------------------------------------

[2020-05-02 22:48:39 #1 store] 
Database 'C:\Users\Usuario\git\BetAndRuin\BetAndRuin\resources\bets.temp' is opened by 13360@DESKTOP-00OS7EM

[2020-05-02 22:48:39 #2 store] 
Configuration path: ?

[2020-05-02 22:48:39 #3 type] 
Type domain.Event is not enhanced.

[2020-05-02 22:48:39 #4 type] 
Type domain.Question is not enhanced.

[2020-05-02 22:48:39 #5 type] 
Type domain.Competition is not enhanced.

[2020-05-02 22:48:39 #6 type] 
Type domain.Prediction is not enhanced.

[2020-05-02 22:48:39 #7 type] 
Type domain.User is not enhanced.

[2020-05-02 22:48:39 #8 type] 
Type domain.CreditCard is not enhanced.

[2020-05-02 22:48:39 #9 type] 
Type domain.Bet is not enhanced.

[2020-05-02 22:48:39 #10 type] 
Type domain.Profile is not enhanced.

------------------------------------------------------------------------------------------------------------------------

[2020-05-02 22:52:29 #1 store] 
Database 'C:\Users\Usuario\git\BetAndRuin\BetAndRuin\resources\bets.temp' is opened by 7112@DESKTOP-00OS7EM

[2020-05-02 22:52:29 #2 store] 
Configuration path: ?

[2020-05-02 22:52:29 #3 type] 
Type domain.Event is not enhanced.

[2020-05-02 22:52:29 #4 type] 
Type domain.Question is not enhanced.

[2020-05-02 22:52:29 #5 type] 
Type domain.Competition is not enhanced.

[2020-05-02 22:52:29 #6 type] 
Type domain.Prediction is not enhanced.

[2020-05-02 22:52:29 #7 type] 
Type domain.User is not enhanced.

[2020-05-02 22:52:29 #8 type] 
Type domain.CreditCard is not enhanced.

[2020-05-02 22:52:29 #9 type] 
Type domain.Bet is not enhanced.

[2020-05-02 22:52:29 #10 type] 
Type domain.Profile is not enhanced.

