------------------------------------------------------------------------------------------------------------------------

[2020-05-05 22:13:14 #1 store] 
Database 'C:\Users\Usuario\git\BetAndRuin\BetAndRuin\resources\bets.temp' is opened by 13496@DESKTOP-00OS7EM

[2020-05-05 22:13:14 #2 store] 
Configuration path: ?

[2020-05-05 22:13:14 #3 type] 
Type domain.Event is not enhanced.

[2020-05-05 22:13:14 #4 type] 
Type domain.Question is not enhanced.

[2020-05-05 22:13:14 #5 type] 
Type domain.Competition is not enhanced.

[2020-05-05 22:13:14 #6 type] 
Type domain.Prediction is not enhanced.

[2020-05-05 22:13:14 #7 type] 
Type domain.User is not enhanced.

[2020-05-05 22:13:14 #8 type] 
Type domain.CreditCard is not enhanced.

[2020-05-05 22:13:14 #9 type] 
Type domain.Bet is not enhanced.

[2020-05-05 22:13:14 #10 type] 
Type domain.Profile is not enhanced.

