------------------------------------------------------------------------------------------------------------------------

[2020-05-08 15:41:42 #1 store] 
Database 'C:\Users\Usuario\git\BetAndRuin\BetAndRuin\resources\bets.temp' is opened by 1544@DESKTOP-00OS7EM

[2020-05-08 15:41:42 #2 store] 
Configuration path: ?

[2020-05-08 15:41:42 #3 type] 
Type domain.Event is not enhanced.

[2020-05-08 15:41:42 #4 type] 
Type domain.Question is not enhanced.

[2020-05-08 15:41:42 #5 type] 
Type domain.Competition is not enhanced.

[2020-05-08 15:41:42 #6 type] 
Type domain.Prediction is not enhanced.

[2020-05-08 15:41:42 #7 type] 
Type domain.User is not enhanced.

[2020-05-08 15:41:42 #8 type] 
Type domain.CreditCard is not enhanced.

[2020-05-08 15:41:42 #9 type] 
Type domain.Bet is not enhanced.

[2020-05-08 15:41:42 #10 type] 
Type domain.Profile is not enhanced.

------------------------------------------------------------------------------------------------------------------------

[2020-05-08 15:48:28 #1 store] 
Database 'C:\Users\Usuario\git\BetAndRuin\BetAndRuin\resources\bets.temp' is opened by 6596@DESKTOP-00OS7EM

[2020-05-08 15:48:28 #2 store] 
Configuration path: ?

[2020-05-08 15:48:29 #3 type] 
Type domain.Event is not enhanced.

[2020-05-08 15:48:29 #4 type] 
Type domain.Question is not enhanced.

[2020-05-08 15:48:29 #5 type] 
Type domain.Competition is not enhanced.

[2020-05-08 15:48:29 #6 type] 
Type domain.Prediction is not enhanced.

[2020-05-08 15:48:29 #7 type] 
Type domain.User is not enhanced.

[2020-05-08 15:48:29 #8 type] 
Type domain.CreditCard is not enhanced.

[2020-05-08 15:48:29 #9 type] 
Type domain.Bet is not enhanced.

[2020-05-08 15:48:29 #10 type] 
Type domain.Profile is not enhanced.

------------------------------------------------------------------------------------------------------------------------

[2020-05-08 15:50:45 #1 store] 
Database 'C:\Users\Usuario\git\BetAndRuin\BetAndRuin\resources\bets.temp' is opened by 16096@DESKTOP-00OS7EM

[2020-05-08 15:50:45 #2 store] 
Configuration path: ?

[2020-05-08 15:50:46 #3 type] 
Type domain.Event is not enhanced.

[2020-05-08 15:50:46 #4 type] 
Type domain.Question is not enhanced.

[2020-05-08 15:50:46 #5 type] 
Type domain.Competition is not enhanced.

[2020-05-08 15:50:46 #6 type] 
Type domain.Prediction is not enhanced.

[2020-05-08 15:50:46 #7 type] 
Type domain.User is not enhanced.

[2020-05-08 15:50:46 #8 type] 
Type domain.CreditCard is not enhanced.

[2020-05-08 15:50:46 #9 type] 
Type domain.Bet is not enhanced.

[2020-05-08 15:50:46 #10 type] 
Type domain.Profile is not enhanced.

------------------------------------------------------------------------------------------------------------------------

[2020-05-08 15:51:03 #1 store] 
Database 'C:\Users\Usuario\git\BetAndRuin\BetAndRuin\resources\bets.temp' is opened by 6864@DESKTOP-00OS7EM

[2020-05-08 15:51:03 #2 store] 
Configuration path: ?

[2020-05-08 15:51:03 #3 type] 
Type domain.Event is not enhanced.

[2020-05-08 15:51:03 #4 type] 
Type domain.Question is not enhanced.

[2020-05-08 15:51:03 #5 type] 
Type domain.Competition is not enhanced.

[2020-05-08 15:51:03 #6 type] 
Type domain.Prediction is not enhanced.

[2020-05-08 15:51:03 #7 type] 
Type domain.User is not enhanced.

[2020-05-08 15:51:03 #8 type] 
Type domain.CreditCard is not enhanced.

[2020-05-08 15:51:03 #9 type] 
Type domain.Bet is not enhanced.

[2020-05-08 15:51:03 #10 type] 
Type domain.Profile is not enhanced.

------------------------------------------------------------------------------------------------------------------------

[2020-05-08 15:58:39 #1 store] 
Database 'C:\Users\Usuario\git\BetAndRuin\BetAndRuin\resources\bets.temp' is opened by 4520@DESKTOP-00OS7EM

[2020-05-08 15:58:39 #2 store] 
Configuration path: ?

[2020-05-08 15:58:39 #3 type] 
Type domain.Event is not enhanced.

[2020-05-08 15:58:39 #4 type] 
Type domain.Question is not enhanced.

[2020-05-08 15:58:39 #5 type] 
Type domain.Competition is not enhanced.

[2020-05-08 15:58:39 #6 type] 
Type domain.Prediction is not enhanced.

[2020-05-08 15:58:39 #7 type] 
Type domain.User is not enhanced.

[2020-05-08 15:58:39 #8 type] 
Type domain.CreditCard is not enhanced.

[2020-05-08 15:58:39 #9 type] 
Type domain.Bet is not enhanced.

[2020-05-08 15:58:39 #10 type] 
Type domain.Profile is not enhanced.

------------------------------------------------------------------------------------------------------------------------

[2020-05-08 16:03:37 #1 store] 
Database 'C:\Users\Usuario\git\BetAndRuin\BetAndRuin\resources\bets.temp' is opened by 3884@DESKTOP-00OS7EM

[2020-05-08 16:03:37 #2 store] 
Configuration path: ?

[2020-05-08 16:03:37 #3 type] 
Type domain.Event is not enhanced.

[2020-05-08 16:03:37 #4 type] 
Type domain.Question is not enhanced.

[2020-05-08 16:03:37 #5 type] 
Type domain.Competition is not enhanced.

[2020-05-08 16:03:37 #6 type] 
Type domain.Prediction is not enhanced.

[2020-05-08 16:03:37 #7 type] 
Type domain.User is not enhanced.

[2020-05-08 16:03:37 #8 type] 
Type domain.CreditCard is not enhanced.

[2020-05-08 16:03:37 #9 type] 
Type domain.Bet is not enhanced.

[2020-05-08 16:03:37 #10 type] 
Type domain.Profile is not enhanced.

------------------------------------------------------------------------------------------------------------------------

[2020-05-08 16:06:44 #1 store] 
Database 'C:\Users\Usuario\git\BetAndRuin\BetAndRuin\resources\bets.temp' is opened by 13076@DESKTOP-00OS7EM

[2020-05-08 16:06:44 #2 store] 
Configuration path: ?

[2020-05-08 16:06:45 #3 type] 
Type domain.Event is not enhanced.

[2020-05-08 16:06:45 #4 type] 
Type domain.Question is not enhanced.

[2020-05-08 16:06:45 #5 type] 
Type domain.Competition is not enhanced.

[2020-05-08 16:06:45 #6 type] 
Type domain.Prediction is not enhanced.

[2020-05-08 16:06:45 #7 type] 
Type domain.User is not enhanced.

[2020-05-08 16:06:45 #8 type] 
Type domain.CreditCard is not enhanced.

[2020-05-08 16:06:45 #9 type] 
Type domain.Bet is not enhanced.

[2020-05-08 16:06:45 #10 type] 
Type domain.Profile is not enhanced.

------------------------------------------------------------------------------------------------------------------------

[2020-05-08 16:09:59 #1 store] 
Database 'C:\Users\Usuario\git\BetAndRuin\BetAndRuin\resources\bets.temp' is opened by 2340@DESKTOP-00OS7EM

[2020-05-08 16:09:59 #2 store] 
Configuration path: ?

[2020-05-08 16:09:59 #3 type] 
Type domain.Event is not enhanced.

[2020-05-08 16:09:59 #4 type] 
Type domain.Question is not enhanced.

[2020-05-08 16:09:59 #5 type] 
Type domain.Competition is not enhanced.

[2020-05-08 16:09:59 #6 type] 
Type domain.Prediction is not enhanced.

[2020-05-08 16:09:59 #7 type] 
Type domain.User is not enhanced.

[2020-05-08 16:09:59 #8 type] 
Type domain.CreditCard is not enhanced.

[2020-05-08 16:09:59 #9 type] 
Type domain.Bet is not enhanced.

[2020-05-08 16:09:59 #10 type] 
Type domain.Profile is not enhanced.

------------------------------------------------------------------------------------------------------------------------

[2020-05-08 16:10:39 #1 store] 
Database 'C:\Users\Usuario\git\BetAndRuin\BetAndRuin\resources\bets.temp' is opened by 10936@DESKTOP-00OS7EM

[2020-05-08 16:10:39 #2 store] 
Configuration path: ?

[2020-05-08 16:10:39 #3 type] 
Type domain.Event is not enhanced.

[2020-05-08 16:10:39 #4 type] 
Type domain.Question is not enhanced.

[2020-05-08 16:10:39 #5 type] 
Type domain.Competition is not enhanced.

[2020-05-08 16:10:39 #6 type] 
Type domain.Prediction is not enhanced.

[2020-05-08 16:10:39 #7 type] 
Type domain.User is not enhanced.

[2020-05-08 16:10:39 #8 type] 
Type domain.CreditCard is not enhanced.

[2020-05-08 16:10:39 #9 type] 
Type domain.Bet is not enhanced.

[2020-05-08 16:10:39 #10 type] 
Type domain.Profile is not enhanced.

------------------------------------------------------------------------------------------------------------------------

[2020-05-08 16:15:42 #1 type] 
Type domain.Event is not enhanced.

[2020-05-08 16:15:42 #2 type] 
Type domain.Question is not enhanced.

[2020-05-08 16:15:42 #3 type] 
Type domain.Competition is not enhanced.

[2020-05-08 16:15:42 #4 type] 
Type domain.Prediction is not enhanced.

[2020-05-08 16:15:42 #5 type] 
Type domain.User is not enhanced.

[2020-05-08 16:15:42 #6 type] 
Type domain.CreditCard is not enhanced.

[2020-05-08 16:15:42 #7 type] 
Type domain.Bet is not enhanced.

[2020-05-08 16:15:42 #8 type] 
Type domain.Profile is not enhanced.

------------------------------------------------------------------------------------------------------------------------

[2020-05-08 16:28:25 #1 type] 
Type domain.Event is not enhanced.

[2020-05-08 16:28:25 #2 type] 
Type domain.Question is not enhanced.

[2020-05-08 16:28:25 #3 type] 
Type domain.Competition is not enhanced.

[2020-05-08 16:28:25 #4 type] 
Type domain.Prediction is not enhanced.

[2020-05-08 16:28:25 #5 type] 
Type domain.User is not enhanced.

[2020-05-08 16:28:25 #6 type] 
Type domain.CreditCard is not enhanced.

[2020-05-08 16:28:25 #7 type] 
Type domain.Bet is not enhanced.

[2020-05-08 16:28:25 #8 type] 
Type domain.Profile is not enhanced.

------------------------------------------------------------------------------------------------------------------------

[2020-05-08 16:29:50 #1 type] 
Type domain.Event is not enhanced.

[2020-05-08 16:29:50 #2 type] 
Type domain.Question is not enhanced.

[2020-05-08 16:29:50 #3 type] 
Type domain.Competition is not enhanced.

[2020-05-08 16:29:50 #4 type] 
Type domain.Prediction is not enhanced.

[2020-05-08 16:29:50 #5 type] 
Type domain.User is not enhanced.

[2020-05-08 16:29:50 #6 type] 
Type domain.CreditCard is not enhanced.

[2020-05-08 16:29:50 #7 type] 
Type domain.Bet is not enhanced.

[2020-05-08 16:29:50 #8 type] 
Type domain.Profile is not enhanced.

------------------------------------------------------------------------------------------------------------------------

[2020-05-08 16:30:03 #1 type] 
Type domain.Event is not enhanced.

[2020-05-08 16:30:03 #2 type] 
Type domain.Question is not enhanced.

[2020-05-08 16:30:03 #3 type] 
Type domain.Competition is not enhanced.

[2020-05-08 16:30:03 #4 type] 
Type domain.Prediction is not enhanced.

[2020-05-08 16:30:03 #5 type] 
Type domain.User is not enhanced.

[2020-05-08 16:30:03 #6 type] 
Type domain.CreditCard is not enhanced.

[2020-05-08 16:30:03 #7 type] 
Type domain.Bet is not enhanced.

[2020-05-08 16:30:03 #8 type] 
Type domain.Profile is not enhanced.

------------------------------------------------------------------------------------------------------------------------

[2020-05-08 16:33:18 #1 type] 
Type domain.Event is not enhanced.

[2020-05-08 16:33:18 #2 type] 
Type domain.Question is not enhanced.

[2020-05-08 16:33:18 #3 type] 
Type domain.Competition is not enhanced.

[2020-05-08 16:33:18 #4 type] 
Type domain.Prediction is not enhanced.

[2020-05-08 16:33:18 #5 type] 
Type domain.User is not enhanced.

[2020-05-08 16:33:18 #6 type] 
Type domain.CreditCard is not enhanced.

[2020-05-08 16:33:18 #7 type] 
Type domain.Bet is not enhanced.

[2020-05-08 16:33:18 #8 type] 
Type domain.Profile is not enhanced.

------------------------------------------------------------------------------------------------------------------------

[2020-05-08 16:36:01 #1 store] 
Database 'C:\Users\Usuario\git\BetAndRuin\BetAndRuin\resources\bets.temp' is opened by 10464@DESKTOP-00OS7EM

[2020-05-08 16:36:01 #2 store] 
Configuration path: ?

[2020-05-08 16:36:01 #3 type] 
Type domain.Event is not enhanced.

[2020-05-08 16:36:01 #4 type] 
Type domain.Question is not enhanced.

[2020-05-08 16:36:01 #5 type] 
Type domain.Competition is not enhanced.

[2020-05-08 16:36:01 #6 type] 
Type domain.Prediction is not enhanced.

[2020-05-08 16:36:01 #7 type] 
Type domain.User is not enhanced.

[2020-05-08 16:36:01 #8 type] 
Type domain.CreditCard is not enhanced.

[2020-05-08 16:36:01 #9 type] 
Type domain.Bet is not enhanced.

[2020-05-08 16:36:01 #10 type] 
Type domain.Profile is not enhanced.

------------------------------------------------------------------------------------------------------------------------

[2020-05-08 16:56:27 #1 type] 
Type domain.Event is not enhanced.

[2020-05-08 16:56:27 #2 type] 
Type domain.Question is not enhanced.

[2020-05-08 16:56:27 #3 type] 
Type domain.Competition is not enhanced.

[2020-05-08 16:56:27 #4 type] 
Type domain.Prediction is not enhanced.

[2020-05-08 16:56:27 #5 type] 
Type domain.User is not enhanced.

[2020-05-08 16:56:27 #6 type] 
Type domain.CreditCard is not enhanced.

[2020-05-08 16:56:27 #7 type] 
Type domain.Bet is not enhanced.

[2020-05-08 16:56:27 #8 type] 
Type domain.Profile is not enhanced.

------------------------------------------------------------------------------------------------------------------------

[2020-05-08 16:57:55 #1 type] 
Type domain.Event is not enhanced.

[2020-05-08 16:57:55 #2 type] 
Type domain.Question is not enhanced.

[2020-05-08 16:57:55 #3 type] 
Type domain.Competition is not enhanced.

[2020-05-08 16:57:55 #4 type] 
Type domain.Prediction is not enhanced.

[2020-05-08 16:57:55 #5 type] 
Type domain.User is not enhanced.

[2020-05-08 16:57:55 #6 type] 
Type domain.CreditCard is not enhanced.

[2020-05-08 16:57:55 #7 type] 
Type domain.Bet is not enhanced.

[2020-05-08 16:57:55 #8 type] 
Type domain.Profile is not enhanced.

------------------------------------------------------------------------------------------------------------------------

[2020-05-08 16:58:24 #1 type] 
Type domain.Event is not enhanced.

[2020-05-08 16:58:24 #2 type] 
Type domain.Question is not enhanced.

[2020-05-08 16:58:24 #3 type] 
Type domain.Competition is not enhanced.

[2020-05-08 16:58:24 #4 type] 
Type domain.Prediction is not enhanced.

[2020-05-08 16:58:24 #5 type] 
Type domain.User is not enhanced.

[2020-05-08 16:58:24 #6 type] 
Type domain.CreditCard is not enhanced.

[2020-05-08 16:58:24 #7 type] 
Type domain.Bet is not enhanced.

[2020-05-08 16:58:24 #8 type] 
Type domain.Profile is not enhanced.

------------------------------------------------------------------------------------------------------------------------

[2020-05-08 17:00:21 #1 type] 
Type domain.Event is not enhanced.

[2020-05-08 17:00:21 #2 type] 
Type domain.Question is not enhanced.

[2020-05-08 17:00:21 #3 type] 
Type domain.Competition is not enhanced.

[2020-05-08 17:00:21 #4 type] 
Type domain.Prediction is not enhanced.

[2020-05-08 17:00:21 #5 type] 
Type domain.User is not enhanced.

[2020-05-08 17:00:21 #6 type] 
Type domain.CreditCard is not enhanced.

[2020-05-08 17:00:21 #7 type] 
Type domain.Bet is not enhanced.

[2020-05-08 17:00:21 #8 type] 
Type domain.Profile is not enhanced.

------------------------------------------------------------------------------------------------------------------------

[2020-05-08 17:01:22 #1 type] 
Type domain.Event is not enhanced.

[2020-05-08 17:01:22 #2 type] 
Type domain.Question is not enhanced.

[2020-05-08 17:01:22 #3 type] 
Type domain.Competition is not enhanced.

[2020-05-08 17:01:22 #4 type] 
Type domain.Prediction is not enhanced.

[2020-05-08 17:01:22 #5 type] 
Type domain.User is not enhanced.

[2020-05-08 17:01:22 #6 type] 
Type domain.CreditCard is not enhanced.

[2020-05-08 17:01:22 #7 type] 
Type domain.Bet is not enhanced.

[2020-05-08 17:01:22 #8 type] 
Type domain.Profile is not enhanced.

------------------------------------------------------------------------------------------------------------------------

[2020-05-08 17:12:42 #1 type] 
Type domain.Event is not enhanced.

[2020-05-08 17:12:42 #2 type] 
Type domain.Question is not enhanced.

[2020-05-08 17:12:42 #3 type] 
Type domain.Competition is not enhanced.

[2020-05-08 17:12:42 #4 type] 
Type domain.Prediction is not enhanced.

[2020-05-08 17:12:42 #5 type] 
Type domain.User is not enhanced.

[2020-05-08 17:12:42 #6 type] 
Type domain.CreditCard is not enhanced.

[2020-05-08 17:12:42 #7 type] 
Type domain.Bet is not enhanced.

[2020-05-08 17:12:42 #8 type] 
Type domain.Profile is not enhanced.

------------------------------------------------------------------------------------------------------------------------

[2020-05-08 17:35:04 #1 type] 
Type domain.Event is not enhanced.

[2020-05-08 17:35:04 #2 type] 
Type domain.Question is not enhanced.

[2020-05-08 17:35:04 #3 type] 
Type domain.Competition is not enhanced.

[2020-05-08 17:35:04 #4 type] 
Type domain.Prediction is not enhanced.

[2020-05-08 17:35:04 #5 type] 
Type domain.User is not enhanced.

[2020-05-08 17:35:04 #6 type] 
Type domain.CreditCard is not enhanced.

[2020-05-08 17:35:04 #7 type] 
Type domain.Bet is not enhanced.

[2020-05-08 17:35:04 #8 type] 
Type domain.Profile is not enhanced.

------------------------------------------------------------------------------------------------------------------------

[2020-05-08 17:41:04 #1 type] 
Type domain.Event is not enhanced.

[2020-05-08 17:41:04 #2 type] 
Type domain.Question is not enhanced.

[2020-05-08 17:41:04 #3 type] 
Type domain.Competition is not enhanced.

[2020-05-08 17:41:04 #4 type] 
Type domain.Prediction is not enhanced.

[2020-05-08 17:41:04 #5 type] 
Type domain.User is not enhanced.

[2020-05-08 17:41:04 #6 type] 
Type domain.CreditCard is not enhanced.

[2020-05-08 17:41:04 #7 type] 
Type domain.Bet is not enhanced.

[2020-05-08 17:41:04 #8 type] 
Type domain.Profile is not enhanced.

------------------------------------------------------------------------------------------------------------------------

[2020-05-08 18:25:19 #1 type] 
Type domain.Event is not enhanced.

[2020-05-08 18:25:19 #2 type] 
Type domain.Question is not enhanced.

[2020-05-08 18:25:19 #3 type] 
Type domain.Competition is not enhanced.

[2020-05-08 18:25:19 #4 type] 
Type domain.Prediction is not enhanced.

[2020-05-08 18:25:19 #5 type] 
Type domain.User is not enhanced.

[2020-05-08 18:25:19 #6 type] 
Type domain.CreditCard is not enhanced.

[2020-05-08 18:25:19 #7 type] 
Type domain.Bet is not enhanced.

[2020-05-08 18:25:19 #8 type] 
Type domain.Profile is not enhanced.

------------------------------------------------------------------------------------------------------------------------

[2020-05-08 20:31:46 #1 type] 
Type domain.Event is not enhanced.

[2020-05-08 20:31:46 #2 type] 
Type domain.Question is not enhanced.

[2020-05-08 20:31:46 #3 type] 
Type domain.Competition is not enhanced.

[2020-05-08 20:31:46 #4 type] 
Type domain.Prediction is not enhanced.

[2020-05-08 20:31:46 #5 type] 
Type domain.User is not enhanced.

[2020-05-08 20:31:46 #6 type] 
Type domain.CreditCard is not enhanced.

[2020-05-08 20:31:46 #7 type] 
Type domain.Bet is not enhanced.

[2020-05-08 20:31:46 #8 type] 
Type domain.Profile is not enhanced.

------------------------------------------------------------------------------------------------------------------------

[2020-05-08 20:39:42 #1 type] 
Type domain.Event is not enhanced.

[2020-05-08 20:39:42 #2 type] 
Type domain.Question is not enhanced.

[2020-05-08 20:39:42 #3 type] 
Type domain.Competition is not enhanced.

[2020-05-08 20:39:42 #4 type] 
Type domain.Prediction is not enhanced.

[2020-05-08 20:39:42 #5 type] 
Type domain.User is not enhanced.

[2020-05-08 20:39:42 #6 type] 
Type domain.CreditCard is not enhanced.

[2020-05-08 20:39:42 #7 type] 
Type domain.Bet is not enhanced.

[2020-05-08 20:39:42 #8 type] 
Type domain.Profile is not enhanced.

------------------------------------------------------------------------------------------------------------------------

[2020-05-08 21:03:38 #1 type] 
Type domain.Event is not enhanced.

[2020-05-08 21:03:38 #2 type] 
Type domain.Question is not enhanced.

[2020-05-08 21:03:38 #3 type] 
Type domain.Competition is not enhanced.

[2020-05-08 21:03:38 #4 type] 
Type domain.Prediction is not enhanced.

[2020-05-08 21:03:38 #5 type] 
Type domain.User is not enhanced.

[2020-05-08 21:03:38 #6 type] 
Type domain.CreditCard is not enhanced.

[2020-05-08 21:03:38 #7 type] 
Type domain.Bet is not enhanced.

[2020-05-08 21:03:38 #8 type] 
Type domain.Profile is not enhanced.

------------------------------------------------------------------------------------------------------------------------

[2020-05-08 21:09:16 #1 type] 
Type domain.Event is not enhanced.

[2020-05-08 21:09:16 #2 type] 
Type domain.Question is not enhanced.

[2020-05-08 21:09:16 #3 type] 
Type domain.Competition is not enhanced.

[2020-05-08 21:09:16 #4 type] 
Type domain.Prediction is not enhanced.

[2020-05-08 21:09:17 #5 type] 
Type domain.User is not enhanced.

[2020-05-08 21:09:17 #6 type] 
Type domain.CreditCard is not enhanced.

[2020-05-08 21:09:17 #7 type] 
Type domain.Bet is not enhanced.

[2020-05-08 21:09:17 #8 type] 
Type domain.Profile is not enhanced.

------------------------------------------------------------------------------------------------------------------------

[2020-05-08 21:48:56 #1 type] 
Type domain.Event is not enhanced.

[2020-05-08 21:48:56 #2 type] 
Type domain.Question is not enhanced.

[2020-05-08 21:48:56 #3 type] 
Type domain.Competition is not enhanced.

[2020-05-08 21:48:56 #4 type] 
Type domain.Prediction is not enhanced.

[2020-05-08 21:48:56 #5 type] 
Type domain.User is not enhanced.

[2020-05-08 21:48:56 #6 type] 
Type domain.CreditCard is not enhanced.

[2020-05-08 21:48:56 #7 type] 
Type domain.Bet is not enhanced.

[2020-05-08 21:48:56 #8 type] 
Type domain.Profile is not enhanced.

------------------------------------------------------------------------------------------------------------------------

[2020-05-08 21:55:21 #1 type] 
Type domain.Event is not enhanced.

[2020-05-08 21:55:21 #2 type] 
Type domain.Question is not enhanced.

[2020-05-08 21:55:21 #3 type] 
Type domain.Competition is not enhanced.

[2020-05-08 21:55:21 #4 type] 
Type domain.Prediction is not enhanced.

[2020-05-08 21:55:21 #5 type] 
Type domain.User is not enhanced.

[2020-05-08 21:55:21 #6 type] 
Type domain.CreditCard is not enhanced.

[2020-05-08 21:55:21 #7 type] 
Type domain.Bet is not enhanced.

[2020-05-08 21:55:21 #8 type] 
Type domain.Profile is not enhanced.

------------------------------------------------------------------------------------------------------------------------

[2020-05-08 21:56:05 #1 type] 
Type domain.Event is not enhanced.

[2020-05-08 21:56:05 #2 type] 
Type domain.Question is not enhanced.

[2020-05-08 21:56:05 #3 type] 
Type domain.Competition is not enhanced.

[2020-05-08 21:56:05 #4 type] 
Type domain.Prediction is not enhanced.

[2020-05-08 21:56:05 #5 type] 
Type domain.User is not enhanced.

[2020-05-08 21:56:05 #6 type] 
Type domain.CreditCard is not enhanced.

[2020-05-08 21:56:05 #7 type] 
Type domain.Bet is not enhanced.

[2020-05-08 21:56:05 #8 type] 
Type domain.Profile is not enhanced.

------------------------------------------------------------------------------------------------------------------------

[2020-05-08 21:56:59 #1 type] 
Type domain.Event is not enhanced.

[2020-05-08 21:56:59 #2 type] 
Type domain.Question is not enhanced.

[2020-05-08 21:56:59 #3 type] 
Type domain.Competition is not enhanced.

[2020-05-08 21:56:59 #4 type] 
Type domain.Prediction is not enhanced.

[2020-05-08 21:56:59 #5 type] 
Type domain.User is not enhanced.

[2020-05-08 21:56:59 #6 type] 
Type domain.CreditCard is not enhanced.

[2020-05-08 21:56:59 #7 type] 
Type domain.Bet is not enhanced.

[2020-05-08 21:56:59 #8 type] 
Type domain.Profile is not enhanced.

------------------------------------------------------------------------------------------------------------------------

[2020-05-08 21:57:59 #1 type] 
Type domain.Event is not enhanced.

[2020-05-08 21:57:59 #2 type] 
Type domain.Question is not enhanced.

[2020-05-08 21:57:59 #3 type] 
Type domain.Competition is not enhanced.

[2020-05-08 21:57:59 #4 type] 
Type domain.Prediction is not enhanced.

[2020-05-08 21:57:59 #5 type] 
Type domain.User is not enhanced.

[2020-05-08 21:57:59 #6 type] 
Type domain.CreditCard is not enhanced.

[2020-05-08 21:57:59 #7 type] 
Type domain.Bet is not enhanced.

[2020-05-08 21:57:59 #8 type] 
Type domain.Profile is not enhanced.

------------------------------------------------------------------------------------------------------------------------

[2020-05-08 22:07:40 #1 type] 
Type domain.Event is not enhanced.

[2020-05-08 22:07:40 #2 type] 
Type domain.Question is not enhanced.

[2020-05-08 22:07:40 #3 type] 
Type domain.Competition is not enhanced.

[2020-05-08 22:07:40 #4 type] 
Type domain.Prediction is not enhanced.

[2020-05-08 22:07:40 #5 type] 
Type domain.User is not enhanced.

[2020-05-08 22:07:40 #6 type] 
Type domain.CreditCard is not enhanced.

[2020-05-08 22:07:40 #7 type] 
Type domain.Bet is not enhanced.

[2020-05-08 22:07:40 #8 type] 
Type domain.Profile is not enhanced.

------------------------------------------------------------------------------------------------------------------------

[2020-05-08 22:10:39 #1 type] 
Type domain.Event is not enhanced.

[2020-05-08 22:10:39 #2 type] 
Type domain.Question is not enhanced.

[2020-05-08 22:10:39 #3 type] 
Type domain.Competition is not enhanced.

[2020-05-08 22:10:39 #4 type] 
Type domain.Prediction is not enhanced.

[2020-05-08 22:10:39 #5 type] 
Type domain.User is not enhanced.

[2020-05-08 22:10:39 #6 type] 
Type domain.CreditCard is not enhanced.

[2020-05-08 22:10:39 #7 type] 
Type domain.Bet is not enhanced.

[2020-05-08 22:10:39 #8 type] 
Type domain.Profile is not enhanced.

------------------------------------------------------------------------------------------------------------------------

[2020-05-08 23:01:18 #1 type] 
Type domain.Event is not enhanced.

[2020-05-08 23:01:18 #2 type] 
Type domain.Question is not enhanced.

[2020-05-08 23:01:18 #3 type] 
Type domain.Competition is not enhanced.

[2020-05-08 23:01:18 #4 type] 
Type domain.Prediction is not enhanced.

[2020-05-08 23:01:18 #5 type] 
Type domain.User is not enhanced.

[2020-05-08 23:01:18 #6 type] 
Type domain.CreditCard is not enhanced.

[2020-05-08 23:01:18 #7 type] 
Type domain.Bet is not enhanced.

[2020-05-08 23:01:18 #8 type] 
Type domain.Profile is not enhanced.

------------------------------------------------------------------------------------------------------------------------

[2020-05-08 23:28:07 #1 type] 
Type domain.Event is not enhanced.

[2020-05-08 23:28:07 #2 type] 
Type domain.Question is not enhanced.

[2020-05-08 23:28:07 #3 type] 
Type domain.Competition is not enhanced.

[2020-05-08 23:28:07 #4 type] 
Type domain.Prediction is not enhanced.

[2020-05-08 23:28:07 #5 type] 
Type domain.User is not enhanced.

[2020-05-08 23:28:07 #6 type] 
Type domain.CreditCard is not enhanced.

[2020-05-08 23:28:07 #7 type] 
Type domain.Bet is not enhanced.

[2020-05-08 23:28:07 #8 type] 
Type domain.Profile is not enhanced.

------------------------------------------------------------------------------------------------------------------------

[2020-05-08 23:29:13 #1 type] 
Type domain.Event is not enhanced.

[2020-05-08 23:29:13 #2 type] 
Type domain.Question is not enhanced.

[2020-05-08 23:29:13 #3 type] 
Type domain.Competition is not enhanced.

[2020-05-08 23:29:13 #4 type] 
Type domain.Prediction is not enhanced.

[2020-05-08 23:29:13 #5 type] 
Type domain.User is not enhanced.

[2020-05-08 23:29:13 #6 type] 
Type domain.CreditCard is not enhanced.

[2020-05-08 23:29:13 #7 type] 
Type domain.Bet is not enhanced.

[2020-05-08 23:29:13 #8 type] 
Type domain.Profile is not enhanced.

------------------------------------------------------------------------------------------------------------------------

[2020-05-08 23:35:35 #1 type] 
Type domain.Event is not enhanced.

[2020-05-08 23:35:35 #2 type] 
Type domain.Question is not enhanced.

[2020-05-08 23:35:35 #3 type] 
Type domain.Competition is not enhanced.

[2020-05-08 23:35:35 #4 type] 
Type domain.Prediction is not enhanced.

[2020-05-08 23:35:35 #5 type] 
Type domain.User is not enhanced.

[2020-05-08 23:35:35 #6 type] 
Type domain.CreditCard is not enhanced.

[2020-05-08 23:35:35 #7 type] 
Type domain.Bet is not enhanced.

[2020-05-08 23:35:35 #8 type] 
Type domain.Profile is not enhanced.

------------------------------------------------------------------------------------------------------------------------

[2020-05-08 23:39:31 #1 type] 
Type domain.Event is not enhanced.

[2020-05-08 23:39:31 #2 type] 
Type domain.Question is not enhanced.

[2020-05-08 23:39:31 #3 type] 
Type domain.Competition is not enhanced.

[2020-05-08 23:39:31 #4 type] 
Type domain.Prediction is not enhanced.

[2020-05-08 23:39:31 #5 type] 
Type domain.User is not enhanced.

[2020-05-08 23:39:31 #6 type] 
Type domain.CreditCard is not enhanced.

[2020-05-08 23:39:31 #7 type] 
Type domain.Bet is not enhanced.

[2020-05-08 23:39:31 #8 type] 
Type domain.Profile is not enhanced.

------------------------------------------------------------------------------------------------------------------------

[2020-05-08 23:44:14 #1 type] 
Type domain.Event is not enhanced.

[2020-05-08 23:44:14 #2 type] 
Type domain.Question is not enhanced.

[2020-05-08 23:44:14 #3 type] 
Type domain.Competition is not enhanced.

[2020-05-08 23:44:15 #4 type] 
Type domain.Prediction is not enhanced.

[2020-05-08 23:44:15 #5 type] 
Type domain.User is not enhanced.

[2020-05-08 23:44:15 #6 type] 
Type domain.CreditCard is not enhanced.

[2020-05-08 23:44:15 #7 type] 
Type domain.Bet is not enhanced.

[2020-05-08 23:44:15 #8 type] 
Type domain.Profile is not enhanced.

------------------------------------------------------------------------------------------------------------------------

[2020-05-08 23:45:53 #1 type] 
Type domain.Event is not enhanced.

[2020-05-08 23:45:53 #2 type] 
Type domain.Question is not enhanced.

[2020-05-08 23:45:53 #3 type] 
Type domain.Competition is not enhanced.

[2020-05-08 23:45:53 #4 type] 
Type domain.Prediction is not enhanced.

[2020-05-08 23:45:53 #5 type] 
Type domain.User is not enhanced.

[2020-05-08 23:45:53 #6 type] 
Type domain.CreditCard is not enhanced.

[2020-05-08 23:45:53 #7 type] 
Type domain.Bet is not enhanced.

[2020-05-08 23:45:53 #8 type] 
Type domain.Profile is not enhanced.

------------------------------------------------------------------------------------------------------------------------

[2020-05-08 23:48:17 #1 type] 
Type domain.Event is not enhanced.

[2020-05-08 23:48:17 #2 type] 
Type domain.Question is not enhanced.

[2020-05-08 23:48:17 #3 type] 
Type domain.Competition is not enhanced.

[2020-05-08 23:48:17 #4 type] 
Type domain.Prediction is not enhanced.

[2020-05-08 23:48:17 #5 type] 
Type domain.User is not enhanced.

[2020-05-08 23:48:17 #6 type] 
Type domain.CreditCard is not enhanced.

[2020-05-08 23:48:17 #7 type] 
Type domain.Bet is not enhanced.

[2020-05-08 23:48:17 #8 type] 
Type domain.Profile is not enhanced.

------------------------------------------------------------------------------------------------------------------------

[2020-05-08 23:52:58 #1 type] 
Type domain.Event is not enhanced.

[2020-05-08 23:52:58 #2 type] 
Type domain.Question is not enhanced.

[2020-05-08 23:52:58 #3 type] 
Type domain.Competition is not enhanced.

[2020-05-08 23:52:58 #4 type] 
Type domain.Prediction is not enhanced.

[2020-05-08 23:52:58 #5 type] 
Type domain.User is not enhanced.

[2020-05-08 23:52:58 #6 type] 
Type domain.CreditCard is not enhanced.

[2020-05-08 23:52:58 #7 type] 
Type domain.Bet is not enhanced.

[2020-05-08 23:52:58 #8 type] 
Type domain.Profile is not enhanced.

------------------------------------------------------------------------------------------------------------------------

[2020-05-08 23:54:18 #1 type] 
Type domain.Event is not enhanced.

[2020-05-08 23:54:18 #2 type] 
Type domain.Question is not enhanced.

[2020-05-08 23:54:18 #3 type] 
Type domain.Competition is not enhanced.

[2020-05-08 23:54:18 #4 type] 
Type domain.Prediction is not enhanced.

[2020-05-08 23:54:18 #5 type] 
Type domain.User is not enhanced.

[2020-05-08 23:54:18 #6 type] 
Type domain.CreditCard is not enhanced.

[2020-05-08 23:54:18 #7 type] 
Type domain.Bet is not enhanced.

[2020-05-08 23:54:18 #8 type] 
Type domain.Profile is not enhanced.

