------------------------------------------------------------------------------------------------------------------------

[2020-05-13 15:02:04 #1 type] 
Type domain.Event is not enhanced.

[2020-05-13 15:02:04 #2 type] 
Type domain.Question is not enhanced.

[2020-05-13 15:02:04 #3 type] 
Type domain.Competition is not enhanced.

[2020-05-13 15:02:04 #4 type] 
Type domain.Prediction is not enhanced.

[2020-05-13 15:02:05 #5 type] 
Type domain.User is not enhanced.

[2020-05-13 15:02:05 #6 type] 
Type domain.CreditCard is not enhanced.

[2020-05-13 15:02:05 #7 type] 
Type domain.Bet is not enhanced.

[2020-05-13 15:02:05 #8 type] 
Type domain.Profile is not enhanced.

[2020-05-13 15:02:48 #9 type] 
Type domain.FeedbackRecord is not enhanced.

[2020-05-13 15:02:48 #10 type] 
Type domain.Feedback is not enhanced.

------------------------------------------------------------------------------------------------------------------------

[2020-05-13 15:09:29 #1 type] 
Type domain.Event is not enhanced.

[2020-05-13 15:09:29 #2 type] 
Type domain.Question is not enhanced.

[2020-05-13 15:09:29 #3 type] 
Type domain.Competition is not enhanced.

[2020-05-13 15:09:29 #4 type] 
Type domain.Prediction is not enhanced.

[2020-05-13 15:09:29 #5 type] 
Type domain.User is not enhanced.

[2020-05-13 15:09:29 #6 type] 
Type domain.CreditCard is not enhanced.

[2020-05-13 15:09:29 #7 type] 
Type domain.Bet is not enhanced.

[2020-05-13 15:09:29 #8 type] 
Type domain.Profile is not enhanced.

[2020-05-13 15:09:37 #9 type] 
Type domain.FeedbackRecord is not enhanced.

[2020-05-13 15:09:37 #10 type] 
Type domain.Feedback is not enhanced.

------------------------------------------------------------------------------------------------------------------------

[2020-05-13 15:10:24 #1 type] 
Type domain.Event is not enhanced.

[2020-05-13 15:10:24 #2 type] 
Type domain.Question is not enhanced.

[2020-05-13 15:10:24 #3 type] 
Type domain.Competition is not enhanced.

[2020-05-13 15:10:24 #4 type] 
Type domain.Prediction is not enhanced.

[2020-05-13 15:10:24 #5 type] 
Type domain.User is not enhanced.

[2020-05-13 15:10:24 #6 type] 
Type domain.CreditCard is not enhanced.

[2020-05-13 15:10:24 #7 type] 
Type domain.Bet is not enhanced.

[2020-05-13 15:10:24 #8 type] 
Type domain.Profile is not enhanced.

[2020-05-13 15:10:31 #9 type] 
Type domain.FeedbackRecord is not enhanced.

[2020-05-13 15:10:31 #10 type] 
Type domain.Feedback is not enhanced.

------------------------------------------------------------------------------------------------------------------------

[2020-05-13 15:20:26 #1 type] 
Type domain.Event is not enhanced.

[2020-05-13 15:20:26 #2 type] 
Type domain.Question is not enhanced.

[2020-05-13 15:20:26 #3 type] 
Type domain.Competition is not enhanced.

[2020-05-13 15:20:26 #4 type] 
Type domain.Prediction is not enhanced.

[2020-05-13 15:20:26 #5 type] 
Type domain.User is not enhanced.

[2020-05-13 15:20:26 #6 type] 
Type domain.CreditCard is not enhanced.

[2020-05-13 15:20:26 #7 type] 
Type domain.Bet is not enhanced.

[2020-05-13 15:20:26 #8 type] 
Type domain.Profile is not enhanced.

------------------------------------------------------------------------------------------------------------------------

[2020-05-13 15:21:27 #1 type] 
Type domain.Event is not enhanced.

[2020-05-13 15:21:27 #2 type] 
Type domain.Question is not enhanced.

[2020-05-13 15:21:27 #3 type] 
Type domain.Competition is not enhanced.

[2020-05-13 15:21:27 #4 type] 
Type domain.Prediction is not enhanced.

[2020-05-13 15:21:27 #5 type] 
Type domain.User is not enhanced.

[2020-05-13 15:21:27 #6 type] 
Type domain.CreditCard is not enhanced.

[2020-05-13 15:21:27 #7 type] 
Type domain.Bet is not enhanced.

[2020-05-13 15:21:27 #8 type] 
Type domain.Profile is not enhanced.

[2020-05-13 15:21:35 #9 type] 
Type domain.FeedbackRecord is not enhanced.

[2020-05-13 15:21:35 #10 type] 
Type domain.Feedback is not enhanced.

------------------------------------------------------------------------------------------------------------------------

[2020-05-13 15:22:25 #1 type] 
Type domain.Event is not enhanced.

[2020-05-13 15:22:25 #2 type] 
Type domain.Question is not enhanced.

[2020-05-13 15:22:25 #3 type] 
Type domain.Competition is not enhanced.

[2020-05-13 15:22:25 #4 type] 
Type domain.Prediction is not enhanced.

[2020-05-13 15:22:26 #5 type] 
Type domain.User is not enhanced.

[2020-05-13 15:22:26 #6 type] 
Type domain.CreditCard is not enhanced.

[2020-05-13 15:22:26 #7 type] 
Type domain.Bet is not enhanced.

[2020-05-13 15:22:26 #8 type] 
Type domain.Profile is not enhanced.

[2020-05-13 15:22:34 #9 type] 
Type domain.FeedbackRecord is not enhanced.

[2020-05-13 15:22:34 #10 type] 
Type domain.Feedback is not enhanced.

------------------------------------------------------------------------------------------------------------------------

[2020-05-13 15:31:16 #1 type] 
Type domain.Event is not enhanced.

[2020-05-13 15:31:16 #2 type] 
Type domain.Question is not enhanced.

[2020-05-13 15:31:16 #3 type] 
Type domain.Competition is not enhanced.

[2020-05-13 15:31:16 #4 type] 
Type domain.Prediction is not enhanced.

[2020-05-13 15:31:16 #5 type] 
Type domain.User is not enhanced.

[2020-05-13 15:31:16 #6 type] 
Type domain.CreditCard is not enhanced.

[2020-05-13 15:31:16 #7 type] 
Type domain.Bet is not enhanced.

[2020-05-13 15:31:16 #8 type] 
Type domain.Profile is not enhanced.

------------------------------------------------------------------------------------------------------------------------

[2020-05-13 15:35:32 #1 type] 
Type domain.Event is not enhanced.

[2020-05-13 15:35:32 #2 type] 
Type domain.Question is not enhanced.

[2020-05-13 15:35:32 #3 type] 
Type domain.Competition is not enhanced.

[2020-05-13 15:35:32 #4 type] 
Type domain.Prediction is not enhanced.

[2020-05-13 15:35:32 #5 type] 
Type domain.User is not enhanced.

[2020-05-13 15:35:32 #6 type] 
Type domain.CreditCard is not enhanced.

[2020-05-13 15:35:32 #7 type] 
Type domain.Bet is not enhanced.

[2020-05-13 15:35:32 #8 type] 
Type domain.Profile is not enhanced.

------------------------------------------------------------------------------------------------------------------------

[2020-05-13 15:36:39 #1 type] 
Type domain.Event is not enhanced.

[2020-05-13 15:36:39 #2 type] 
Type domain.Question is not enhanced.

[2020-05-13 15:36:39 #3 type] 
Type domain.Competition is not enhanced.

[2020-05-13 15:36:39 #4 type] 
Type domain.Prediction is not enhanced.

[2020-05-13 15:36:39 #5 type] 
Type domain.User is not enhanced.

[2020-05-13 15:36:39 #6 type] 
Type domain.CreditCard is not enhanced.

[2020-05-13 15:36:39 #7 type] 
Type domain.Bet is not enhanced.

[2020-05-13 15:36:39 #8 type] 
Type domain.Profile is not enhanced.

------------------------------------------------------------------------------------------------------------------------

[2020-05-13 15:37:05 #1 type] 
Type domain.Event is not enhanced.

[2020-05-13 15:37:05 #2 type] 
Type domain.Question is not enhanced.

[2020-05-13 15:37:05 #3 type] 
Type domain.Competition is not enhanced.

[2020-05-13 15:37:05 #4 type] 
Type domain.Prediction is not enhanced.

[2020-05-13 15:37:05 #5 type] 
Type domain.User is not enhanced.

[2020-05-13 15:37:05 #6 type] 
Type domain.CreditCard is not enhanced.

[2020-05-13 15:37:05 #7 type] 
Type domain.Bet is not enhanced.

[2020-05-13 15:37:05 #8 type] 
Type domain.Profile is not enhanced.

[2020-05-13 15:37:12 #9 type] 
Type domain.FeedbackRecord is not enhanced.

[2020-05-13 15:37:12 #10 type] 
Type domain.Feedback is not enhanced.

------------------------------------------------------------------------------------------------------------------------

[2020-05-13 16:25:53 #1 type] 
Type domain.Event is not enhanced.

[2020-05-13 16:25:53 #2 type] 
Type domain.Question is not enhanced.

[2020-05-13 16:25:53 #3 type] 
Type domain.Competition is not enhanced.

[2020-05-13 16:25:53 #4 type] 
Type domain.Prediction is not enhanced.

[2020-05-13 16:25:53 #5 type] 
Type domain.User is not enhanced.

[2020-05-13 16:25:53 #6 type] 
Type domain.CreditCard is not enhanced.

[2020-05-13 16:25:53 #7 type] 
Type domain.Bet is not enhanced.

[2020-05-13 16:25:53 #8 type] 
Type domain.Profile is not enhanced.

[2020-05-13 16:26:01 #9 type] 
Type domain.FeedbackRecord is not enhanced.

[2020-05-13 16:26:01 #10 type] 
Type domain.Feedback is not enhanced.

------------------------------------------------------------------------------------------------------------------------

[2020-05-13 16:28:18 #1 type] 
Type domain.Event is not enhanced.

[2020-05-13 16:28:18 #2 type] 
Type domain.Question is not enhanced.

[2020-05-13 16:28:18 #3 type] 
Type domain.Competition is not enhanced.

[2020-05-13 16:28:18 #4 type] 
Type domain.Prediction is not enhanced.

[2020-05-13 16:28:18 #5 type] 
Type domain.User is not enhanced.

[2020-05-13 16:28:18 #6 type] 
Type domain.CreditCard is not enhanced.

[2020-05-13 16:28:18 #7 type] 
Type domain.Bet is not enhanced.

[2020-05-13 16:28:18 #8 type] 
Type domain.Profile is not enhanced.

------------------------------------------------------------------------------------------------------------------------

[2020-05-13 16:28:44 #1 type] 
Type domain.Event is not enhanced.

[2020-05-13 16:28:44 #2 type] 
Type domain.Question is not enhanced.

[2020-05-13 16:28:44 #3 type] 
Type domain.Competition is not enhanced.

[2020-05-13 16:28:44 #4 type] 
Type domain.Prediction is not enhanced.

[2020-05-13 16:28:44 #5 type] 
Type domain.User is not enhanced.

[2020-05-13 16:28:45 #6 type] 
Type domain.CreditCard is not enhanced.

[2020-05-13 16:28:45 #7 type] 
Type domain.Bet is not enhanced.

[2020-05-13 16:28:45 #8 type] 
Type domain.Profile is not enhanced.

------------------------------------------------------------------------------------------------------------------------

[2020-05-13 16:30:42 #1 type] 
Type domain.Event is not enhanced.

[2020-05-13 16:30:42 #2 type] 
Type domain.Question is not enhanced.

[2020-05-13 16:30:42 #3 type] 
Type domain.Competition is not enhanced.

[2020-05-13 16:30:42 #4 type] 
Type domain.Prediction is not enhanced.

[2020-05-13 16:30:42 #5 type] 
Type domain.User is not enhanced.

[2020-05-13 16:30:42 #6 type] 
Type domain.CreditCard is not enhanced.

[2020-05-13 16:30:42 #7 type] 
Type domain.Bet is not enhanced.

[2020-05-13 16:30:42 #8 type] 
Type domain.Profile is not enhanced.

------------------------------------------------------------------------------------------------------------------------

[2020-05-13 16:31:19 #1 type] 
Type domain.Event is not enhanced.

[2020-05-13 16:31:19 #2 type] 
Type domain.Question is not enhanced.

[2020-05-13 16:31:19 #3 type] 
Type domain.Competition is not enhanced.

[2020-05-13 16:31:19 #4 type] 
Type domain.Prediction is not enhanced.

[2020-05-13 16:31:19 #5 type] 
Type domain.User is not enhanced.

[2020-05-13 16:31:19 #6 type] 
Type domain.CreditCard is not enhanced.

[2020-05-13 16:31:19 #7 type] 
Type domain.Bet is not enhanced.

[2020-05-13 16:31:19 #8 type] 
Type domain.Profile is not enhanced.

[2020-05-13 16:31:25 #9 type] 
Type domain.FeedbackRecord is not enhanced.

[2020-05-13 16:31:25 #10 type] 
Type domain.Feedback is not enhanced.

------------------------------------------------------------------------------------------------------------------------

[2020-05-13 16:33:21 #1 type] 
Type domain.Event is not enhanced.

[2020-05-13 16:33:21 #2 type] 
Type domain.Question is not enhanced.

[2020-05-13 16:33:21 #3 type] 
Type domain.Competition is not enhanced.

[2020-05-13 16:33:21 #4 type] 
Type domain.Prediction is not enhanced.

[2020-05-13 16:33:21 #5 type] 
Type domain.User is not enhanced.

[2020-05-13 16:33:21 #6 type] 
Type domain.CreditCard is not enhanced.

[2020-05-13 16:33:21 #7 type] 
Type domain.Bet is not enhanced.

[2020-05-13 16:33:21 #8 type] 
Type domain.Profile is not enhanced.

[2020-05-13 16:33:28 #9 type] 
Type domain.FeedbackRecord is not enhanced.

[2020-05-13 16:33:28 #10 type] 
Type domain.Feedback is not enhanced.

------------------------------------------------------------------------------------------------------------------------

[2020-05-13 16:38:25 #1 type] 
Type domain.Event is not enhanced.

[2020-05-13 16:38:25 #2 type] 
Type domain.Question is not enhanced.

[2020-05-13 16:38:25 #3 type] 
Type domain.Competition is not enhanced.

[2020-05-13 16:38:25 #4 type] 
Type domain.Prediction is not enhanced.

[2020-05-13 16:38:25 #5 type] 
Type domain.User is not enhanced.

[2020-05-13 16:38:25 #6 type] 
Type domain.CreditCard is not enhanced.

[2020-05-13 16:38:25 #7 type] 
Type domain.Bet is not enhanced.

[2020-05-13 16:38:25 #8 type] 
Type domain.Profile is not enhanced.

[2020-05-13 16:38:36 #9 type] 
Type domain.FeedbackRecord is not enhanced.

[2020-05-13 16:38:36 #10 type] 
Type domain.Feedback is not enhanced.

------------------------------------------------------------------------------------------------------------------------

[2020-05-13 16:43:57 #1 type] 
Type domain.Event is not enhanced.

[2020-05-13 16:43:57 #2 type] 
Type domain.Question is not enhanced.

[2020-05-13 16:43:57 #3 type] 
Type domain.Competition is not enhanced.

[2020-05-13 16:43:57 #4 type] 
Type domain.Prediction is not enhanced.

[2020-05-13 16:43:57 #5 type] 
Type domain.User is not enhanced.

[2020-05-13 16:43:57 #6 type] 
Type domain.CreditCard is not enhanced.

[2020-05-13 16:43:57 #7 type] 
Type domain.Bet is not enhanced.

[2020-05-13 16:43:57 #8 type] 
Type domain.Profile is not enhanced.

[2020-05-13 16:44:08 #9 type] 
Type domain.FeedbackRecord is not enhanced.

[2020-05-13 16:44:08 #10 type] 
Type domain.Feedback is not enhanced.

------------------------------------------------------------------------------------------------------------------------

[2020-05-13 16:49:51 #1 type] 
Type domain.Event is not enhanced.

[2020-05-13 16:49:51 #2 type] 
Type domain.Question is not enhanced.

[2020-05-13 16:49:51 #3 type] 
Type domain.Competition is not enhanced.

[2020-05-13 16:49:51 #4 type] 
Type domain.Prediction is not enhanced.

[2020-05-13 16:49:51 #5 type] 
Type domain.User is not enhanced.

[2020-05-13 16:49:51 #6 type] 
Type domain.CreditCard is not enhanced.

[2020-05-13 16:49:51 #7 type] 
Type domain.Bet is not enhanced.

[2020-05-13 16:49:51 #8 type] 
Type domain.Profile is not enhanced.

[2020-05-13 16:49:58 #9 type] 
Type domain.FeedbackRecord is not enhanced.

[2020-05-13 16:49:58 #10 type] 
Type domain.Feedback is not enhanced.

------------------------------------------------------------------------------------------------------------------------

[2020-05-13 16:51:21 #1 type] 
Type domain.Event is not enhanced.

[2020-05-13 16:51:21 #2 type] 
Type domain.Question is not enhanced.

[2020-05-13 16:51:21 #3 type] 
Type domain.Competition is not enhanced.

[2020-05-13 16:51:21 #4 type] 
Type domain.Prediction is not enhanced.

[2020-05-13 16:51:21 #5 type] 
Type domain.User is not enhanced.

[2020-05-13 16:51:21 #6 type] 
Type domain.CreditCard is not enhanced.

[2020-05-13 16:51:21 #7 type] 
Type domain.Bet is not enhanced.

[2020-05-13 16:51:21 #8 type] 
Type domain.Profile is not enhanced.

[2020-05-13 16:51:32 #9 type] 
Type domain.FeedbackRecord is not enhanced.

[2020-05-13 16:51:32 #10 type] 
Type domain.Feedback is not enhanced.

------------------------------------------------------------------------------------------------------------------------

[2020-05-13 16:53:49 #1 type] 
Type domain.Event is not enhanced.

[2020-05-13 16:53:49 #2 type] 
Type domain.Question is not enhanced.

[2020-05-13 16:53:49 #3 type] 
Type domain.Competition is not enhanced.

[2020-05-13 16:53:49 #4 type] 
Type domain.Prediction is not enhanced.

[2020-05-13 16:53:49 #5 type] 
Type domain.User is not enhanced.

[2020-05-13 16:53:49 #6 type] 
Type domain.CreditCard is not enhanced.

[2020-05-13 16:53:49 #7 type] 
Type domain.Bet is not enhanced.

[2020-05-13 16:53:49 #8 type] 
Type domain.Profile is not enhanced.

[2020-05-13 16:54:07 #9 type] 
Type domain.FeedbackRecord is not enhanced.

[2020-05-13 16:54:07 #10 type] 
Type domain.Feedback is not enhanced.

------------------------------------------------------------------------------------------------------------------------

[2020-05-13 16:55:41 #1 type] 
Type domain.Event is not enhanced.

[2020-05-13 16:55:41 #2 type] 
Type domain.Question is not enhanced.

[2020-05-13 16:55:41 #3 type] 
Type domain.Competition is not enhanced.

[2020-05-13 16:55:41 #4 type] 
Type domain.Prediction is not enhanced.

[2020-05-13 16:55:41 #5 type] 
Type domain.User is not enhanced.

[2020-05-13 16:55:41 #6 type] 
Type domain.CreditCard is not enhanced.

[2020-05-13 16:55:41 #7 type] 
Type domain.Bet is not enhanced.

[2020-05-13 16:55:41 #8 type] 
Type domain.Profile is not enhanced.

------------------------------------------------------------------------------------------------------------------------

[2020-05-13 16:56:23 #1 type] 
Type domain.Event is not enhanced.

[2020-05-13 16:56:23 #2 type] 
Type domain.Question is not enhanced.

[2020-05-13 16:56:23 #3 type] 
Type domain.Competition is not enhanced.

[2020-05-13 16:56:23 #4 type] 
Type domain.Prediction is not enhanced.

[2020-05-13 16:56:23 #5 type] 
Type domain.User is not enhanced.

[2020-05-13 16:56:23 #6 type] 
Type domain.CreditCard is not enhanced.

[2020-05-13 16:56:23 #7 type] 
Type domain.Bet is not enhanced.

[2020-05-13 16:56:23 #8 type] 
Type domain.Profile is not enhanced.

[2020-05-13 16:56:32 #9 type] 
Type domain.FeedbackRecord is not enhanced.

[2020-05-13 16:56:32 #10 type] 
Type domain.Feedback is not enhanced.

------------------------------------------------------------------------------------------------------------------------

[2020-05-13 17:24:52 #1 type] 
Type domain.Event is not enhanced.

[2020-05-13 17:24:52 #2 type] 
Type domain.Question is not enhanced.

[2020-05-13 17:24:52 #3 type] 
Type domain.Competition is not enhanced.

[2020-05-13 17:24:52 #4 type] 
Type domain.Prediction is not enhanced.

[2020-05-13 17:24:52 #5 type] 
Type domain.User is not enhanced.

[2020-05-13 17:24:52 #6 type] 
Type domain.CreditCard is not enhanced.

[2020-05-13 17:24:52 #7 type] 
Type domain.Bet is not enhanced.

[2020-05-13 17:24:52 #8 type] 
Type domain.Profile is not enhanced.

[2020-05-13 17:24:58 #9 type] 
Type domain.FeedbackRecord is not enhanced.

[2020-05-13 17:24:58 #10 type] 
Type domain.Feedback is not enhanced.

------------------------------------------------------------------------------------------------------------------------

[2020-05-13 17:25:37 #1 type] 
Type domain.Event is not enhanced.

[2020-05-13 17:25:37 #2 type] 
Type domain.Question is not enhanced.

[2020-05-13 17:25:37 #3 type] 
Type domain.Competition is not enhanced.

[2020-05-13 17:25:37 #4 type] 
Type domain.Prediction is not enhanced.

[2020-05-13 17:25:37 #5 type] 
Type domain.User is not enhanced.

[2020-05-13 17:25:37 #6 type] 
Type domain.CreditCard is not enhanced.

[2020-05-13 17:25:37 #7 type] 
Type domain.Bet is not enhanced.

[2020-05-13 17:25:37 #8 type] 
Type domain.Profile is not enhanced.

[2020-05-13 17:25:43 #9 type] 
Type domain.FeedbackRecord is not enhanced.

[2020-05-13 17:25:43 #10 type] 
Type domain.Feedback is not enhanced.

------------------------------------------------------------------------------------------------------------------------

[2020-05-13 21:55:28 #1 type] 
Type domain.Event is not enhanced.

[2020-05-13 21:55:28 #2 type] 
Type domain.Question is not enhanced.

[2020-05-13 21:55:28 #3 type] 
Type domain.Competition is not enhanced.

[2020-05-13 21:55:28 #4 type] 
Type domain.Prediction is not enhanced.

[2020-05-13 21:55:28 #5 type] 
Type domain.User is not enhanced.

[2020-05-13 21:55:28 #6 type] 
Type domain.CreditCard is not enhanced.

[2020-05-13 21:55:28 #7 type] 
Type domain.Bet is not enhanced.

[2020-05-13 21:55:28 #8 type] 
Type domain.Profile is not enhanced.

[2020-05-13 21:55:35 #9 type] 
Type domain.FeedbackRecord is not enhanced.

[2020-05-13 21:55:35 #10 type] 
Type domain.Feedback is not enhanced.

