------------------------------------------------------------------------------------------------------------------------

[2020-04-14 22:22:28 #1 store] 
Database 'C:\Users\Usuario\git\Sprint_2\Sprint_2\resources\bets.temp' is opened by 19248@DESKTOP-00OS7EM

[2020-04-14 22:22:28 #2 store] 
Configuration path: ?

[2020-04-14 22:22:28 #3 type] 
Type domain.Event is not enhanced.

[2020-04-14 22:22:29 #4 type] 
Type domain.Question is not enhanced.

[2020-04-14 22:22:29 #5 type] 
Type domain.Competition is not enhanced.

[2020-04-14 22:22:29 #6 type] 
Type domain.Prediction is not enhanced.

[2020-04-14 22:22:29 #7 type] 
Type domain.User is not enhanced.

[2020-04-14 22:22:29 #8 type] 
Type domain.Bet is not enhanced.

[2020-04-14 22:22:29 #9 type] 
Type domain.Profile is not enhanced.

[2020-04-14 22:22:36 #10 type] 
Type domain.Feedback is not enhanced.

------------------------------------------------------------------------------------------------------------------------

[2020-04-14 22:26:39 #1 store] 
Database 'C:\Users\Usuario\git\Sprint_2\Sprint_2\resources\bets.temp' is opened by 13984@DESKTOP-00OS7EM

[2020-04-14 22:26:39 #2 store] 
Configuration path: ?

[2020-04-14 22:26:39 #3 type] 
Type domain.Event is not enhanced.

[2020-04-14 22:26:39 #4 type] 
Type domain.Question is not enhanced.

[2020-04-14 22:26:39 #5 type] 
Type domain.Competition is not enhanced.

[2020-04-14 22:26:39 #6 type] 
Type domain.Prediction is not enhanced.

[2020-04-14 22:26:39 #7 type] 
Type domain.User is not enhanced.

[2020-04-14 22:26:39 #8 type] 
Type domain.Bet is not enhanced.

[2020-04-14 22:26:39 #9 type] 
Type domain.Profile is not enhanced.

[2020-04-14 22:26:45 #10 type] 
Type domain.Feedback is not enhanced.

------------------------------------------------------------------------------------------------------------------------

[2020-04-14 22:28:30 #1 store] 
Database 'C:\Users\Usuario\git\Sprint_2\Sprint_2\resources\bets.temp' is opened by 22424@DESKTOP-00OS7EM

[2020-04-14 22:28:30 #2 store] 
Configuration path: ?

[2020-04-14 22:28:30 #3 type] 
Type domain.Event is not enhanced.

[2020-04-14 22:28:30 #4 type] 
Type domain.Question is not enhanced.

[2020-04-14 22:28:30 #5 type] 
Type domain.Competition is not enhanced.

[2020-04-14 22:28:30 #6 type] 
Type domain.Prediction is not enhanced.

[2020-04-14 22:28:30 #7 type] 
Type domain.User is not enhanced.

[2020-04-14 22:28:30 #8 type] 
Type domain.Bet is not enhanced.

[2020-04-14 22:28:30 #9 type] 
Type domain.Profile is not enhanced.

[2020-04-14 22:28:34 #10 type] 
Type domain.Feedback is not enhanced.

------------------------------------------------------------------------------------------------------------------------

[2020-04-14 22:28:45 #1 store] 
Database 'C:\Users\Usuario\git\Sprint_2\Sprint_2\resources\bets.temp' is opened by 20124@DESKTOP-00OS7EM

[2020-04-14 22:28:45 #2 store] 
Configuration path: ?

[2020-04-14 22:28:45 #3 type] 
Type domain.Event is not enhanced.

[2020-04-14 22:28:45 #4 type] 
Type domain.Question is not enhanced.

[2020-04-14 22:28:45 #5 type] 
Type domain.Competition is not enhanced.

[2020-04-14 22:28:45 #6 type] 
Type domain.Prediction is not enhanced.

[2020-04-14 22:28:45 #7 type] 
Type domain.User is not enhanced.

[2020-04-14 22:28:45 #8 type] 
Type domain.Bet is not enhanced.

[2020-04-14 22:28:45 #9 type] 
Type domain.Profile is not enhanced.

[2020-04-14 22:28:49 #10 type] 
Type domain.Feedback is not enhanced.

------------------------------------------------------------------------------------------------------------------------

[2020-04-14 22:29:32 #1 store] 
Database 'C:\Users\Usuario\git\Sprint_2\Sprint_2\resources\bets.temp' is opened by 5224@DESKTOP-00OS7EM

[2020-04-14 22:29:32 #2 store] 
Configuration path: ?

[2020-04-14 22:29:32 #3 type] 
Type domain.Event is not enhanced.

[2020-04-14 22:29:32 #4 type] 
Type domain.Question is not enhanced.

[2020-04-14 22:29:32 #5 type] 
Type domain.Competition is not enhanced.

[2020-04-14 22:29:32 #6 type] 
Type domain.Prediction is not enhanced.

[2020-04-14 22:29:32 #7 type] 
Type domain.User is not enhanced.

[2020-04-14 22:29:32 #8 type] 
Type domain.Bet is not enhanced.

[2020-04-14 22:29:32 #9 type] 
Type domain.Profile is not enhanced.

[2020-04-14 22:29:36 #10 type] 
Type domain.Feedback is not enhanced.

------------------------------------------------------------------------------------------------------------------------

[2020-04-14 22:33:29 #1 store] 
Database 'C:\Users\Usuario\git\Sprint_2\Sprint_2\resources\bets.temp' is opened by 15180@DESKTOP-00OS7EM

[2020-04-14 22:33:29 #2 store] 
Configuration path: ?

[2020-04-14 22:33:29 #3 type] 
Type domain.Event is not enhanced.

[2020-04-14 22:33:29 #4 type] 
Type domain.Question is not enhanced.

[2020-04-14 22:33:29 #5 type] 
Type domain.Competition is not enhanced.

[2020-04-14 22:33:29 #6 type] 
Type domain.Prediction is not enhanced.

[2020-04-14 22:33:29 #7 type] 
Type domain.User is not enhanced.

[2020-04-14 22:33:29 #8 type] 
Type domain.Bet is not enhanced.

[2020-04-14 22:33:29 #9 type] 
Type domain.Profile is not enhanced.

[2020-04-14 22:33:32 #10 type] 
Type domain.Feedback is not enhanced.

------------------------------------------------------------------------------------------------------------------------

[2020-04-14 22:34:00 #1 store] 
Database 'C:\Users\Usuario\git\Sprint_2\Sprint_2\resources\bets.temp' is opened by 18172@DESKTOP-00OS7EM

[2020-04-14 22:34:00 #2 store] 
Configuration path: ?

[2020-04-14 22:34:00 #3 type] 
Type domain.Event is not enhanced.

[2020-04-14 22:34:00 #4 type] 
Type domain.Question is not enhanced.

[2020-04-14 22:34:00 #5 type] 
Type domain.Competition is not enhanced.

[2020-04-14 22:34:00 #6 type] 
Type domain.Prediction is not enhanced.

[2020-04-14 22:34:00 #7 type] 
Type domain.User is not enhanced.

[2020-04-14 22:34:00 #8 type] 
Type domain.Bet is not enhanced.

[2020-04-14 22:34:00 #9 type] 
Type domain.Profile is not enhanced.

[2020-04-14 22:34:04 #10 type] 
Type domain.Feedback is not enhanced.

------------------------------------------------------------------------------------------------------------------------

[2020-04-14 22:34:27 #1 store] 
Database 'C:\Users\Usuario\git\Sprint_2\Sprint_2\resources\bets.temp' is opened by 1036@DESKTOP-00OS7EM

[2020-04-14 22:34:27 #2 store] 
Configuration path: ?

[2020-04-14 22:34:27 #3 type] 
Type domain.Event is not enhanced.

[2020-04-14 22:34:27 #4 type] 
Type domain.Question is not enhanced.

[2020-04-14 22:34:27 #5 type] 
Type domain.Competition is not enhanced.

[2020-04-14 22:34:27 #6 type] 
Type domain.Prediction is not enhanced.

[2020-04-14 22:34:27 #7 type] 
Type domain.User is not enhanced.

[2020-04-14 22:34:27 #8 type] 
Type domain.Bet is not enhanced.

[2020-04-14 22:34:27 #9 type] 
Type domain.Profile is not enhanced.

[2020-04-14 22:34:32 #10 type] 
Type domain.Feedback is not enhanced.

------------------------------------------------------------------------------------------------------------------------

[2020-04-14 22:38:34 #1 store] 
Database 'C:\Users\Usuario\git\Sprint_2\Sprint_2\resources\bets.temp' is opened by 22968@DESKTOP-00OS7EM

[2020-04-14 22:38:34 #2 store] 
Configuration path: ?

[2020-04-14 22:38:34 #3 type] 
Type domain.Event is not enhanced.

[2020-04-14 22:38:34 #4 type] 
Type domain.Question is not enhanced.

[2020-04-14 22:38:34 #5 type] 
Type domain.Competition is not enhanced.

[2020-04-14 22:38:34 #6 type] 
Type domain.Prediction is not enhanced.

[2020-04-14 22:38:34 #7 type] 
Type domain.User is not enhanced.

[2020-04-14 22:38:34 #8 type] 
Type domain.Bet is not enhanced.

[2020-04-14 22:38:34 #9 type] 
Type domain.Profile is not enhanced.

------------------------------------------------------------------------------------------------------------------------

[2020-04-14 22:38:43 #1 store] 
Database 'C:\Users\Usuario\git\Sprint_2\Sprint_2\resources\bets.temp' is opened by 22548@DESKTOP-00OS7EM

[2020-04-14 22:38:43 #2 store] 
Configuration path: ?

[2020-04-14 22:38:43 #3 type] 
Type domain.Event is not enhanced.

[2020-04-14 22:38:43 #4 type] 
Type domain.Question is not enhanced.

[2020-04-14 22:38:43 #5 type] 
Type domain.Competition is not enhanced.

[2020-04-14 22:38:43 #6 type] 
Type domain.Prediction is not enhanced.

[2020-04-14 22:38:43 #7 type] 
Type domain.User is not enhanced.

[2020-04-14 22:38:43 #8 type] 
Type domain.Bet is not enhanced.

[2020-04-14 22:38:43 #9 type] 
Type domain.Profile is not enhanced.

------------------------------------------------------------------------------------------------------------------------

[2020-04-14 22:38:56 #1 store] 
Database 'C:\Users\Usuario\git\Sprint_2\Sprint_2\resources\bets.temp' is opened by 17984@DESKTOP-00OS7EM

[2020-04-14 22:38:56 #2 store] 
Configuration path: ?

[2020-04-14 22:38:56 #3 type] 
Type domain.Event is not enhanced.

[2020-04-14 22:38:56 #4 type] 
Type domain.Question is not enhanced.

[2020-04-14 22:38:56 #5 type] 
Type domain.Competition is not enhanced.

[2020-04-14 22:38:56 #6 type] 
Type domain.Prediction is not enhanced.

[2020-04-14 22:38:56 #7 type] 
Type domain.User is not enhanced.

[2020-04-14 22:38:56 #8 type] 
Type domain.Bet is not enhanced.

[2020-04-14 22:38:56 #9 type] 
Type domain.Profile is not enhanced.

[2020-04-14 22:38:59 #10 type] 
Type domain.Feedback is not enhanced.

------------------------------------------------------------------------------------------------------------------------

[2020-04-14 22:39:18 #1 store] 
Database 'C:\Users\Usuario\git\Sprint_2\Sprint_2\resources\bets.temp' is opened by 8164@DESKTOP-00OS7EM

[2020-04-14 22:39:18 #2 store] 
Configuration path: ?

[2020-04-14 22:39:18 #3 type] 
Type domain.Event is not enhanced.

[2020-04-14 22:39:18 #4 type] 
Type domain.Question is not enhanced.

[2020-04-14 22:39:18 #5 type] 
Type domain.Competition is not enhanced.

[2020-04-14 22:39:18 #6 type] 
Type domain.Prediction is not enhanced.

[2020-04-14 22:39:18 #7 type] 
Type domain.User is not enhanced.

[2020-04-14 22:39:18 #8 type] 
Type domain.Bet is not enhanced.

[2020-04-14 22:39:18 #9 type] 
Type domain.Profile is not enhanced.

[2020-04-14 22:39:22 #10 type] 
Type domain.Feedback is not enhanced.

------------------------------------------------------------------------------------------------------------------------

[2020-04-14 22:44:09 #1 store] 
Database 'C:\Users\Usuario\git\Sprint_2\Sprint_2\resources\bets.temp' is opened by 20904@DESKTOP-00OS7EM

[2020-04-14 22:44:09 #2 store] 
Configuration path: ?

[2020-04-14 22:44:09 #3 type] 
Type domain.Event is not enhanced.

[2020-04-14 22:44:09 #4 type] 
Type domain.Question is not enhanced.

[2020-04-14 22:44:09 #5 type] 
Type domain.Competition is not enhanced.

[2020-04-14 22:44:09 #6 type] 
Type domain.Prediction is not enhanced.

[2020-04-14 22:44:09 #7 type] 
Type domain.User is not enhanced.

[2020-04-14 22:44:09 #8 type] 
Type domain.Bet is not enhanced.

[2020-04-14 22:44:09 #9 type] 
Type domain.Profile is not enhanced.

[2020-04-14 22:44:14 #10 type] 
Type domain.Feedback is not enhanced.

------------------------------------------------------------------------------------------------------------------------

[2020-04-14 22:45:13 #1 store] 
Database 'C:\Users\Usuario\git\Sprint_2\Sprint_2\resources\bets.temp' is opened by 17804@DESKTOP-00OS7EM

[2020-04-14 22:45:13 #2 store] 
Configuration path: ?

[2020-04-14 22:45:13 #3 type] 
Type domain.Event is not enhanced.

[2020-04-14 22:45:13 #4 type] 
Type domain.Question is not enhanced.

[2020-04-14 22:45:13 #5 type] 
Type domain.Competition is not enhanced.

[2020-04-14 22:45:13 #6 type] 
Type domain.Prediction is not enhanced.

[2020-04-14 22:45:13 #7 type] 
Type domain.User is not enhanced.

[2020-04-14 22:45:13 #8 type] 
Type domain.Bet is not enhanced.

[2020-04-14 22:45:13 #9 type] 
Type domain.Profile is not enhanced.

[2020-04-14 22:45:17 #10 type] 
Type domain.Feedback is not enhanced.

------------------------------------------------------------------------------------------------------------------------

[2020-04-14 22:45:53 #1 store] 
Database 'C:\Users\Usuario\git\Sprint_2\Sprint_2\resources\bets.temp' is opened by 21408@DESKTOP-00OS7EM

[2020-04-14 22:45:53 #2 store] 
Configuration path: ?

[2020-04-14 22:45:53 #3 type] 
Type domain.Event is not enhanced.

[2020-04-14 22:45:53 #4 type] 
Type domain.Question is not enhanced.

[2020-04-14 22:45:53 #5 type] 
Type domain.Competition is not enhanced.

[2020-04-14 22:45:53 #6 type] 
Type domain.Prediction is not enhanced.

[2020-04-14 22:45:53 #7 type] 
Type domain.User is not enhanced.

[2020-04-14 22:45:53 #8 type] 
Type domain.Bet is not enhanced.

[2020-04-14 22:45:53 #9 type] 
Type domain.Profile is not enhanced.

[2020-04-14 22:45:56 #10 type] 
Type domain.Feedback is not enhanced.

------------------------------------------------------------------------------------------------------------------------

[2020-04-14 22:47:07 #1 store] 
Database 'C:\Users\Usuario\git\Sprint_2\Sprint_2\resources\bets.temp' is opened by 6164@DESKTOP-00OS7EM

[2020-04-14 22:47:07 #2 store] 
Configuration path: ?

[2020-04-14 22:47:07 #3 type] 
Type domain.Event is not enhanced.

[2020-04-14 22:47:07 #4 type] 
Type domain.Question is not enhanced.

[2020-04-14 22:47:07 #5 type] 
Type domain.Competition is not enhanced.

[2020-04-14 22:47:07 #6 type] 
Type domain.Prediction is not enhanced.

[2020-04-14 22:47:07 #7 type] 
Type domain.User is not enhanced.

[2020-04-14 22:47:07 #8 type] 
Type domain.Bet is not enhanced.

[2020-04-14 22:47:07 #9 type] 
Type domain.Profile is not enhanced.

[2020-04-14 22:47:12 #10 type] 
Type domain.Feedback is not enhanced.

------------------------------------------------------------------------------------------------------------------------

[2020-04-14 22:59:16 #1 store] 
Database 'C:\Users\Usuario\git\Sprint_2\Sprint_2\resources\bets.temp' is opened by 19428@DESKTOP-00OS7EM

[2020-04-14 22:59:16 #2 store] 
Configuration path: ?

[2020-04-14 22:59:16 #3 type] 
Type domain.Event is not enhanced.

[2020-04-14 22:59:16 #4 type] 
Type domain.Question is not enhanced.

[2020-04-14 22:59:16 #5 type] 
Type domain.Competition is not enhanced.

[2020-04-14 22:59:16 #6 type] 
Type domain.Prediction is not enhanced.

[2020-04-14 22:59:16 #7 type] 
Type domain.User is not enhanced.

[2020-04-14 22:59:16 #8 type] 
Type domain.Bet is not enhanced.

[2020-04-14 22:59:16 #9 type] 
Type domain.Profile is not enhanced.

[2020-04-14 22:59:22 #10 type] 
Type domain.Feedback is not enhanced.

------------------------------------------------------------------------------------------------------------------------

[2020-04-14 23:03:04 #1 store] 
Database 'C:\Users\Usuario\git\Sprint_2\Sprint_2\resources\bets.temp' is opened by 21852@DESKTOP-00OS7EM

[2020-04-14 23:03:04 #2 store] 
Configuration path: ?

[2020-04-14 23:03:04 #3 type] 
Type domain.Event is not enhanced.

[2020-04-14 23:03:04 #4 type] 
Type domain.Question is not enhanced.

[2020-04-14 23:03:04 #5 type] 
Type domain.Competition is not enhanced.

[2020-04-14 23:03:04 #6 type] 
Type domain.Prediction is not enhanced.

[2020-04-14 23:03:04 #7 type] 
Type domain.User is not enhanced.

[2020-04-14 23:03:04 #8 type] 
Type domain.Bet is not enhanced.

[2020-04-14 23:03:04 #9 type] 
Type domain.Profile is not enhanced.

[2020-04-14 23:03:08 #10 type] 
Type domain.Feedback is not enhanced.

------------------------------------------------------------------------------------------------------------------------

[2020-04-14 23:04:34 #1 store] 
Database 'C:\Users\Usuario\git\Sprint_2\Sprint_2\resources\bets.temp' is opened by 6760@DESKTOP-00OS7EM

[2020-04-14 23:04:34 #2 store] 
Configuration path: ?

[2020-04-14 23:04:34 #3 type] 
Type domain.Event is not enhanced.

[2020-04-14 23:04:34 #4 type] 
Type domain.Question is not enhanced.

[2020-04-14 23:04:34 #5 type] 
Type domain.Competition is not enhanced.

[2020-04-14 23:04:34 #6 type] 
Type domain.Prediction is not enhanced.

[2020-04-14 23:04:34 #7 type] 
Type domain.User is not enhanced.

[2020-04-14 23:04:34 #8 type] 
Type domain.Bet is not enhanced.

[2020-04-14 23:04:34 #9 type] 
Type domain.Profile is not enhanced.

[2020-04-14 23:04:37 #10 type] 
Type domain.Feedback is not enhanced.

------------------------------------------------------------------------------------------------------------------------

[2020-04-14 23:07:36 #1 store] 
Database 'C:\Users\Usuario\git\Sprint_2\Sprint_2\resources\bets.temp' is opened by 22248@DESKTOP-00OS7EM

[2020-04-14 23:07:36 #2 store] 
Configuration path: ?

[2020-04-14 23:07:37 #3 type] 
Type domain.Event is not enhanced.

[2020-04-14 23:07:37 #4 type] 
Type domain.Question is not enhanced.

[2020-04-14 23:07:37 #5 type] 
Type domain.Competition is not enhanced.

[2020-04-14 23:07:37 #6 type] 
Type domain.Prediction is not enhanced.

[2020-04-14 23:07:37 #7 type] 
Type domain.User is not enhanced.

[2020-04-14 23:07:37 #8 type] 
Type domain.Bet is not enhanced.

[2020-04-14 23:07:37 #9 type] 
Type domain.Profile is not enhanced.

[2020-04-14 23:07:40 #10 type] 
Type domain.Feedback is not enhanced.

------------------------------------------------------------------------------------------------------------------------

[2020-04-14 23:07:53 #1 store] 
Database 'C:\Users\Usuario\git\Sprint_2\Sprint_2\resources\bets.temp' is opened by 892@DESKTOP-00OS7EM

[2020-04-14 23:07:53 #2 store] 
Configuration path: ?

[2020-04-14 23:07:53 #3 type] 
Type domain.Event is not enhanced.

[2020-04-14 23:07:53 #4 type] 
Type domain.Question is not enhanced.

[2020-04-14 23:07:53 #5 type] 
Type domain.Competition is not enhanced.

[2020-04-14 23:07:53 #6 type] 
Type domain.Prediction is not enhanced.

[2020-04-14 23:07:53 #7 type] 
Type domain.User is not enhanced.

[2020-04-14 23:07:53 #8 type] 
Type domain.Bet is not enhanced.

[2020-04-14 23:07:53 #9 type] 
Type domain.Profile is not enhanced.

[2020-04-14 23:07:57 #10 type] 
Type domain.Feedback is not enhanced.

------------------------------------------------------------------------------------------------------------------------

[2020-04-14 23:08:23 #1 store] 
Database 'C:\Users\Usuario\git\Sprint_2\Sprint_2\resources\bets.temp' is opened by 4052@DESKTOP-00OS7EM

[2020-04-14 23:08:23 #2 store] 
Configuration path: ?

[2020-04-14 23:08:23 #3 type] 
Type domain.Event is not enhanced.

[2020-04-14 23:08:23 #4 type] 
Type domain.Question is not enhanced.

[2020-04-14 23:08:23 #5 type] 
Type domain.Competition is not enhanced.

[2020-04-14 23:08:23 #6 type] 
Type domain.Prediction is not enhanced.

[2020-04-14 23:08:23 #7 type] 
Type domain.User is not enhanced.

[2020-04-14 23:08:23 #8 type] 
Type domain.Bet is not enhanced.

[2020-04-14 23:08:23 #9 type] 
Type domain.Profile is not enhanced.

[2020-04-14 23:08:27 #10 type] 
Type domain.Feedback is not enhanced.

------------------------------------------------------------------------------------------------------------------------

[2020-04-14 23:08:56 #1 store] 
Database 'C:\Users\Usuario\git\Sprint_2\Sprint_2\resources\bets.temp' is opened by 9212@DESKTOP-00OS7EM

[2020-04-14 23:08:56 #2 store] 
Configuration path: ?

[2020-04-14 23:08:56 #3 type] 
Type domain.Event is not enhanced.

[2020-04-14 23:08:56 #4 type] 
Type domain.Question is not enhanced.

[2020-04-14 23:08:56 #5 type] 
Type domain.Competition is not enhanced.

[2020-04-14 23:08:56 #6 type] 
Type domain.Prediction is not enhanced.

[2020-04-14 23:08:56 #7 type] 
Type domain.User is not enhanced.

[2020-04-14 23:08:56 #8 type] 
Type domain.Bet is not enhanced.

[2020-04-14 23:08:56 #9 type] 
Type domain.Profile is not enhanced.

[2020-04-14 23:08:59 #10 type] 
Type domain.Feedback is not enhanced.

------------------------------------------------------------------------------------------------------------------------

[2020-04-14 23:09:40 #1 store] 
Database 'C:\Users\Usuario\git\Sprint_2\Sprint_2\resources\bets.temp' is opened by 20984@DESKTOP-00OS7EM

[2020-04-14 23:09:40 #2 store] 
Configuration path: ?

[2020-04-14 23:09:41 #3 type] 
Type domain.Event is not enhanced.

[2020-04-14 23:09:41 #4 type] 
Type domain.Question is not enhanced.

[2020-04-14 23:09:41 #5 type] 
Type domain.Competition is not enhanced.

[2020-04-14 23:09:41 #6 type] 
Type domain.Prediction is not enhanced.

[2020-04-14 23:09:41 #7 type] 
Type domain.User is not enhanced.

[2020-04-14 23:09:41 #8 type] 
Type domain.Bet is not enhanced.

[2020-04-14 23:09:41 #9 type] 
Type domain.Profile is not enhanced.

[2020-04-14 23:09:44 #10 type] 
Type domain.Feedback is not enhanced.

------------------------------------------------------------------------------------------------------------------------

[2020-04-14 23:09:54 #1 store] 
Database 'C:\Users\Usuario\git\Sprint_2\Sprint_2\resources\bets.temp' is opened by 13216@DESKTOP-00OS7EM

[2020-04-14 23:09:54 #2 store] 
Configuration path: ?

[2020-04-14 23:09:54 #3 type] 
Type domain.Event is not enhanced.

[2020-04-14 23:09:54 #4 type] 
Type domain.Question is not enhanced.

[2020-04-14 23:09:54 #5 type] 
Type domain.Competition is not enhanced.

[2020-04-14 23:09:54 #6 type] 
Type domain.Prediction is not enhanced.

[2020-04-14 23:09:54 #7 type] 
Type domain.User is not enhanced.

[2020-04-14 23:09:54 #8 type] 
Type domain.Bet is not enhanced.

[2020-04-14 23:09:54 #9 type] 
Type domain.Profile is not enhanced.

[2020-04-14 23:09:57 #10 type] 
Type domain.Feedback is not enhanced.

------------------------------------------------------------------------------------------------------------------------

[2020-04-14 23:10:30 #1 store] 
Database 'C:\Users\Usuario\git\Sprint_2\Sprint_2\resources\bets.temp' is opened by 11620@DESKTOP-00OS7EM

[2020-04-14 23:10:30 #2 store] 
Configuration path: ?

[2020-04-14 23:10:30 #3 type] 
Type domain.Event is not enhanced.

[2020-04-14 23:10:30 #4 type] 
Type domain.Question is not enhanced.

[2020-04-14 23:10:30 #5 type] 
Type domain.Competition is not enhanced.

[2020-04-14 23:10:30 #6 type] 
Type domain.Prediction is not enhanced.

[2020-04-14 23:10:30 #7 type] 
Type domain.User is not enhanced.

[2020-04-14 23:10:30 #8 type] 
Type domain.Bet is not enhanced.

[2020-04-14 23:10:30 #9 type] 
Type domain.Profile is not enhanced.

[2020-04-14 23:10:34 #10 type] 
Type domain.Feedback is not enhanced.

------------------------------------------------------------------------------------------------------------------------

[2020-04-14 23:10:42 #1 store] 
Database 'C:\Users\Usuario\git\Sprint_2\Sprint_2\resources\bets.temp' is opened by 20156@DESKTOP-00OS7EM

[2020-04-14 23:10:42 #2 store] 
Configuration path: ?

[2020-04-14 23:10:42 #3 type] 
Type domain.Event is not enhanced.

[2020-04-14 23:10:42 #4 type] 
Type domain.Question is not enhanced.

[2020-04-14 23:10:42 #5 type] 
Type domain.Competition is not enhanced.

[2020-04-14 23:10:42 #6 type] 
Type domain.Prediction is not enhanced.

[2020-04-14 23:10:42 #7 type] 
Type domain.User is not enhanced.

[2020-04-14 23:10:42 #8 type] 
Type domain.Bet is not enhanced.

[2020-04-14 23:10:42 #9 type] 
Type domain.Profile is not enhanced.

[2020-04-14 23:10:45 #10 type] 
Type domain.Feedback is not enhanced.

------------------------------------------------------------------------------------------------------------------------

[2020-04-14 23:15:37 #1 store] 
Database 'C:\Users\Usuario\git\Sprint_2\Sprint_2\resources\bets.temp' is opened by 11676@DESKTOP-00OS7EM

[2020-04-14 23:15:37 #2 store] 
Configuration path: ?

[2020-04-14 23:15:37 #3 type] 
Type domain.Event is not enhanced.

[2020-04-14 23:15:37 #4 type] 
Type domain.Question is not enhanced.

[2020-04-14 23:15:37 #5 type] 
Type domain.Competition is not enhanced.

[2020-04-14 23:15:37 #6 type] 
Type domain.Prediction is not enhanced.

[2020-04-14 23:15:37 #7 type] 
Type domain.User is not enhanced.

[2020-04-14 23:15:37 #8 type] 
Type domain.Bet is not enhanced.

[2020-04-14 23:15:37 #9 type] 
Type domain.Profile is not enhanced.

[2020-04-14 23:15:41 #10 type] 
Type domain.Feedback is not enhanced.

------------------------------------------------------------------------------------------------------------------------

[2020-04-14 23:16:29 #1 store] 
Database 'C:\Users\Usuario\git\Sprint_2\Sprint_2\resources\bets.temp' is opened by 15720@DESKTOP-00OS7EM

[2020-04-14 23:16:29 #2 store] 
Configuration path: ?

[2020-04-14 23:16:29 #3 type] 
Type domain.Event is not enhanced.

[2020-04-14 23:16:29 #4 type] 
Type domain.Question is not enhanced.

[2020-04-14 23:16:29 #5 type] 
Type domain.Competition is not enhanced.

[2020-04-14 23:16:29 #6 type] 
Type domain.Prediction is not enhanced.

[2020-04-14 23:16:29 #7 type] 
Type domain.User is not enhanced.

[2020-04-14 23:16:29 #8 type] 
Type domain.Bet is not enhanced.

[2020-04-14 23:16:29 #9 type] 
Type domain.Profile is not enhanced.

[2020-04-14 23:16:32 #10 type] 
Type domain.Feedback is not enhanced.

------------------------------------------------------------------------------------------------------------------------

[2020-04-14 23:17:11 #1 store] 
Database 'C:\Users\Usuario\git\Sprint_2\Sprint_2\resources\bets.temp' is opened by 20820@DESKTOP-00OS7EM

[2020-04-14 23:17:11 #2 store] 
Configuration path: ?

[2020-04-14 23:17:11 #3 type] 
Type domain.Event is not enhanced.

[2020-04-14 23:17:11 #4 type] 
Type domain.Question is not enhanced.

[2020-04-14 23:17:11 #5 type] 
Type domain.Competition is not enhanced.

[2020-04-14 23:17:11 #6 type] 
Type domain.Prediction is not enhanced.

[2020-04-14 23:17:11 #7 type] 
Type domain.User is not enhanced.

[2020-04-14 23:17:11 #8 type] 
Type domain.Bet is not enhanced.

[2020-04-14 23:17:11 #9 type] 
Type domain.Profile is not enhanced.

[2020-04-14 23:17:14 #10 type] 
Type domain.Feedback is not enhanced.

------------------------------------------------------------------------------------------------------------------------

[2020-04-14 23:18:24 #1 store] 
Database 'C:\Users\Usuario\git\Sprint_2\Sprint_2\resources\bets.temp' is opened by 19300@DESKTOP-00OS7EM

[2020-04-14 23:18:24 #2 store] 
Configuration path: ?

[2020-04-14 23:18:24 #3 type] 
Type domain.Event is not enhanced.

[2020-04-14 23:18:24 #4 type] 
Type domain.Question is not enhanced.

[2020-04-14 23:18:24 #5 type] 
Type domain.Competition is not enhanced.

[2020-04-14 23:18:24 #6 type] 
Type domain.Prediction is not enhanced.

[2020-04-14 23:18:24 #7 type] 
Type domain.User is not enhanced.

[2020-04-14 23:18:24 #8 type] 
Type domain.Bet is not enhanced.

[2020-04-14 23:18:24 #9 type] 
Type domain.Profile is not enhanced.

[2020-04-14 23:18:28 #10 type] 
Type domain.Feedback is not enhanced.

------------------------------------------------------------------------------------------------------------------------

[2020-04-14 23:20:26 #1 store] 
Database 'C:\Users\Usuario\git\Sprint_2\Sprint_2\resources\bets.temp' is opened by 13704@DESKTOP-00OS7EM

[2020-04-14 23:20:26 #2 store] 
Configuration path: ?

[2020-04-14 23:20:26 #3 type] 
Type domain.Event is not enhanced.

[2020-04-14 23:20:26 #4 type] 
Type domain.Question is not enhanced.

[2020-04-14 23:20:26 #5 type] 
Type domain.Competition is not enhanced.

[2020-04-14 23:20:26 #6 type] 
Type domain.Prediction is not enhanced.

[2020-04-14 23:20:26 #7 type] 
Type domain.User is not enhanced.

[2020-04-14 23:20:26 #8 type] 
Type domain.Bet is not enhanced.

[2020-04-14 23:20:26 #9 type] 
Type domain.Profile is not enhanced.

[2020-04-14 23:20:30 #10 type] 
Type domain.Feedback is not enhanced.

------------------------------------------------------------------------------------------------------------------------

[2020-04-14 23:28:16 #1 store] 
Database 'C:\Users\Usuario\git\Sprint_2\Sprint_2\resources\bets.temp' is opened by 20588@DESKTOP-00OS7EM

[2020-04-14 23:28:16 #2 store] 
Configuration path: ?

[2020-04-14 23:28:16 #3 type] 
Type domain.Event is not enhanced.

[2020-04-14 23:28:16 #4 type] 
Type domain.Question is not enhanced.

[2020-04-14 23:28:16 #5 type] 
Type domain.Competition is not enhanced.

[2020-04-14 23:28:16 #6 type] 
Type domain.Prediction is not enhanced.

[2020-04-14 23:28:16 #7 type] 
Type domain.User is not enhanced.

[2020-04-14 23:28:16 #8 type] 
Type domain.Bet is not enhanced.

[2020-04-14 23:28:16 #9 type] 
Type domain.Profile is not enhanced.

[2020-04-14 23:28:20 #10 type] 
Type domain.Feedback is not enhanced.

------------------------------------------------------------------------------------------------------------------------

[2020-04-14 23:28:40 #1 store] 
Database 'C:\Users\Usuario\git\Sprint_2\Sprint_2\resources\bets.temp' is opened by 15376@DESKTOP-00OS7EM

[2020-04-14 23:28:40 #2 store] 
Configuration path: ?

[2020-04-14 23:28:40 #3 type] 
Type domain.Event is not enhanced.

[2020-04-14 23:28:40 #4 type] 
Type domain.Question is not enhanced.

[2020-04-14 23:28:40 #5 type] 
Type domain.Competition is not enhanced.

[2020-04-14 23:28:40 #6 type] 
Type domain.Prediction is not enhanced.

[2020-04-14 23:28:40 #7 type] 
Type domain.User is not enhanced.

[2020-04-14 23:28:40 #8 type] 
Type domain.Bet is not enhanced.

[2020-04-14 23:28:40 #9 type] 
Type domain.Profile is not enhanced.

[2020-04-14 23:28:43 #10 type] 
Type domain.Feedback is not enhanced.

------------------------------------------------------------------------------------------------------------------------

[2020-04-14 23:30:34 #1 store] 
Database 'C:\Users\Usuario\git\Sprint_2\Sprint_2\resources\bets.temp' is opened by 9240@DESKTOP-00OS7EM

[2020-04-14 23:30:34 #2 store] 
Configuration path: ?

[2020-04-14 23:30:34 #3 type] 
Type domain.Event is not enhanced.

[2020-04-14 23:30:34 #4 type] 
Type domain.Question is not enhanced.

[2020-04-14 23:30:34 #5 type] 
Type domain.Competition is not enhanced.

[2020-04-14 23:30:34 #6 type] 
Type domain.Prediction is not enhanced.

[2020-04-14 23:30:34 #7 type] 
Type domain.User is not enhanced.

[2020-04-14 23:30:34 #8 type] 
Type domain.Bet is not enhanced.

[2020-04-14 23:30:34 #9 type] 
Type domain.Profile is not enhanced.

[2020-04-14 23:30:40 #10 type] 
Type domain.Feedback is not enhanced.

------------------------------------------------------------------------------------------------------------------------

[2020-04-14 23:32:10 #1 store] 
Database 'C:\Users\Usuario\git\Sprint_2\Sprint_2\resources\bets.temp' is opened by 21720@DESKTOP-00OS7EM

[2020-04-14 23:32:10 #2 store] 
Configuration path: ?

[2020-04-14 23:32:10 #3 type] 
Type domain.Event is not enhanced.

[2020-04-14 23:32:10 #4 type] 
Type domain.Question is not enhanced.

[2020-04-14 23:32:10 #5 type] 
Type domain.Competition is not enhanced.

[2020-04-14 23:32:10 #6 type] 
Type domain.Prediction is not enhanced.

[2020-04-14 23:32:10 #7 type] 
Type domain.User is not enhanced.

[2020-04-14 23:32:10 #8 type] 
Type domain.Bet is not enhanced.

[2020-04-14 23:32:10 #9 type] 
Type domain.Profile is not enhanced.

[2020-04-14 23:32:13 #10 type] 
Type domain.Feedback is not enhanced.

------------------------------------------------------------------------------------------------------------------------

[2020-04-14 23:32:45 #1 store] 
Database 'C:\Users\Usuario\git\Sprint_2\Sprint_2\resources\bets.temp' is opened by 13248@DESKTOP-00OS7EM

[2020-04-14 23:32:45 #2 store] 
Configuration path: ?

[2020-04-14 23:32:45 #3 type] 
Type domain.Event is not enhanced.

[2020-04-14 23:32:45 #4 type] 
Type domain.Question is not enhanced.

[2020-04-14 23:32:45 #5 type] 
Type domain.Competition is not enhanced.

[2020-04-14 23:32:45 #6 type] 
Type domain.Prediction is not enhanced.

[2020-04-14 23:32:45 #7 type] 
Type domain.User is not enhanced.

[2020-04-14 23:32:45 #8 type] 
Type domain.Bet is not enhanced.

[2020-04-14 23:32:45 #9 type] 
Type domain.Profile is not enhanced.

[2020-04-14 23:32:48 #10 type] 
Type domain.Feedback is not enhanced.

------------------------------------------------------------------------------------------------------------------------

[2020-04-14 23:34:20 #1 store] 
Database 'C:\Users\Usuario\git\Sprint_2\Sprint_2\resources\bets.temp' is opened by 17112@DESKTOP-00OS7EM

[2020-04-14 23:34:20 #2 store] 
Configuration path: ?

[2020-04-14 23:34:20 #3 type] 
Type domain.Event is not enhanced.

[2020-04-14 23:34:20 #4 type] 
Type domain.Question is not enhanced.

[2020-04-14 23:34:20 #5 type] 
Type domain.Competition is not enhanced.

[2020-04-14 23:34:20 #6 type] 
Type domain.Prediction is not enhanced.

[2020-04-14 23:34:20 #7 type] 
Type domain.User is not enhanced.

[2020-04-14 23:34:20 #8 type] 
Type domain.Bet is not enhanced.

[2020-04-14 23:34:20 #9 type] 
Type domain.Profile is not enhanced.

[2020-04-14 23:34:24 #10 type] 
Type domain.Feedback is not enhanced.

------------------------------------------------------------------------------------------------------------------------

[2020-04-14 23:35:47 #1 store] 
Database 'C:\Users\Usuario\git\Sprint_2\Sprint_2\resources\bets.temp' is opened by 13768@DESKTOP-00OS7EM

[2020-04-14 23:35:47 #2 store] 
Configuration path: ?

[2020-04-14 23:35:47 #3 type] 
Type domain.Event is not enhanced.

[2020-04-14 23:35:47 #4 type] 
Type domain.Question is not enhanced.

[2020-04-14 23:35:47 #5 type] 
Type domain.Competition is not enhanced.

[2020-04-14 23:35:47 #6 type] 
Type domain.Prediction is not enhanced.

[2020-04-14 23:35:47 #7 type] 
Type domain.User is not enhanced.

[2020-04-14 23:35:47 #8 type] 
Type domain.Bet is not enhanced.

[2020-04-14 23:35:47 #9 type] 
Type domain.Profile is not enhanced.

[2020-04-14 23:35:50 #10 type] 
Type domain.Feedback is not enhanced.

------------------------------------------------------------------------------------------------------------------------

[2020-04-14 23:40:48 #1 store] 
Database 'C:\Users\Usuario\git\Sprint_2\Sprint_2\resources\bets.temp' is opened by 23108@DESKTOP-00OS7EM

[2020-04-14 23:40:48 #2 store] 
Configuration path: ?

[2020-04-14 23:40:48 #3 type] 
Type domain.Event is not enhanced.

[2020-04-14 23:40:48 #4 type] 
Type domain.Question is not enhanced.

[2020-04-14 23:40:48 #5 type] 
Type domain.Competition is not enhanced.

[2020-04-14 23:40:48 #6 type] 
Type domain.Prediction is not enhanced.

[2020-04-14 23:40:48 #7 type] 
Type domain.User is not enhanced.

[2020-04-14 23:40:48 #8 type] 
Type domain.Bet is not enhanced.

[2020-04-14 23:40:48 #9 type] 
Type domain.Profile is not enhanced.

[2020-04-14 23:40:52 #10 type] 
Type domain.Feedback is not enhanced.

