------------------------------------------------------------------------------------------------------------------------

[2020-05-12 00:05:37 #1 type] 
Type domain.Event is not enhanced.

[2020-05-12 00:05:37 #2 type] 
Type domain.Question is not enhanced.

[2020-05-12 00:05:37 #3 type] 
Type domain.Competition is not enhanced.

[2020-05-12 00:05:37 #4 type] 
Type domain.Prediction is not enhanced.

[2020-05-12 00:05:37 #5 type] 
Type domain.User is not enhanced.

[2020-05-12 00:05:37 #6 type] 
Type domain.CreditCard is not enhanced.

[2020-05-12 00:05:37 #7 type] 
Type domain.Bet is not enhanced.

[2020-05-12 00:05:37 #8 type] 
Type domain.Profile is not enhanced.

------------------------------------------------------------------------------------------------------------------------

[2020-05-12 00:07:47 #1 type] 
Type domain.Event is not enhanced.

[2020-05-12 00:07:47 #2 type] 
Type domain.Question is not enhanced.

[2020-05-12 00:07:47 #3 type] 
Type domain.Competition is not enhanced.

[2020-05-12 00:07:47 #4 type] 
Type domain.Prediction is not enhanced.

[2020-05-12 00:07:47 #5 type] 
Type domain.User is not enhanced.

[2020-05-12 00:07:47 #6 type] 
Type domain.CreditCard is not enhanced.

[2020-05-12 00:07:47 #7 type] 
Type domain.Bet is not enhanced.

[2020-05-12 00:07:47 #8 type] 
Type domain.Profile is not enhanced.

[2020-05-12 00:07:54 #9 type] 
Type domain.FeedbackRecord is not enhanced.

[2020-05-12 00:07:54 #10 type] 
Type domain.Feedback is not enhanced.

------------------------------------------------------------------------------------------------------------------------

[2020-05-12 16:10:01 #1 type] 
Type domain.Event is not enhanced.

[2020-05-12 16:10:01 #2 type] 
Type domain.Question is not enhanced.

[2020-05-12 16:10:01 #3 type] 
Type domain.Competition is not enhanced.

[2020-05-12 16:10:01 #4 type] 
Type domain.Prediction is not enhanced.

[2020-05-12 16:10:01 #5 type] 
Type domain.User is not enhanced.

[2020-05-12 16:10:01 #6 type] 
Type domain.CreditCard is not enhanced.

[2020-05-12 16:10:01 #7 type] 
Type domain.Bet is not enhanced.

[2020-05-12 16:10:01 #8 type] 
Type domain.Profile is not enhanced.

------------------------------------------------------------------------------------------------------------------------

[2020-05-12 20:31:48 #1 type] 
Type domain.Event is not enhanced.

[2020-05-12 20:31:48 #2 type] 
Type domain.Question is not enhanced.

[2020-05-12 20:31:48 #3 type] 
Type domain.Competition is not enhanced.

[2020-05-12 20:31:48 #4 type] 
Type domain.Prediction is not enhanced.

[2020-05-12 20:31:48 #5 type] 
Type domain.User is not enhanced.

[2020-05-12 20:31:48 #6 type] 
Type domain.CreditCard is not enhanced.

[2020-05-12 20:31:48 #7 type] 
Type domain.Bet is not enhanced.

[2020-05-12 20:31:48 #8 type] 
Type domain.Profile is not enhanced.

