------------------------------------------------------------------------------------------------------------------------

[2020-03-31 11:49:11 #1 type] 
Type domain.User is not enhanced.

[2020-03-31 11:49:11 #2 type] 
Type domain.Bet is not enhanced.

[2020-03-31 11:49:11 #3 type] 
Type domain.Profile is not enhanced.

[2020-03-31 11:49:11 #4 type] 
Type domain.Prediction is not enhanced.

[2020-03-31 11:49:11 #5 type] 
Type domain.Question is not enhanced.

[2020-03-31 11:49:11 #6 type] 
Type domain.Event is not enhanced.

[2020-03-31 11:49:11 #7 type] 
Type domain.Competition is not enhanced.

------------------------------------------------------------------------------------------------------------------------

[2020-03-31 11:50:30 #1 type] 
Type domain.User is not enhanced.

[2020-03-31 11:50:30 #2 type] 
Type domain.Bet is not enhanced.

[2020-03-31 11:50:30 #3 type] 
Type domain.Profile is not enhanced.

[2020-03-31 11:50:30 #4 type] 
Type domain.Prediction is not enhanced.

[2020-03-31 11:50:30 #5 type] 
Type domain.Question is not enhanced.

[2020-03-31 11:50:30 #6 type] 
Type domain.Event is not enhanced.

[2020-03-31 11:50:30 #7 type] 
Type domain.Competition is not enhanced.

------------------------------------------------------------------------------------------------------------------------

[2020-03-31 11:51:08 #1 type] 
Type domain.User is not enhanced.

[2020-03-31 11:51:08 #2 type] 
Type domain.Bet is not enhanced.

[2020-03-31 11:51:08 #3 type] 
Type domain.Profile is not enhanced.

[2020-03-31 11:51:08 #4 type] 
Type domain.Prediction is not enhanced.

[2020-03-31 11:51:08 #5 type] 
Type domain.Question is not enhanced.

[2020-03-31 11:51:08 #6 type] 
Type domain.Event is not enhanced.

[2020-03-31 11:51:08 #7 type] 
Type domain.Competition is not enhanced.

------------------------------------------------------------------------------------------------------------------------

[2020-03-31 11:51:30 #1 type] 
Type domain.User is not enhanced.

[2020-03-31 11:51:30 #2 type] 
Type domain.Bet is not enhanced.

[2020-03-31 11:51:30 #3 type] 
Type domain.Profile is not enhanced.

[2020-03-31 11:51:30 #4 type] 
Type domain.Prediction is not enhanced.

[2020-03-31 11:51:30 #5 type] 
Type domain.Question is not enhanced.

[2020-03-31 11:51:30 #6 type] 
Type domain.Event is not enhanced.

[2020-03-31 11:51:30 #7 type] 
Type domain.Competition is not enhanced.

------------------------------------------------------------------------------------------------------------------------

[2020-03-31 11:53:03 #1 type] 
Type domain.User is not enhanced.

[2020-03-31 11:53:03 #2 type] 
Type domain.Bet is not enhanced.

[2020-03-31 11:53:03 #3 type] 
Type domain.Profile is not enhanced.

[2020-03-31 11:53:03 #4 type] 
Type domain.Prediction is not enhanced.

[2020-03-31 11:53:03 #5 type] 
Type domain.Question is not enhanced.

[2020-03-31 11:53:03 #6 type] 
Type domain.Event is not enhanced.

[2020-03-31 11:53:03 #7 type] 
Type domain.Competition is not enhanced.

------------------------------------------------------------------------------------------------------------------------

[2020-03-31 12:12:47 #1 type] 
Type domain.User is not enhanced.

[2020-03-31 12:12:47 #2 type] 
Type domain.Bet is not enhanced.

[2020-03-31 12:12:47 #3 type] 
Type domain.Profile is not enhanced.

[2020-03-31 12:12:47 #4 type] 
Type domain.Prediction is not enhanced.

[2020-03-31 12:12:47 #5 type] 
Type domain.Question is not enhanced.

[2020-03-31 12:12:47 #6 type] 
Type domain.Event is not enhanced.

[2020-03-31 12:12:47 #7 type] 
Type domain.Competition is not enhanced.

------------------------------------------------------------------------------------------------------------------------

[2020-03-31 21:58:15 #1 type] 
Type domain.User is not enhanced.

[2020-03-31 21:58:15 #2 type] 
Type domain.Bet is not enhanced.

[2020-03-31 21:58:15 #3 type] 
Type domain.Profile is not enhanced.

[2020-03-31 21:58:15 #4 type] 
Type domain.Prediction is not enhanced.

[2020-03-31 21:58:15 #5 type] 
Type domain.Question is not enhanced.

[2020-03-31 21:58:15 #6 type] 
Type domain.Event is not enhanced.

[2020-03-31 21:58:15 #7 type] 
Type domain.Competition is not enhanced.

