------------------------------------------------------------------------------------------------------------------------

[2020-05-16 10:59:55 #1 type] 
Type domain.Event is not enhanced.

[2020-05-16 10:59:55 #2 type] 
Type domain.Question is not enhanced.

[2020-05-16 10:59:55 #3 type] 
Type domain.Competition is not enhanced.

[2020-05-16 10:59:55 #4 type] 
Type domain.Prediction is not enhanced.

[2020-05-16 10:59:55 #5 type] 
Type domain.User is not enhanced.

[2020-05-16 10:59:55 #6 type] 
Type domain.CreditCard is not enhanced.

[2020-05-16 10:59:55 #7 type] 
Type domain.Bet is not enhanced.

[2020-05-16 10:59:55 #8 type] 
Type domain.Profile is not enhanced.

[2020-05-16 11:00:08 #9 type] 
Type domain.FeedbackRecord is not enhanced.

[2020-05-16 11:00:08 #10 type] 
Type domain.Feedback is not enhanced.

