------------------------------------------------------------------------------------------------------------------------

[2020-04-27 20:59:27 #1 store] 
Database 'C:\Users\Usuario\git\BetAndRuin\BetAndRuin\resources\bets.temp' is opened by 7384@DESKTOP-00OS7EM

[2020-04-27 20:59:27 #2 store] 
Configuration path: ?

[2020-04-27 20:59:27 #3 type] 
Type domain.Event is not enhanced.

[2020-04-27 20:59:27 #4 type] 
Type domain.Question is not enhanced.

[2020-04-27 20:59:27 #5 type] 
Type domain.Competition is not enhanced.

[2020-04-27 20:59:27 #6 type] 
Type domain.Prediction is not enhanced.

[2020-04-27 20:59:27 #7 type] 
Type domain.User is not enhanced.

[2020-04-27 20:59:27 #8 type] 
Type domain.CreditCard is not enhanced.

[2020-04-27 20:59:27 #9 type] 
Type domain.Bet is not enhanced.

[2020-04-27 20:59:27 #10 type] 
Type domain.Profile is not enhanced.

------------------------------------------------------------------------------------------------------------------------

[2020-04-27 21:43:48 #1 store] 
Database 'C:\Users\Usuario\git\BetAndRuin\BetAndRuin\resources\bets.temp' is opened by 2656@DESKTOP-00OS7EM

[2020-04-27 21:43:48 #2 store] 
Configuration path: ?

[2020-04-27 21:43:48 #3 type] 
Type domain.Event is not enhanced.

[2020-04-27 21:43:48 #4 type] 
Type domain.Question is not enhanced.

[2020-04-27 21:43:48 #5 type] 
Type domain.Competition is not enhanced.

[2020-04-27 21:43:48 #6 type] 
Type domain.Prediction is not enhanced.

[2020-04-27 21:43:48 #7 type] 
Type domain.User is not enhanced.

[2020-04-27 21:43:48 #8 type] 
Type domain.CreditCard is not enhanced.

[2020-04-27 21:43:48 #9 type] 
Type domain.Bet is not enhanced.

[2020-04-27 21:43:48 #10 type] 
Type domain.Profile is not enhanced.

------------------------------------------------------------------------------------------------------------------------

[2020-04-27 21:48:25 #1 store] 
Database 'C:\Users\Usuario\git\BetAndRuin\BetAndRuin\resources\bets.temp' is opened by 10224@DESKTOP-00OS7EM

[2020-04-27 21:48:25 #2 store] 
Configuration path: ?

[2020-04-27 21:48:25 #3 type] 
Type domain.Event is not enhanced.

[2020-04-27 21:48:25 #4 type] 
Type domain.Question is not enhanced.

[2020-04-27 21:48:25 #5 type] 
Type domain.Competition is not enhanced.

[2020-04-27 21:48:25 #6 type] 
Type domain.Prediction is not enhanced.

[2020-04-27 21:48:25 #7 type] 
Type domain.User is not enhanced.

[2020-04-27 21:48:25 #8 type] 
Type domain.CreditCard is not enhanced.

[2020-04-27 21:48:25 #9 type] 
Type domain.Bet is not enhanced.

[2020-04-27 21:48:25 #10 type] 
Type domain.Profile is not enhanced.

