------------------------------------------------------------------------------------------------------------------------

[2020-04-13 00:28:06 #1 store] 
Database 'C:\Users\Usuario\git\Sprint_2\Sprint_2\resources\bets.temp' is opened by 17496@DESKTOP-00OS7EM

[2020-04-13 00:28:06 #2 store] 
Configuration path: ?

[2020-04-13 00:28:06 #3 type] 
Type domain.Event is not enhanced.

[2020-04-13 00:28:06 #4 type] 
Type domain.Question is not enhanced.

[2020-04-13 00:28:06 #5 type] 
Type domain.Competition is not enhanced.

[2020-04-13 00:28:06 #6 type] 
Type domain.Prediction is not enhanced.

[2020-04-13 00:28:06 #7 type] 
Type domain.User is not enhanced.

[2020-04-13 00:28:06 #8 type] 
Type domain.Bet is not enhanced.

[2020-04-13 00:28:06 #9 type] 
Type domain.Profile is not enhanced.

------------------------------------------------------------------------------------------------------------------------

[2020-04-13 00:29:05 #1 store] 
Database 'C:\Users\Usuario\git\Sprint_2\Sprint_2\resources\bets.temp' is opened by 1120@DESKTOP-00OS7EM

[2020-04-13 00:29:05 #2 store] 
Configuration path: ?

[2020-04-13 00:29:05 #3 type] 
Type domain.Event is not enhanced.

[2020-04-13 00:29:05 #4 type] 
Type domain.Question is not enhanced.

[2020-04-13 00:29:05 #5 type] 
Type domain.Competition is not enhanced.

[2020-04-13 00:29:05 #6 type] 
Type domain.Prediction is not enhanced.

[2020-04-13 00:29:05 #7 type] 
Type domain.User is not enhanced.

[2020-04-13 00:29:05 #8 type] 
Type domain.Bet is not enhanced.

[2020-04-13 00:29:05 #9 type] 
Type domain.Profile is not enhanced.

------------------------------------------------------------------------------------------------------------------------

[2020-04-13 00:30:23 #1 store] 
Database 'C:\Users\Usuario\git\Sprint_2\Sprint_2\resources\bets.temp' is opened by 19588@DESKTOP-00OS7EM

[2020-04-13 00:30:23 #2 store] 
Configuration path: ?

[2020-04-13 00:30:23 #3 type] 
Type domain.Event is not enhanced.

[2020-04-13 00:30:23 #4 type] 
Type domain.Question is not enhanced.

[2020-04-13 00:30:23 #5 type] 
Type domain.Competition is not enhanced.

[2020-04-13 00:30:23 #6 type] 
Type domain.Prediction is not enhanced.

[2020-04-13 00:30:23 #7 type] 
Type domain.User is not enhanced.

[2020-04-13 00:30:23 #8 type] 
Type domain.Bet is not enhanced.

[2020-04-13 00:30:23 #9 type] 
Type domain.Profile is not enhanced.

[2020-04-13 00:30:27 #10 type] 
Type domain.Feedback is not enhanced.

------------------------------------------------------------------------------------------------------------------------

[2020-04-13 00:30:58 #1 store] 
Database 'C:\Users\Usuario\git\Sprint_2\Sprint_2\resources\bets.temp' is opened by 6484@DESKTOP-00OS7EM

[2020-04-13 00:30:58 #2 store] 
Configuration path: ?

[2020-04-13 00:30:58 #3 type] 
Type domain.Event is not enhanced.

[2020-04-13 00:30:58 #4 type] 
Type domain.Question is not enhanced.

[2020-04-13 00:30:58 #5 type] 
Type domain.Competition is not enhanced.

[2020-04-13 00:30:58 #6 type] 
Type domain.Prediction is not enhanced.

[2020-04-13 00:30:58 #7 type] 
Type domain.User is not enhanced.

[2020-04-13 00:30:58 #8 type] 
Type domain.Bet is not enhanced.

[2020-04-13 00:30:58 #9 type] 
Type domain.Profile is not enhanced.

[2020-04-13 00:31:02 #10 type] 
Type domain.Feedback is not enhanced.

------------------------------------------------------------------------------------------------------------------------

[2020-04-13 00:33:04 #1 store] 
Database 'C:\Users\Usuario\git\Sprint_2\Sprint_2\resources\bets.temp' is opened by 2704@DESKTOP-00OS7EM

[2020-04-13 00:33:04 #2 store] 
Configuration path: ?

[2020-04-13 00:33:04 #3 type] 
Type domain.Event is not enhanced.

[2020-04-13 00:33:04 #4 type] 
Type domain.Question is not enhanced.

[2020-04-13 00:33:04 #5 type] 
Type domain.Competition is not enhanced.

[2020-04-13 00:33:04 #6 type] 
Type domain.Prediction is not enhanced.

[2020-04-13 00:33:04 #7 type] 
Type domain.User is not enhanced.

[2020-04-13 00:33:04 #8 type] 
Type domain.Bet is not enhanced.

[2020-04-13 00:33:04 #9 type] 
Type domain.Profile is not enhanced.

[2020-04-13 00:33:09 #10 type] 
Type domain.Feedback is not enhanced.

------------------------------------------------------------------------------------------------------------------------

[2020-04-13 00:34:26 #1 store] 
Database 'C:\Users\Usuario\git\Sprint_2\Sprint_2\resources\bets.temp' is opened by 20636@DESKTOP-00OS7EM

[2020-04-13 00:34:26 #2 store] 
Configuration path: ?

[2020-04-13 00:34:26 #3 type] 
Type domain.Event is not enhanced.

[2020-04-13 00:34:26 #4 type] 
Type domain.Question is not enhanced.

[2020-04-13 00:34:26 #5 type] 
Type domain.Competition is not enhanced.

[2020-04-13 00:34:26 #6 type] 
Type domain.Prediction is not enhanced.

[2020-04-13 00:34:26 #7 type] 
Type domain.User is not enhanced.

[2020-04-13 00:34:26 #8 type] 
Type domain.Bet is not enhanced.

[2020-04-13 00:34:26 #9 type] 
Type domain.Profile is not enhanced.

[2020-04-13 00:34:31 #10 type] 
Type domain.Feedback is not enhanced.

------------------------------------------------------------------------------------------------------------------------

[2020-04-13 00:36:19 #1 store] 
Database 'C:\Users\Usuario\git\Sprint_2\Sprint_2\resources\bets.temp' is opened by 15268@DESKTOP-00OS7EM

[2020-04-13 00:36:19 #2 store] 
Configuration path: ?

[2020-04-13 00:36:19 #3 type] 
Type domain.Event is not enhanced.

[2020-04-13 00:36:19 #4 type] 
Type domain.Question is not enhanced.

[2020-04-13 00:36:19 #5 type] 
Type domain.Competition is not enhanced.

[2020-04-13 00:36:19 #6 type] 
Type domain.Prediction is not enhanced.

[2020-04-13 00:36:19 #7 type] 
Type domain.User is not enhanced.

[2020-04-13 00:36:19 #8 type] 
Type domain.Bet is not enhanced.

[2020-04-13 00:36:19 #9 type] 
Type domain.Profile is not enhanced.

[2020-04-13 00:36:23 #10 type] 
Type domain.Feedback is not enhanced.

------------------------------------------------------------------------------------------------------------------------

[2020-04-13 00:39:54 #1 store] 
Database 'C:\Users\Usuario\git\Sprint_2\Sprint_2\resources\bets.temp' is opened by 11752@DESKTOP-00OS7EM

[2020-04-13 00:39:54 #2 store] 
Configuration path: ?

[2020-04-13 00:39:54 #3 type] 
Type domain.Event is not enhanced.

[2020-04-13 00:39:54 #4 type] 
Type domain.Question is not enhanced.

[2020-04-13 00:39:54 #5 type] 
Type domain.Competition is not enhanced.

[2020-04-13 00:39:54 #6 type] 
Type domain.Prediction is not enhanced.

[2020-04-13 00:39:54 #7 type] 
Type domain.User is not enhanced.

[2020-04-13 00:39:54 #8 type] 
Type domain.Bet is not enhanced.

[2020-04-13 00:39:54 #9 type] 
Type domain.Profile is not enhanced.

[2020-04-13 00:40:00 #10 type] 
Type domain.Feedback is not enhanced.

------------------------------------------------------------------------------------------------------------------------

[2020-04-13 00:48:11 #1 store] 
Database 'C:\Users\Usuario\git\Sprint_2\Sprint_2\resources\bets.temp' is opened by 12408@DESKTOP-00OS7EM

[2020-04-13 00:48:11 #2 store] 
Configuration path: ?

[2020-04-13 00:48:11 #3 type] 
Type domain.Event is not enhanced.

[2020-04-13 00:48:11 #4 type] 
Type domain.Question is not enhanced.

[2020-04-13 00:48:11 #5 type] 
Type domain.Competition is not enhanced.

[2020-04-13 00:48:11 #6 type] 
Type domain.Prediction is not enhanced.

[2020-04-13 00:48:11 #7 type] 
Type domain.User is not enhanced.

[2020-04-13 00:48:11 #8 type] 
Type domain.Bet is not enhanced.

[2020-04-13 00:48:11 #9 type] 
Type domain.Profile is not enhanced.

[2020-04-13 00:48:17 #10 type] 
Type domain.Feedback is not enhanced.

------------------------------------------------------------------------------------------------------------------------

[2020-04-13 00:58:27 #1 store] 
Database 'C:\Users\Usuario\git\Sprint_2\Sprint_2\resources\bets.temp' is opened by 21800@DESKTOP-00OS7EM

[2020-04-13 00:58:27 #2 store] 
Configuration path: ?

[2020-04-13 00:58:28 #3 type] 
Type domain.Event is not enhanced.

[2020-04-13 00:58:28 #4 type] 
Type domain.Question is not enhanced.

[2020-04-13 00:58:28 #5 type] 
Type domain.Competition is not enhanced.

[2020-04-13 00:58:28 #6 type] 
Type domain.Prediction is not enhanced.

[2020-04-13 00:58:28 #7 type] 
Type domain.User is not enhanced.

[2020-04-13 00:58:28 #8 type] 
Type domain.Bet is not enhanced.

[2020-04-13 00:58:28 #9 type] 
Type domain.Profile is not enhanced.

[2020-04-13 00:58:32 #10 type] 
Type domain.Feedback is not enhanced.

------------------------------------------------------------------------------------------------------------------------

[2020-04-13 01:08:13 #1 store] 
Database 'C:\Users\Usuario\git\Sprint_2\Sprint_2\resources\bets.temp' is opened by 12784@DESKTOP-00OS7EM

[2020-04-13 01:08:13 #2 store] 
Configuration path: ?

[2020-04-13 01:08:13 #3 type] 
Type domain.Event is not enhanced.

[2020-04-13 01:08:13 #4 type] 
Type domain.Question is not enhanced.

[2020-04-13 01:08:13 #5 type] 
Type domain.Competition is not enhanced.

[2020-04-13 01:08:13 #6 type] 
Type domain.Prediction is not enhanced.

[2020-04-13 01:08:13 #7 type] 
Type domain.User is not enhanced.

[2020-04-13 01:08:13 #8 type] 
Type domain.Bet is not enhanced.

[2020-04-13 01:08:13 #9 type] 
Type domain.Profile is not enhanced.

[2020-04-13 01:08:19 #10 type] 
Type domain.Feedback is not enhanced.

------------------------------------------------------------------------------------------------------------------------

[2020-04-13 01:11:53 #1 store] 
Database 'C:\Users\Usuario\git\Sprint_2\Sprint_2\resources\bets.temp' is opened by 15724@DESKTOP-00OS7EM

[2020-04-13 01:11:53 #2 store] 
Configuration path: ?

[2020-04-13 01:11:53 #3 type] 
Type domain.Event is not enhanced.

[2020-04-13 01:11:53 #4 type] 
Type domain.Question is not enhanced.

[2020-04-13 01:11:53 #5 type] 
Type domain.Competition is not enhanced.

[2020-04-13 01:11:53 #6 type] 
Type domain.Prediction is not enhanced.

[2020-04-13 01:11:53 #7 type] 
Type domain.User is not enhanced.

[2020-04-13 01:11:53 #8 type] 
Type domain.Bet is not enhanced.

[2020-04-13 01:11:53 #9 type] 
Type domain.Profile is not enhanced.

[2020-04-13 01:11:58 #10 type] 
Type domain.Feedback is not enhanced.

------------------------------------------------------------------------------------------------------------------------

[2020-04-13 09:55:39 #1 store] 
Database 'C:\Users\Usuario\git\Sprint_2\Sprint_2\resources\bets.temp' is opened by 7732@DESKTOP-00OS7EM

[2020-04-13 09:55:39 #2 store] 
Configuration path: ?

[2020-04-13 09:55:39 #3 type] 
Type domain.Event is not enhanced.

[2020-04-13 09:55:39 #4 type] 
Type domain.Question is not enhanced.

[2020-04-13 09:55:39 #5 type] 
Type domain.Competition is not enhanced.

[2020-04-13 09:55:39 #6 type] 
Type domain.Prediction is not enhanced.

[2020-04-13 09:55:39 #7 type] 
Type domain.User is not enhanced.

[2020-04-13 09:55:39 #8 type] 
Type domain.Bet is not enhanced.

[2020-04-13 09:55:39 #9 type] 
Type domain.Profile is not enhanced.

[2020-04-13 09:55:46 #10 type] 
Type domain.Feedback is not enhanced.

------------------------------------------------------------------------------------------------------------------------

[2020-04-13 09:56:59 #1 store] 
Database 'C:\Users\Usuario\git\Sprint_2\Sprint_2\resources\bets.temp' is opened by 17452@DESKTOP-00OS7EM

[2020-04-13 09:56:59 #2 store] 
Configuration path: ?

[2020-04-13 09:56:59 #3 type] 
Type domain.Event is not enhanced.

[2020-04-13 09:56:59 #4 type] 
Type domain.Question is not enhanced.

[2020-04-13 09:56:59 #5 type] 
Type domain.Competition is not enhanced.

[2020-04-13 09:56:59 #6 type] 
Type domain.Prediction is not enhanced.

[2020-04-13 09:56:59 #7 type] 
Type domain.User is not enhanced.

[2020-04-13 09:56:59 #8 type] 
Type domain.Bet is not enhanced.

[2020-04-13 09:56:59 #9 type] 
Type domain.Profile is not enhanced.

[2020-04-13 09:57:04 #10 type] 
Type domain.Feedback is not enhanced.

------------------------------------------------------------------------------------------------------------------------

[2020-04-13 10:02:01 #1 store] 
Database 'C:\Users\Usuario\git\Sprint_2\Sprint_2\resources\bets.temp' is opened by 6640@DESKTOP-00OS7EM

[2020-04-13 10:02:01 #2 store] 
Configuration path: ?

[2020-04-13 10:02:01 #3 type] 
Type domain.Event is not enhanced.

[2020-04-13 10:02:01 #4 type] 
Type domain.Question is not enhanced.

[2020-04-13 10:02:01 #5 type] 
Type domain.Competition is not enhanced.

[2020-04-13 10:02:01 #6 type] 
Type domain.Prediction is not enhanced.

[2020-04-13 10:02:01 #7 type] 
Type domain.User is not enhanced.

[2020-04-13 10:02:01 #8 type] 
Type domain.Bet is not enhanced.

[2020-04-13 10:02:01 #9 type] 
Type domain.Profile is not enhanced.

[2020-04-13 10:02:06 #10 type] 
Type domain.Feedback is not enhanced.

------------------------------------------------------------------------------------------------------------------------

[2020-04-13 10:03:10 #1 store] 
Database 'C:\Users\Usuario\git\Sprint_2\Sprint_2\resources\bets.temp' is opened by 20624@DESKTOP-00OS7EM

[2020-04-13 10:03:10 #2 store] 
Configuration path: ?

[2020-04-13 10:03:10 #3 type] 
Type domain.Event is not enhanced.

[2020-04-13 10:03:10 #4 type] 
Type domain.Question is not enhanced.

[2020-04-13 10:03:10 #5 type] 
Type domain.Competition is not enhanced.

[2020-04-13 10:03:10 #6 type] 
Type domain.Prediction is not enhanced.

[2020-04-13 10:03:10 #7 type] 
Type domain.User is not enhanced.

[2020-04-13 10:03:10 #8 type] 
Type domain.Bet is not enhanced.

[2020-04-13 10:03:10 #9 type] 
Type domain.Profile is not enhanced.

[2020-04-13 10:03:15 #10 type] 
Type domain.Feedback is not enhanced.

------------------------------------------------------------------------------------------------------------------------

[2020-04-13 10:13:43 #1 store] 
Database 'C:\Users\Usuario\git\Sprint_2\Sprint_2\resources\bets.temp' is opened by 23276@DESKTOP-00OS7EM

[2020-04-13 10:13:43 #2 store] 
Configuration path: ?

[2020-04-13 10:13:43 #3 type] 
Type domain.Event is not enhanced.

[2020-04-13 10:13:43 #4 type] 
Type domain.Question is not enhanced.

[2020-04-13 10:13:43 #5 type] 
Type domain.Competition is not enhanced.

[2020-04-13 10:13:43 #6 type] 
Type domain.Prediction is not enhanced.

[2020-04-13 10:13:43 #7 type] 
Type domain.User is not enhanced.

[2020-04-13 10:13:43 #8 type] 
Type domain.Bet is not enhanced.

[2020-04-13 10:13:43 #9 type] 
Type domain.Profile is not enhanced.

[2020-04-13 10:13:47 #10 type] 
Type domain.Feedback is not enhanced.

------------------------------------------------------------------------------------------------------------------------

[2020-04-13 10:14:21 #1 store] 
Database 'C:\Users\Usuario\git\Sprint_2\Sprint_2\resources\bets.temp' is opened by 14404@DESKTOP-00OS7EM

[2020-04-13 10:14:21 #2 store] 
Configuration path: ?

[2020-04-13 10:14:22 #3 type] 
Type domain.Event is not enhanced.

[2020-04-13 10:14:22 #4 type] 
Type domain.Question is not enhanced.

[2020-04-13 10:14:22 #5 type] 
Type domain.Competition is not enhanced.

[2020-04-13 10:14:22 #6 type] 
Type domain.Prediction is not enhanced.

[2020-04-13 10:14:22 #7 type] 
Type domain.User is not enhanced.

[2020-04-13 10:14:22 #8 type] 
Type domain.Bet is not enhanced.

[2020-04-13 10:14:22 #9 type] 
Type domain.Profile is not enhanced.

[2020-04-13 10:14:28 #10 type] 
Type domain.Feedback is not enhanced.

------------------------------------------------------------------------------------------------------------------------

[2020-04-13 10:15:07 #1 store] 
Database 'C:\Users\Usuario\git\Sprint_2\Sprint_2\resources\bets.temp' is opened by 10656@DESKTOP-00OS7EM

[2020-04-13 10:15:07 #2 store] 
Configuration path: ?

[2020-04-13 10:15:07 #3 type] 
Type domain.Event is not enhanced.

[2020-04-13 10:15:07 #4 type] 
Type domain.Question is not enhanced.

[2020-04-13 10:15:07 #5 type] 
Type domain.Competition is not enhanced.

[2020-04-13 10:15:07 #6 type] 
Type domain.Prediction is not enhanced.

[2020-04-13 10:15:07 #7 type] 
Type domain.User is not enhanced.

[2020-04-13 10:15:07 #8 type] 
Type domain.Bet is not enhanced.

[2020-04-13 10:15:07 #9 type] 
Type domain.Profile is not enhanced.

[2020-04-13 10:15:11 #10 type] 
Type domain.Feedback is not enhanced.

------------------------------------------------------------------------------------------------------------------------

[2020-04-13 10:15:35 #1 store] 
Database 'C:\Users\Usuario\git\Sprint_2\Sprint_2\resources\bets.temp' is opened by 10288@DESKTOP-00OS7EM

[2020-04-13 10:15:35 #2 store] 
Configuration path: ?

[2020-04-13 10:15:35 #3 type] 
Type domain.Event is not enhanced.

[2020-04-13 10:15:35 #4 type] 
Type domain.Question is not enhanced.

[2020-04-13 10:15:35 #5 type] 
Type domain.Competition is not enhanced.

[2020-04-13 10:15:35 #6 type] 
Type domain.Prediction is not enhanced.

[2020-04-13 10:15:35 #7 type] 
Type domain.User is not enhanced.

[2020-04-13 10:15:35 #8 type] 
Type domain.Bet is not enhanced.

[2020-04-13 10:15:35 #9 type] 
Type domain.Profile is not enhanced.

[2020-04-13 10:15:38 #10 type] 
Type domain.Feedback is not enhanced.

------------------------------------------------------------------------------------------------------------------------

[2020-04-13 10:19:08 #1 store] 
Database 'C:\Users\Usuario\git\Sprint_2\Sprint_2\resources\bets.temp' is opened by 19492@DESKTOP-00OS7EM

[2020-04-13 10:19:08 #2 store] 
Configuration path: ?

[2020-04-13 10:19:08 #3 type] 
Type domain.Event is not enhanced.

[2020-04-13 10:19:08 #4 type] 
Type domain.Question is not enhanced.

[2020-04-13 10:19:08 #5 type] 
Type domain.Competition is not enhanced.

[2020-04-13 10:19:08 #6 type] 
Type domain.Prediction is not enhanced.

[2020-04-13 10:19:08 #7 type] 
Type domain.User is not enhanced.

[2020-04-13 10:19:08 #8 type] 
Type domain.Bet is not enhanced.

[2020-04-13 10:19:08 #9 type] 
Type domain.Profile is not enhanced.

[2020-04-13 10:19:13 #10 type] 
Type domain.Feedback is not enhanced.

------------------------------------------------------------------------------------------------------------------------

[2020-04-13 10:20:01 #1 store] 
Database 'C:\Users\Usuario\git\Sprint_2\Sprint_2\resources\bets.temp' is opened by 13520@DESKTOP-00OS7EM

[2020-04-13 10:20:01 #2 store] 
Configuration path: ?

[2020-04-13 10:20:02 #3 type] 
Type domain.Event is not enhanced.

[2020-04-13 10:20:02 #4 type] 
Type domain.Question is not enhanced.

[2020-04-13 10:20:02 #5 type] 
Type domain.Competition is not enhanced.

[2020-04-13 10:20:02 #6 type] 
Type domain.Prediction is not enhanced.

[2020-04-13 10:20:02 #7 type] 
Type domain.User is not enhanced.

[2020-04-13 10:20:02 #8 type] 
Type domain.Bet is not enhanced.

[2020-04-13 10:20:02 #9 type] 
Type domain.Profile is not enhanced.

[2020-04-13 10:20:05 #10 type] 
Type domain.Feedback is not enhanced.

------------------------------------------------------------------------------------------------------------------------

[2020-04-13 10:20:41 #1 store] 
Database 'C:\Users\Usuario\git\Sprint_2\Sprint_2\resources\bets.temp' is opened by 21376@DESKTOP-00OS7EM

[2020-04-13 10:20:41 #2 store] 
Configuration path: ?

[2020-04-13 10:20:41 #3 type] 
Type domain.Event is not enhanced.

[2020-04-13 10:20:41 #4 type] 
Type domain.Question is not enhanced.

[2020-04-13 10:20:41 #5 type] 
Type domain.Competition is not enhanced.

[2020-04-13 10:20:41 #6 type] 
Type domain.Prediction is not enhanced.

[2020-04-13 10:20:41 #7 type] 
Type domain.User is not enhanced.

[2020-04-13 10:20:41 #8 type] 
Type domain.Bet is not enhanced.

[2020-04-13 10:20:41 #9 type] 
Type domain.Profile is not enhanced.

[2020-04-13 10:20:46 #10 type] 
Type domain.Feedback is not enhanced.

------------------------------------------------------------------------------------------------------------------------

[2020-04-13 10:25:39 #1 store] 
Database 'C:\Users\Usuario\git\Sprint_2\Sprint_2\resources\bets.temp' is opened by 18044@DESKTOP-00OS7EM

[2020-04-13 10:25:39 #2 store] 
Configuration path: ?

[2020-04-13 10:25:39 #3 type] 
Type domain.Event is not enhanced.

[2020-04-13 10:25:39 #4 type] 
Type domain.Question is not enhanced.

[2020-04-13 10:25:39 #5 type] 
Type domain.Competition is not enhanced.

[2020-04-13 10:25:39 #6 type] 
Type domain.Prediction is not enhanced.

[2020-04-13 10:25:39 #7 type] 
Type domain.User is not enhanced.

[2020-04-13 10:25:39 #8 type] 
Type domain.Bet is not enhanced.

[2020-04-13 10:25:39 #9 type] 
Type domain.Profile is not enhanced.

[2020-04-13 10:25:44 #10 type] 
Type domain.Feedback is not enhanced.

------------------------------------------------------------------------------------------------------------------------

[2020-04-13 10:26:44 #1 store] 
Database 'C:\Users\Usuario\git\Sprint_2\Sprint_2\resources\bets.temp' is opened by 10336@DESKTOP-00OS7EM

[2020-04-13 10:26:44 #2 store] 
Configuration path: ?

[2020-04-13 10:26:44 #3 type] 
Type domain.Event is not enhanced.

[2020-04-13 10:26:44 #4 type] 
Type domain.Question is not enhanced.

[2020-04-13 10:26:44 #5 type] 
Type domain.Competition is not enhanced.

[2020-04-13 10:26:44 #6 type] 
Type domain.Prediction is not enhanced.

[2020-04-13 10:26:44 #7 type] 
Type domain.User is not enhanced.

[2020-04-13 10:26:44 #8 type] 
Type domain.Bet is not enhanced.

[2020-04-13 10:26:44 #9 type] 
Type domain.Profile is not enhanced.

[2020-04-13 10:26:48 #10 type] 
Type domain.Feedback is not enhanced.

------------------------------------------------------------------------------------------------------------------------

[2020-04-13 10:28:12 #1 store] 
Database 'C:\Users\Usuario\git\Sprint_2\Sprint_2\resources\bets.temp' is opened by 13668@DESKTOP-00OS7EM

[2020-04-13 10:28:12 #2 store] 
Configuration path: ?

[2020-04-13 10:28:12 #3 type] 
Type domain.Event is not enhanced.

[2020-04-13 10:28:12 #4 type] 
Type domain.Question is not enhanced.

[2020-04-13 10:28:12 #5 type] 
Type domain.Competition is not enhanced.

[2020-04-13 10:28:12 #6 type] 
Type domain.Prediction is not enhanced.

[2020-04-13 10:28:12 #7 type] 
Type domain.User is not enhanced.

[2020-04-13 10:28:12 #8 type] 
Type domain.Bet is not enhanced.

[2020-04-13 10:28:12 #9 type] 
Type domain.Profile is not enhanced.

[2020-04-13 10:28:18 #10 type] 
Type domain.Feedback is not enhanced.

------------------------------------------------------------------------------------------------------------------------

[2020-04-13 10:30:09 #1 store] 
Database 'C:\Users\Usuario\git\Sprint_2\Sprint_2\resources\bets.temp' is opened by 10516@DESKTOP-00OS7EM

[2020-04-13 10:30:09 #2 store] 
Configuration path: ?

[2020-04-13 10:30:09 #3 type] 
Type domain.Event is not enhanced.

[2020-04-13 10:30:09 #4 type] 
Type domain.Question is not enhanced.

[2020-04-13 10:30:09 #5 type] 
Type domain.Competition is not enhanced.

[2020-04-13 10:30:09 #6 type] 
Type domain.Prediction is not enhanced.

[2020-04-13 10:30:09 #7 type] 
Type domain.User is not enhanced.

[2020-04-13 10:30:09 #8 type] 
Type domain.Bet is not enhanced.

[2020-04-13 10:30:09 #9 type] 
Type domain.Profile is not enhanced.

[2020-04-13 10:30:13 #10 type] 
Type domain.Feedback is not enhanced.

------------------------------------------------------------------------------------------------------------------------

[2020-04-13 10:34:21 #1 store] 
Database 'C:\Users\Usuario\git\Sprint_2\Sprint_2\resources\bets.temp' is opened by 10168@DESKTOP-00OS7EM

[2020-04-13 10:34:21 #2 store] 
Configuration path: ?

[2020-04-13 10:34:21 #3 type] 
Type domain.Event is not enhanced.

[2020-04-13 10:34:21 #4 type] 
Type domain.Question is not enhanced.

[2020-04-13 10:34:21 #5 type] 
Type domain.Competition is not enhanced.

[2020-04-13 10:34:21 #6 type] 
Type domain.Prediction is not enhanced.

[2020-04-13 10:34:21 #7 type] 
Type domain.User is not enhanced.

[2020-04-13 10:34:21 #8 type] 
Type domain.Bet is not enhanced.

[2020-04-13 10:34:21 #9 type] 
Type domain.Profile is not enhanced.

[2020-04-13 10:34:26 #10 type] 
Type domain.Feedback is not enhanced.

------------------------------------------------------------------------------------------------------------------------

[2020-04-13 10:36:05 #1 store] 
Database 'C:\Users\Usuario\git\Sprint_2\Sprint_2\resources\bets.temp' is opened by 20256@DESKTOP-00OS7EM

[2020-04-13 10:36:05 #2 store] 
Configuration path: ?

[2020-04-13 10:36:05 #3 type] 
Type domain.Event is not enhanced.

[2020-04-13 10:36:05 #4 type] 
Type domain.Question is not enhanced.

[2020-04-13 10:36:05 #5 type] 
Type domain.Competition is not enhanced.

[2020-04-13 10:36:05 #6 type] 
Type domain.Prediction is not enhanced.

[2020-04-13 10:36:05 #7 type] 
Type domain.User is not enhanced.

[2020-04-13 10:36:05 #8 type] 
Type domain.Bet is not enhanced.

[2020-04-13 10:36:05 #9 type] 
Type domain.Profile is not enhanced.

[2020-04-13 10:36:09 #10 type] 
Type domain.Feedback is not enhanced.

------------------------------------------------------------------------------------------------------------------------

[2020-04-13 10:42:59 #1 store] 
Database 'C:\Users\Usuario\git\Sprint_2\Sprint_2\resources\bets.temp' is opened by 22192@DESKTOP-00OS7EM

[2020-04-13 10:42:59 #2 store] 
Configuration path: ?

[2020-04-13 10:42:59 #3 type] 
Type domain.Event is not enhanced.

[2020-04-13 10:42:59 #4 type] 
Type domain.Question is not enhanced.

[2020-04-13 10:42:59 #5 type] 
Type domain.Competition is not enhanced.

[2020-04-13 10:42:59 #6 type] 
Type domain.Prediction is not enhanced.

[2020-04-13 10:42:59 #7 type] 
Type domain.User is not enhanced.

[2020-04-13 10:42:59 #8 type] 
Type domain.Bet is not enhanced.

[2020-04-13 10:42:59 #9 type] 
Type domain.Profile is not enhanced.

[2020-04-13 10:43:03 #10 type] 
Type domain.Feedback is not enhanced.

------------------------------------------------------------------------------------------------------------------------

[2020-04-13 10:43:39 #1 store] 
Database 'C:\Users\Usuario\git\Sprint_2\Sprint_2\resources\bets.temp' is opened by 22460@DESKTOP-00OS7EM

[2020-04-13 10:43:39 #2 store] 
Configuration path: ?

[2020-04-13 10:43:39 #3 type] 
Type domain.Event is not enhanced.

[2020-04-13 10:43:39 #4 type] 
Type domain.Question is not enhanced.

[2020-04-13 10:43:39 #5 type] 
Type domain.Competition is not enhanced.

[2020-04-13 10:43:39 #6 type] 
Type domain.Prediction is not enhanced.

[2020-04-13 10:43:39 #7 type] 
Type domain.User is not enhanced.

[2020-04-13 10:43:39 #8 type] 
Type domain.Bet is not enhanced.

[2020-04-13 10:43:39 #9 type] 
Type domain.Profile is not enhanced.

[2020-04-13 10:43:43 #10 type] 
Type domain.Feedback is not enhanced.

------------------------------------------------------------------------------------------------------------------------

[2020-04-13 10:45:33 #1 store] 
Database 'C:\Users\Usuario\git\Sprint_2\Sprint_2\resources\bets.temp' is opened by 12724@DESKTOP-00OS7EM

[2020-04-13 10:45:33 #2 store] 
Configuration path: ?

[2020-04-13 10:45:33 #3 type] 
Type domain.Event is not enhanced.

[2020-04-13 10:45:33 #4 type] 
Type domain.Question is not enhanced.

[2020-04-13 10:45:33 #5 type] 
Type domain.Competition is not enhanced.

[2020-04-13 10:45:33 #6 type] 
Type domain.Prediction is not enhanced.

[2020-04-13 10:45:33 #7 type] 
Type domain.User is not enhanced.

[2020-04-13 10:45:33 #8 type] 
Type domain.Bet is not enhanced.

[2020-04-13 10:45:33 #9 type] 
Type domain.Profile is not enhanced.

[2020-04-13 10:45:37 #10 type] 
Type domain.Feedback is not enhanced.

------------------------------------------------------------------------------------------------------------------------

[2020-04-13 10:51:16 #1 store] 
Database 'C:\Users\Usuario\git\Sprint_2\Sprint_2\resources\bets.temp' is opened by 3024@DESKTOP-00OS7EM

[2020-04-13 10:51:16 #2 store] 
Configuration path: ?

[2020-04-13 10:51:17 #3 type] 
Type domain.Event is not enhanced.

[2020-04-13 10:51:17 #4 type] 
Type domain.Question is not enhanced.

[2020-04-13 10:51:17 #5 type] 
Type domain.Competition is not enhanced.

[2020-04-13 10:51:17 #6 type] 
Type domain.Prediction is not enhanced.

[2020-04-13 10:51:17 #7 type] 
Type domain.User is not enhanced.

[2020-04-13 10:51:17 #8 type] 
Type domain.Bet is not enhanced.

[2020-04-13 10:51:17 #9 type] 
Type domain.Profile is not enhanced.

[2020-04-13 10:51:20 #10 type] 
Type domain.Feedback is not enhanced.

------------------------------------------------------------------------------------------------------------------------

[2020-04-13 10:55:33 #1 store] 
Database 'C:\Users\Usuario\git\Sprint_2\Sprint_2\resources\bets.temp' is opened by 17320@DESKTOP-00OS7EM

[2020-04-13 10:55:33 #2 store] 
Configuration path: ?

[2020-04-13 10:55:33 #3 type] 
Type domain.Event is not enhanced.

[2020-04-13 10:55:33 #4 type] 
Type domain.Question is not enhanced.

[2020-04-13 10:55:33 #5 type] 
Type domain.Competition is not enhanced.

[2020-04-13 10:55:33 #6 type] 
Type domain.Prediction is not enhanced.

[2020-04-13 10:55:33 #7 type] 
Type domain.User is not enhanced.

[2020-04-13 10:55:33 #8 type] 
Type domain.Bet is not enhanced.

[2020-04-13 10:55:33 #9 type] 
Type domain.Profile is not enhanced.

[2020-04-13 10:55:36 #10 type] 
Type domain.Feedback is not enhanced.

------------------------------------------------------------------------------------------------------------------------

[2020-04-13 11:03:57 #1 store] 
Database 'C:\Users\Usuario\git\Sprint_2\Sprint_2\resources\bets.temp' is opened by 21616@DESKTOP-00OS7EM

[2020-04-13 11:03:57 #2 store] 
Configuration path: ?

[2020-04-13 11:03:57 #3 type] 
Type domain.Event is not enhanced.

[2020-04-13 11:03:57 #4 type] 
Type domain.Question is not enhanced.

[2020-04-13 11:03:57 #5 type] 
Type domain.Competition is not enhanced.

[2020-04-13 11:03:57 #6 type] 
Type domain.Prediction is not enhanced.

[2020-04-13 11:03:57 #7 type] 
Type domain.User is not enhanced.

[2020-04-13 11:03:57 #8 type] 
Type domain.Bet is not enhanced.

[2020-04-13 11:03:57 #9 type] 
Type domain.Profile is not enhanced.

[2020-04-13 11:04:00 #10 type] 
Type domain.Feedback is not enhanced.

------------------------------------------------------------------------------------------------------------------------

[2020-04-13 11:06:44 #1 store] 
Database 'C:\Users\Usuario\git\Sprint_2\Sprint_2\resources\bets.temp' is opened by 11100@DESKTOP-00OS7EM

[2020-04-13 11:06:44 #2 store] 
Configuration path: ?

[2020-04-13 11:06:45 #3 type] 
Type domain.Event is not enhanced.

[2020-04-13 11:06:45 #4 type] 
Type domain.Question is not enhanced.

[2020-04-13 11:06:45 #5 type] 
Type domain.Competition is not enhanced.

[2020-04-13 11:06:45 #6 type] 
Type domain.Prediction is not enhanced.

[2020-04-13 11:06:45 #7 type] 
Type domain.User is not enhanced.

[2020-04-13 11:06:45 #8 type] 
Type domain.Bet is not enhanced.

[2020-04-13 11:06:45 #9 type] 
Type domain.Profile is not enhanced.

[2020-04-13 11:06:48 #10 type] 
Type domain.Feedback is not enhanced.

------------------------------------------------------------------------------------------------------------------------

[2020-04-13 11:10:27 #1 store] 
Database 'C:\Users\Usuario\git\Sprint_2\Sprint_2\resources\bets.temp' is opened by 9340@DESKTOP-00OS7EM

[2020-04-13 11:10:27 #2 store] 
Configuration path: ?

[2020-04-13 11:10:27 #3 type] 
Type domain.Event is not enhanced.

[2020-04-13 11:10:27 #4 type] 
Type domain.Question is not enhanced.

[2020-04-13 11:10:27 #5 type] 
Type domain.Competition is not enhanced.

[2020-04-13 11:10:27 #6 type] 
Type domain.Prediction is not enhanced.

[2020-04-13 11:10:27 #7 type] 
Type domain.User is not enhanced.

[2020-04-13 11:10:27 #8 type] 
Type domain.Bet is not enhanced.

[2020-04-13 11:10:27 #9 type] 
Type domain.Profile is not enhanced.

[2020-04-13 11:10:31 #10 type] 
Type domain.Feedback is not enhanced.

------------------------------------------------------------------------------------------------------------------------

[2020-04-13 11:11:32 #1 store] 
Database 'C:\Users\Usuario\git\Sprint_2\Sprint_2\resources\bets.temp' is opened by 4328@DESKTOP-00OS7EM

[2020-04-13 11:11:32 #2 store] 
Configuration path: ?

[2020-04-13 11:11:32 #3 type] 
Type domain.Event is not enhanced.

[2020-04-13 11:11:32 #4 type] 
Type domain.Question is not enhanced.

[2020-04-13 11:11:32 #5 type] 
Type domain.Competition is not enhanced.

[2020-04-13 11:11:32 #6 type] 
Type domain.Prediction is not enhanced.

[2020-04-13 11:11:32 #7 type] 
Type domain.User is not enhanced.

[2020-04-13 11:11:32 #8 type] 
Type domain.Bet is not enhanced.

[2020-04-13 11:11:32 #9 type] 
Type domain.Profile is not enhanced.

[2020-04-13 11:11:35 #10 type] 
Type domain.Feedback is not enhanced.

------------------------------------------------------------------------------------------------------------------------

[2020-04-13 11:21:53 #1 store] 
Database 'C:\Users\Usuario\git\Sprint_2\Sprint_2\resources\bets.temp' is opened by 21688@DESKTOP-00OS7EM

[2020-04-13 11:21:53 #2 store] 
Configuration path: ?

[2020-04-13 11:21:53 #3 type] 
Type domain.Event is not enhanced.

[2020-04-13 11:21:53 #4 type] 
Type domain.Question is not enhanced.

[2020-04-13 11:21:53 #5 type] 
Type domain.Competition is not enhanced.

[2020-04-13 11:21:53 #6 type] 
Type domain.Prediction is not enhanced.

[2020-04-13 11:21:53 #7 type] 
Type domain.User is not enhanced.

[2020-04-13 11:21:53 #8 type] 
Type domain.Bet is not enhanced.

[2020-04-13 11:21:53 #9 type] 
Type domain.Profile is not enhanced.

[2020-04-13 11:21:57 #10 type] 
Type domain.Feedback is not enhanced.

------------------------------------------------------------------------------------------------------------------------

[2020-04-13 11:23:15 #1 store] 
Database 'C:\Users\Usuario\git\Sprint_2\Sprint_2\resources\bets.temp' is opened by 8232@DESKTOP-00OS7EM

[2020-04-13 11:23:15 #2 store] 
Configuration path: ?

[2020-04-13 11:23:15 #3 type] 
Type domain.Event is not enhanced.

[2020-04-13 11:23:15 #4 type] 
Type domain.Question is not enhanced.

[2020-04-13 11:23:15 #5 type] 
Type domain.Competition is not enhanced.

[2020-04-13 11:23:15 #6 type] 
Type domain.Prediction is not enhanced.

[2020-04-13 11:23:15 #7 type] 
Type domain.User is not enhanced.

[2020-04-13 11:23:15 #8 type] 
Type domain.Bet is not enhanced.

[2020-04-13 11:23:15 #9 type] 
Type domain.Profile is not enhanced.

[2020-04-13 11:23:19 #10 type] 
Type domain.Feedback is not enhanced.

------------------------------------------------------------------------------------------------------------------------

[2020-04-13 11:24:07 #1 store] 
Database 'C:\Users\Usuario\git\Sprint_2\Sprint_2\resources\bets.temp' is opened by 22356@DESKTOP-00OS7EM

[2020-04-13 11:24:07 #2 store] 
Configuration path: ?

[2020-04-13 11:24:07 #3 type] 
Type domain.Event is not enhanced.

[2020-04-13 11:24:07 #4 type] 
Type domain.Question is not enhanced.

[2020-04-13 11:24:07 #5 type] 
Type domain.Competition is not enhanced.

[2020-04-13 11:24:07 #6 type] 
Type domain.Prediction is not enhanced.

[2020-04-13 11:24:07 #7 type] 
Type domain.User is not enhanced.

[2020-04-13 11:24:07 #8 type] 
Type domain.Bet is not enhanced.

[2020-04-13 11:24:07 #9 type] 
Type domain.Profile is not enhanced.

[2020-04-13 11:24:10 #10 type] 
Type domain.Feedback is not enhanced.

------------------------------------------------------------------------------------------------------------------------

[2020-04-13 11:26:36 #1 store] 
Database 'C:\Users\Usuario\git\Sprint_2\Sprint_2\resources\bets.temp' is opened by 19748@DESKTOP-00OS7EM

[2020-04-13 11:26:36 #2 store] 
Configuration path: ?

[2020-04-13 11:26:37 #3 type] 
Type domain.Event is not enhanced.

[2020-04-13 11:26:37 #4 type] 
Type domain.Question is not enhanced.

[2020-04-13 11:26:37 #5 type] 
Type domain.Competition is not enhanced.

[2020-04-13 11:26:37 #6 type] 
Type domain.Prediction is not enhanced.

[2020-04-13 11:26:37 #7 type] 
Type domain.User is not enhanced.

[2020-04-13 11:26:37 #8 type] 
Type domain.Bet is not enhanced.

[2020-04-13 11:26:37 #9 type] 
Type domain.Profile is not enhanced.

[2020-04-13 11:26:40 #10 type] 
Type domain.Feedback is not enhanced.

------------------------------------------------------------------------------------------------------------------------

[2020-04-13 11:27:47 #1 store] 
Database 'C:\Users\Usuario\git\Sprint_2\Sprint_2\resources\bets.temp' is opened by 3428@DESKTOP-00OS7EM

[2020-04-13 11:27:47 #2 store] 
Configuration path: ?

[2020-04-13 11:27:47 #3 type] 
Type domain.Event is not enhanced.

[2020-04-13 11:27:47 #4 type] 
Type domain.Question is not enhanced.

[2020-04-13 11:27:47 #5 type] 
Type domain.Competition is not enhanced.

[2020-04-13 11:27:47 #6 type] 
Type domain.Prediction is not enhanced.

[2020-04-13 11:27:47 #7 type] 
Type domain.User is not enhanced.

[2020-04-13 11:27:47 #8 type] 
Type domain.Bet is not enhanced.

[2020-04-13 11:27:47 #9 type] 
Type domain.Profile is not enhanced.

[2020-04-13 11:27:52 #10 type] 
Type domain.Feedback is not enhanced.

------------------------------------------------------------------------------------------------------------------------

[2020-04-13 11:30:08 #1 store] 
Database 'C:\Users\Usuario\git\Sprint_2\Sprint_2\resources\bets.temp' is opened by 9604@DESKTOP-00OS7EM

[2020-04-13 11:30:08 #2 store] 
Configuration path: ?

[2020-04-13 11:30:08 #3 type] 
Type domain.Event is not enhanced.

[2020-04-13 11:30:08 #4 type] 
Type domain.Question is not enhanced.

[2020-04-13 11:30:08 #5 type] 
Type domain.Competition is not enhanced.

[2020-04-13 11:30:08 #6 type] 
Type domain.Prediction is not enhanced.

[2020-04-13 11:30:08 #7 type] 
Type domain.User is not enhanced.

[2020-04-13 11:30:08 #8 type] 
Type domain.Bet is not enhanced.

[2020-04-13 11:30:08 #9 type] 
Type domain.Profile is not enhanced.

[2020-04-13 11:30:11 #10 type] 
Type domain.Feedback is not enhanced.

------------------------------------------------------------------------------------------------------------------------

[2020-04-13 11:30:38 #1 store] 
Database 'C:\Users\Usuario\git\Sprint_2\Sprint_2\resources\bets.temp' is opened by 17584@DESKTOP-00OS7EM

[2020-04-13 11:30:38 #2 store] 
Configuration path: ?

[2020-04-13 11:30:39 #3 type] 
Type domain.Event is not enhanced.

[2020-04-13 11:30:39 #4 type] 
Type domain.Question is not enhanced.

[2020-04-13 11:30:39 #5 type] 
Type domain.Competition is not enhanced.

[2020-04-13 11:30:39 #6 type] 
Type domain.Prediction is not enhanced.

[2020-04-13 11:30:39 #7 type] 
Type domain.User is not enhanced.

[2020-04-13 11:30:39 #8 type] 
Type domain.Bet is not enhanced.

[2020-04-13 11:30:39 #9 type] 
Type domain.Profile is not enhanced.

[2020-04-13 11:30:42 #10 type] 
Type domain.Feedback is not enhanced.

------------------------------------------------------------------------------------------------------------------------

[2020-04-13 11:33:11 #1 store] 
Database 'C:\Users\Usuario\git\Sprint_2\Sprint_2\resources\bets.temp' is opened by 11820@DESKTOP-00OS7EM

[2020-04-13 11:33:11 #2 store] 
Configuration path: ?

[2020-04-13 11:33:11 #3 type] 
Type domain.Event is not enhanced.

[2020-04-13 11:33:11 #4 type] 
Type domain.Question is not enhanced.

[2020-04-13 11:33:11 #5 type] 
Type domain.Competition is not enhanced.

[2020-04-13 11:33:11 #6 type] 
Type domain.Prediction is not enhanced.

[2020-04-13 11:33:11 #7 type] 
Type domain.User is not enhanced.

[2020-04-13 11:33:11 #8 type] 
Type domain.Bet is not enhanced.

[2020-04-13 11:33:11 #9 type] 
Type domain.Profile is not enhanced.

[2020-04-13 11:33:15 #10 type] 
Type domain.Feedback is not enhanced.

------------------------------------------------------------------------------------------------------------------------

[2020-04-13 12:06:18 #1 store] 
Database 'C:\Users\Usuario\git\Sprint_2\Sprint_2\resources\bets.temp' is opened by 20136@DESKTOP-00OS7EM

[2020-04-13 12:06:18 #2 store] 
Configuration path: ?

[2020-04-13 12:06:18 #3 type] 
Type domain.Event is not enhanced.

[2020-04-13 12:06:18 #4 type] 
Type domain.Question is not enhanced.

[2020-04-13 12:06:18 #5 type] 
Type domain.Competition is not enhanced.

[2020-04-13 12:06:18 #6 type] 
Type domain.Prediction is not enhanced.

[2020-04-13 12:06:18 #7 type] 
Type domain.User is not enhanced.

[2020-04-13 12:06:18 #8 type] 
Type domain.Bet is not enhanced.

[2020-04-13 12:06:18 #9 type] 
Type domain.Profile is not enhanced.

[2020-04-13 12:06:22 #10 type] 
Type domain.Feedback is not enhanced.

------------------------------------------------------------------------------------------------------------------------

[2020-04-13 12:07:12 #1 store] 
Database 'C:\Users\Usuario\git\Sprint_2\Sprint_2\resources\bets.temp' is opened by 7500@DESKTOP-00OS7EM

[2020-04-13 12:07:12 #2 store] 
Configuration path: ?

[2020-04-13 12:07:12 #3 type] 
Type domain.Event is not enhanced.

[2020-04-13 12:07:12 #4 type] 
Type domain.Question is not enhanced.

[2020-04-13 12:07:12 #5 type] 
Type domain.Competition is not enhanced.

[2020-04-13 12:07:12 #6 type] 
Type domain.Prediction is not enhanced.

[2020-04-13 12:07:12 #7 type] 
Type domain.User is not enhanced.

[2020-04-13 12:07:12 #8 type] 
Type domain.Bet is not enhanced.

[2020-04-13 12:07:12 #9 type] 
Type domain.Profile is not enhanced.

[2020-04-13 12:07:15 #10 type] 
Type domain.Feedback is not enhanced.

------------------------------------------------------------------------------------------------------------------------

[2020-04-13 12:10:23 #1 store] 
Database 'C:\Users\Usuario\git\Sprint_2\Sprint_2\resources\bets.temp' is opened by 2708@DESKTOP-00OS7EM

[2020-04-13 12:10:23 #2 store] 
Configuration path: ?

[2020-04-13 12:10:23 #3 type] 
Type domain.Event is not enhanced.

[2020-04-13 12:10:23 #4 type] 
Type domain.Question is not enhanced.

[2020-04-13 12:10:23 #5 type] 
Type domain.Competition is not enhanced.

[2020-04-13 12:10:23 #6 type] 
Type domain.Prediction is not enhanced.

[2020-04-13 12:10:23 #7 type] 
Type domain.User is not enhanced.

[2020-04-13 12:10:23 #8 type] 
Type domain.Bet is not enhanced.

[2020-04-13 12:10:23 #9 type] 
Type domain.Profile is not enhanced.

[2020-04-13 12:10:27 #10 type] 
Type domain.Feedback is not enhanced.

------------------------------------------------------------------------------------------------------------------------

[2020-04-13 12:12:48 #1 store] 
Database 'C:\Users\Usuario\git\Sprint_2\Sprint_2\resources\bets.temp' is opened by 17020@DESKTOP-00OS7EM

[2020-04-13 12:12:48 #2 store] 
Configuration path: ?

[2020-04-13 12:12:48 #3 type] 
Type domain.Event is not enhanced.

[2020-04-13 12:12:48 #4 type] 
Type domain.Question is not enhanced.

[2020-04-13 12:12:48 #5 type] 
Type domain.Competition is not enhanced.

[2020-04-13 12:12:48 #6 type] 
Type domain.Prediction is not enhanced.

[2020-04-13 12:12:48 #7 type] 
Type domain.User is not enhanced.

[2020-04-13 12:12:48 #8 type] 
Type domain.Bet is not enhanced.

[2020-04-13 12:12:48 #9 type] 
Type domain.Profile is not enhanced.

[2020-04-13 12:12:52 #10 type] 
Type domain.Feedback is not enhanced.

------------------------------------------------------------------------------------------------------------------------

[2020-04-13 12:14:00 #1 store] 
Database 'C:\Users\Usuario\git\Sprint_2\Sprint_2\resources\bets.temp' is opened by 22632@DESKTOP-00OS7EM

[2020-04-13 12:14:00 #2 store] 
Configuration path: ?

[2020-04-13 12:14:00 #3 type] 
Type domain.Event is not enhanced.

[2020-04-13 12:14:00 #4 type] 
Type domain.Question is not enhanced.

[2020-04-13 12:14:00 #5 type] 
Type domain.Competition is not enhanced.

[2020-04-13 12:14:00 #6 type] 
Type domain.Prediction is not enhanced.

[2020-04-13 12:14:00 #7 type] 
Type domain.User is not enhanced.

[2020-04-13 12:14:00 #8 type] 
Type domain.Bet is not enhanced.

[2020-04-13 12:14:00 #9 type] 
Type domain.Profile is not enhanced.

[2020-04-13 12:14:03 #10 type] 
Type domain.Feedback is not enhanced.

------------------------------------------------------------------------------------------------------------------------

[2020-04-13 12:59:15 #1 store] 
Database 'C:\Users\Usuario\git\Sprint_2\Sprint_2\resources\bets.temp' is opened by 10044@DESKTOP-00OS7EM

[2020-04-13 12:59:15 #2 store] 
Configuration path: ?

[2020-04-13 12:59:15 #3 type] 
Type domain.Event is not enhanced.

[2020-04-13 12:59:15 #4 type] 
Type domain.Question is not enhanced.

[2020-04-13 12:59:15 #5 type] 
Type domain.Competition is not enhanced.

[2020-04-13 12:59:15 #6 type] 
Type domain.Prediction is not enhanced.

[2020-04-13 12:59:15 #7 type] 
Type domain.User is not enhanced.

[2020-04-13 12:59:15 #8 type] 
Type domain.Bet is not enhanced.

[2020-04-13 12:59:15 #9 type] 
Type domain.Profile is not enhanced.

[2020-04-13 12:59:19 #10 type] 
Type domain.Feedback is not enhanced.

------------------------------------------------------------------------------------------------------------------------

[2020-04-13 13:00:59 #1 store] 
Database 'C:\Users\Usuario\git\Sprint_2\Sprint_2\resources\bets.temp' is opened by 20212@DESKTOP-00OS7EM

[2020-04-13 13:00:59 #2 store] 
Configuration path: ?

[2020-04-13 13:00:59 #3 type] 
Type domain.Event is not enhanced.

[2020-04-13 13:00:59 #4 type] 
Type domain.Question is not enhanced.

[2020-04-13 13:00:59 #5 type] 
Type domain.Competition is not enhanced.

[2020-04-13 13:00:59 #6 type] 
Type domain.Prediction is not enhanced.

[2020-04-13 13:00:59 #7 type] 
Type domain.User is not enhanced.

[2020-04-13 13:00:59 #8 type] 
Type domain.Bet is not enhanced.

[2020-04-13 13:00:59 #9 type] 
Type domain.Profile is not enhanced.

[2020-04-13 13:01:03 #10 type] 
Type domain.Feedback is not enhanced.

------------------------------------------------------------------------------------------------------------------------

[2020-04-13 13:03:16 #1 store] 
Database 'C:\Users\Usuario\git\Sprint_2\Sprint_2\resources\bets.temp' is opened by 8672@DESKTOP-00OS7EM

[2020-04-13 13:03:16 #2 store] 
Configuration path: ?

[2020-04-13 13:03:16 #3 type] 
Type domain.Event is not enhanced.

[2020-04-13 13:03:16 #4 type] 
Type domain.Question is not enhanced.

[2020-04-13 13:03:16 #5 type] 
Type domain.Competition is not enhanced.

[2020-04-13 13:03:16 #6 type] 
Type domain.Prediction is not enhanced.

[2020-04-13 13:03:16 #7 type] 
Type domain.User is not enhanced.

[2020-04-13 13:03:16 #8 type] 
Type domain.Bet is not enhanced.

[2020-04-13 13:03:16 #9 type] 
Type domain.Profile is not enhanced.

[2020-04-13 13:03:22 #10 type] 
Type domain.Feedback is not enhanced.

------------------------------------------------------------------------------------------------------------------------

[2020-04-13 13:18:30 #1 store] 
Database 'C:\Users\Usuario\git\Sprint_2\Sprint_2\resources\bets.temp' is opened by 15348@DESKTOP-00OS7EM

[2020-04-13 13:18:30 #2 store] 
Configuration path: ?

[2020-04-13 13:18:30 #3 type] 
Type domain.Event is not enhanced.

[2020-04-13 13:18:30 #4 type] 
Type domain.Question is not enhanced.

[2020-04-13 13:18:30 #5 type] 
Type domain.Competition is not enhanced.

[2020-04-13 13:18:30 #6 type] 
Type domain.Prediction is not enhanced.

[2020-04-13 13:18:30 #7 type] 
Type domain.User is not enhanced.

[2020-04-13 13:18:30 #8 type] 
Type domain.Bet is not enhanced.

[2020-04-13 13:18:30 #9 type] 
Type domain.Profile is not enhanced.

[2020-04-13 13:18:34 #10 type] 
Type domain.Feedback is not enhanced.

------------------------------------------------------------------------------------------------------------------------

[2020-04-13 13:20:15 #1 store] 
Database 'C:\Users\Usuario\git\Sprint_2\Sprint_2\resources\bets.temp' is opened by 2648@DESKTOP-00OS7EM

[2020-04-13 13:20:15 #2 store] 
Configuration path: ?

[2020-04-13 13:20:15 #3 type] 
Type domain.Event is not enhanced.

[2020-04-13 13:20:15 #4 type] 
Type domain.Question is not enhanced.

[2020-04-13 13:20:15 #5 type] 
Type domain.Competition is not enhanced.

[2020-04-13 13:20:15 #6 type] 
Type domain.Prediction is not enhanced.

[2020-04-13 13:20:15 #7 type] 
Type domain.User is not enhanced.

[2020-04-13 13:20:15 #8 type] 
Type domain.Bet is not enhanced.

[2020-04-13 13:20:15 #9 type] 
Type domain.Profile is not enhanced.

[2020-04-13 13:20:19 #10 type] 
Type domain.Feedback is not enhanced.

------------------------------------------------------------------------------------------------------------------------

[2020-04-13 13:22:29 #1 store] 
Database 'C:\Users\Usuario\git\Sprint_2\Sprint_2\resources\bets.temp' is opened by 12372@DESKTOP-00OS7EM

[2020-04-13 13:22:29 #2 store] 
Configuration path: ?

[2020-04-13 13:22:30 #3 type] 
Type domain.Event is not enhanced.

[2020-04-13 13:22:30 #4 type] 
Type domain.Question is not enhanced.

[2020-04-13 13:22:30 #5 type] 
Type domain.Competition is not enhanced.

[2020-04-13 13:22:30 #6 type] 
Type domain.Prediction is not enhanced.

[2020-04-13 13:22:30 #7 type] 
Type domain.User is not enhanced.

[2020-04-13 13:22:30 #8 type] 
Type domain.Bet is not enhanced.

[2020-04-13 13:22:30 #9 type] 
Type domain.Profile is not enhanced.

[2020-04-13 13:22:33 #10 type] 
Type domain.Feedback is not enhanced.

------------------------------------------------------------------------------------------------------------------------

[2020-04-13 13:23:09 #1 store] 
Database 'C:\Users\Usuario\git\Sprint_2\Sprint_2\resources\bets.temp' is opened by 4320@DESKTOP-00OS7EM

[2020-04-13 13:23:09 #2 store] 
Configuration path: ?

[2020-04-13 13:23:09 #3 type] 
Type domain.Event is not enhanced.

[2020-04-13 13:23:09 #4 type] 
Type domain.Question is not enhanced.

[2020-04-13 13:23:09 #5 type] 
Type domain.Competition is not enhanced.

[2020-04-13 13:23:09 #6 type] 
Type domain.Prediction is not enhanced.

[2020-04-13 13:23:09 #7 type] 
Type domain.User is not enhanced.

[2020-04-13 13:23:09 #8 type] 
Type domain.Bet is not enhanced.

[2020-04-13 13:23:09 #9 type] 
Type domain.Profile is not enhanced.

[2020-04-13 13:23:13 #10 type] 
Type domain.Feedback is not enhanced.

------------------------------------------------------------------------------------------------------------------------

[2020-04-13 13:23:54 #1 store] 
Database 'C:\Users\Usuario\git\Sprint_2\Sprint_2\resources\bets.temp' is opened by 1304@DESKTOP-00OS7EM

[2020-04-13 13:23:54 #2 store] 
Configuration path: ?

[2020-04-13 13:23:54 #3 type] 
Type domain.Event is not enhanced.

[2020-04-13 13:23:54 #4 type] 
Type domain.Question is not enhanced.

[2020-04-13 13:23:54 #5 type] 
Type domain.Competition is not enhanced.

[2020-04-13 13:23:54 #6 type] 
Type domain.Prediction is not enhanced.

[2020-04-13 13:23:54 #7 type] 
Type domain.User is not enhanced.

[2020-04-13 13:23:54 #8 type] 
Type domain.Bet is not enhanced.

[2020-04-13 13:23:54 #9 type] 
Type domain.Profile is not enhanced.

[2020-04-13 13:24:02 #10 type] 
Type domain.Feedback is not enhanced.

------------------------------------------------------------------------------------------------------------------------

[2020-04-13 13:26:05 #1 store] 
Database 'C:\Users\Usuario\git\Sprint_2\Sprint_2\resources\bets.temp' is opened by 12064@DESKTOP-00OS7EM

[2020-04-13 13:26:05 #2 store] 
Configuration path: ?

[2020-04-13 13:26:06 #3 type] 
Type domain.Event is not enhanced.

[2020-04-13 13:26:06 #4 type] 
Type domain.Question is not enhanced.

[2020-04-13 13:26:06 #5 type] 
Type domain.Competition is not enhanced.

[2020-04-13 13:26:06 #6 type] 
Type domain.Prediction is not enhanced.

[2020-04-13 13:26:06 #7 type] 
Type domain.User is not enhanced.

[2020-04-13 13:26:06 #8 type] 
Type domain.Bet is not enhanced.

[2020-04-13 13:26:06 #9 type] 
Type domain.Profile is not enhanced.

[2020-04-13 13:26:10 #10 type] 
Type domain.Feedback is not enhanced.

------------------------------------------------------------------------------------------------------------------------

[2020-04-13 13:29:48 #1 store] 
Database 'C:\Users\Usuario\git\Sprint_2\Sprint_2\resources\bets.temp' is opened by 15516@DESKTOP-00OS7EM

[2020-04-13 13:29:48 #2 store] 
Configuration path: ?

[2020-04-13 13:29:48 #3 type] 
Type domain.Event is not enhanced.

[2020-04-13 13:29:48 #4 type] 
Type domain.Question is not enhanced.

[2020-04-13 13:29:48 #5 type] 
Type domain.Competition is not enhanced.

[2020-04-13 13:29:48 #6 type] 
Type domain.Prediction is not enhanced.

[2020-04-13 13:29:48 #7 type] 
Type domain.User is not enhanced.

[2020-04-13 13:29:48 #8 type] 
Type domain.Bet is not enhanced.

[2020-04-13 13:29:48 #9 type] 
Type domain.Profile is not enhanced.

[2020-04-13 13:29:53 #10 type] 
Type domain.Feedback is not enhanced.

------------------------------------------------------------------------------------------------------------------------

[2020-04-13 13:31:27 #1 store] 
Database 'C:\Users\Usuario\git\Sprint_2\Sprint_2\resources\bets.temp' is opened by 12136@DESKTOP-00OS7EM

[2020-04-13 13:31:27 #2 store] 
Configuration path: ?

[2020-04-13 13:31:27 #3 type] 
Type domain.Event is not enhanced.

[2020-04-13 13:31:27 #4 type] 
Type domain.Question is not enhanced.

[2020-04-13 13:31:27 #5 type] 
Type domain.Competition is not enhanced.

[2020-04-13 13:31:27 #6 type] 
Type domain.Prediction is not enhanced.

[2020-04-13 13:31:27 #7 type] 
Type domain.User is not enhanced.

[2020-04-13 13:31:27 #8 type] 
Type domain.Bet is not enhanced.

[2020-04-13 13:31:27 #9 type] 
Type domain.Profile is not enhanced.

[2020-04-13 13:31:32 #10 type] 
Type domain.Feedback is not enhanced.

------------------------------------------------------------------------------------------------------------------------

[2020-04-13 13:35:42 #1 store] 
Database 'C:\Users\Usuario\git\Sprint_2\Sprint_2\resources\bets.temp' is opened by 20048@DESKTOP-00OS7EM

[2020-04-13 13:35:42 #2 store] 
Configuration path: ?

[2020-04-13 13:35:42 #3 type] 
Type domain.Event is not enhanced.

[2020-04-13 13:35:42 #4 type] 
Type domain.Question is not enhanced.

[2020-04-13 13:35:42 #5 type] 
Type domain.Competition is not enhanced.

[2020-04-13 13:35:42 #6 type] 
Type domain.Prediction is not enhanced.

[2020-04-13 13:35:42 #7 type] 
Type domain.User is not enhanced.

[2020-04-13 13:35:42 #8 type] 
Type domain.Bet is not enhanced.

[2020-04-13 13:35:42 #9 type] 
Type domain.Profile is not enhanced.

[2020-04-13 13:35:48 #10 type] 
Type domain.Feedback is not enhanced.

------------------------------------------------------------------------------------------------------------------------

[2020-04-13 13:36:42 #1 store] 
Database 'C:\Users\Usuario\git\Sprint_2\Sprint_2\resources\bets.temp' is opened by 13288@DESKTOP-00OS7EM

[2020-04-13 13:36:42 #2 store] 
Configuration path: ?

[2020-04-13 13:36:42 #3 type] 
Type domain.Event is not enhanced.

[2020-04-13 13:36:42 #4 type] 
Type domain.Question is not enhanced.

[2020-04-13 13:36:42 #5 type] 
Type domain.Competition is not enhanced.

[2020-04-13 13:36:42 #6 type] 
Type domain.Prediction is not enhanced.

[2020-04-13 13:36:42 #7 type] 
Type domain.User is not enhanced.

[2020-04-13 13:36:42 #8 type] 
Type domain.Bet is not enhanced.

[2020-04-13 13:36:42 #9 type] 
Type domain.Profile is not enhanced.

[2020-04-13 13:36:45 #10 type] 
Type domain.Feedback is not enhanced.

------------------------------------------------------------------------------------------------------------------------

[2020-04-13 13:38:19 #1 store] 
Database 'C:\Users\Usuario\git\Sprint_2\Sprint_2\resources\bets.temp' is opened by 23172@DESKTOP-00OS7EM

[2020-04-13 13:38:19 #2 store] 
Configuration path: ?

[2020-04-13 13:38:19 #3 type] 
Type domain.Event is not enhanced.

[2020-04-13 13:38:19 #4 type] 
Type domain.Question is not enhanced.

[2020-04-13 13:38:19 #5 type] 
Type domain.Competition is not enhanced.

[2020-04-13 13:38:19 #6 type] 
Type domain.Prediction is not enhanced.

[2020-04-13 13:38:19 #7 type] 
Type domain.User is not enhanced.

[2020-04-13 13:38:19 #8 type] 
Type domain.Bet is not enhanced.

[2020-04-13 13:38:19 #9 type] 
Type domain.Profile is not enhanced.

[2020-04-13 13:38:23 #10 type] 
Type domain.Feedback is not enhanced.

------------------------------------------------------------------------------------------------------------------------

[2020-04-13 13:38:39 #1 store] 
Database 'C:\Users\Usuario\git\Sprint_2\Sprint_2\resources\bets.temp' is opened by 8020@DESKTOP-00OS7EM

[2020-04-13 13:38:39 #2 store] 
Configuration path: ?

[2020-04-13 13:38:39 #3 type] 
Type domain.Event is not enhanced.

[2020-04-13 13:38:39 #4 type] 
Type domain.Question is not enhanced.

[2020-04-13 13:38:39 #5 type] 
Type domain.Competition is not enhanced.

[2020-04-13 13:38:39 #6 type] 
Type domain.Prediction is not enhanced.

[2020-04-13 13:38:39 #7 type] 
Type domain.User is not enhanced.

[2020-04-13 13:38:39 #8 type] 
Type domain.Bet is not enhanced.

[2020-04-13 13:38:39 #9 type] 
Type domain.Profile is not enhanced.

[2020-04-13 13:38:45 #10 type] 
Type domain.Feedback is not enhanced.

------------------------------------------------------------------------------------------------------------------------

[2020-04-13 13:40:34 #1 store] 
Database 'C:\Users\Usuario\git\Sprint_2\Sprint_2\resources\bets.temp' is opened by 12576@DESKTOP-00OS7EM

[2020-04-13 13:40:34 #2 store] 
Configuration path: ?

[2020-04-13 13:40:35 #3 type] 
Type domain.Event is not enhanced.

[2020-04-13 13:40:35 #4 type] 
Type domain.Question is not enhanced.

[2020-04-13 13:40:35 #5 type] 
Type domain.Competition is not enhanced.

[2020-04-13 13:40:35 #6 type] 
Type domain.Prediction is not enhanced.

[2020-04-13 13:40:35 #7 type] 
Type domain.User is not enhanced.

[2020-04-13 13:40:35 #8 type] 
Type domain.Bet is not enhanced.

[2020-04-13 13:40:35 #9 type] 
Type domain.Profile is not enhanced.

[2020-04-13 13:40:39 #10 type] 
Type domain.Feedback is not enhanced.

------------------------------------------------------------------------------------------------------------------------

[2020-04-13 13:41:24 #1 store] 
Database 'C:\Users\Usuario\git\Sprint_2\Sprint_2\resources\bets.temp' is opened by 14960@DESKTOP-00OS7EM

[2020-04-13 13:41:24 #2 store] 
Configuration path: ?

[2020-04-13 13:41:24 #3 type] 
Type domain.Event is not enhanced.

[2020-04-13 13:41:24 #4 type] 
Type domain.Question is not enhanced.

[2020-04-13 13:41:24 #5 type] 
Type domain.Competition is not enhanced.

[2020-04-13 13:41:24 #6 type] 
Type domain.Prediction is not enhanced.

[2020-04-13 13:41:24 #7 type] 
Type domain.User is not enhanced.

[2020-04-13 13:41:24 #8 type] 
Type domain.Bet is not enhanced.

[2020-04-13 13:41:24 #9 type] 
Type domain.Profile is not enhanced.

[2020-04-13 13:41:28 #10 type] 
Type domain.Feedback is not enhanced.

------------------------------------------------------------------------------------------------------------------------

[2020-04-13 13:44:01 #1 store] 
Database 'C:\Users\Usuario\git\Sprint_2\Sprint_2\resources\bets.temp' is opened by 14308@DESKTOP-00OS7EM

[2020-04-13 13:44:01 #2 store] 
Configuration path: ?

[2020-04-13 13:44:01 #3 type] 
Type domain.Event is not enhanced.

[2020-04-13 13:44:01 #4 type] 
Type domain.Question is not enhanced.

[2020-04-13 13:44:01 #5 type] 
Type domain.Competition is not enhanced.

[2020-04-13 13:44:01 #6 type] 
Type domain.Prediction is not enhanced.

[2020-04-13 13:44:01 #7 type] 
Type domain.User is not enhanced.

[2020-04-13 13:44:01 #8 type] 
Type domain.Bet is not enhanced.

[2020-04-13 13:44:01 #9 type] 
Type domain.Profile is not enhanced.

[2020-04-13 13:44:05 #10 type] 
Type domain.Feedback is not enhanced.

------------------------------------------------------------------------------------------------------------------------

[2020-04-13 13:59:19 #1 store] 
Database 'C:\Users\Usuario\git\Sprint_2\Sprint_2\resources\bets.temp' is opened by 7844@DESKTOP-00OS7EM

[2020-04-13 13:59:19 #2 store] 
Configuration path: ?

[2020-04-13 13:59:20 #3 type] 
Type domain.Event is not enhanced.

[2020-04-13 13:59:20 #4 type] 
Type domain.Question is not enhanced.

[2020-04-13 13:59:20 #5 type] 
Type domain.Competition is not enhanced.

[2020-04-13 13:59:20 #6 type] 
Type domain.Prediction is not enhanced.

[2020-04-13 13:59:20 #7 type] 
Type domain.User is not enhanced.

[2020-04-13 13:59:20 #8 type] 
Type domain.Bet is not enhanced.

[2020-04-13 13:59:20 #9 type] 
Type domain.Profile is not enhanced.

[2020-04-13 13:59:24 #10 type] 
Type domain.Feedback is not enhanced.

------------------------------------------------------------------------------------------------------------------------

[2020-04-13 15:35:50 #1 store] 
Database 'C:\Users\Usuario\git\Sprint_2\Sprint_2\resources\bets.temp' is opened by 5504@DESKTOP-00OS7EM

[2020-04-13 15:35:50 #2 store] 
Configuration path: ?

[2020-04-13 15:35:51 #3 type] 
Type domain.Event is not enhanced.

[2020-04-13 15:35:51 #4 type] 
Type domain.Question is not enhanced.

[2020-04-13 15:35:51 #5 type] 
Type domain.Competition is not enhanced.

[2020-04-13 15:35:51 #6 type] 
Type domain.Prediction is not enhanced.

[2020-04-13 15:35:51 #7 type] 
Type domain.User is not enhanced.

[2020-04-13 15:35:51 #8 type] 
Type domain.Bet is not enhanced.

[2020-04-13 15:35:51 #9 type] 
Type domain.Profile is not enhanced.

------------------------------------------------------------------------------------------------------------------------

[2020-04-13 16:03:07 #1 store] 
Database 'C:\Users\Usuario\git\Sprint_2\Sprint_2\resources\bets.temp' is opened by 6764@DESKTOP-00OS7EM

[2020-04-13 16:03:07 #2 store] 
Configuration path: ?

[2020-04-13 16:03:07 #3 type] 
Type domain.Event is not enhanced.

[2020-04-13 16:03:07 #4 type] 
Type domain.Question is not enhanced.

[2020-04-13 16:03:07 #5 type] 
Type domain.Competition is not enhanced.

[2020-04-13 16:03:07 #6 type] 
Type domain.Prediction is not enhanced.

[2020-04-13 16:03:07 #7 type] 
Type domain.User is not enhanced.

[2020-04-13 16:03:07 #8 type] 
Type domain.Bet is not enhanced.

[2020-04-13 16:03:07 #9 type] 
Type domain.Profile is not enhanced.

------------------------------------------------------------------------------------------------------------------------

[2020-04-13 16:08:49 #1 store] 
Database 'C:\Users\Usuario\git\Sprint_2\Sprint_2\resources\bets.temp' is opened by 7076@DESKTOP-00OS7EM

[2020-04-13 16:08:49 #2 store] 
Configuration path: ?

[2020-04-13 16:08:49 #3 type] 
Type domain.Event is not enhanced.

[2020-04-13 16:08:49 #4 type] 
Type domain.Question is not enhanced.

[2020-04-13 16:08:49 #5 type] 
Type domain.Competition is not enhanced.

[2020-04-13 16:08:49 #6 type] 
Type domain.Prediction is not enhanced.

[2020-04-13 16:08:49 #7 type] 
Type domain.User is not enhanced.

[2020-04-13 16:08:49 #8 type] 
Type domain.Bet is not enhanced.

[2020-04-13 16:08:49 #9 type] 
Type domain.Profile is not enhanced.

[2020-04-13 16:08:54 #10 type] 
Type domain.Feedback is not enhanced.

------------------------------------------------------------------------------------------------------------------------

[2020-04-13 17:59:01 #1 store] 
Database 'C:\Users\Usuario\git\Sprint_2\Sprint_2\resources\bets.temp' is opened by 9460@DESKTOP-00OS7EM

[2020-04-13 17:59:01 #2 store] 
Configuration path: ?

[2020-04-13 17:59:01 #3 type] 
Type domain.Event is not enhanced.

[2020-04-13 17:59:01 #4 type] 
Type domain.Question is not enhanced.

[2020-04-13 17:59:01 #5 type] 
Type domain.Competition is not enhanced.

[2020-04-13 17:59:01 #6 type] 
Type domain.Prediction is not enhanced.

[2020-04-13 17:59:01 #7 type] 
Type domain.User is not enhanced.

[2020-04-13 17:59:01 #8 type] 
Type domain.Bet is not enhanced.

[2020-04-13 17:59:01 #9 type] 
Type domain.Profile is not enhanced.

------------------------------------------------------------------------------------------------------------------------

[2020-04-13 17:59:06 #1 store] 
Database 'C:\Users\Usuario\git\Sprint_2\Sprint_2\resources\bets.temp' is opened by 20188@DESKTOP-00OS7EM

[2020-04-13 17:59:06 #2 store] 
Configuration path: ?

[2020-04-13 17:59:06 #3 type] 
Type domain.Event is not enhanced.

[2020-04-13 17:59:06 #4 type] 
Type domain.Question is not enhanced.

[2020-04-13 17:59:06 #5 type] 
Type domain.Competition is not enhanced.

[2020-04-13 17:59:06 #6 type] 
Type domain.Prediction is not enhanced.

[2020-04-13 17:59:06 #7 type] 
Type domain.User is not enhanced.

[2020-04-13 17:59:06 #8 type] 
Type domain.Bet is not enhanced.

[2020-04-13 17:59:06 #9 type] 
Type domain.Profile is not enhanced.

------------------------------------------------------------------------------------------------------------------------

[2020-04-13 17:59:10 #1 store] 
Database 'C:\Users\Usuario\git\Sprint_2\Sprint_2\resources\bets.temp' is opened by 7436@DESKTOP-00OS7EM

[2020-04-13 17:59:10 #2 store] 
Configuration path: ?

[2020-04-13 17:59:10 #3 type] 
Type domain.Event is not enhanced.

[2020-04-13 17:59:10 #4 type] 
Type domain.Question is not enhanced.

[2020-04-13 17:59:10 #5 type] 
Type domain.Competition is not enhanced.

[2020-04-13 17:59:10 #6 type] 
Type domain.Prediction is not enhanced.

[2020-04-13 17:59:10 #7 type] 
Type domain.User is not enhanced.

[2020-04-13 17:59:10 #8 type] 
Type domain.Bet is not enhanced.

[2020-04-13 17:59:10 #9 type] 
Type domain.Profile is not enhanced.

------------------------------------------------------------------------------------------------------------------------

[2020-04-13 17:59:14 #1 store] 
Database 'C:\Users\Usuario\git\Sprint_2\Sprint_2\resources\bets.temp' is opened by 12352@DESKTOP-00OS7EM

[2020-04-13 17:59:14 #2 store] 
Configuration path: ?

[2020-04-13 17:59:14 #3 type] 
Type domain.Event is not enhanced.

[2020-04-13 17:59:14 #4 type] 
Type domain.Question is not enhanced.

[2020-04-13 17:59:14 #5 type] 
Type domain.Competition is not enhanced.

[2020-04-13 17:59:14 #6 type] 
Type domain.Prediction is not enhanced.

[2020-04-13 17:59:14 #7 type] 
Type domain.User is not enhanced.

[2020-04-13 17:59:14 #8 type] 
Type domain.Bet is not enhanced.

[2020-04-13 17:59:14 #9 type] 
Type domain.Profile is not enhanced.

------------------------------------------------------------------------------------------------------------------------

[2020-04-13 17:59:18 #1 store] 
Database 'C:\Users\Usuario\git\Sprint_2\Sprint_2\resources\bets.temp' is opened by 13248@DESKTOP-00OS7EM

[2020-04-13 17:59:18 #2 store] 
Configuration path: ?

[2020-04-13 17:59:18 #3 type] 
Type domain.Event is not enhanced.

[2020-04-13 17:59:18 #4 type] 
Type domain.Question is not enhanced.

[2020-04-13 17:59:18 #5 type] 
Type domain.Competition is not enhanced.

[2020-04-13 17:59:18 #6 type] 
Type domain.Prediction is not enhanced.

[2020-04-13 17:59:18 #7 type] 
Type domain.User is not enhanced.

[2020-04-13 17:59:18 #8 type] 
Type domain.Bet is not enhanced.

[2020-04-13 17:59:18 #9 type] 
Type domain.Profile is not enhanced.

------------------------------------------------------------------------------------------------------------------------

[2020-04-13 17:59:21 #1 store] 
Database 'C:\Users\Usuario\git\Sprint_2\Sprint_2\resources\bets.temp' is opened by 13628@DESKTOP-00OS7EM

[2020-04-13 17:59:21 #2 store] 
Configuration path: ?

[2020-04-13 17:59:21 #3 type] 
Type domain.Event is not enhanced.

[2020-04-13 17:59:21 #4 type] 
Type domain.Question is not enhanced.

[2020-04-13 17:59:21 #5 type] 
Type domain.Competition is not enhanced.

[2020-04-13 17:59:21 #6 type] 
Type domain.Prediction is not enhanced.

[2020-04-13 17:59:21 #7 type] 
Type domain.User is not enhanced.

[2020-04-13 17:59:21 #8 type] 
Type domain.Bet is not enhanced.

[2020-04-13 17:59:21 #9 type] 
Type domain.Profile is not enhanced.

------------------------------------------------------------------------------------------------------------------------

[2020-04-13 18:01:21 #1 store] 
Database 'C:\Users\Usuario\git\Sprint_2\Sprint_2\resources\bets.temp' is opened by 11944@DESKTOP-00OS7EM

[2020-04-13 18:01:21 #2 store] 
Configuration path: ?

[2020-04-13 18:01:21 #3 type] 
Type domain.Event is not enhanced.

[2020-04-13 18:01:21 #4 type] 
Type domain.Question is not enhanced.

[2020-04-13 18:01:21 #5 type] 
Type domain.Competition is not enhanced.

[2020-04-13 18:01:21 #6 type] 
Type domain.Prediction is not enhanced.

[2020-04-13 18:01:21 #7 type] 
Type domain.User is not enhanced.

[2020-04-13 18:01:21 #8 type] 
Type domain.Bet is not enhanced.

[2020-04-13 18:01:21 #9 type] 
Type domain.Profile is not enhanced.

[2020-04-13 18:03:48 #10 type] 
Type domain.Feedback is not enhanced.

------------------------------------------------------------------------------------------------------------------------

[2020-04-13 18:54:27 #1 store] 
Database 'C:\Users\Usuario\git\Sprint_2\Sprint_2\resources\bets.temp' is opened by 5404@DESKTOP-00OS7EM

[2020-04-13 18:54:27 #2 store] 
Configuration path: ?

[2020-04-13 18:54:27 #3 type] 
Type domain.Event is not enhanced.

[2020-04-13 18:54:27 #4 type] 
Type domain.Question is not enhanced.

[2020-04-13 18:54:27 #5 type] 
Type domain.Competition is not enhanced.

[2020-04-13 18:54:27 #6 type] 
Type domain.Prediction is not enhanced.

[2020-04-13 18:54:27 #7 type] 
Type domain.User is not enhanced.

[2020-04-13 18:54:27 #8 type] 
Type domain.Bet is not enhanced.

[2020-04-13 18:54:27 #9 type] 
Type domain.Profile is not enhanced.

[2020-04-13 18:54:31 #10 type] 
Type domain.Feedback is not enhanced.

------------------------------------------------------------------------------------------------------------------------

[2020-04-13 18:55:26 #1 store] 
Database 'C:\Users\Usuario\git\Sprint_2\Sprint_2\resources\bets.temp' is opened by 8416@DESKTOP-00OS7EM

[2020-04-13 18:55:26 #2 store] 
Configuration path: ?

[2020-04-13 18:55:26 #3 type] 
Type domain.Event is not enhanced.

[2020-04-13 18:55:26 #4 type] 
Type domain.Question is not enhanced.

[2020-04-13 18:55:26 #5 type] 
Type domain.Competition is not enhanced.

[2020-04-13 18:55:26 #6 type] 
Type domain.Prediction is not enhanced.

[2020-04-13 18:55:26 #7 type] 
Type domain.User is not enhanced.

[2020-04-13 18:55:26 #8 type] 
Type domain.Bet is not enhanced.

[2020-04-13 18:55:26 #9 type] 
Type domain.Profile is not enhanced.

------------------------------------------------------------------------------------------------------------------------

[2020-04-13 18:56:28 #1 store] 
Database 'C:\Users\Usuario\git\Sprint_2\Sprint_2\resources\bets.temp' is opened by 6744@DESKTOP-00OS7EM

[2020-04-13 18:56:28 #2 store] 
Configuration path: ?

[2020-04-13 18:56:28 #3 type] 
Type domain.Event is not enhanced.

[2020-04-13 18:56:28 #4 type] 
Type domain.Question is not enhanced.

[2020-04-13 18:56:28 #5 type] 
Type domain.Competition is not enhanced.

[2020-04-13 18:56:28 #6 type] 
Type domain.Prediction is not enhanced.

[2020-04-13 18:56:28 #7 type] 
Type domain.User is not enhanced.

[2020-04-13 18:56:28 #8 type] 
Type domain.Bet is not enhanced.

[2020-04-13 18:56:28 #9 type] 
Type domain.Profile is not enhanced.

------------------------------------------------------------------------------------------------------------------------

[2020-04-13 18:57:28 #1 store] 
Database 'C:\Users\Usuario\git\Sprint_2\Sprint_2\resources\bets.temp' is opened by 21544@DESKTOP-00OS7EM

[2020-04-13 18:57:28 #2 store] 
Configuration path: ?

[2020-04-13 18:57:28 #3 type] 
Type domain.Event is not enhanced.

[2020-04-13 18:57:28 #4 type] 
Type domain.Question is not enhanced.

[2020-04-13 18:57:28 #5 type] 
Type domain.Competition is not enhanced.

[2020-04-13 18:57:28 #6 type] 
Type domain.Prediction is not enhanced.

[2020-04-13 18:57:28 #7 type] 
Type domain.User is not enhanced.

[2020-04-13 18:57:28 #8 type] 
Type domain.Bet is not enhanced.

[2020-04-13 18:57:28 #9 type] 
Type domain.Profile is not enhanced.

------------------------------------------------------------------------------------------------------------------------

[2020-04-13 18:59:11 #1 store] 
Database 'C:\Users\Usuario\git\Sprint_2\Sprint_2\resources\bets.temp' is opened by 20552@DESKTOP-00OS7EM

[2020-04-13 18:59:11 #2 store] 
Configuration path: ?

[2020-04-13 18:59:11 #3 type] 
Type domain.Event is not enhanced.

[2020-04-13 18:59:11 #4 type] 
Type domain.Question is not enhanced.

[2020-04-13 18:59:11 #5 type] 
Type domain.Competition is not enhanced.

[2020-04-13 18:59:11 #6 type] 
Type domain.Prediction is not enhanced.

[2020-04-13 18:59:11 #7 type] 
Type domain.User is not enhanced.

[2020-04-13 18:59:11 #8 type] 
Type domain.Bet is not enhanced.

[2020-04-13 18:59:11 #9 type] 
Type domain.Profile is not enhanced.

[2020-04-13 18:59:20 #10 type] 
Type domain.Feedback is not enhanced.

------------------------------------------------------------------------------------------------------------------------

[2020-04-13 19:04:07 #1 store] 
Database 'C:\Users\Usuario\git\Sprint_2\Sprint_2\resources\bets.temp' is opened by 2424@DESKTOP-00OS7EM

[2020-04-13 19:04:07 #2 store] 
Configuration path: ?

[2020-04-13 19:04:07 #3 type] 
Type domain.Event is not enhanced.

[2020-04-13 19:04:07 #4 type] 
Type domain.Question is not enhanced.

[2020-04-13 19:04:07 #5 type] 
Type domain.Competition is not enhanced.

[2020-04-13 19:04:07 #6 type] 
Type domain.Prediction is not enhanced.

[2020-04-13 19:04:07 #7 type] 
Type domain.User is not enhanced.

[2020-04-13 19:04:07 #8 type] 
Type domain.Bet is not enhanced.

[2020-04-13 19:04:07 #9 type] 
Type domain.Profile is not enhanced.

[2020-04-13 19:04:11 #10 type] 
Type domain.Feedback is not enhanced.

------------------------------------------------------------------------------------------------------------------------

[2020-04-13 19:06:09 #1 store] 
Database 'C:\Users\Usuario\git\Sprint_2\Sprint_2\resources\bets.temp' is opened by 16560@DESKTOP-00OS7EM

[2020-04-13 19:06:09 #2 store] 
Configuration path: ?

[2020-04-13 19:06:09 #3 type] 
Type domain.Event is not enhanced.

[2020-04-13 19:06:09 #4 type] 
Type domain.Question is not enhanced.

[2020-04-13 19:06:09 #5 type] 
Type domain.Competition is not enhanced.

[2020-04-13 19:06:09 #6 type] 
Type domain.Prediction is not enhanced.

[2020-04-13 19:06:09 #7 type] 
Type domain.User is not enhanced.

[2020-04-13 19:06:09 #8 type] 
Type domain.Bet is not enhanced.

[2020-04-13 19:06:09 #9 type] 
Type domain.Profile is not enhanced.

[2020-04-13 19:06:13 #10 type] 
Type domain.Feedback is not enhanced.

------------------------------------------------------------------------------------------------------------------------

[2020-04-13 19:07:22 #1 store] 
Database 'C:\Users\Usuario\git\Sprint_2\Sprint_2\resources\bets.temp' is opened by 504@DESKTOP-00OS7EM

[2020-04-13 19:07:22 #2 store] 
Configuration path: ?

[2020-04-13 19:07:22 #3 type] 
Type domain.Event is not enhanced.

[2020-04-13 19:07:22 #4 type] 
Type domain.Question is not enhanced.

[2020-04-13 19:07:22 #5 type] 
Type domain.Competition is not enhanced.

[2020-04-13 19:07:22 #6 type] 
Type domain.Prediction is not enhanced.

[2020-04-13 19:07:22 #7 type] 
Type domain.User is not enhanced.

[2020-04-13 19:07:22 #8 type] 
Type domain.Bet is not enhanced.

[2020-04-13 19:07:22 #9 type] 
Type domain.Profile is not enhanced.

[2020-04-13 19:07:27 #10 type] 
Type domain.Feedback is not enhanced.

------------------------------------------------------------------------------------------------------------------------

[2020-04-13 19:08:05 #1 store] 
Database 'C:\Users\Usuario\git\Sprint_2\Sprint_2\resources\bets.temp' is opened by 7728@DESKTOP-00OS7EM

[2020-04-13 19:08:05 #2 store] 
Configuration path: ?

[2020-04-13 19:08:05 #3 type] 
Type domain.Event is not enhanced.

[2020-04-13 19:08:05 #4 type] 
Type domain.Question is not enhanced.

[2020-04-13 19:08:05 #5 type] 
Type domain.Competition is not enhanced.

[2020-04-13 19:08:05 #6 type] 
Type domain.Prediction is not enhanced.

[2020-04-13 19:08:05 #7 type] 
Type domain.User is not enhanced.

[2020-04-13 19:08:05 #8 type] 
Type domain.Bet is not enhanced.

[2020-04-13 19:08:05 #9 type] 
Type domain.Profile is not enhanced.

[2020-04-13 19:08:08 #10 type] 
Type domain.Feedback is not enhanced.

------------------------------------------------------------------------------------------------------------------------

[2020-04-13 19:13:08 #1 store] 
Database 'C:\Users\Usuario\git\Sprint_2\Sprint_2\resources\bets.temp' is opened by 21320@DESKTOP-00OS7EM

[2020-04-13 19:13:08 #2 store] 
Configuration path: ?

[2020-04-13 19:13:08 #3 type] 
Type domain.Event is not enhanced.

[2020-04-13 19:13:08 #4 type] 
Type domain.Question is not enhanced.

[2020-04-13 19:13:08 #5 type] 
Type domain.Competition is not enhanced.

[2020-04-13 19:13:08 #6 type] 
Type domain.Prediction is not enhanced.

[2020-04-13 19:13:08 #7 type] 
Type domain.User is not enhanced.

[2020-04-13 19:13:08 #8 type] 
Type domain.Bet is not enhanced.

[2020-04-13 19:13:08 #9 type] 
Type domain.Profile is not enhanced.

[2020-04-13 19:13:11 #10 type] 
Type domain.Feedback is not enhanced.

------------------------------------------------------------------------------------------------------------------------

[2020-04-13 19:18:23 #1 store] 
Database 'C:\Users\Usuario\git\Sprint_2\Sprint_2\resources\bets.temp' is opened by 10820@DESKTOP-00OS7EM

[2020-04-13 19:18:23 #2 store] 
Configuration path: ?

[2020-04-13 19:18:23 #3 type] 
Type domain.Event is not enhanced.

[2020-04-13 19:18:23 #4 type] 
Type domain.Question is not enhanced.

[2020-04-13 19:18:23 #5 type] 
Type domain.Competition is not enhanced.

[2020-04-13 19:18:23 #6 type] 
Type domain.Prediction is not enhanced.

[2020-04-13 19:18:23 #7 type] 
Type domain.User is not enhanced.

[2020-04-13 19:18:23 #8 type] 
Type domain.Bet is not enhanced.

[2020-04-13 19:18:23 #9 type] 
Type domain.Profile is not enhanced.

------------------------------------------------------------------------------------------------------------------------

[2020-04-13 19:20:55 #1 store] 
Database 'C:\Users\Usuario\git\Sprint_2\Sprint_2\resources\bets.temp' is opened by 19048@DESKTOP-00OS7EM

[2020-04-13 19:20:55 #2 store] 
Configuration path: ?

[2020-04-13 19:20:55 #3 type] 
Type domain.Event is not enhanced.

[2020-04-13 19:20:55 #4 type] 
Type domain.Question is not enhanced.

[2020-04-13 19:20:55 #5 type] 
Type domain.Competition is not enhanced.

[2020-04-13 19:20:55 #6 type] 
Type domain.Prediction is not enhanced.

[2020-04-13 19:20:55 #7 type] 
Type domain.User is not enhanced.

[2020-04-13 19:20:55 #8 type] 
Type domain.Bet is not enhanced.

[2020-04-13 19:20:55 #9 type] 
Type domain.Profile is not enhanced.

[2020-04-13 19:21:29 #10 type] 
Type domain.Feedback is not enhanced.

------------------------------------------------------------------------------------------------------------------------

[2020-04-13 19:24:06 #1 store] 
Database 'C:\Users\Usuario\git\Sprint_2\Sprint_2\resources\bets.temp' is opened by 15800@DESKTOP-00OS7EM

[2020-04-13 19:24:06 #2 store] 
Configuration path: ?

[2020-04-13 19:24:06 #3 type] 
Type domain.Event is not enhanced.

[2020-04-13 19:24:06 #4 type] 
Type domain.Question is not enhanced.

[2020-04-13 19:24:06 #5 type] 
Type domain.Competition is not enhanced.

[2020-04-13 19:24:06 #6 type] 
Type domain.Prediction is not enhanced.

[2020-04-13 19:24:06 #7 type] 
Type domain.User is not enhanced.

[2020-04-13 19:24:06 #8 type] 
Type domain.Bet is not enhanced.

[2020-04-13 19:24:06 #9 type] 
Type domain.Profile is not enhanced.

------------------------------------------------------------------------------------------------------------------------

[2020-04-13 20:41:54 #1 store] 
Database 'C:\Users\Usuario\git\Sprint_2\Sprint_2\resources\bets.temp' is opened by 18944@DESKTOP-00OS7EM

[2020-04-13 20:41:54 #2 store] 
Configuration path: ?

[2020-04-13 20:41:54 #3 type] 
Type domain.Event is not enhanced.

[2020-04-13 20:41:54 #4 type] 
Type domain.Question is not enhanced.

[2020-04-13 20:41:54 #5 type] 
Type domain.Competition is not enhanced.

[2020-04-13 20:41:54 #6 type] 
Type domain.Prediction is not enhanced.

[2020-04-13 20:41:54 #7 type] 
Type domain.User is not enhanced.

[2020-04-13 20:41:54 #8 type] 
Type domain.Bet is not enhanced.

[2020-04-13 20:41:54 #9 type] 
Type domain.Profile is not enhanced.

------------------------------------------------------------------------------------------------------------------------

[2020-04-13 22:19:33 #1 store] 
Database 'C:\Users\Usuario\git\Sprint_2\Sprint_2\resources\bets.temp' is opened by 19348@DESKTOP-00OS7EM

[2020-04-13 22:19:33 #2 store] 
Configuration path: ?

[2020-04-13 22:19:33 #3 type] 
Type domain.Event is not enhanced.

[2020-04-13 22:19:33 #4 type] 
Type domain.Question is not enhanced.

[2020-04-13 22:19:33 #5 type] 
Type domain.Competition is not enhanced.

[2020-04-13 22:19:33 #6 type] 
Type domain.Prediction is not enhanced.

[2020-04-13 22:19:33 #7 type] 
Type domain.User is not enhanced.

[2020-04-13 22:19:33 #8 type] 
Type domain.Bet is not enhanced.

[2020-04-13 22:19:33 #9 type] 
Type domain.Profile is not enhanced.

