------------------------------------------------------------------------------------------------------------------------

[2020-05-19 00:33:41 #1 store] 
Database 'C:\Users\Usuario\git\BetAndRuin\BetAndRuin\resources\bets.temp' is opened by 8480@DESKTOP-00OS7EM

[2020-05-19 00:33:41 #2 store] 
Configuration path: ?

[2020-05-19 00:33:42 #3 type] 
Type domain.Event is not enhanced.

[2020-05-19 00:33:42 #4 type] 
Type domain.Question is not enhanced.

[2020-05-19 00:33:42 #5 type] 
Type domain.Competition is not enhanced.

[2020-05-19 00:33:42 #6 type] 
Type domain.Prediction is not enhanced.

[2020-05-19 00:33:42 #7 type] 
Type domain.User is not enhanced.

[2020-05-19 00:33:42 #8 type] 
Type domain.CreditCard is not enhanced.

[2020-05-19 00:33:42 #9 type] 
Type domain.Bet is not enhanced.

[2020-05-19 00:33:42 #10 type] 
Type domain.Profile is not enhanced.

------------------------------------------------------------------------------------------------------------------------

[2020-05-19 00:36:58 #1 store] 
Database 'C:\Users\Usuario\git\BetAndRuin\BetAndRuin\resources\bets.temp' is opened by 16252@DESKTOP-00OS7EM

[2020-05-19 00:36:58 #2 store] 
Configuration path: ?

[2020-05-19 00:36:58 #3 type] 
Type domain.Event is not enhanced.

[2020-05-19 00:36:58 #4 type] 
Type domain.Question is not enhanced.

[2020-05-19 00:36:58 #5 type] 
Type domain.Competition is not enhanced.

[2020-05-19 00:36:58 #6 type] 
Type domain.Prediction is not enhanced.

[2020-05-19 00:36:58 #7 type] 
Type domain.User is not enhanced.

[2020-05-19 00:36:58 #8 type] 
Type domain.CreditCard is not enhanced.

[2020-05-19 00:36:58 #9 type] 
Type domain.Bet is not enhanced.

[2020-05-19 00:36:58 #10 type] 
Type domain.Profile is not enhanced.

------------------------------------------------------------------------------------------------------------------------

[2020-05-19 00:37:39 #1 store] 
Database 'C:\Users\Usuario\git\BetAndRuin\BetAndRuin\resources\bets.temp' is opened by 14660@DESKTOP-00OS7EM

[2020-05-19 00:37:39 #2 store] 
Configuration path: ?

[2020-05-19 00:37:39 #3 type] 
Type domain.Event is not enhanced.

[2020-05-19 00:37:39 #4 type] 
Type domain.Question is not enhanced.

[2020-05-19 00:37:39 #5 type] 
Type domain.Competition is not enhanced.

[2020-05-19 00:37:39 #6 type] 
Type domain.Prediction is not enhanced.

[2020-05-19 00:37:39 #7 type] 
Type domain.User is not enhanced.

[2020-05-19 00:37:39 #8 type] 
Type domain.CreditCard is not enhanced.

[2020-05-19 00:37:39 #9 type] 
Type domain.Bet is not enhanced.

[2020-05-19 00:37:39 #10 type] 
Type domain.Profile is not enhanced.

------------------------------------------------------------------------------------------------------------------------

[2020-05-19 00:41:58 #1 store] 
Database 'C:\Users\Usuario\git\BetAndRuin\BetAndRuin\resources\bets.temp' is opened by 12756@DESKTOP-00OS7EM

[2020-05-19 00:41:58 #2 store] 
Configuration path: ?

[2020-05-19 00:41:58 #3 type] 
Type domain.Event is not enhanced.

[2020-05-19 00:41:58 #4 type] 
Type domain.Question is not enhanced.

[2020-05-19 00:41:58 #5 type] 
Type domain.Competition is not enhanced.

[2020-05-19 00:41:58 #6 type] 
Type domain.Prediction is not enhanced.

[2020-05-19 00:41:58 #7 type] 
Type domain.User is not enhanced.

[2020-05-19 00:41:58 #8 type] 
Type domain.CreditCard is not enhanced.

[2020-05-19 00:41:58 #9 type] 
Type domain.Bet is not enhanced.

[2020-05-19 00:41:58 #10 type] 
Type domain.Profile is not enhanced.

------------------------------------------------------------------------------------------------------------------------

[2020-05-19 00:42:33 #1 store] 
Database 'C:\Users\Usuario\git\BetAndRuin\BetAndRuin\resources\bets.temp' is opened by 9572@DESKTOP-00OS7EM

[2020-05-19 00:42:33 #2 store] 
Configuration path: ?

[2020-05-19 00:42:34 #3 type] 
Type domain.Event is not enhanced.

[2020-05-19 00:42:34 #4 type] 
Type domain.Question is not enhanced.

[2020-05-19 00:42:34 #5 type] 
Type domain.Competition is not enhanced.

[2020-05-19 00:42:34 #6 type] 
Type domain.Prediction is not enhanced.

[2020-05-19 00:42:34 #7 type] 
Type domain.User is not enhanced.

[2020-05-19 00:42:34 #8 type] 
Type domain.CreditCard is not enhanced.

[2020-05-19 00:42:34 #9 type] 
Type domain.Bet is not enhanced.

[2020-05-19 00:42:34 #10 type] 
Type domain.Profile is not enhanced.

------------------------------------------------------------------------------------------------------------------------

[2020-05-19 00:47:23 #1 store] 
Database 'C:\Users\Usuario\git\BetAndRuin\BetAndRuin\resources\bets.temp' is opened by 13340@DESKTOP-00OS7EM

[2020-05-19 00:47:23 #2 store] 
Configuration path: ?

[2020-05-19 00:47:23 #3 type] 
Type domain.Event is not enhanced.

[2020-05-19 00:47:23 #4 type] 
Type domain.Question is not enhanced.

[2020-05-19 00:47:23 #5 type] 
Type domain.Competition is not enhanced.

[2020-05-19 00:47:23 #6 type] 
Type domain.Prediction is not enhanced.

[2020-05-19 00:47:23 #7 type] 
Type domain.User is not enhanced.

[2020-05-19 00:47:23 #8 type] 
Type domain.CreditCard is not enhanced.

[2020-05-19 00:47:23 #9 type] 
Type domain.Bet is not enhanced.

[2020-05-19 00:47:23 #10 type] 
Type domain.Profile is not enhanced.

------------------------------------------------------------------------------------------------------------------------

[2020-05-19 00:50:11 #1 store] 
Database 'C:\Users\Usuario\git\BetAndRuin\BetAndRuin\resources\bets.temp' is opened by 7860@DESKTOP-00OS7EM

[2020-05-19 00:50:11 #2 store] 
Configuration path: ?

[2020-05-19 00:50:11 #3 type] 
Type domain.Event is not enhanced.

[2020-05-19 00:50:11 #4 type] 
Type domain.Question is not enhanced.

[2020-05-19 00:50:11 #5 type] 
Type domain.Competition is not enhanced.

[2020-05-19 00:50:11 #6 type] 
Type domain.Prediction is not enhanced.

[2020-05-19 00:50:11 #7 type] 
Type domain.User is not enhanced.

[2020-05-19 00:50:11 #8 type] 
Type domain.CreditCard is not enhanced.

[2020-05-19 00:50:11 #9 type] 
Type domain.Bet is not enhanced.

[2020-05-19 00:50:11 #10 type] 
Type domain.Profile is not enhanced.

------------------------------------------------------------------------------------------------------------------------

[2020-05-19 00:51:44 #1 store] 
Database 'C:\Users\Usuario\git\BetAndRuin\BetAndRuin\resources\bets.temp' is opened by 1124@DESKTOP-00OS7EM

[2020-05-19 00:51:44 #2 store] 
Configuration path: ?

[2020-05-19 00:51:44 #3 type] 
Type domain.Event is not enhanced.

[2020-05-19 00:51:44 #4 type] 
Type domain.Question is not enhanced.

[2020-05-19 00:51:44 #5 type] 
Type domain.Competition is not enhanced.

[2020-05-19 00:51:44 #6 type] 
Type domain.Prediction is not enhanced.

[2020-05-19 00:51:44 #7 type] 
Type domain.User is not enhanced.

[2020-05-19 00:51:44 #8 type] 
Type domain.CreditCard is not enhanced.

[2020-05-19 00:51:44 #9 type] 
Type domain.Bet is not enhanced.

[2020-05-19 00:51:44 #10 type] 
Type domain.Profile is not enhanced.

------------------------------------------------------------------------------------------------------------------------

[2020-05-19 00:53:12 #1 store] 
Database 'C:\Users\Usuario\git\BetAndRuin\BetAndRuin\resources\bets.temp' is opened by 15348@DESKTOP-00OS7EM

[2020-05-19 00:53:12 #2 store] 
Configuration path: ?

[2020-05-19 00:53:12 #3 type] 
Type domain.Event is not enhanced.

[2020-05-19 00:53:12 #4 type] 
Type domain.Question is not enhanced.

[2020-05-19 00:53:12 #5 type] 
Type domain.Competition is not enhanced.

[2020-05-19 00:53:12 #6 type] 
Type domain.Prediction is not enhanced.

[2020-05-19 00:53:12 #7 type] 
Type domain.User is not enhanced.

[2020-05-19 00:53:12 #8 type] 
Type domain.CreditCard is not enhanced.

[2020-05-19 00:53:12 #9 type] 
Type domain.Bet is not enhanced.

[2020-05-19 00:53:12 #10 type] 
Type domain.Profile is not enhanced.

------------------------------------------------------------------------------------------------------------------------

[2020-05-19 00:55:16 #1 store] 
Database 'C:\Users\Usuario\git\BetAndRuin\BetAndRuin\resources\bets.temp' is opened by 9308@DESKTOP-00OS7EM

[2020-05-19 00:55:16 #2 store] 
Configuration path: ?

[2020-05-19 00:55:16 #3 type] 
Type domain.Event is not enhanced.

[2020-05-19 00:55:16 #4 type] 
Type domain.Question is not enhanced.

[2020-05-19 00:55:16 #5 type] 
Type domain.Competition is not enhanced.

[2020-05-19 00:55:16 #6 type] 
Type domain.Prediction is not enhanced.

[2020-05-19 00:55:16 #7 type] 
Type domain.User is not enhanced.

[2020-05-19 00:55:16 #8 type] 
Type domain.CreditCard is not enhanced.

[2020-05-19 00:55:16 #9 type] 
Type domain.Bet is not enhanced.

[2020-05-19 00:55:16 #10 type] 
Type domain.Profile is not enhanced.

------------------------------------------------------------------------------------------------------------------------

[2020-05-19 00:57:05 #1 store] 
Database 'C:\Users\Usuario\git\BetAndRuin\BetAndRuin\resources\bets.temp' is opened by 3408@DESKTOP-00OS7EM

[2020-05-19 00:57:05 #2 store] 
Configuration path: ?

[2020-05-19 00:57:05 #3 type] 
Type domain.Event is not enhanced.

[2020-05-19 00:57:05 #4 type] 
Type domain.Question is not enhanced.

[2020-05-19 00:57:05 #5 type] 
Type domain.Competition is not enhanced.

[2020-05-19 00:57:05 #6 type] 
Type domain.Prediction is not enhanced.

[2020-05-19 00:57:10 #7 type] 
Type domain.User is not enhanced.

[2020-05-19 00:57:10 #8 type] 
Type domain.CreditCard is not enhanced.

[2020-05-19 00:57:10 #9 type] 
Type domain.Bet is not enhanced.

[2020-05-19 00:57:10 #10 type] 
Type domain.Profile is not enhanced.

[2020-05-19 00:57:19 #11 type] 
Type domain.FeedbackRecord is not enhanced.

[2020-05-19 00:57:19 #12 type] 
Type domain.Feedback is not enhanced.

------------------------------------------------------------------------------------------------------------------------

[2020-05-19 01:02:03 #1 store] 
Database 'C:\Users\Usuario\git\BetAndRuin\BetAndRuin\resources\bets.temp' is opened by 14956@DESKTOP-00OS7EM

[2020-05-19 01:02:03 #2 store] 
Configuration path: ?

[2020-05-19 01:02:04 #3 type] 
Type domain.Event is not enhanced.

[2020-05-19 01:02:04 #4 type] 
Type domain.Question is not enhanced.

[2020-05-19 01:02:04 #5 type] 
Type domain.Competition is not enhanced.

[2020-05-19 01:02:04 #6 type] 
Type domain.Prediction is not enhanced.

[2020-05-19 01:02:08 #7 type] 
Type domain.User is not enhanced.

[2020-05-19 01:02:08 #8 type] 
Type domain.CreditCard is not enhanced.

[2020-05-19 01:02:08 #9 type] 
Type domain.Bet is not enhanced.

[2020-05-19 01:02:08 #10 type] 
Type domain.Profile is not enhanced.

