------------------------------------------------------------------------------------------------------------------------

[2020-10-06 20:43:51 #1 store] 
Database 'C:\Users\Asad\Desktop\BetAndRuin\BetAndRuin\resources\bets.temp' is opened by 5156@DESKTOP-2P4CQLU

[2020-10-06 20:43:51 #2 store] 
Configuration path: ?

[2020-10-06 20:43:51 #3 type] 
Type domain.Event is not enhanced.

[2020-10-06 20:43:51 #4 type] 
Type domain.Question is not enhanced.

[2020-10-06 20:43:51 #5 type] 
Type domain.Competition is not enhanced.

[2020-10-06 20:43:51 #6 type] 
Type domain.Prediction is not enhanced.

[2020-10-06 20:43:59 #7 type] 
Type domain.User is not enhanced.

[2020-10-06 20:43:59 #8 type] 
Type domain.CreditCard is not enhanced.

[2020-10-06 20:43:59 #9 type] 
Type domain.Bet is not enhanced.

[2020-10-06 20:43:59 #10 type] 
Type domain.Profile is not enhanced.

[2020-10-06 20:44:29 #11 type] 
Type domain.FeedbackRecord is not enhanced.

[2020-10-06 20:44:29 #12 type] 
Type domain.Feedback is not enhanced.

------------------------------------------------------------------------------------------------------------------------

[2020-10-06 21:36:11 #1 store] 
Database 'C:\Users\Asad\Desktop\BetAndRuin\BetAndRuin\resources\bets.temp' is opened by 18896@DESKTOP-2P4CQLU

[2020-10-06 21:36:11 #2 store] 
Configuration path: ?

[2020-10-06 21:36:11 #3 type] 
Type domain.Event is not enhanced.

[2020-10-06 21:36:11 #4 type] 
Type domain.Question is not enhanced.

[2020-10-06 21:36:11 #5 type] 
Type domain.Competition is not enhanced.

[2020-10-06 21:36:11 #6 type] 
Type domain.Prediction is not enhanced.

[2020-10-06 21:36:19 #7 type] 
Type domain.User is not enhanced.

[2020-10-06 21:36:19 #8 type] 
Type domain.CreditCard is not enhanced.

[2020-10-06 21:36:19 #9 type] 
Type domain.Bet is not enhanced.

[2020-10-06 21:36:19 #10 type] 
Type domain.Profile is not enhanced.

[2020-10-06 21:36:27 #11 type] 
Type domain.FeedbackRecord is not enhanced.

[2020-10-06 21:36:27 #12 type] 
Type domain.Feedback is not enhanced.

------------------------------------------------------------------------------------------------------------------------

[2020-10-06 21:36:44 #1 store] 
Database 'C:\Users\Asad\Desktop\BetAndRuin\BetAndRuin\resources\bets.temp' is opened by 15724@DESKTOP-2P4CQLU

[2020-10-06 21:36:44 #2 store] 
Configuration path: ?

[2020-10-06 21:36:44 #3 type] 
Type domain.Event is not enhanced.

[2020-10-06 21:36:44 #4 type] 
Type domain.Question is not enhanced.

[2020-10-06 21:36:44 #5 type] 
Type domain.Competition is not enhanced.

[2020-10-06 21:36:44 #6 type] 
Type domain.Prediction is not enhanced.

[2020-10-06 21:36:51 #7 type] 
Type domain.User is not enhanced.

[2020-10-06 21:36:51 #8 type] 
Type domain.CreditCard is not enhanced.

[2020-10-06 21:36:51 #9 type] 
Type domain.Bet is not enhanced.

[2020-10-06 21:36:51 #10 type] 
Type domain.Profile is not enhanced.

[2020-10-06 21:36:58 #11 type] 
Type domain.FeedbackRecord is not enhanced.

[2020-10-06 21:36:58 #12 type] 
Type domain.Feedback is not enhanced.

------------------------------------------------------------------------------------------------------------------------

[2020-10-06 22:06:15 #1 store] 
Database 'C:\Users\Asad\Desktop\BetAndRuin\BetAndRuin\resources\bets.temp' is opened by 14952@DESKTOP-2P4CQLU

[2020-10-06 22:06:15 #2 store] 
Configuration path: ?

[2020-10-06 22:06:15 #3 type] 
Type domain.Event is not enhanced.

[2020-10-06 22:06:15 #4 type] 
Type domain.Question is not enhanced.

[2020-10-06 22:06:15 #5 type] 
Type domain.Competition is not enhanced.

[2020-10-06 22:06:15 #6 type] 
Type domain.Prediction is not enhanced.

[2020-10-06 22:06:22 #7 type] 
Type domain.User is not enhanced.

[2020-10-06 22:06:22 #8 type] 
Type domain.CreditCard is not enhanced.

[2020-10-06 22:06:22 #9 type] 
Type domain.Bet is not enhanced.

[2020-10-06 22:06:22 #10 type] 
Type domain.Profile is not enhanced.

[2020-10-06 22:06:39 #11 type] 
Type domain.FeedbackRecord is not enhanced.

[2020-10-06 22:06:39 #12 type] 
Type domain.Feedback is not enhanced.

------------------------------------------------------------------------------------------------------------------------

[2020-10-06 22:37:04 #1 store] 
Database 'C:\Users\Asad\Desktop\BetAndRuin\BetAndRuin\resources\bets.temp' has been recovered (tr. 1-13)

[2020-10-06 22:37:04 #2 store] 
Database 'C:\Users\Asad\Desktop\BetAndRuin\BetAndRuin\resources\bets.temp' is opened by 25160@DESKTOP-2P4CQLU

[2020-10-06 22:37:04 #3 store] 
Configuration path: ?

[2020-10-06 22:37:04 #4 type] 
Type domain.Event is not enhanced.

[2020-10-06 22:37:04 #5 type] 
Type domain.Question is not enhanced.

[2020-10-06 22:37:04 #6 type] 
Type domain.Competition is not enhanced.

[2020-10-06 22:37:04 #7 type] 
Type domain.Prediction is not enhanced.

[2020-10-06 22:37:04 #8 type] 
Type domain.User is not enhanced.

[2020-10-06 22:37:04 #9 type] 
Type domain.CreditCard is not enhanced.

[2020-10-06 22:37:04 #10 type] 
Type domain.Bet is not enhanced.

[2020-10-06 22:37:04 #11 type] 
Type domain.Profile is not enhanced.

[2020-10-06 22:37:04 #12 type] 
Type domain.FeedbackRecord is not enhanced.

[2020-10-06 22:37:04 #13 type] 
Type domain.Feedback is not enhanced.

------------------------------------------------------------------------------------------------------------------------

[2020-10-06 22:58:03 #1 store] 
Database 'C:\Users\Asad\Desktop\BetAndRuin\BetAndRuin\resources\bets.temp' is opened by 22524@DESKTOP-2P4CQLU

[2020-10-06 22:58:03 #2 store] 
Configuration path: ?

[2020-10-06 22:58:03 #3 type] 
Type domain.Event is not enhanced.

[2020-10-06 22:58:03 #4 type] 
Type domain.Question is not enhanced.

[2020-10-06 22:58:03 #5 type] 
Type domain.Competition is not enhanced.

[2020-10-06 22:58:03 #6 type] 
Type domain.Prediction is not enhanced.

[2020-10-06 22:58:10 #7 type] 
Type domain.User is not enhanced.

[2020-10-06 22:58:10 #8 type] 
Type domain.CreditCard is not enhanced.

[2020-10-06 22:58:10 #9 type] 
Type domain.Bet is not enhanced.

[2020-10-06 22:58:10 #10 type] 
Type domain.Profile is not enhanced.

------------------------------------------------------------------------------------------------------------------------

[2020-10-06 23:20:02 #1 store] 
Database 'C:\Users\Asad\Desktop\BetAndRuin\BetAndRuin\resources\bets.temp' is opened by 348@DESKTOP-2P4CQLU

[2020-10-06 23:20:02 #2 store] 
Configuration path: ?

[2020-10-06 23:20:03 #3 type] 
Type domain.Event is not enhanced.

[2020-10-06 23:20:03 #4 type] 
Type domain.Question is not enhanced.

[2020-10-06 23:20:03 #5 type] 
Type domain.Competition is not enhanced.

[2020-10-06 23:20:03 #6 type] 
Type domain.Prediction is not enhanced.

[2020-10-06 23:20:10 #7 type] 
Type domain.User is not enhanced.

[2020-10-06 23:20:10 #8 type] 
Type domain.CreditCard is not enhanced.

[2020-10-06 23:20:10 #9 type] 
Type domain.Bet is not enhanced.

[2020-10-06 23:20:10 #10 type] 
Type domain.Profile is not enhanced.

------------------------------------------------------------------------------------------------------------------------

[2020-10-06 23:20:39 #1 store] 
Database 'C:\Users\Asad\Desktop\BetAndRuin\BetAndRuin\resources\bets.temp' is opened by 5032@DESKTOP-2P4CQLU

[2020-10-06 23:20:39 #2 store] 
Configuration path: ?

[2020-10-06 23:20:40 #3 type] 
Type domain.Event is not enhanced.

[2020-10-06 23:20:40 #4 type] 
Type domain.Question is not enhanced.

[2020-10-06 23:20:40 #5 type] 
Type domain.Competition is not enhanced.

[2020-10-06 23:20:40 #6 type] 
Type domain.Prediction is not enhanced.

[2020-10-06 23:20:47 #7 type] 
Type domain.User is not enhanced.

[2020-10-06 23:20:47 #8 type] 
Type domain.CreditCard is not enhanced.

[2020-10-06 23:20:47 #9 type] 
Type domain.Bet is not enhanced.

[2020-10-06 23:20:47 #10 type] 
Type domain.Profile is not enhanced.

------------------------------------------------------------------------------------------------------------------------

[2020-10-06 23:24:12 #1 store] 
Database 'C:\Users\Asad\Desktop\BetAndRuin\BetAndRuin\resources\bets.temp' is opened by 24964@DESKTOP-2P4CQLU

[2020-10-06 23:24:12 #2 store] 
Configuration path: ?

[2020-10-06 23:24:12 #3 type] 
Type domain.Event is not enhanced.

[2020-10-06 23:24:12 #4 type] 
Type domain.Question is not enhanced.

[2020-10-06 23:24:12 #5 type] 
Type domain.Competition is not enhanced.

[2020-10-06 23:24:12 #6 type] 
Type domain.Prediction is not enhanced.

[2020-10-06 23:24:19 #7 type] 
Type domain.User is not enhanced.

[2020-10-06 23:24:19 #8 type] 
Type domain.CreditCard is not enhanced.

[2020-10-06 23:24:19 #9 type] 
Type domain.Bet is not enhanced.

[2020-10-06 23:24:19 #10 type] 
Type domain.Profile is not enhanced.

