------------------------------------------------------------------------------------------------------------------------

[2020-04-22 11:16:27 #1 store] 
Database 'C:\Users\Usuario\git\BetAndRuin\Sprint_2\resources\bets.temp' is opened by 940@DESKTOP-00OS7EM

[2020-04-22 11:16:27 #2 store] 
Configuration path: ?

[2020-04-22 11:16:27 #3 type] 
Type domain.Event is not enhanced.

[2020-04-22 11:16:27 #4 type] 
Type domain.Question is not enhanced.

[2020-04-22 11:16:27 #5 type] 
Type domain.Competition is not enhanced.

[2020-04-22 11:16:27 #6 type] 
Type domain.Prediction is not enhanced.

[2020-04-22 11:16:27 #7 type] 
Type domain.User is not enhanced.

[2020-04-22 11:16:27 #8 type] 
Type domain.CreditCard is not enhanced.

[2020-04-22 11:16:27 #9 type] 
Type domain.Bet is not enhanced.

[2020-04-22 11:16:27 #10 type] 
Type domain.Profile is not enhanced.

